[0.376s] DEBUG:colcon:Command line arguments: ['/usr/bin/colcon', 'build', '--packages-select', 'my_package']
[0.376s] DEBUG:colcon:Parsed command line arguments: Namespace(log_base=None, log_level=None, verb_name='build', build_base='build', install_base='install', merge_install=False, symlink_install=False, test_result_base=None, continue_on_error=False, executor='parallel', parallel_workers=4, event_handlers=None, ignore_user_meta=False, metas=['./colcon.meta'], base_paths=['.'], packages_ignore=None, packages_ignore_regex=None, paths=None, packages_up_to=None, packages_up_to_regex=None, packages_above=None, packages_above_and_dependencies=None, packages_above_depth=None, packages_select_by_dep=None, packages_skip_by_dep=None, packages_skip_up_to=None, packages_select_build_failed=False, packages_skip_build_finished=False, packages_select_test_failures=False, packages_skip_test_passed=False, packages_select=['my_package'], packages_skip=None, packages_select_regex=None, packages_skip_regex=None, packages_start=None, packages_end=None, allow_overriding=[], cmake_args=None, cmake_target=None, cmake_target_skip_unavailable=False, cmake_clean_cache=False, cmake_clean_first=False, cmake_force_configure=False, ament_cmake_args=None, catkin_cmake_args=None, catkin_skip_building_tests=False, verb_parser=<colcon_defaults.argument_parser.defaults.DefaultArgumentsDecorator object at 0x7e3c03738550>, verb_extension=<colcon_core.verb.build.BuildVerb object at 0x7e3c03738040>, main=<bound method BuildVerb.main of <colcon_core.verb.build.BuildVerb object at 0x7e3c03738040>>)
[0.997s] Level 1:colcon.colcon_core.package_discovery:discover_packages(colcon_meta) check parameters
[0.997s] Level 1:colcon.colcon_core.package_discovery:discover_packages(recursive) check parameters
[0.997s] Level 1:colcon.colcon_core.package_discovery:discover_packages(ignore) check parameters
[0.997s] Level 1:colcon.colcon_core.package_discovery:discover_packages(path) check parameters
[0.997s] Level 1:colcon.colcon_core.package_discovery:discover_packages(colcon_meta) discover
[0.997s] Level 1:colcon.colcon_core.package_discovery:discover_packages(recursive) discover
[0.998s] INFO:colcon.colcon_core.package_discovery:Crawling recursively for packages in '/home/asd/ros2_ws'
[0.998s] Level 1:colcon.colcon_core.package_identification:_identify(.) by extensions ['ignore', 'ignore_ament_install']
[0.998s] Level 1:colcon.colcon_core.package_identification:_identify(.) by extension 'ignore'
[0.998s] Level 1:colcon.colcon_core.package_identification:_identify(.) by extension 'ignore_ament_install'
[0.998s] Level 1:colcon.colcon_core.package_identification:_identify(.) by extensions ['colcon_pkg']
[0.999s] Level 1:colcon.colcon_core.package_identification:_identify(.) by extension 'colcon_pkg'
[0.999s] Level 1:colcon.colcon_core.package_identification:_identify(.) by extensions ['colcon_meta']
[0.999s] Level 1:colcon.colcon_core.package_identification:_identify(.) by extension 'colcon_meta'
[0.999s] Level 1:colcon.colcon_core.package_identification:_identify(.) by extensions ['ros']
[0.999s] Level 1:colcon.colcon_core.package_identification:_identify(.) by extension 'ros'
[1.038s] Level 1:colcon.colcon_core.package_identification:_identify(.) by extensions ['cmake', 'python']
[1.038s] Level 1:colcon.colcon_core.package_identification:_identify(.) by extension 'cmake'
[1.039s] Level 1:colcon.colcon_core.package_identification:_identify(.) by extension 'python'
[1.039s] Level 1:colcon.colcon_core.package_identification:_identify(.) by extensions ['python_setup_py']
[1.039s] Level 1:colcon.colcon_core.package_identification:_identify(.) by extension 'python_setup_py'
[1.039s] Level 1:colcon.colcon_core.package_identification:_identify(build) by extensions ['ignore', 'ignore_ament_install']
[1.040s] Level 1:colcon.colcon_core.package_identification:_identify(build) by extension 'ignore'
[1.040s] Level 1:colcon.colcon_core.package_identification:_identify(build) ignored
[1.040s] Level 1:colcon.colcon_core.package_identification:_identify(install) by extensions ['ignore', 'ignore_ament_install']
[1.041s] Level 1:colcon.colcon_core.package_identification:_identify(install) by extension 'ignore'
[1.041s] Level 1:colcon.colcon_core.package_identification:_identify(install) ignored
[1.042s] Level 1:colcon.colcon_core.package_identification:_identify(log) by extensions ['ignore', 'ignore_ament_install']
[1.042s] Level 1:colcon.colcon_core.package_identification:_identify(log) by extension 'ignore'
[1.042s] Level 1:colcon.colcon_core.package_identification:_identify(log) ignored
[1.043s] Level 1:colcon.colcon_core.package_identification:_identify(src) by extensions ['ignore', 'ignore_ament_install']
[1.043s] Level 1:colcon.colcon_core.package_identification:_identify(src) by extension 'ignore'
[1.043s] Level 1:colcon.colcon_core.package_identification:_identify(src) by extension 'ignore_ament_install'
[1.043s] Level 1:colcon.colcon_core.package_identification:_identify(src) by extensions ['colcon_pkg']
[1.043s] Level 1:colcon.colcon_core.package_identification:_identify(src) by extension 'colcon_pkg'
[1.044s] Level 1:colcon.colcon_core.package_identification:_identify(src) by extensions ['colcon_meta']
[1.044s] Level 1:colcon.colcon_core.package_identification:_identify(src) by extension 'colcon_meta'
[1.044s] Level 1:colcon.colcon_core.package_identification:_identify(src) by extensions ['ros']
[1.044s] Level 1:colcon.colcon_core.package_identification:_identify(src) by extension 'ros'
[1.044s] Level 1:colcon.colcon_core.package_identification:_identify(src) by extensions ['cmake', 'python']
[1.045s] Level 1:colcon.colcon_core.package_identification:_identify(src) by extension 'cmake'
[1.045s] Level 1:colcon.colcon_core.package_identification:_identify(src) by extension 'python'
[1.045s] Level 1:colcon.colcon_core.package_identification:_identify(src) by extensions ['python_setup_py']
[1.045s] Level 1:colcon.colcon_core.package_identification:_identify(src) by extension 'python_setup_py'
[1.045s] Level 1:colcon.colcon_core.package_identification:_identify(src/cpp_srvcli) by extensions ['ignore', 'ignore_ament_install']
[1.046s] Level 1:colcon.colcon_core.package_identification:_identify(src/cpp_srvcli) by extension 'ignore'
[1.046s] Level 1:colcon.colcon_core.package_identification:_identify(src/cpp_srvcli) by extension 'ignore_ament_install'
[1.046s] Level 1:colcon.colcon_core.package_identification:_identify(src/cpp_srvcli) by extensions ['colcon_pkg']
[1.046s] Level 1:colcon.colcon_core.package_identification:_identify(src/cpp_srvcli) by extension 'colcon_pkg'
[1.046s] Level 1:colcon.colcon_core.package_identification:_identify(src/cpp_srvcli) by extensions ['colcon_meta']
[1.046s] Level 1:colcon.colcon_core.package_identification:_identify(src/cpp_srvcli) by extension 'colcon_meta'
[1.046s] Level 1:colcon.colcon_core.package_identification:_identify(src/cpp_srvcli) by extensions ['ros']
[1.047s] Level 1:colcon.colcon_core.package_identification:_identify(src/cpp_srvcli) by extension 'ros'
[1.054s] DEBUG:colcon.colcon_core.package_identification:Package 'src/cpp_srvcli' with type 'ros.ament_cmake' and name 'cpp_srvcli'
[1.054s] Level 1:colcon.colcon_core.package_identification:_identify(src/div) by extensions ['ignore', 'ignore_ament_install']
[1.054s] Level 1:colcon.colcon_core.package_identification:_identify(src/div) by extension 'ignore'
[1.054s] Level 1:colcon.colcon_core.package_identification:_identify(src/div) by extension 'ignore_ament_install'
[1.055s] Level 1:colcon.colcon_core.package_identification:_identify(src/div) by extensions ['colcon_pkg']
[1.055s] Level 1:colcon.colcon_core.package_identification:_identify(src/div) by extension 'colcon_pkg'
[1.055s] Level 1:colcon.colcon_core.package_identification:_identify(src/div) by extensions ['colcon_meta']
[1.055s] Level 1:colcon.colcon_core.package_identification:_identify(src/div) by extension 'colcon_meta'
[1.055s] Level 1:colcon.colcon_core.package_identification:_identify(src/div) by extensions ['ros']
[1.055s] Level 1:colcon.colcon_core.package_identification:_identify(src/div) by extension 'ros'
[1.058s] DEBUG:colcon.colcon_core.package_identification:Package 'src/div' with type 'ros.ament_cmake' and name 'div'
[1.058s] Level 1:colcon.colcon_core.package_identification:_identify(src/input_numbers) by extensions ['ignore', 'ignore_ament_install']
[1.058s] Level 1:colcon.colcon_core.package_identification:_identify(src/input_numbers) by extension 'ignore'
[1.059s] Level 1:colcon.colcon_core.package_identification:_identify(src/input_numbers) by extension 'ignore_ament_install'
[1.059s] Level 1:colcon.colcon_core.package_identification:_identify(src/input_numbers) by extensions ['colcon_pkg']
[1.059s] Level 1:colcon.colcon_core.package_identification:_identify(src/input_numbers) by extension 'colcon_pkg'
[1.059s] Level 1:colcon.colcon_core.package_identification:_identify(src/input_numbers) by extensions ['colcon_meta']
[1.059s] Level 1:colcon.colcon_core.package_identification:_identify(src/input_numbers) by extension 'colcon_meta'
[1.060s] Level 1:colcon.colcon_core.package_identification:_identify(src/input_numbers) by extensions ['ros']
[1.060s] Level 1:colcon.colcon_core.package_identification:_identify(src/input_numbers) by extension 'ros'
[1.062s] DEBUG:colcon.colcon_core.package_identification:Package 'src/input_numbers' with type 'ros.ament_cmake' and name 'div'
[1.062s] Level 1:colcon.colcon_core.package_identification:_identify(src/my_package) by extensions ['ignore', 'ignore_ament_install']
[1.062s] Level 1:colcon.colcon_core.package_identification:_identify(src/my_package) by extension 'ignore'
[1.063s] Level 1:colcon.colcon_core.package_identification:_identify(src/my_package) by extension 'ignore_ament_install'
[1.063s] Level 1:colcon.colcon_core.package_identification:_identify(src/my_package) by extensions ['colcon_pkg']
[1.063s] Level 1:colcon.colcon_core.package_identification:_identify(src/my_package) by extension 'colcon_pkg'
[1.063s] Level 1:colcon.colcon_core.package_identification:_identify(src/my_package) by extensions ['colcon_meta']
[1.063s] Level 1:colcon.colcon_core.package_identification:_identify(src/my_package) by extension 'colcon_meta'
[1.063s] Level 1:colcon.colcon_core.package_identification:_identify(src/my_package) by extensions ['ros']
[1.063s] Level 1:colcon.colcon_core.package_identification:_identify(src/my_package) by extension 'ros'
[1.066s] DEBUG:colcon.colcon_core.package_identification:Package 'src/my_package' with type 'ros.ament_cmake' and name 'my_package'
[1.066s] Level 1:colcon.colcon_core.package_discovery:discover_packages(recursive) using defaults
[1.066s] Level 1:colcon.colcon_core.package_discovery:discover_packages(ignore) discover
[1.066s] Level 1:colcon.colcon_core.package_discovery:discover_packages(ignore) using defaults
[1.066s] Level 1:colcon.colcon_core.package_discovery:discover_packages(path) discover
[1.066s] Level 1:colcon.colcon_core.package_discovery:discover_packages(path) using defaults
[1.131s] INFO:colcon.colcon_core.package_selection:Skipping not selected package 'cpp_srvcli' in 'src/cpp_srvcli'
[1.131s] INFO:colcon.colcon_core.package_selection:Skipping not selected package 'div' in 'src/div'
[1.131s] INFO:colcon.colcon_core.package_selection:Skipping not selected package 'div' in 'src/input_numbers'
[1.132s] Level 1:colcon.colcon_core.package_discovery:discover_packages(prefix_path) check parameters
[1.132s] Level 1:colcon.colcon_core.package_discovery:discover_packages(prefix_path) discover
[1.141s] DEBUG:colcon.colcon_installed_package_information.package_discovery:Found 281 installed packages in /opt/ros/iron
[1.169s] Level 1:colcon.colcon_core.package_discovery:discover_packages(prefix_path) using defaults
[1.346s] Level 5:colcon.colcon_core.verb:set package 'my_package' build argument 'cmake_args' from command line to 'None'
[1.346s] Level 5:colcon.colcon_core.verb:set package 'my_package' build argument 'cmake_target' from command line to 'None'
[1.347s] Level 5:colcon.colcon_core.verb:set package 'my_package' build argument 'cmake_target_skip_unavailable' from command line to 'False'
[1.347s] Level 5:colcon.colcon_core.verb:set package 'my_package' build argument 'cmake_clean_cache' from command line to 'False'
[1.347s] Level 5:colcon.colcon_core.verb:set package 'my_package' build argument 'cmake_clean_first' from command line to 'False'
[1.347s] Level 5:colcon.colcon_core.verb:set package 'my_package' build argument 'cmake_force_configure' from command line to 'False'
[1.347s] Level 5:colcon.colcon_core.verb:set package 'my_package' build argument 'ament_cmake_args' from command line to 'None'
[1.347s] Level 5:colcon.colcon_core.verb:set package 'my_package' build argument 'catkin_cmake_args' from command line to 'None'
[1.347s] Level 5:colcon.colcon_core.verb:set package 'my_package' build argument 'catkin_skip_building_tests' from command line to 'False'
[1.347s] DEBUG:colcon.colcon_core.verb:Building package 'my_package' with the following arguments: {'ament_cmake_args': None, 'build_base': '/home/asd/ros2_ws/build/my_package', 'catkin_cmake_args': None, 'catkin_skip_building_tests': False, 'cmake_args': None, 'cmake_clean_cache': False, 'cmake_clean_first': False, 'cmake_force_configure': False, 'cmake_target': None, 'cmake_target_skip_unavailable': False, 'install_base': '/home/asd/ros2_ws/install/my_package', 'merge_install': False, 'path': '/home/asd/ros2_ws/src/my_package', 'symlink_install': False, 'test_result_base': None}
[1.348s] INFO:colcon.colcon_core.executor:Executing jobs using 'parallel' executor
[1.350s] DEBUG:colcon.colcon_parallel_executor.executor.parallel:run_until_complete
[1.351s] INFO:colcon.colcon_ros.task.ament_cmake.build:Building ROS package in '/home/asd/ros2_ws/src/my_package' with build type 'ament_cmake'
[1.351s] INFO:colcon.colcon_cmake.task.cmake.build:Building CMake package in '/home/asd/ros2_ws/src/my_package'
[1.357s] INFO:colcon.colcon_core.plugin_system:Skipping extension 'colcon_core.shell.bat': Not used on non-Windows systems
[1.358s] INFO:colcon.colcon_core.shell:Skip shell extension 'powershell' for command environment: Not usable outside of PowerShell
[1.358s] DEBUG:colcon.colcon_core.shell:Skip shell extension 'dsv' for command environment
[1.417s] DEBUG:colcon.colcon_core.event_handler.log_command:Invoking command in '/home/asd/ros2_ws/build/my_package': CMAKE_PREFIX_PATH=/opt/ros/iron /usr/bin/cmake --build /home/asd/ros2_ws/build/my_package -- -j4 -l4
[12.781s] DEBUG:colcon.colcon_core.event_handler.log_command:Invoked command in '/home/asd/ros2_ws/build/my_package' returned '0': CMAKE_PREFIX_PATH=/opt/ros/iron /usr/bin/cmake --build /home/asd/ros2_ws/build/my_package -- -j4 -l4
[13.109s] DEBUG:colcon.colcon_core.event_handler.log_command:Invoking command in '/home/asd/ros2_ws/build/my_package': CMAKE_PREFIX_PATH=/opt/ros/iron /usr/bin/cmake --install /home/asd/ros2_ws/build/my_package
[13.353s] Level 1:colcon.colcon_core.environment:create_environment_scripts_only(my_package)
[13.358s] DEBUG:colcon.colcon_core.event_handler.log_command:Invoked command in '/home/asd/ros2_ws/build/my_package' returned '0': CMAKE_PREFIX_PATH=/opt/ros/iron /usr/bin/cmake --install /home/asd/ros2_ws/build/my_package
[13.361s] Level 1:colcon.colcon_core.environment:checking '/home/asd/ros2_ws/install/my_package' for CMake module files
[13.364s] Level 1:colcon.colcon_core.environment:checking '/home/asd/ros2_ws/install/my_package' for CMake config files
[13.365s] Level 1:colcon.colcon_core.shell:create_environment_hook('my_package', 'cmake_prefix_path')
[13.366s] INFO:colcon.colcon_core.shell:Creating environment hook '/home/asd/ros2_ws/install/my_package/share/my_package/hook/cmake_prefix_path.ps1'
[13.368s] INFO:colcon.colcon_core.shell:Creating environment descriptor '/home/asd/ros2_ws/install/my_package/share/my_package/hook/cmake_prefix_path.dsv'
[13.369s] INFO:colcon.colcon_core.shell:Creating environment hook '/home/asd/ros2_ws/install/my_package/share/my_package/hook/cmake_prefix_path.sh'
[13.375s] Level 1:colcon.colcon_core.environment:checking '/home/asd/ros2_ws/install/my_package/lib'
[13.376s] Level 1:colcon.colcon_core.shell:create_environment_hook('my_package', 'ld_library_path_lib')
[13.377s] INFO:colcon.colcon_core.shell:Creating environment hook '/home/asd/ros2_ws/install/my_package/share/my_package/hook/ld_library_path_lib.ps1'
[13.378s] INFO:colcon.colcon_core.shell:Creating environment descriptor '/home/asd/ros2_ws/install/my_package/share/my_package/hook/ld_library_path_lib.dsv'
[13.379s] INFO:colcon.colcon_core.shell:Creating environment hook '/home/asd/ros2_ws/install/my_package/share/my_package/hook/ld_library_path_lib.sh'
[13.380s] Level 1:colcon.colcon_core.environment:checking '/home/asd/ros2_ws/install/my_package/bin'
[13.380s] Level 1:colcon.colcon_core.environment:checking '/home/asd/ros2_ws/install/my_package/lib/pkgconfig/my_package.pc'
[13.381s] Level 1:colcon.colcon_core.environment:checking '/home/asd/ros2_ws/install/my_package/lib/python3.10/site-packages'
[13.381s] Level 1:colcon.colcon_core.shell:create_environment_hook('my_package', 'pythonpath')
[13.382s] INFO:colcon.colcon_core.shell:Creating environment hook '/home/asd/ros2_ws/install/my_package/share/my_package/hook/pythonpath.ps1'
[13.383s] INFO:colcon.colcon_core.shell:Creating environment descriptor '/home/asd/ros2_ws/install/my_package/share/my_package/hook/pythonpath.dsv'
[13.384s] INFO:colcon.colcon_core.shell:Creating environment hook '/home/asd/ros2_ws/install/my_package/share/my_package/hook/pythonpath.sh'
[13.385s] Level 1:colcon.colcon_core.environment:checking '/home/asd/ros2_ws/install/my_package/bin'
[13.387s] INFO:colcon.colcon_core.shell:Creating package script '/home/asd/ros2_ws/install/my_package/share/my_package/package.ps1'
[13.390s] INFO:colcon.colcon_core.shell:Creating package descriptor '/home/asd/ros2_ws/install/my_package/share/my_package/package.dsv'
[13.392s] INFO:colcon.colcon_core.shell:Creating package script '/home/asd/ros2_ws/install/my_package/share/my_package/package.sh'
[13.394s] INFO:colcon.colcon_core.shell:Creating package script '/home/asd/ros2_ws/install/my_package/share/my_package/package.bash'
[13.397s] INFO:colcon.colcon_core.shell:Creating package script '/home/asd/ros2_ws/install/my_package/share/my_package/package.zsh'
[13.399s] Level 1:colcon.colcon_core.environment:create_file_with_runtime_dependencies(/home/asd/ros2_ws/install/my_package/share/colcon-core/packages/my_package)
[13.653s] Level 1:colcon.colcon_core.environment:create_environment_scripts_only(my_package)
[13.654s] Level 1:colcon.colcon_core.environment:checking '/home/asd/ros2_ws/install/my_package' for CMake module files
[13.657s] Level 1:colcon.colcon_core.environment:checking '/home/asd/ros2_ws/install/my_package' for CMake config files
[13.658s] Level 1:colcon.colcon_core.shell:create_environment_hook('my_package', 'cmake_prefix_path')
[13.659s] INFO:colcon.colcon_core.shell:Creating environment hook '/home/asd/ros2_ws/install/my_package/share/my_package/hook/cmake_prefix_path.ps1'
[13.675s] INFO:colcon.colcon_core.shell:Creating environment descriptor '/home/asd/ros2_ws/install/my_package/share/my_package/hook/cmake_prefix_path.dsv'
[13.676s] INFO:colcon.colcon_core.shell:Creating environment hook '/home/asd/ros2_ws/install/my_package/share/my_package/hook/cmake_prefix_path.sh'
[13.678s] Level 1:colcon.colcon_core.environment:checking '/home/asd/ros2_ws/install/my_package/lib'
[13.678s] Level 1:colcon.colcon_core.shell:create_environment_hook('my_package', 'ld_library_path_lib')
[13.679s] INFO:colcon.colcon_core.shell:Creating environment hook '/home/asd/ros2_ws/install/my_package/share/my_package/hook/ld_library_path_lib.ps1'
[13.680s] INFO:colcon.colcon_core.shell:Creating environment descriptor '/home/asd/ros2_ws/install/my_package/share/my_package/hook/ld_library_path_lib.dsv'
[13.681s] INFO:colcon.colcon_core.shell:Creating environment hook '/home/asd/ros2_ws/install/my_package/share/my_package/hook/ld_library_path_lib.sh'
[13.682s] Level 1:colcon.colcon_core.environment:checking '/home/asd/ros2_ws/install/my_package/bin'
[13.682s] Level 1:colcon.colcon_core.environment:checking '/home/asd/ros2_ws/install/my_package/lib/pkgconfig/my_package.pc'
[13.686s] Level 1:colcon.colcon_core.environment:checking '/home/asd/ros2_ws/install/my_package/lib/python3.10/site-packages'
[13.686s] Level 1:colcon.colcon_core.shell:create_environment_hook('my_package', 'pythonpath')
[13.687s] INFO:colcon.colcon_core.shell:Creating environment hook '/home/asd/ros2_ws/install/my_package/share/my_package/hook/pythonpath.ps1'
[13.689s] INFO:colcon.colcon_core.shell:Creating environment descriptor '/home/asd/ros2_ws/install/my_package/share/my_package/hook/pythonpath.dsv'
[13.690s] INFO:colcon.colcon_core.shell:Creating environment hook '/home/asd/ros2_ws/install/my_package/share/my_package/hook/pythonpath.sh'
[13.692s] Level 1:colcon.colcon_core.environment:checking '/home/asd/ros2_ws/install/my_package/bin'
[13.693s] INFO:colcon.colcon_core.shell:Creating package script '/home/asd/ros2_ws/install/my_package/share/my_package/package.ps1'
[13.695s] INFO:colcon.colcon_core.shell:Creating package descriptor '/home/asd/ros2_ws/install/my_package/share/my_package/package.dsv'
[13.696s] INFO:colcon.colcon_core.shell:Creating package script '/home/asd/ros2_ws/install/my_package/share/my_package/package.sh'
[13.698s] INFO:colcon.colcon_core.shell:Creating package script '/home/asd/ros2_ws/install/my_package/share/my_package/package.bash'
[13.699s] INFO:colcon.colcon_core.shell:Creating package script '/home/asd/ros2_ws/install/my_package/share/my_package/package.zsh'
[13.700s] Level 1:colcon.colcon_core.environment:create_file_with_runtime_dependencies(/home/asd/ros2_ws/install/my_package/share/colcon-core/packages/my_package)
[13.701s] DEBUG:colcon.colcon_parallel_executor.executor.parallel:closing loop
[13.702s] DEBUG:colcon.colcon_parallel_executor.executor.parallel:loop closed
[13.702s] DEBUG:colcon.colcon_parallel_executor.executor.parallel:run_until_complete finished with '0'
[13.702s] DEBUG:colcon.colcon_core.event_reactor:joining thread
[13.719s] INFO:colcon.colcon_core.plugin_system:Skipping extension 'colcon_notification.desktop_notification.terminal_notifier': Not used on non-Darwin systems
[13.720s] INFO:colcon.colcon_core.plugin_system:Skipping extension 'colcon_notification.desktop_notification.win32': Not used on non-Windows systems
[13.720s] INFO:colcon.colcon_notification.desktop_notification:Sending desktop notification using 'notify2'
[13.761s] DEBUG:colcon.colcon_core.event_reactor:joined thread
[13.761s] INFO:colcon.colcon_core.shell:Creating prefix script '/home/asd/ros2_ws/install/local_setup.ps1'
[13.764s] INFO:colcon.colcon_core.shell:Creating prefix util module '/home/asd/ros2_ws/install/_local_setup_util_ps1.py'
[13.770s] INFO:colcon.colcon_core.shell:Creating prefix chain script '/home/asd/ros2_ws/install/setup.ps1'
[13.773s] INFO:colcon.colcon_core.shell:Creating prefix script '/home/asd/ros2_ws/install/local_setup.sh'
[13.775s] INFO:colcon.colcon_core.shell:Creating prefix util module '/home/asd/ros2_ws/install/_local_setup_util_sh.py'
[13.776s] INFO:colcon.colcon_core.shell:Creating prefix chain script '/home/asd/ros2_ws/install/setup.sh'
[13.779s] INFO:colcon.colcon_core.shell:Creating prefix script '/home/asd/ros2_ws/install/local_setup.bash'
[13.780s] INFO:colcon.colcon_core.shell:Creating prefix chain script '/home/asd/ros2_ws/install/setup.bash'
[13.783s] INFO:colcon.colcon_core.shell:Creating prefix script '/home/asd/ros2_ws/install/local_setup.zsh'
[13.785s] INFO:colcon.colcon_core.shell:Creating prefix chain script '/home/asd/ros2_ws/install/setup.zsh'
