[0.036s] Invoking command in '/home/asd/ros2_ws/build/input_numbers': /usr/bin/cmake --build /home/asd/ros2_ws/build/input_numbers -- -j4 -l4
[0.195s] [35m[1mConsolidate compiler generated dependencies of target input_numbers[0m
[0.280s] [ 50%] [32mBuilding CXX object CMakeFiles/input_numbers.dir/src/input_numbers.cpp.o[0m
[15.351s] [100%] [32m[1mLinking CXX executable input_numbers[0m
[16.082s] [100%] Built target input_numbers
[16.116s] Invoked command in '/home/asd/ros2_ws/build/input_numbers' returned '0': /usr/bin/cmake --build /home/asd/ros2_ws/build/input_numbers -- -j4 -l4
[16.316s] Invoking command in '/home/asd/ros2_ws/build/input_numbers': /usr/bin/cmake --install /home/asd/ros2_ws/build/input_numbers
[16.340s] -- Install configuration: ""
[16.340s] -- Installing: /home/asd/ros2_ws/install/input_numbers/lib/input_numbers/input_numbers
[16.355s] -- Set runtime path of "/home/asd/ros2_ws/install/input_numbers/lib/input_numbers/input_numbers" to ""
[16.355s] -- Up-to-date: /home/asd/ros2_ws/install/input_numbers/share/ament_index/resource_index/package_run_dependencies/input_numbers
[16.356s] -- Up-to-date: /home/asd/ros2_ws/install/input_numbers/share/ament_index/resource_index/parent_prefix_path/input_numbers
[16.356s] -- Up-to-date: /home/asd/ros2_ws/install/input_numbers/share/input_numbers/environment/ament_prefix_path.sh
[16.356s] -- Up-to-date: /home/asd/ros2_ws/install/input_numbers/share/input_numbers/environment/ament_prefix_path.dsv
[16.357s] -- Up-to-date: /home/asd/ros2_ws/install/input_numbers/share/input_numbers/environment/path.sh
[16.357s] -- Up-to-date: /home/asd/ros2_ws/install/input_numbers/share/input_numbers/environment/path.dsv
[16.358s] -- Up-to-date: /home/asd/ros2_ws/install/input_numbers/share/input_numbers/local_setup.bash
[16.358s] -- Up-to-date: /home/asd/ros2_ws/install/input_numbers/share/input_numbers/local_setup.sh
[16.358s] -- Up-to-date: /home/asd/ros2_ws/install/input_numbers/share/input_numbers/local_setup.zsh
[16.358s] -- Up-to-date: /home/asd/ros2_ws/install/input_numbers/share/input_numbers/local_setup.dsv
[16.359s] -- Installing: /home/asd/ros2_ws/install/input_numbers/share/input_numbers/package.dsv
[16.359s] -- Up-to-date: /home/asd/ros2_ws/install/input_numbers/share/ament_index/resource_index/packages/input_numbers
[16.359s] -- Up-to-date: /home/asd/ros2_ws/install/input_numbers/share/input_numbers/cmake/input_numbersConfig.cmake
[16.360s] -- Up-to-date: /home/asd/ros2_ws/install/input_numbers/share/input_numbers/cmake/input_numbersConfig-version.cmake
[16.360s] -- Up-to-date: /home/asd/ros2_ws/install/input_numbers/share/input_numbers/package.xml
[16.362s] Invoked command in '/home/asd/ros2_ws/build/input_numbers' returned '0': /usr/bin/cmake --install /home/asd/ros2_ws/build/input_numbers
