[0.044s] Invoking command in '/home/asd/ros2_ws/build/my_package': CMAKE_PREFIX_PATH=/opt/ros/iron /usr/bin/cmake /home/asd/ros2_ws/src/my_package -DCMAKE_INSTALL_PREFIX=/home/asd/ros2_ws/install/my_package
[0.089s] -- Found ament_cmake: 2.0.4 (/opt/ros/iron/share/ament_cmake/cmake)
[0.587s] -- Found rosidl_default_generators: 1.5.0 (/opt/ros/iron/share/rosidl_default_generators/cmake)
[0.597s] -- Using all available rosidl_typesupport_c: rosidl_typesupport_fastrtps_c;rosidl_typesupport_introspection_c
[0.767s] -- Using all available rosidl_typesupport_cpp: rosidl_typesupport_fastrtps_cpp;rosidl_typesupport_introspection_cpp
[0.948s] -- Found rosidl_adapter: 4.0.1 (/opt/ros/iron/share/rosidl_adapter/cmake)
[2.039s] -- Found ament_cmake_ros: 0.11.2 (/opt/ros/iron/share/ament_cmake_ros/cmake)
[2.710s] -- Using all available rosidl_typesupport_c: rosidl_typesupport_fastrtps_c;rosidl_typesupport_introspection_c
[3.541s] -- Using all available rosidl_typesupport_cpp: rosidl_typesupport_fastrtps_cpp;rosidl_typesupport_introspection_cpp
[3.618s] -- Found PythonInterp: /usr/bin/python3 (found suitable version "3.10.12", minimum required is "3.6") 
[3.622s] -- Found python_cmake_module: 0.10.2 (/opt/ros/iron/share/python_cmake_module/cmake)
[3.725s] -- Found PythonLibs: /usr/lib/x86_64-linux-gnu/libpython3.10.so (found suitable version "3.10.12", minimum required is "3.5") 
[3.725s] -- Using PYTHON_EXECUTABLE: /usr/bin/python3
[3.725s] -- Using PYTHON_INCLUDE_DIRS: /usr/include/python3.10
[3.726s] -- Using PYTHON_LIBRARIES: /usr/lib/x86_64-linux-gnu/libpython3.10.so
[3.794s] -- Found PythonExtra: .so  
[3.937s] -- Configuring done
[4.060s] -- Generating done
[4.072s] -- Build files have been written to: /home/asd/ros2_ws/build/my_package
[4.088s] Invoked command in '/home/asd/ros2_ws/build/my_package' returned '0': CMAKE_PREFIX_PATH=/opt/ros/iron /usr/bin/cmake /home/asd/ros2_ws/src/my_package -DCMAKE_INSTALL_PREFIX=/home/asd/ros2_ws/install/my_package
[4.108s] Invoking command in '/home/asd/ros2_ws/build/my_package': CMAKE_PREFIX_PATH=/opt/ros/iron /usr/bin/cmake --build /home/asd/ros2_ws/build/my_package -- -j4 -l4
[4.289s] [  2%] [34m[1mGenerating type hashes for ROS interfaces[0m
[4.325s] [  2%] Built target ament_cmake_python_copy_my_package
[5.156s] [  2%] Built target my_package__rosidl_generator_type_description
[5.191s] [  5%] [34m[1mGenerating C code for ROS interfaces[0m
[5.248s] [  8%] [34m[1mGenerating C++ code for ROS interfaces[0m
[5.249s] running egg_info
[5.251s] creating my_package.egg-info
[5.252s] writing my_package.egg-info/PKG-INFO
[5.252s] writing dependency_links to my_package.egg-info/dependency_links.txt
[5.253s] writing top-level names to my_package.egg-info/top_level.txt
[5.253s] writing manifest file 'my_package.egg-info/SOURCES.txt'
[5.259s] reading manifest file 'my_package.egg-info/SOURCES.txt'
[5.261s] writing manifest file 'my_package.egg-info/SOURCES.txt'
[5.353s] [  8%] Built target ament_cmake_python_build_my_package_egg
[6.284s] [  8%] Built target my_package__cpp
[6.372s] [ 14%] [32mBuilding C object CMakeFiles/my_package__rosidl_generator_c.dir/rosidl_generator_c/my_package/msg/detail/add_two_ints2__description.c.o[0m
[6.372s] [ 14%] [32mBuilding C object CMakeFiles/my_package__rosidl_generator_c.dir/rosidl_generator_c/my_package/msg/detail/add_two_ints2__type_support.c.o[0m
[6.373s] [ 17%] [32mBuilding C object CMakeFiles/my_package__rosidl_generator_c.dir/rosidl_generator_c/my_package/msg/detail/add_two_ints2__functions.c.o[0m
[6.872s] [ 20%] [32m[1mLinking C shared library libmy_package__rosidl_generator_c.so[0m
[7.051s] [ 20%] Built target my_package__rosidl_generator_c
[7.083s] [ 26%] [34m[1mGenerating C type support for eProsima Fast-RTPS[0m
[7.084s] [ 26%] [34m[1mGenerating C introspection for ROS interfaces[0m
[7.086s] [ 29%] [34m[1mGenerating C++ type support dispatch for ROS interfaces[0m
[7.087s] [ 32%] [34m[1mGenerating C type support dispatch for ROS interfaces[0m
[8.102s] [ 35%] [32mBuilding CXX object CMakeFiles/my_package__rosidl_typesupport_cpp.dir/rosidl_typesupport_cpp/my_package/msg/add_two_ints2__type_support.cpp.o[0m
[8.129s] [ 38%] [32mBuilding CXX object CMakeFiles/my_package__rosidl_typesupport_c.dir/rosidl_typesupport_c/my_package/msg/add_two_ints2__type_support.cpp.o[0m
[8.133s] [ 41%] [32mBuilding CXX object CMakeFiles/my_package__rosidl_typesupport_fastrtps_c.dir/rosidl_typesupport_fastrtps_c/my_package/msg/detail/add_two_ints2__type_support_c.cpp.o[0m
[8.146s] [ 44%] [32mBuilding C object CMakeFiles/my_package__rosidl_typesupport_introspection_c.dir/rosidl_typesupport_introspection_c/my_package/msg/detail/add_two_ints2__type_support.c.o[0m
[8.281s] [ 47%] [32m[1mLinking C shared library libmy_package__rosidl_typesupport_introspection_c.so[0m
[8.307s] [ 50%] [32m[1mLinking CXX shared library libmy_package__rosidl_typesupport_c.so[0m
[8.410s] [ 50%] Built target my_package__rosidl_typesupport_introspection_c
[8.444s] [ 52%] [34m[1mGenerating C++ type support for eProsima Fast-RTPS[0m
[8.506s] [ 52%] Built target my_package__rosidl_typesupport_c
[8.539s] [ 55%] [34m[1mGenerating C++ introspection for ROS interfaces[0m
[9.574s] [ 58%] [32m[1mLinking CXX shared library libmy_package__rosidl_typesupport_fastrtps_c.so[0m
[9.584s] [ 61%] [32mBuilding CXX object CMakeFiles/my_package__rosidl_typesupport_fastrtps_cpp.dir/rosidl_typesupport_fastrtps_cpp/my_package/msg/detail/dds_fastrtps/add_two_ints2__type_support.cpp.o[0m
[9.612s] [ 64%] [32m[1mLinking CXX shared library libmy_package__rosidl_typesupport_cpp.so[0m
[9.666s] [ 67%] [32mBuilding CXX object CMakeFiles/my_package__rosidl_typesupport_introspection_cpp.dir/rosidl_typesupport_introspection_cpp/my_package/msg/detail/add_two_ints2__type_support.cpp.o[0m
[9.816s] [ 67%] Built target my_package__rosidl_typesupport_cpp
[9.916s] [ 67%] Built target my_package__rosidl_typesupport_fastrtps_c
[11.128s] [ 70%] [32m[1mLinking CXX shared library libmy_package__rosidl_typesupport_introspection_cpp.so[0m
[11.323s] [ 70%] Built target my_package__rosidl_typesupport_introspection_cpp
[11.579s] [ 73%] [32m[1mLinking CXX shared library libmy_package__rosidl_typesupport_fastrtps_cpp.so[0m
[11.863s] [ 73%] Built target my_package__rosidl_typesupport_fastrtps_cpp
[11.952s] [ 73%] Built target my_package
[12.063s] [ 76%] [34m[1mGenerating Python code for ROS interfaces[0m
[13.277s] [ 76%] Built target my_package__py
[13.345s] [ 79%] [32mBuilding C object CMakeFiles/my_package__rosidl_generator_py.dir/rosidl_generator_py/my_package/msg/_add_two_ints2_s.c.o[0m
[13.786s] [ 82%] [32m[1mLinking C shared library rosidl_generator_py/my_package/libmy_package__rosidl_generator_py.so[0m
[13.945s] [ 82%] Built target my_package__rosidl_generator_py
[14.022s] [ 85%] [32mBuilding C object CMakeFiles/my_package__rosidl_typesupport_c__pyext.dir/rosidl_generator_py/my_package/_my_package_s.ep.rosidl_typesupport_c.c.o[0m
[14.025s] [ 88%] [32mBuilding C object CMakeFiles/my_package__rosidl_typesupport_fastrtps_c__pyext.dir/rosidl_generator_py/my_package/_my_package_s.ep.rosidl_typesupport_fastrtps_c.c.o[0m
[14.043s] [ 91%] [32mBuilding C object CMakeFiles/my_package__rosidl_typesupport_introspection_c__pyext.dir/rosidl_generator_py/my_package/_my_package_s.ep.rosidl_typesupport_introspection_c.c.o[0m
[14.441s] [ 94%] [32m[1mLinking C shared library rosidl_generator_py/my_package/my_package_s__rosidl_typesupport_fastrtps_c.cpython-310-x86_64-linux-gnu.so[0m
[14.463s] [ 97%] [32m[1mLinking C shared library rosidl_generator_py/my_package/my_package_s__rosidl_typesupport_c.cpython-310-x86_64-linux-gnu.so[0m
[14.472s] [100%] [32m[1mLinking C shared library rosidl_generator_py/my_package/my_package_s__rosidl_typesupport_introspection_c.cpython-310-x86_64-linux-gnu.so[0m
[14.573s] [100%] Built target my_package__rosidl_typesupport_fastrtps_c__pyext
[14.600s] [100%] Built target my_package__rosidl_typesupport_c__pyext
[14.607s] [100%] Built target my_package__rosidl_typesupport_introspection_c__pyext
[14.644s] Invoked command in '/home/asd/ros2_ws/build/my_package' returned '0': CMAKE_PREFIX_PATH=/opt/ros/iron /usr/bin/cmake --build /home/asd/ros2_ws/build/my_package -- -j4 -l4
[14.856s] Invoking command in '/home/asd/ros2_ws/build/my_package': CMAKE_PREFIX_PATH=/opt/ros/iron /usr/bin/cmake --install /home/asd/ros2_ws/build/my_package
[14.882s] -- Install configuration: ""
[14.883s] -- Installing: /home/asd/ros2_ws/install/my_package/share/ament_index/resource_index/rosidl_interfaces/my_package
[14.883s] -- Installing: /home/asd/ros2_ws/install/my_package/share/my_package/msg/AddTwoInts2.json
[14.884s] -- Installing: /home/asd/ros2_ws/install/my_package/include/my_package/my_package
[14.885s] -- Installing: /home/asd/ros2_ws/install/my_package/include/my_package/my_package/msg
[14.885s] -- Installing: /home/asd/ros2_ws/install/my_package/include/my_package/my_package/msg/detail
[14.886s] -- Installing: /home/asd/ros2_ws/install/my_package/include/my_package/my_package/msg/detail/add_two_ints2__struct.h
[14.886s] -- Installing: /home/asd/ros2_ws/install/my_package/include/my_package/my_package/msg/detail/add_two_ints2__functions.c
[14.886s] -- Installing: /home/asd/ros2_ws/install/my_package/include/my_package/my_package/msg/detail/add_two_ints2__description.c
[14.888s] -- Installing: /home/asd/ros2_ws/install/my_package/include/my_package/my_package/msg/detail/add_two_ints2__type_support.h
[14.888s] -- Installing: /home/asd/ros2_ws/install/my_package/include/my_package/my_package/msg/detail/add_two_ints2__type_support.c
[14.888s] -- Installing: /home/asd/ros2_ws/install/my_package/include/my_package/my_package/msg/detail/add_two_ints2__functions.h
[14.889s] -- Installing: /home/asd/ros2_ws/install/my_package/include/my_package/my_package/msg/add_two_ints2.h
[14.889s] -- Installing: /home/asd/ros2_ws/install/my_package/include/my_package/my_package/msg/rosidl_generator_c__visibility_control.h
[14.889s] -- Installing: /home/asd/ros2_ws/install/my_package/share/my_package/environment/library_path.sh
[14.889s] -- Installing: /home/asd/ros2_ws/install/my_package/share/my_package/environment/library_path.dsv
[14.890s] -- Installing: /home/asd/ros2_ws/install/my_package/lib/libmy_package__rosidl_generator_c.so
[14.891s] -- Set runtime path of "/home/asd/ros2_ws/install/my_package/lib/libmy_package__rosidl_generator_c.so" to ""
[14.891s] -- Up-to-date: /home/asd/ros2_ws/install/my_package/include/my_package/my_package
[14.891s] -- Up-to-date: /home/asd/ros2_ws/install/my_package/include/my_package/my_package/msg
[14.892s] -- Up-to-date: /home/asd/ros2_ws/install/my_package/include/my_package/my_package/msg/detail
[14.892s] -- Installing: /home/asd/ros2_ws/install/my_package/include/my_package/my_package/msg/detail/add_two_ints2__rosidl_typesupport_fastrtps_c.h
[14.892s] -- Installing: /home/asd/ros2_ws/install/my_package/include/my_package/my_package/msg/rosidl_typesupport_fastrtps_c__visibility_control.h
[14.892s] -- Installing: /home/asd/ros2_ws/install/my_package/lib/libmy_package__rosidl_typesupport_fastrtps_c.so
[14.894s] -- Set runtime path of "/home/asd/ros2_ws/install/my_package/lib/libmy_package__rosidl_typesupport_fastrtps_c.so" to ""
[14.894s] -- Up-to-date: /home/asd/ros2_ws/install/my_package/include/my_package/my_package
[14.895s] -- Up-to-date: /home/asd/ros2_ws/install/my_package/include/my_package/my_package/msg
[14.895s] -- Installing: /home/asd/ros2_ws/install/my_package/include/my_package/my_package/msg/rosidl_typesupport_introspection_c__visibility_control.h
[14.895s] -- Up-to-date: /home/asd/ros2_ws/install/my_package/include/my_package/my_package/msg/detail
[14.896s] -- Installing: /home/asd/ros2_ws/install/my_package/include/my_package/my_package/msg/detail/add_two_ints2__rosidl_typesupport_introspection_c.h
[14.896s] -- Installing: /home/asd/ros2_ws/install/my_package/include/my_package/my_package/msg/detail/add_two_ints2__type_support.c
[14.896s] -- Installing: /home/asd/ros2_ws/install/my_package/lib/libmy_package__rosidl_typesupport_introspection_c.so
[14.897s] -- Set runtime path of "/home/asd/ros2_ws/install/my_package/lib/libmy_package__rosidl_typesupport_introspection_c.so" to ""
[14.897s] -- Installing: /home/asd/ros2_ws/install/my_package/lib/libmy_package__rosidl_typesupport_c.so
[14.899s] -- Set runtime path of "/home/asd/ros2_ws/install/my_package/lib/libmy_package__rosidl_typesupport_c.so" to ""
[14.899s] -- Up-to-date: /home/asd/ros2_ws/install/my_package/include/my_package/my_package
[14.899s] -- Up-to-date: /home/asd/ros2_ws/install/my_package/include/my_package/my_package/msg
[14.900s] -- Installing: /home/asd/ros2_ws/install/my_package/include/my_package/my_package/msg/add_two_ints2.hpp
[14.900s] -- Up-to-date: /home/asd/ros2_ws/install/my_package/include/my_package/my_package/msg/detail
[14.900s] -- Installing: /home/asd/ros2_ws/install/my_package/include/my_package/my_package/msg/detail/add_two_ints2__traits.hpp
[14.900s] -- Installing: /home/asd/ros2_ws/install/my_package/include/my_package/my_package/msg/detail/add_two_ints2__builder.hpp
[14.901s] -- Installing: /home/asd/ros2_ws/install/my_package/include/my_package/my_package/msg/detail/add_two_ints2__struct.hpp
[14.901s] -- Up-to-date: /home/asd/ros2_ws/install/my_package/include/my_package/my_package
[14.902s] -- Up-to-date: /home/asd/ros2_ws/install/my_package/include/my_package/my_package/msg
[14.902s] -- Up-to-date: /home/asd/ros2_ws/install/my_package/include/my_package/my_package/msg/detail
[14.902s] -- Installing: /home/asd/ros2_ws/install/my_package/include/my_package/my_package/msg/detail/add_two_ints2__rosidl_typesupport_fastrtps_cpp.hpp
[14.903s] -- Installing: /home/asd/ros2_ws/install/my_package/include/my_package/my_package/msg/detail/dds_fastrtps
[14.903s] -- Installing: /home/asd/ros2_ws/install/my_package/include/my_package/my_package/msg/rosidl_typesupport_fastrtps_cpp__visibility_control.h
[14.910s] -- Installing: /home/asd/ros2_ws/install/my_package/lib/libmy_package__rosidl_typesupport_fastrtps_cpp.so
[14.910s] -- Set runtime path of "/home/asd/ros2_ws/install/my_package/lib/libmy_package__rosidl_typesupport_fastrtps_cpp.so" to ""
[14.911s] -- Up-to-date: /home/asd/ros2_ws/install/my_package/include/my_package/my_package
[14.912s] -- Up-to-date: /home/asd/ros2_ws/install/my_package/include/my_package/my_package/msg
[14.912s] -- Up-to-date: /home/asd/ros2_ws/install/my_package/include/my_package/my_package/msg/detail
[14.912s] -- Installing: /home/asd/ros2_ws/install/my_package/include/my_package/my_package/msg/detail/add_two_ints2__rosidl_typesupport_introspection_cpp.hpp
[14.912s] -- Installing: /home/asd/ros2_ws/install/my_package/include/my_package/my_package/msg/detail/add_two_ints2__type_support.cpp
[14.913s] -- Installing: /home/asd/ros2_ws/install/my_package/lib/libmy_package__rosidl_typesupport_introspection_cpp.so
[14.913s] -- Set runtime path of "/home/asd/ros2_ws/install/my_package/lib/libmy_package__rosidl_typesupport_introspection_cpp.so" to ""
[14.913s] -- Installing: /home/asd/ros2_ws/install/my_package/lib/libmy_package__rosidl_typesupport_cpp.so
[14.913s] -- Set runtime path of "/home/asd/ros2_ws/install/my_package/lib/libmy_package__rosidl_typesupport_cpp.so" to ""
[14.915s] -- Installing: /home/asd/ros2_ws/install/my_package/share/my_package/environment/pythonpath.sh
[14.916s] -- Installing: /home/asd/ros2_ws/install/my_package/share/my_package/environment/pythonpath.dsv
[14.916s] -- Installing: /home/asd/ros2_ws/install/my_package/lib/python3.10/site-packages/my_package-0.0.0-py3.10.egg-info
[14.916s] -- Installing: /home/asd/ros2_ws/install/my_package/lib/python3.10/site-packages/my_package-0.0.0-py3.10.egg-info/SOURCES.txt
[14.931s] -- Installing: /home/asd/ros2_ws/install/my_package/lib/python3.10/site-packages/my_package-0.0.0-py3.10.egg-info/top_level.txt
[14.931s] -- Installing: /home/asd/ros2_ws/install/my_package/lib/python3.10/site-packages/my_package-0.0.0-py3.10.egg-info/PKG-INFO
[14.931s] -- Installing: /home/asd/ros2_ws/install/my_package/lib/python3.10/site-packages/my_package-0.0.0-py3.10.egg-info/dependency_links.txt
[14.932s] -- Installing: /home/asd/ros2_ws/install/my_package/lib/python3.10/site-packages/my_package
[14.932s] -- Installing: /home/asd/ros2_ws/install/my_package/lib/python3.10/site-packages/my_package/my_package_s__rosidl_typesupport_fastrtps_c.cpython-310-x86_64-linux-gnu.so
[14.932s] -- Installing: /home/asd/ros2_ws/install/my_package/lib/python3.10/site-packages/my_package/msg
[14.933s] -- Installing: /home/asd/ros2_ws/install/my_package/lib/python3.10/site-packages/my_package/msg/_add_two_ints2_s.c
[14.933s] -- Installing: /home/asd/ros2_ws/install/my_package/lib/python3.10/site-packages/my_package/msg/__init__.py
[14.933s] -- Installing: /home/asd/ros2_ws/install/my_package/lib/python3.10/site-packages/my_package/msg/_add_two_ints2.py
[14.933s] -- Installing: /home/asd/ros2_ws/install/my_package/lib/python3.10/site-packages/my_package/my_package_s__rosidl_typesupport_introspection_c.cpython-310-x86_64-linux-gnu.so
[14.934s] -- Installing: /home/asd/ros2_ws/install/my_package/lib/python3.10/site-packages/my_package/__init__.py
[14.934s] -- Installing: /home/asd/ros2_ws/install/my_package/lib/python3.10/site-packages/my_package/_my_package_s.ep.rosidl_typesupport_introspection_c.c
[14.934s] -- Installing: /home/asd/ros2_ws/install/my_package/lib/python3.10/site-packages/my_package/my_package_s__rosidl_typesupport_c.cpython-310-x86_64-linux-gnu.so
[14.935s] -- Installing: /home/asd/ros2_ws/install/my_package/lib/python3.10/site-packages/my_package/libmy_package__rosidl_generator_py.so
[14.935s] -- Installing: /home/asd/ros2_ws/install/my_package/lib/python3.10/site-packages/my_package/_my_package_s.ep.rosidl_typesupport_fastrtps_c.c
[14.935s] -- Installing: /home/asd/ros2_ws/install/my_package/lib/python3.10/site-packages/my_package/_my_package_s.ep.rosidl_typesupport_c.c
[15.043s] Listing '/home/asd/ros2_ws/install/my_package/lib/python3.10/site-packages/my_package'...
[15.043s] Compiling '/home/asd/ros2_ws/install/my_package/lib/python3.10/site-packages/my_package/__init__.py'...
[15.043s] Listing '/home/asd/ros2_ws/install/my_package/lib/python3.10/site-packages/my_package/msg'...
[15.043s] Compiling '/home/asd/ros2_ws/install/my_package/lib/python3.10/site-packages/my_package/msg/__init__.py'...
[15.044s] Compiling '/home/asd/ros2_ws/install/my_package/lib/python3.10/site-packages/my_package/msg/_add_two_ints2.py'...
[15.057s] -- Installing: /home/asd/ros2_ws/install/my_package/lib/python3.10/site-packages/my_package/my_package_s__rosidl_typesupport_fastrtps_c.cpython-310-x86_64-linux-gnu.so
[15.059s] -- Set runtime path of "/home/asd/ros2_ws/install/my_package/lib/python3.10/site-packages/my_package/my_package_s__rosidl_typesupport_fastrtps_c.cpython-310-x86_64-linux-gnu.so" to ""
[15.060s] -- Installing: /home/asd/ros2_ws/install/my_package/lib/python3.10/site-packages/my_package/my_package_s__rosidl_typesupport_introspection_c.cpython-310-x86_64-linux-gnu.so
[15.061s] -- Set runtime path of "/home/asd/ros2_ws/install/my_package/lib/python3.10/site-packages/my_package/my_package_s__rosidl_typesupport_introspection_c.cpython-310-x86_64-linux-gnu.so" to ""
[15.062s] -- Installing: /home/asd/ros2_ws/install/my_package/lib/python3.10/site-packages/my_package/my_package_s__rosidl_typesupport_c.cpython-310-x86_64-linux-gnu.so
[15.063s] -- Set runtime path of "/home/asd/ros2_ws/install/my_package/lib/python3.10/site-packages/my_package/my_package_s__rosidl_typesupport_c.cpython-310-x86_64-linux-gnu.so" to ""
[15.063s] -- Installing: /home/asd/ros2_ws/install/my_package/lib/libmy_package__rosidl_generator_py.so
[15.065s] -- Set runtime path of "/home/asd/ros2_ws/install/my_package/lib/libmy_package__rosidl_generator_py.so" to ""
[15.065s] -- Installing: /home/asd/ros2_ws/install/my_package/share/my_package/msg/AddTwoInts2.idl
[15.065s] -- Installing: /home/asd/ros2_ws/install/my_package/share/my_package/msg/AddTwoInts2.msg
[15.066s] -- Installing: /home/asd/ros2_ws/install/my_package/share/ament_index/resource_index/package_run_dependencies/my_package
[15.066s] -- Installing: /home/asd/ros2_ws/install/my_package/share/ament_index/resource_index/parent_prefix_path/my_package
[15.067s] -- Installing: /home/asd/ros2_ws/install/my_package/share/my_package/environment/ament_prefix_path.sh
[15.067s] -- Installing: /home/asd/ros2_ws/install/my_package/share/my_package/environment/ament_prefix_path.dsv
[15.068s] -- Installing: /home/asd/ros2_ws/install/my_package/share/my_package/environment/path.sh
[15.068s] -- Installing: /home/asd/ros2_ws/install/my_package/share/my_package/environment/path.dsv
[15.069s] -- Installing: /home/asd/ros2_ws/install/my_package/share/my_package/local_setup.bash
[15.069s] -- Installing: /home/asd/ros2_ws/install/my_package/share/my_package/local_setup.sh
[15.070s] -- Installing: /home/asd/ros2_ws/install/my_package/share/my_package/local_setup.zsh
[15.070s] -- Installing: /home/asd/ros2_ws/install/my_package/share/my_package/local_setup.dsv
[15.071s] -- Installing: /home/asd/ros2_ws/install/my_package/share/my_package/package.dsv
[15.071s] -- Installing: /home/asd/ros2_ws/install/my_package/share/ament_index/resource_index/packages/my_package
[15.072s] -- Installing: /home/asd/ros2_ws/install/my_package/share/my_package/cmake/export_my_package__rosidl_generator_cExport.cmake
[15.072s] -- Installing: /home/asd/ros2_ws/install/my_package/share/my_package/cmake/export_my_package__rosidl_generator_cExport-noconfig.cmake
[15.073s] -- Installing: /home/asd/ros2_ws/install/my_package/share/my_package/cmake/export_my_package__rosidl_typesupport_fastrtps_cExport.cmake
[15.074s] -- Installing: /home/asd/ros2_ws/install/my_package/share/my_package/cmake/export_my_package__rosidl_typesupport_fastrtps_cExport-noconfig.cmake
[15.074s] -- Installing: /home/asd/ros2_ws/install/my_package/share/my_package/cmake/my_package__rosidl_typesupport_introspection_cExport.cmake
[15.075s] -- Installing: /home/asd/ros2_ws/install/my_package/share/my_package/cmake/my_package__rosidl_typesupport_introspection_cExport-noconfig.cmake
[15.075s] -- Installing: /home/asd/ros2_ws/install/my_package/share/my_package/cmake/my_package__rosidl_typesupport_cExport.cmake
[15.076s] -- Installing: /home/asd/ros2_ws/install/my_package/share/my_package/cmake/my_package__rosidl_typesupport_cExport-noconfig.cmake
[15.076s] -- Installing: /home/asd/ros2_ws/install/my_package/share/my_package/cmake/export_my_package__rosidl_generator_cppExport.cmake
[15.077s] -- Installing: /home/asd/ros2_ws/install/my_package/share/my_package/cmake/export_my_package__rosidl_typesupport_fastrtps_cppExport.cmake
[15.077s] -- Installing: /home/asd/ros2_ws/install/my_package/share/my_package/cmake/export_my_package__rosidl_typesupport_fastrtps_cppExport-noconfig.cmake
[15.078s] -- Installing: /home/asd/ros2_ws/install/my_package/share/my_package/cmake/my_package__rosidl_typesupport_introspection_cppExport.cmake
[15.078s] -- Installing: /home/asd/ros2_ws/install/my_package/share/my_package/cmake/my_package__rosidl_typesupport_introspection_cppExport-noconfig.cmake
[15.079s] -- Installing: /home/asd/ros2_ws/install/my_package/share/my_package/cmake/my_package__rosidl_typesupport_cppExport.cmake
[15.079s] -- Installing: /home/asd/ros2_ws/install/my_package/share/my_package/cmake/my_package__rosidl_typesupport_cppExport-noconfig.cmake
[15.080s] -- Installing: /home/asd/ros2_ws/install/my_package/share/my_package/cmake/export_my_package__rosidl_generator_pyExport.cmake
[15.080s] -- Installing: /home/asd/ros2_ws/install/my_package/share/my_package/cmake/export_my_package__rosidl_generator_pyExport-noconfig.cmake
[15.081s] -- Installing: /home/asd/ros2_ws/install/my_package/share/my_package/cmake/rosidl_cmake-extras.cmake
[15.081s] -- Installing: /home/asd/ros2_ws/install/my_package/share/my_package/cmake/ament_cmake_export_include_directories-extras.cmake
[15.082s] -- Installing: /home/asd/ros2_ws/install/my_package/share/my_package/cmake/ament_cmake_export_libraries-extras.cmake
[15.082s] -- Installing: /home/asd/ros2_ws/install/my_package/share/my_package/cmake/ament_cmake_export_targets-extras.cmake
[15.083s] -- Installing: /home/asd/ros2_ws/install/my_package/share/my_package/cmake/rosidl_cmake_export_typesupport_targets-extras.cmake
[15.083s] -- Installing: /home/asd/ros2_ws/install/my_package/share/my_package/cmake/ament_cmake_export_dependencies-extras.cmake
[15.084s] -- Installing: /home/asd/ros2_ws/install/my_package/share/my_package/cmake/rosidl_cmake_export_typesupport_libraries-extras.cmake
[15.084s] -- Installing: /home/asd/ros2_ws/install/my_package/share/my_package/cmake/my_packageConfig.cmake
[15.085s] -- Installing: /home/asd/ros2_ws/install/my_package/share/my_package/cmake/my_packageConfig-version.cmake
[15.085s] -- Installing: /home/asd/ros2_ws/install/my_package/share/my_package/package.xml
[15.095s] Invoked command in '/home/asd/ros2_ws/build/my_package' returned '0': CMAKE_PREFIX_PATH=/opt/ros/iron /usr/bin/cmake --install /home/asd/ros2_ws/build/my_package
