[0.057s] Invoking command in '/home/asd/ros2_ws/build/simple_div': CMAKE_PREFIX_PATH=/opt/ros/iron /usr/bin/cmake --build /home/asd/ros2_ws/build/simple_div -- -j4 -l4
[0.162s] -- Found ament_cmake: 2.0.4 (/opt/ros/iron/share/ament_cmake/cmake)
[0.737s] -- Found rclcpp: 21.0.5 (/opt/ros/iron/share/rclcpp/cmake)
[0.881s] -- Found rosidl_generator_c: 4.0.1 (/opt/ros/iron/share/rosidl_generator_c/cmake)
[0.927s] -- Found rosidl_generator_cpp: 4.0.1 (/opt/ros/iron/share/rosidl_generator_cpp/cmake)
[0.998s] -- Using all available rosidl_typesupport_c: rosidl_typesupport_fastrtps_c;rosidl_typesupport_introspection_c
[1.090s] -- Using all available rosidl_typesupport_cpp: rosidl_typesupport_fastrtps_cpp;rosidl_typesupport_introspection_cpp
[2.306s] -- Found rmw_implementation_cmake: 7.1.0 (/opt/ros/iron/share/rmw_implementation_cmake/cmake)
[2.312s] -- Found rmw_fastrtps_cpp: 7.1.3 (/opt/ros/iron/share/rmw_fastrtps_cpp/cmake)
[2.919s] -- Using RMW implementation 'rmw_fastrtps_cpp' as default
[4.241s] -- Found std_msgs: 5.0.0 (/opt/ros/iron/share/std_msgs/cmake)
[4.465s] -- Found rosidl_default_generators: 1.5.0 (/opt/ros/iron/share/rosidl_default_generators/cmake)
[4.505s] -- Found rosidl_adapter: 4.0.1 (/opt/ros/iron/share/rosidl_adapter/cmake)
[5.813s] -- Found ament_cmake_ros: 0.11.2 (/opt/ros/iron/share/ament_cmake_ros/cmake)
[7.347s] -- Using all available rosidl_typesupport_c: rosidl_typesupport_fastrtps_c;rosidl_typesupport_introspection_c
[7.982s] -- Using all available rosidl_typesupport_cpp: rosidl_typesupport_fastrtps_cpp;rosidl_typesupport_introspection_cpp
[8.068s] -- Found python_cmake_module: 0.10.2 (/opt/ros/iron/share/python_cmake_module/cmake)
[8.142s] -- Using PYTHON_EXECUTABLE: /usr/bin/python3
[8.143s] -- Using PYTHON_INCLUDE_DIRS: /usr/include/python3.10
[8.143s] -- Using PYTHON_LIBRARIES: /usr/lib/x86_64-linux-gnu/libpython3.10.so
[8.293s] [31mCMake Error at /opt/ros/iron/share/ament_cmake_target_dependencies/cmake/ament_target_dependencies.cmake:128 (target_compile_definitions):
[8.293s]   target_compile_definitions called with non-compilable target type
[8.293s] Call Stack (most recent call first):
[8.294s]   CMakeLists.txt:19 (ament_target_dependencies)
[8.294s] 
[8.294s] [0m
[8.295s] [31mCMake Error at /opt/ros/iron/share/ament_cmake_target_dependencies/cmake/ament_target_dependencies.cmake:141 (target_include_directories):
[8.295s]   target_include_directories called with non-compilable target type
[8.296s] Call Stack (most recent call first):
[8.296s]   CMakeLists.txt:19 (ament_target_dependencies)
[8.296s] 
[8.296s] [0m
[8.297s] [31mCMake Error at /opt/ros/iron/share/ament_cmake_target_dependencies/cmake/ament_target_dependencies.cmake:145 (target_link_libraries):
[8.297s]   Utility target "simple_div" must not be used as the target of a
[8.297s]   target_link_libraries call.
[8.297s] Call Stack (most recent call first):
[8.298s]   CMakeLists.txt:19 (ament_target_dependencies)
[8.298s] 
[8.298s] [0m
[8.298s] [31mCMake Error at /opt/ros/iron/share/ament_cmake_target_dependencies/cmake/ament_target_dependencies.cmake:147 (target_include_directories):
[8.299s]   target_include_directories called with non-compilable target type
[8.299s] Call Stack (most recent call first):
[8.301s]   CMakeLists.txt:19 (ament_target_dependencies)
[8.302s] 
[8.302s] [0m
[8.302s] [31mCMake Error at /opt/ros/iron/share/ament_cmake_target_dependencies/cmake/ament_target_dependencies.cmake:151 (target_link_libraries):
[8.308s]   Utility target "simple_div" must not be used as the target of a
[8.308s]   target_link_libraries call.
[8.308s] Call Stack (most recent call first):
[8.309s]   CMakeLists.txt:19 (ament_target_dependencies)
[8.309s] 
[8.309s] [0m
[8.309s] [31mCMake Error at CMakeLists.txt:22 (install):
[8.310s]   install TARGETS given target "simple_div" which is not an executable,
[8.310s]   library, or module.
[8.310s] 
[8.310s] [0m
[8.315s] -- Configuring incomplete, errors occurred!
[8.315s] See also "/home/asd/ros2_ws/build/simple_div/CMakeFiles/CMakeOutput.log".
[8.339s] gmake: *** [Makefile:267: cmake_check_build_system] Error 1
[8.344s] Invoked command in '/home/asd/ros2_ws/build/simple_div' returned '2': CMAKE_PREFIX_PATH=/opt/ros/iron /usr/bin/cmake --build /home/asd/ros2_ws/build/simple_div -- -j4 -l4
