-- Found ament_cmake: 2.0.4 (/opt/ros/iron/share/ament_cmake/cmake)
-- Found rclcpp: 21.0.5 (/opt/ros/iron/share/rclcpp/cmake)
-- Found rosidl_generator_c: 4.0.1 (/opt/ros/iron/share/rosidl_generator_c/cmake)
-- Found rosidl_generator_cpp: 4.0.1 (/opt/ros/iron/share/rosidl_generator_cpp/cmake)
-- Using all available rosidl_typesupport_c: rosidl_typesupport_fastrtps_c;rosidl_typesupport_introspection_c
-- Using all available rosidl_typesupport_cpp: rosidl_typesupport_fastrtps_cpp;rosidl_typesupport_introspection_cpp
-- Found rmw_implementation_cmake: 7.1.0 (/opt/ros/iron/share/rmw_implementation_cmake/cmake)
-- Found rmw_fastrtps_cpp: 7.1.3 (/opt/ros/iron/share/rmw_fastrtps_cpp/cmake)
-- Using RMW implementation 'rmw_fastrtps_cpp' as default
-- Found std_msgs: 5.0.0 (/opt/ros/iron/share/std_msgs/cmake)
-- Found rosidl_default_generators: 1.5.0 (/opt/ros/iron/share/rosidl_default_generators/cmake)
-- Found rosidl_adapter: 4.0.1 (/opt/ros/iron/share/rosidl_adapter/cmake)
-- Found ament_cmake_ros: 0.11.2 (/opt/ros/iron/share/ament_cmake_ros/cmake)
-- Using all available rosidl_typesupport_c: rosidl_typesupport_fastrtps_c;rosidl_typesupport_introspection_c
-- Using all available rosidl_typesupport_cpp: rosidl_typesupport_fastrtps_cpp;rosidl_typesupport_introspection_cpp
-- Found PythonInterp: /usr/bin/python3 (found suitable version "3.10.12", minimum required is "3.6") 
-- Found python_cmake_module: 0.10.2 (/opt/ros/iron/share/python_cmake_module/cmake)
-- Found PythonLibs: /usr/lib/x86_64-linux-gnu/libpython3.10.so (found suitable version "3.10.12", minimum required is "3.5") 
-- Using PYTHON_EXECUTABLE: /usr/bin/python3
-- Using PYTHON_INCLUDE_DIRS: /usr/include/python3.10
-- Using PYTHON_LIBRARIES: /usr/lib/x86_64-linux-gnu/libpython3.10.so
-- Found PythonExtra: .so  
[31mCMake Error at CMakeLists.txt:16 (add_executable):
  add_executable cannot create target "simple_div" because another target
  with the same name already exists.  The existing target is a custom target
  created in source directory "/home/asd/ros2_ws/src/simple_div".  See
  documentation for policy CMP0002 for more details.

[0m
[31mCMake Error at /opt/ros/iron/share/ament_cmake_target_dependencies/cmake/ament_target_dependencies.cmake:128 (target_compile_definitions):
  target_compile_definitions called with non-compilable target type
Call Stack (most recent call first):
  CMakeLists.txt:19 (ament_target_dependencies)

[0m
[31mCMake Error at /opt/ros/iron/share/ament_cmake_target_dependencies/cmake/ament_target_dependencies.cmake:141 (target_include_directories):
  target_include_directories called with non-compilable target type
Call Stack (most recent call first):
  CMakeLists.txt:19 (ament_target_dependencies)

[0m
[31mCMake Error at /opt/ros/iron/share/ament_cmake_target_dependencies/cmake/ament_target_dependencies.cmake:145 (target_link_libraries):
  Utility target "simple_div" must not be used as the target of a
  target_link_libraries call.
Call Stack (most recent call first):
  CMakeLists.txt:19 (ament_target_dependencies)

[0m
[31mCMake Error at /opt/ros/iron/share/ament_cmake_target_dependencies/cmake/ament_target_dependencies.cmake:147 (target_include_directories):
  target_include_directories called with non-compilable target type
Call Stack (most recent call first):
  CMakeLists.txt:19 (ament_target_dependencies)

[0m
[31mCMake Error at /opt/ros/iron/share/ament_cmake_target_dependencies/cmake/ament_target_dependencies.cmake:151 (target_link_libraries):
  Utility target "simple_div" must not be used as the target of a
  target_link_libraries call.
Call Stack (most recent call first):
  CMakeLists.txt:19 (ament_target_dependencies)

[0m
[31mCMake Error at CMakeLists.txt:22 (install):
  install TARGETS given target "simple_div" which is not an executable,
  library, or module.

[0m
-- Configuring incomplete, errors occurred!
See also "/home/asd/ros2_ws/build/simple_div/CMakeFiles/CMakeOutput.log".
gmake: *** [Makefile:267: cmake_check_build_system] Error 1
