[0.041s] Invoking command in '/home/asd/ros2_ws/build/cpp_srvcli': CMAKE_PREFIX_PATH=/opt/ros/iron /usr/bin/cmake --build /home/asd/ros2_ws/build/cpp_srvcli -- -j4 -l4
[0.295s] [35m[1mConsolidate compiler generated dependencies of target client[0m
[0.307s] [ 50%] Built target server
[0.375s] [ 75%] [32mBuilding CXX object CMakeFiles/client.dir/src/add_two_ints_client.cpp.o[0m
[17.733s] [100%] [32m[1mLinking CXX executable client[0m
[18.487s] [100%] Built target client
[18.538s] Invoked command in '/home/asd/ros2_ws/build/cpp_srvcli' returned '0': CMAKE_PREFIX_PATH=/opt/ros/iron /usr/bin/cmake --build /home/asd/ros2_ws/build/cpp_srvcli -- -j4 -l4
[18.661s] Invoking command in '/home/asd/ros2_ws/build/cpp_srvcli': CMAKE_PREFIX_PATH=/opt/ros/iron /usr/bin/cmake --install /home/asd/ros2_ws/build/cpp_srvcli
[18.686s] -- Install configuration: ""
[18.687s] -- Up-to-date: /home/asd/ros2_ws/install/cpp_srvcli/lib/cpp_srvcli/server
[18.689s] -- Installing: /home/asd/ros2_ws/install/cpp_srvcli/lib/cpp_srvcli/client
[18.700s] -- Set runtime path of "/home/asd/ros2_ws/install/cpp_srvcli/lib/cpp_srvcli/client" to ""
[18.701s] -- Up-to-date: /home/asd/ros2_ws/install/cpp_srvcli/share/ament_index/resource_index/package_run_dependencies/cpp_srvcli
[18.701s] -- Up-to-date: /home/asd/ros2_ws/install/cpp_srvcli/share/ament_index/resource_index/parent_prefix_path/cpp_srvcli
[18.702s] -- Up-to-date: /home/asd/ros2_ws/install/cpp_srvcli/share/cpp_srvcli/environment/ament_prefix_path.sh
[18.702s] -- Up-to-date: /home/asd/ros2_ws/install/cpp_srvcli/share/cpp_srvcli/environment/ament_prefix_path.dsv
[18.702s] -- Up-to-date: /home/asd/ros2_ws/install/cpp_srvcli/share/cpp_srvcli/environment/path.sh
[18.703s] -- Up-to-date: /home/asd/ros2_ws/install/cpp_srvcli/share/cpp_srvcli/environment/path.dsv
[18.703s] -- Up-to-date: /home/asd/ros2_ws/install/cpp_srvcli/share/cpp_srvcli/local_setup.bash
[18.704s] -- Up-to-date: /home/asd/ros2_ws/install/cpp_srvcli/share/cpp_srvcli/local_setup.sh
[18.704s] -- Up-to-date: /home/asd/ros2_ws/install/cpp_srvcli/share/cpp_srvcli/local_setup.zsh
[18.704s] -- Up-to-date: /home/asd/ros2_ws/install/cpp_srvcli/share/cpp_srvcli/local_setup.dsv
[18.705s] -- Installing: /home/asd/ros2_ws/install/cpp_srvcli/share/cpp_srvcli/package.dsv
[18.705s] -- Up-to-date: /home/asd/ros2_ws/install/cpp_srvcli/share/ament_index/resource_index/packages/cpp_srvcli
[18.705s] -- Up-to-date: /home/asd/ros2_ws/install/cpp_srvcli/share/cpp_srvcli/cmake/cpp_srvcliConfig.cmake
[18.706s] -- Up-to-date: /home/asd/ros2_ws/install/cpp_srvcli/share/cpp_srvcli/cmake/cpp_srvcliConfig-version.cmake
[18.706s] -- Up-to-date: /home/asd/ros2_ws/install/cpp_srvcli/share/cpp_srvcli/package.xml
[18.708s] Invoked command in '/home/asd/ros2_ws/build/cpp_srvcli' returned '0': CMAKE_PREFIX_PATH=/opt/ros/iron /usr/bin/cmake --install /home/asd/ros2_ws/build/cpp_srvcli
