[0.373s] DEBUG:colcon:Command line arguments: ['/usr/bin/colcon', 'build', '--packages-select', 'd2f']
[0.374s] DEBUG:colcon:Parsed command line arguments: Namespace(log_base=None, log_level=None, verb_name='build', build_base='build', install_base='install', merge_install=False, symlink_install=False, test_result_base=None, continue_on_error=False, executor='parallel', parallel_workers=4, event_handlers=None, ignore_user_meta=False, metas=['./colcon.meta'], base_paths=['.'], packages_ignore=None, packages_ignore_regex=None, paths=None, packages_up_to=None, packages_up_to_regex=None, packages_above=None, packages_above_and_dependencies=None, packages_above_depth=None, packages_select_by_dep=None, packages_skip_by_dep=None, packages_skip_up_to=None, packages_select_build_failed=False, packages_skip_build_finished=False, packages_select_test_failures=False, packages_skip_test_passed=False, packages_select=['d2f'], packages_skip=None, packages_select_regex=None, packages_skip_regex=None, packages_start=None, packages_end=None, allow_overriding=[], cmake_args=None, cmake_target=None, cmake_target_skip_unavailable=False, cmake_clean_cache=False, cmake_clean_first=False, cmake_force_configure=False, ament_cmake_args=None, catkin_cmake_args=None, catkin_skip_building_tests=False, verb_parser=<colcon_defaults.argument_parser.defaults.DefaultArgumentsDecorator object at 0x70dd1f234520>, verb_extension=<colcon_core.verb.build.BuildVerb object at 0x70dd1f3fff10>, main=<bound method BuildVerb.main of <colcon_core.verb.build.BuildVerb object at 0x70dd1f3fff10>>)
[1.010s] Level 1:colcon.colcon_core.package_discovery:discover_packages(colcon_meta) check parameters
[1.010s] Level 1:colcon.colcon_core.package_discovery:discover_packages(recursive) check parameters
[1.011s] Level 1:colcon.colcon_core.package_discovery:discover_packages(ignore) check parameters
[1.011s] Level 1:colcon.colcon_core.package_discovery:discover_packages(path) check parameters
[1.011s] Level 1:colcon.colcon_core.package_discovery:discover_packages(colcon_meta) discover
[1.011s] Level 1:colcon.colcon_core.package_discovery:discover_packages(recursive) discover
[1.011s] INFO:colcon.colcon_core.package_discovery:Crawling recursively for packages in '/home/asd/ros2_ws'
[1.011s] Level 1:colcon.colcon_core.package_identification:_identify(.) by extensions ['ignore', 'ignore_ament_install']
[1.012s] Level 1:colcon.colcon_core.package_identification:_identify(.) by extension 'ignore'
[1.012s] Level 1:colcon.colcon_core.package_identification:_identify(.) by extension 'ignore_ament_install'
[1.012s] Level 1:colcon.colcon_core.package_identification:_identify(.) by extensions ['colcon_pkg']
[1.012s] Level 1:colcon.colcon_core.package_identification:_identify(.) by extension 'colcon_pkg'
[1.012s] Level 1:colcon.colcon_core.package_identification:_identify(.) by extensions ['colcon_meta']
[1.012s] Level 1:colcon.colcon_core.package_identification:_identify(.) by extension 'colcon_meta'
[1.012s] Level 1:colcon.colcon_core.package_identification:_identify(.) by extensions ['ros']
[1.013s] Level 1:colcon.colcon_core.package_identification:_identify(.) by extension 'ros'
[1.053s] Level 1:colcon.colcon_core.package_identification:_identify(.) by extensions ['cmake', 'python']
[1.053s] Level 1:colcon.colcon_core.package_identification:_identify(.) by extension 'cmake'
[1.054s] Level 1:colcon.colcon_core.package_identification:_identify(.) by extension 'python'
[1.054s] Level 1:colcon.colcon_core.package_identification:_identify(.) by extensions ['python_setup_py']
[1.054s] Level 1:colcon.colcon_core.package_identification:_identify(.) by extension 'python_setup_py'
[1.054s] Level 1:colcon.colcon_core.package_identification:_identify(build) by extensions ['ignore', 'ignore_ament_install']
[1.055s] Level 1:colcon.colcon_core.package_identification:_identify(build) by extension 'ignore'
[1.055s] Level 1:colcon.colcon_core.package_identification:_identify(build) ignored
[1.055s] Level 1:colcon.colcon_core.package_identification:_identify(install) by extensions ['ignore', 'ignore_ament_install']
[1.055s] Level 1:colcon.colcon_core.package_identification:_identify(install) by extension 'ignore'
[1.055s] Level 1:colcon.colcon_core.package_identification:_identify(install) ignored
[1.056s] Level 1:colcon.colcon_core.package_identification:_identify(log) by extensions ['ignore', 'ignore_ament_install']
[1.056s] Level 1:colcon.colcon_core.package_identification:_identify(log) by extension 'ignore'
[1.057s] Level 1:colcon.colcon_core.package_identification:_identify(log) ignored
[1.057s] Level 1:colcon.colcon_core.package_identification:_identify(src) by extensions ['ignore', 'ignore_ament_install']
[1.057s] Level 1:colcon.colcon_core.package_identification:_identify(src) by extension 'ignore'
[1.057s] Level 1:colcon.colcon_core.package_identification:_identify(src) by extension 'ignore_ament_install'
[1.057s] Level 1:colcon.colcon_core.package_identification:_identify(src) by extensions ['colcon_pkg']
[1.058s] Level 1:colcon.colcon_core.package_identification:_identify(src) by extension 'colcon_pkg'
[1.058s] Level 1:colcon.colcon_core.package_identification:_identify(src) by extensions ['colcon_meta']
[1.058s] Level 1:colcon.colcon_core.package_identification:_identify(src) by extension 'colcon_meta'
[1.058s] Level 1:colcon.colcon_core.package_identification:_identify(src) by extensions ['ros']
[1.058s] Level 1:colcon.colcon_core.package_identification:_identify(src) by extension 'ros'
[1.058s] Level 1:colcon.colcon_core.package_identification:_identify(src) by extensions ['cmake', 'python']
[1.058s] Level 1:colcon.colcon_core.package_identification:_identify(src) by extension 'cmake'
[1.059s] Level 1:colcon.colcon_core.package_identification:_identify(src) by extension 'python'
[1.059s] Level 1:colcon.colcon_core.package_identification:_identify(src) by extensions ['python_setup_py']
[1.059s] Level 1:colcon.colcon_core.package_identification:_identify(src) by extension 'python_setup_py'
[1.059s] Level 1:colcon.colcon_core.package_identification:_identify(src/cpp_srvcli) by extensions ['ignore', 'ignore_ament_install']
[1.059s] Level 1:colcon.colcon_core.package_identification:_identify(src/cpp_srvcli) by extension 'ignore'
[1.060s] Level 1:colcon.colcon_core.package_identification:_identify(src/cpp_srvcli) by extension 'ignore_ament_install'
[1.060s] Level 1:colcon.colcon_core.package_identification:_identify(src/cpp_srvcli) by extensions ['colcon_pkg']
[1.060s] Level 1:colcon.colcon_core.package_identification:_identify(src/cpp_srvcli) by extension 'colcon_pkg'
[1.060s] Level 1:colcon.colcon_core.package_identification:_identify(src/cpp_srvcli) by extensions ['colcon_meta']
[1.060s] Level 1:colcon.colcon_core.package_identification:_identify(src/cpp_srvcli) by extension 'colcon_meta'
[1.060s] Level 1:colcon.colcon_core.package_identification:_identify(src/cpp_srvcli) by extensions ['ros']
[1.060s] Level 1:colcon.colcon_core.package_identification:_identify(src/cpp_srvcli) by extension 'ros'
[1.067s] DEBUG:colcon.colcon_core.package_identification:Package 'src/cpp_srvcli' with type 'ros.ament_cmake' and name 'cpp_srvcli'
[1.068s] Level 1:colcon.colcon_core.package_identification:_identify(src/d2f) by extensions ['ignore', 'ignore_ament_install']
[1.068s] Level 1:colcon.colcon_core.package_identification:_identify(src/d2f) by extension 'ignore'
[1.068s] Level 1:colcon.colcon_core.package_identification:_identify(src/d2f) by extension 'ignore_ament_install'
[1.068s] Level 1:colcon.colcon_core.package_identification:_identify(src/d2f) by extensions ['colcon_pkg']
[1.068s] Level 1:colcon.colcon_core.package_identification:_identify(src/d2f) by extension 'colcon_pkg'
[1.068s] Level 1:colcon.colcon_core.package_identification:_identify(src/d2f) by extensions ['colcon_meta']
[1.069s] Level 1:colcon.colcon_core.package_identification:_identify(src/d2f) by extension 'colcon_meta'
[1.069s] Level 1:colcon.colcon_core.package_identification:_identify(src/d2f) by extensions ['ros']
[1.069s] Level 1:colcon.colcon_core.package_identification:_identify(src/d2f) by extension 'ros'
[1.071s] DEBUG:colcon.colcon_core.package_identification:Package 'src/d2f' with type 'ros.ament_cmake' and name 'd2f'
[1.071s] Level 1:colcon.colcon_core.package_identification:_identify(src/div) by extensions ['ignore', 'ignore_ament_install']
[1.072s] Level 1:colcon.colcon_core.package_identification:_identify(src/div) by extension 'ignore'
[1.072s] Level 1:colcon.colcon_core.package_identification:_identify(src/div) by extension 'ignore_ament_install'
[1.072s] Level 1:colcon.colcon_core.package_identification:_identify(src/div) by extensions ['colcon_pkg']
[1.072s] Level 1:colcon.colcon_core.package_identification:_identify(src/div) by extension 'colcon_pkg'
[1.072s] Level 1:colcon.colcon_core.package_identification:_identify(src/div) by extensions ['colcon_meta']
[1.072s] Level 1:colcon.colcon_core.package_identification:_identify(src/div) by extension 'colcon_meta'
[1.072s] Level 1:colcon.colcon_core.package_identification:_identify(src/div) by extensions ['ros']
[1.073s] Level 1:colcon.colcon_core.package_identification:_identify(src/div) by extension 'ros'
[1.074s] DEBUG:colcon.colcon_core.package_identification:Package 'src/div' with type 'ros.ament_cmake' and name 'div'
[1.075s] Level 1:colcon.colcon_core.package_identification:_identify(src/fl_div) by extensions ['ignore', 'ignore_ament_install']
[1.075s] Level 1:colcon.colcon_core.package_identification:_identify(src/fl_div) by extension 'ignore'
[1.075s] Level 1:colcon.colcon_core.package_identification:_identify(src/fl_div) by extension 'ignore_ament_install'
[1.076s] Level 1:colcon.colcon_core.package_identification:_identify(src/fl_div) by extensions ['colcon_pkg']
[1.076s] Level 1:colcon.colcon_core.package_identification:_identify(src/fl_div) by extension 'colcon_pkg'
[1.076s] Level 1:colcon.colcon_core.package_identification:_identify(src/fl_div) by extensions ['colcon_meta']
[1.076s] Level 1:colcon.colcon_core.package_identification:_identify(src/fl_div) by extension 'colcon_meta'
[1.076s] Level 1:colcon.colcon_core.package_identification:_identify(src/fl_div) by extensions ['ros']
[1.076s] Level 1:colcon.colcon_core.package_identification:_identify(src/fl_div) by extension 'ros'
[1.078s] DEBUG:colcon.colcon_core.package_identification:Package 'src/fl_div' with type 'ros.ament_cmake' and name 'fl_div'
[1.079s] Level 1:colcon.colcon_core.package_identification:_identify(src/input_numbers) by extensions ['ignore', 'ignore_ament_install']
[1.079s] Level 1:colcon.colcon_core.package_identification:_identify(src/input_numbers) by extension 'ignore'
[1.079s] Level 1:colcon.colcon_core.package_identification:_identify(src/input_numbers) by extension 'ignore_ament_install'
[1.079s] Level 1:colcon.colcon_core.package_identification:_identify(src/input_numbers) by extensions ['colcon_pkg']
[1.079s] Level 1:colcon.colcon_core.package_identification:_identify(src/input_numbers) by extension 'colcon_pkg'
[1.079s] Level 1:colcon.colcon_core.package_identification:_identify(src/input_numbers) by extensions ['colcon_meta']
[1.080s] Level 1:colcon.colcon_core.package_identification:_identify(src/input_numbers) by extension 'colcon_meta'
[1.080s] Level 1:colcon.colcon_core.package_identification:_identify(src/input_numbers) by extensions ['ros']
[1.080s] Level 1:colcon.colcon_core.package_identification:_identify(src/input_numbers) by extension 'ros'
[1.082s] DEBUG:colcon.colcon_core.package_identification:Package 'src/input_numbers' with type 'ros.ament_cmake' and name 'div'
[1.082s] Level 1:colcon.colcon_core.package_identification:_identify(src/my_package) by extensions ['ignore', 'ignore_ament_install']
[1.083s] Level 1:colcon.colcon_core.package_identification:_identify(src/my_package) by extension 'ignore'
[1.083s] Level 1:colcon.colcon_core.package_identification:_identify(src/my_package) by extension 'ignore_ament_install'
[1.083s] Level 1:colcon.colcon_core.package_identification:_identify(src/my_package) by extensions ['colcon_pkg']
[1.083s] Level 1:colcon.colcon_core.package_identification:_identify(src/my_package) by extension 'colcon_pkg'
[1.083s] Level 1:colcon.colcon_core.package_identification:_identify(src/my_package) by extensions ['colcon_meta']
[1.083s] Level 1:colcon.colcon_core.package_identification:_identify(src/my_package) by extension 'colcon_meta'
[1.084s] Level 1:colcon.colcon_core.package_identification:_identify(src/my_package) by extensions ['ros']
[1.084s] Level 1:colcon.colcon_core.package_identification:_identify(src/my_package) by extension 'ros'
[1.086s] DEBUG:colcon.colcon_core.package_identification:Package 'src/my_package' with type 'ros.ament_cmake' and name 'my_package'
[1.087s] Level 1:colcon.colcon_core.package_identification:_identify(src/simple_div) by extensions ['ignore', 'ignore_ament_install']
[1.087s] Level 1:colcon.colcon_core.package_identification:_identify(src/simple_div) by extension 'ignore'
[1.087s] Level 1:colcon.colcon_core.package_identification:_identify(src/simple_div) by extension 'ignore_ament_install'
[1.087s] Level 1:colcon.colcon_core.package_identification:_identify(src/simple_div) by extensions ['colcon_pkg']
[1.087s] Level 1:colcon.colcon_core.package_identification:_identify(src/simple_div) by extension 'colcon_pkg'
[1.087s] Level 1:colcon.colcon_core.package_identification:_identify(src/simple_div) by extensions ['colcon_meta']
[1.088s] Level 1:colcon.colcon_core.package_identification:_identify(src/simple_div) by extension 'colcon_meta'
[1.088s] Level 1:colcon.colcon_core.package_identification:_identify(src/simple_div) by extensions ['ros']
[1.088s] Level 1:colcon.colcon_core.package_identification:_identify(src/simple_div) by extension 'ros'
[1.090s] DEBUG:colcon.colcon_core.package_identification:Package 'src/simple_div' with type 'ros.ament_cmake' and name 'simple_div'
[1.090s] Level 1:colcon.colcon_core.package_discovery:discover_packages(recursive) using defaults
[1.090s] Level 1:colcon.colcon_core.package_discovery:discover_packages(ignore) discover
[1.090s] Level 1:colcon.colcon_core.package_discovery:discover_packages(ignore) using defaults
[1.090s] Level 1:colcon.colcon_core.package_discovery:discover_packages(path) discover
[1.090s] Level 1:colcon.colcon_core.package_discovery:discover_packages(path) using defaults
[1.156s] INFO:colcon.colcon_core.package_selection:Skipping not selected package 'cpp_srvcli' in 'src/cpp_srvcli'
[1.156s] INFO:colcon.colcon_core.package_selection:Skipping not selected package 'my_package' in 'src/my_package'
[1.156s] INFO:colcon.colcon_core.package_selection:Skipping not selected package 'div' in 'src/input_numbers'
[1.156s] INFO:colcon.colcon_core.package_selection:Skipping not selected package 'div' in 'src/div'
[1.156s] INFO:colcon.colcon_core.package_selection:Skipping not selected package 'fl_div' in 'src/fl_div'
[1.157s] INFO:colcon.colcon_core.package_selection:Skipping not selected package 'simple_div' in 'src/simple_div'
[1.161s] Level 1:colcon.colcon_core.package_discovery:discover_packages(prefix_path) check parameters
[1.161s] Level 1:colcon.colcon_core.package_discovery:discover_packages(prefix_path) discover
[1.195s] DEBUG:colcon.colcon_installed_package_information.package_discovery:Found 281 installed packages in /opt/ros/iron
[1.202s] Level 1:colcon.colcon_core.package_discovery:discover_packages(prefix_path) using defaults
[1.379s] Level 5:colcon.colcon_core.verb:set package 'd2f' build argument 'cmake_args' from command line to 'None'
[1.380s] Level 5:colcon.colcon_core.verb:set package 'd2f' build argument 'cmake_target' from command line to 'None'
[1.380s] Level 5:colcon.colcon_core.verb:set package 'd2f' build argument 'cmake_target_skip_unavailable' from command line to 'False'
[1.380s] Level 5:colcon.colcon_core.verb:set package 'd2f' build argument 'cmake_clean_cache' from command line to 'False'
[1.380s] Level 5:colcon.colcon_core.verb:set package 'd2f' build argument 'cmake_clean_first' from command line to 'False'
[1.380s] Level 5:colcon.colcon_core.verb:set package 'd2f' build argument 'cmake_force_configure' from command line to 'False'
[1.380s] Level 5:colcon.colcon_core.verb:set package 'd2f' build argument 'ament_cmake_args' from command line to 'None'
[1.380s] Level 5:colcon.colcon_core.verb:set package 'd2f' build argument 'catkin_cmake_args' from command line to 'None'
[1.380s] Level 5:colcon.colcon_core.verb:set package 'd2f' build argument 'catkin_skip_building_tests' from command line to 'False'
[1.380s] DEBUG:colcon.colcon_core.verb:Building package 'd2f' with the following arguments: {'ament_cmake_args': None, 'build_base': '/home/asd/ros2_ws/build/d2f', 'catkin_cmake_args': None, 'catkin_skip_building_tests': False, 'cmake_args': None, 'cmake_clean_cache': False, 'cmake_clean_first': False, 'cmake_force_configure': False, 'cmake_target': None, 'cmake_target_skip_unavailable': False, 'install_base': '/home/asd/ros2_ws/install/d2f', 'merge_install': False, 'path': '/home/asd/ros2_ws/src/d2f', 'symlink_install': False, 'test_result_base': None}
[1.381s] INFO:colcon.colcon_core.executor:Executing jobs using 'parallel' executor
[1.383s] DEBUG:colcon.colcon_parallel_executor.executor.parallel:run_until_complete
[1.384s] INFO:colcon.colcon_ros.task.ament_cmake.build:Building ROS package in '/home/asd/ros2_ws/src/d2f' with build type 'ament_cmake'
[1.384s] INFO:colcon.colcon_cmake.task.cmake.build:Building CMake package in '/home/asd/ros2_ws/src/d2f'
[1.408s] INFO:colcon.colcon_core.plugin_system:Skipping extension 'colcon_core.shell.bat': Not used on non-Windows systems
[1.409s] INFO:colcon.colcon_core.shell:Skip shell extension 'powershell' for command environment: Not usable outside of PowerShell
[1.409s] DEBUG:colcon.colcon_core.shell:Skip shell extension 'dsv' for command environment
[1.440s] DEBUG:colcon.colcon_core.event_handler.log_command:Invoking command in '/home/asd/ros2_ws/build/d2f': CMAKE_PREFIX_PATH=/opt/ros/iron /usr/bin/cmake --build /home/asd/ros2_ws/build/d2f -- -j4 -l4
[26.182s] DEBUG:colcon.colcon_core.event_handler.log_command:Invoked command in '/home/asd/ros2_ws/build/d2f' returned '0': CMAKE_PREFIX_PATH=/opt/ros/iron /usr/bin/cmake --build /home/asd/ros2_ws/build/d2f -- -j4 -l4
[26.503s] DEBUG:colcon.colcon_core.event_handler.log_command:Invoking command in '/home/asd/ros2_ws/build/d2f': CMAKE_PREFIX_PATH=/opt/ros/iron /usr/bin/cmake --install /home/asd/ros2_ws/build/d2f
[26.808s] Level 1:colcon.colcon_core.environment:create_environment_scripts_only(d2f)
[26.809s] DEBUG:colcon.colcon_core.event_handler.log_command:Invoked command in '/home/asd/ros2_ws/build/d2f' returned '0': CMAKE_PREFIX_PATH=/opt/ros/iron /usr/bin/cmake --install /home/asd/ros2_ws/build/d2f
[26.815s] Level 1:colcon.colcon_core.environment:checking '/home/asd/ros2_ws/install/d2f' for CMake module files
[26.819s] Level 1:colcon.colcon_core.environment:checking '/home/asd/ros2_ws/install/d2f' for CMake config files
[26.821s] Level 1:colcon.colcon_core.shell:create_environment_hook('d2f', 'cmake_prefix_path')
[26.822s] INFO:colcon.colcon_core.shell:Creating environment hook '/home/asd/ros2_ws/install/d2f/share/d2f/hook/cmake_prefix_path.ps1'
[26.824s] INFO:colcon.colcon_core.shell:Creating environment descriptor '/home/asd/ros2_ws/install/d2f/share/d2f/hook/cmake_prefix_path.dsv'
[26.825s] INFO:colcon.colcon_core.shell:Creating environment hook '/home/asd/ros2_ws/install/d2f/share/d2f/hook/cmake_prefix_path.sh'
[26.829s] Level 1:colcon.colcon_core.environment:checking '/home/asd/ros2_ws/install/d2f/lib'
[26.829s] Level 1:colcon.colcon_core.shell:create_environment_hook('d2f', 'ld_library_path_lib')
[26.830s] INFO:colcon.colcon_core.shell:Creating environment hook '/home/asd/ros2_ws/install/d2f/share/d2f/hook/ld_library_path_lib.ps1'
[26.831s] INFO:colcon.colcon_core.shell:Creating environment descriptor '/home/asd/ros2_ws/install/d2f/share/d2f/hook/ld_library_path_lib.dsv'
[26.831s] INFO:colcon.colcon_core.shell:Creating environment hook '/home/asd/ros2_ws/install/d2f/share/d2f/hook/ld_library_path_lib.sh'
[26.832s] Level 1:colcon.colcon_core.environment:checking '/home/asd/ros2_ws/install/d2f/bin'
[26.832s] Level 1:colcon.colcon_core.environment:checking '/home/asd/ros2_ws/install/d2f/lib/pkgconfig/d2f.pc'
[26.833s] Level 1:colcon.colcon_core.environment:checking '/home/asd/ros2_ws/install/d2f/lib/python3.10/site-packages'
[26.833s] Level 1:colcon.colcon_core.shell:create_environment_hook('d2f', 'pythonpath')
[26.834s] INFO:colcon.colcon_core.shell:Creating environment hook '/home/asd/ros2_ws/install/d2f/share/d2f/hook/pythonpath.ps1'
[26.835s] INFO:colcon.colcon_core.shell:Creating environment descriptor '/home/asd/ros2_ws/install/d2f/share/d2f/hook/pythonpath.dsv'
[26.836s] INFO:colcon.colcon_core.shell:Creating environment hook '/home/asd/ros2_ws/install/d2f/share/d2f/hook/pythonpath.sh'
[26.837s] Level 1:colcon.colcon_core.environment:checking '/home/asd/ros2_ws/install/d2f/bin'
[26.838s] INFO:colcon.colcon_core.shell:Creating package script '/home/asd/ros2_ws/install/d2f/share/d2f/package.ps1'
[26.841s] INFO:colcon.colcon_core.shell:Creating package descriptor '/home/asd/ros2_ws/install/d2f/share/d2f/package.dsv'
[26.843s] INFO:colcon.colcon_core.shell:Creating package script '/home/asd/ros2_ws/install/d2f/share/d2f/package.sh'
[26.851s] INFO:colcon.colcon_core.shell:Creating package script '/home/asd/ros2_ws/install/d2f/share/d2f/package.bash'
[26.855s] INFO:colcon.colcon_core.shell:Creating package script '/home/asd/ros2_ws/install/d2f/share/d2f/package.zsh'
[26.857s] Level 1:colcon.colcon_core.environment:create_file_with_runtime_dependencies(/home/asd/ros2_ws/install/d2f/share/colcon-core/packages/d2f)
[27.119s] Level 1:colcon.colcon_core.environment:create_environment_scripts_only(d2f)
[27.119s] Level 1:colcon.colcon_core.environment:checking '/home/asd/ros2_ws/install/d2f' for CMake module files
[27.123s] Level 1:colcon.colcon_core.environment:checking '/home/asd/ros2_ws/install/d2f' for CMake config files
[27.125s] Level 1:colcon.colcon_core.shell:create_environment_hook('d2f', 'cmake_prefix_path')
[27.125s] INFO:colcon.colcon_core.shell:Creating environment hook '/home/asd/ros2_ws/install/d2f/share/d2f/hook/cmake_prefix_path.ps1'
[27.126s] INFO:colcon.colcon_core.shell:Creating environment descriptor '/home/asd/ros2_ws/install/d2f/share/d2f/hook/cmake_prefix_path.dsv'
[27.127s] INFO:colcon.colcon_core.shell:Creating environment hook '/home/asd/ros2_ws/install/d2f/share/d2f/hook/cmake_prefix_path.sh'
[27.129s] Level 1:colcon.colcon_core.environment:checking '/home/asd/ros2_ws/install/d2f/lib'
[27.129s] Level 1:colcon.colcon_core.shell:create_environment_hook('d2f', 'ld_library_path_lib')
[27.130s] INFO:colcon.colcon_core.shell:Creating environment hook '/home/asd/ros2_ws/install/d2f/share/d2f/hook/ld_library_path_lib.ps1'
[27.131s] INFO:colcon.colcon_core.shell:Creating environment descriptor '/home/asd/ros2_ws/install/d2f/share/d2f/hook/ld_library_path_lib.dsv'
[27.132s] INFO:colcon.colcon_core.shell:Creating environment hook '/home/asd/ros2_ws/install/d2f/share/d2f/hook/ld_library_path_lib.sh'
[27.133s] Level 1:colcon.colcon_core.environment:checking '/home/asd/ros2_ws/install/d2f/bin'
[27.133s] Level 1:colcon.colcon_core.environment:checking '/home/asd/ros2_ws/install/d2f/lib/pkgconfig/d2f.pc'
[27.134s] Level 1:colcon.colcon_core.environment:checking '/home/asd/ros2_ws/install/d2f/lib/python3.10/site-packages'
[27.134s] Level 1:colcon.colcon_core.shell:create_environment_hook('d2f', 'pythonpath')
[27.135s] INFO:colcon.colcon_core.shell:Creating environment hook '/home/asd/ros2_ws/install/d2f/share/d2f/hook/pythonpath.ps1'
[27.136s] INFO:colcon.colcon_core.shell:Creating environment descriptor '/home/asd/ros2_ws/install/d2f/share/d2f/hook/pythonpath.dsv'
[27.137s] INFO:colcon.colcon_core.shell:Creating environment hook '/home/asd/ros2_ws/install/d2f/share/d2f/hook/pythonpath.sh'
[27.138s] Level 1:colcon.colcon_core.environment:checking '/home/asd/ros2_ws/install/d2f/bin'
[27.139s] INFO:colcon.colcon_core.shell:Creating package script '/home/asd/ros2_ws/install/d2f/share/d2f/package.ps1'
[27.141s] INFO:colcon.colcon_core.shell:Creating package descriptor '/home/asd/ros2_ws/install/d2f/share/d2f/package.dsv'
[27.143s] INFO:colcon.colcon_core.shell:Creating package script '/home/asd/ros2_ws/install/d2f/share/d2f/package.sh'
[27.144s] INFO:colcon.colcon_core.shell:Creating package script '/home/asd/ros2_ws/install/d2f/share/d2f/package.bash'
[27.145s] INFO:colcon.colcon_core.shell:Creating package script '/home/asd/ros2_ws/install/d2f/share/d2f/package.zsh'
[27.146s] Level 1:colcon.colcon_core.environment:create_file_with_runtime_dependencies(/home/asd/ros2_ws/install/d2f/share/colcon-core/packages/d2f)
[27.147s] DEBUG:colcon.colcon_parallel_executor.executor.parallel:closing loop
[27.148s] DEBUG:colcon.colcon_parallel_executor.executor.parallel:loop closed
[27.148s] DEBUG:colcon.colcon_parallel_executor.executor.parallel:run_until_complete finished with '0'
[27.148s] DEBUG:colcon.colcon_core.event_reactor:joining thread
[27.167s] INFO:colcon.colcon_core.plugin_system:Skipping extension 'colcon_notification.desktop_notification.terminal_notifier': Not used on non-Darwin systems
[27.167s] INFO:colcon.colcon_core.plugin_system:Skipping extension 'colcon_notification.desktop_notification.win32': Not used on non-Windows systems
[27.167s] INFO:colcon.colcon_notification.desktop_notification:Sending desktop notification using 'notify2'
[27.209s] DEBUG:colcon.colcon_core.event_reactor:joined thread
[27.210s] INFO:colcon.colcon_core.shell:Creating prefix script '/home/asd/ros2_ws/install/local_setup.ps1'
[27.213s] INFO:colcon.colcon_core.shell:Creating prefix util module '/home/asd/ros2_ws/install/_local_setup_util_ps1.py'
[27.234s] INFO:colcon.colcon_core.shell:Creating prefix chain script '/home/asd/ros2_ws/install/setup.ps1'
[27.256s] INFO:colcon.colcon_core.shell:Creating prefix script '/home/asd/ros2_ws/install/local_setup.sh'
[27.258s] INFO:colcon.colcon_core.shell:Creating prefix util module '/home/asd/ros2_ws/install/_local_setup_util_sh.py'
[27.259s] INFO:colcon.colcon_core.shell:Creating prefix chain script '/home/asd/ros2_ws/install/setup.sh'
[27.264s] INFO:colcon.colcon_core.shell:Creating prefix script '/home/asd/ros2_ws/install/local_setup.bash'
[27.265s] INFO:colcon.colcon_core.shell:Creating prefix chain script '/home/asd/ros2_ws/install/setup.bash'
[27.270s] INFO:colcon.colcon_core.shell:Creating prefix script '/home/asd/ros2_ws/install/local_setup.zsh'
[27.272s] INFO:colcon.colcon_core.shell:Creating prefix chain script '/home/asd/ros2_ws/install/setup.zsh'
