[0.024s] Invoking command in '/home/asd/ros2_ws/build/my_robot_interfaces': /usr/bin/cmake /home/asd/ros2_ws/src/my_robot_interfaces -DCMAKE_INSTALL_PREFIX=/home/asd/ros2_ws/install/my_robot_interfaces
[0.105s] [31mCMake Error at CMakeLists.txt:5 (find_package):
[0.106s]   By not providing "Findadd_two_ints.cmake" in CMAKE_MODULE_PATH this project
[0.106s]   has asked CMake to find a package configuration file provided by
[0.106s]   "add_two_ints", but CMake did not find one.
[0.107s] 
[0.107s]   Could not find a package configuration file provided by "add_two_ints" with
[0.107s]   any of the following names:
[0.108s] 
[0.108s]     add_two_intsConfig.cmake
[0.108s]     add_two_ints-config.cmake
[0.108s] 
[0.109s]   Add the installation prefix of "add_two_ints" to CMAKE_PREFIX_PATH or set
[0.109s]   "add_two_ints_DIR" to a directory containing one of the above files.  If
[0.109s]   "add_two_ints" provides a separate development package or SDK, be sure it
[0.109s]   has been installed.
[0.110s] 
[0.110s] [0m
[0.110s] -- Configuring incomplete, errors occurred!
[0.111s] See also "/home/asd/ros2_ws/build/my_robot_interfaces/CMakeFiles/CMakeOutput.log".
[0.113s] Invoked command in '/home/asd/ros2_ws/build/my_robot_interfaces' returned '1': /usr/bin/cmake /home/asd/ros2_ws/src/my_robot_interfaces -DCMAKE_INSTALL_PREFIX=/home/asd/ros2_ws/install/my_robot_interfaces
