[0.037s] Invoking command in '/home/asd/ros2_ws/build/my_package': CMAKE_PREFIX_PATH=/opt/ros/iron /usr/bin/cmake --build /home/asd/ros2_ws/build/my_package -- -j4 -l4
[0.136s] -- Found ament_cmake: 2.0.4 (/opt/ros/iron/share/ament_cmake/cmake)
[0.640s] -- Found example_interfaces: 0.10.2 (/opt/ros/iron/share/example_interfaces/cmake)
[0.761s] -- Found rosidl_generator_c: 4.0.1 (/opt/ros/iron/share/rosidl_generator_c/cmake)
[0.822s] -- Found rosidl_generator_cpp: 4.0.1 (/opt/ros/iron/share/rosidl_generator_cpp/cmake)
[0.909s] -- Using all available rosidl_typesupport_c: rosidl_typesupport_fastrtps_c;rosidl_typesupport_introspection_c
[1.012s] -- Using all available rosidl_typesupport_cpp: rosidl_typesupport_fastrtps_cpp;rosidl_typesupport_introspection_cpp
[2.956s] -- Found geometry_msgs: 5.0.0 (/opt/ros/iron/share/geometry_msgs/cmake)
[3.651s] -- Found rosidl_default_generators: 1.5.0 (/opt/ros/iron/share/rosidl_default_generators/cmake)
[3.690s] -- Found rosidl_adapter: 4.0.1 (/opt/ros/iron/share/rosidl_adapter/cmake)
[5.596s] -- Found ament_cmake_ros: 0.11.2 (/opt/ros/iron/share/ament_cmake_ros/cmake)
[7.391s] -- Using all available rosidl_typesupport_c: rosidl_typesupport_fastrtps_c;rosidl_typesupport_introspection_c
[8.087s] -- Using all available rosidl_typesupport_cpp: rosidl_typesupport_fastrtps_cpp;rosidl_typesupport_introspection_cpp
[8.237s] -- Found python_cmake_module: 0.10.2 (/opt/ros/iron/share/python_cmake_module/cmake)
[8.394s] -- Using PYTHON_EXECUTABLE: /usr/bin/python3
[8.395s] -- Using PYTHON_INCLUDE_DIRS: /usr/include/python3.10
[8.395s] -- Using PYTHON_LIBRARIES: /usr/lib/x86_64-linux-gnu/libpython3.10.so
[8.689s] -- Configuring done
[9.046s] -- Generating done
[9.063s] -- Build files have been written to: /home/asd/ros2_ws/build/my_package
[9.180s] [  2%] [34m[1mGenerating type hashes for ROS interfaces[0m
[9.267s] [  2%] Built target ament_cmake_python_copy_my_package
[10.097s] [  2%] Built target my_package__rosidl_generator_type_description
[10.148s] [  4%] [34m[1mGenerating C code for ROS interfaces[0m
[10.195s] [  6%] [34m[1mGenerating C++ code for ROS interfaces[0m
[10.341s] running egg_info
[10.344s] writing my_package.egg-info/PKG-INFO
[10.345s] writing dependency_links to my_package.egg-info/dependency_links.txt
[10.345s] writing top-level names to my_package.egg-info/top_level.txt
[10.354s] reading manifest file 'my_package.egg-info/SOURCES.txt'
[10.357s] writing manifest file 'my_package.egg-info/SOURCES.txt'
[10.440s] [  6%] Built target ament_cmake_python_build_my_package_egg
[11.728s] [  6%] Built target my_package__cpp
[12.038s] [ 11%] [32mBuilding C object CMakeFiles/my_package__rosidl_generator_c.dir/rosidl_generator_c/my_package/msg/detail/divide_two_floats__functions.c.o[0m
[12.039s] [ 11%] [32mBuilding C object CMakeFiles/my_package__rosidl_generator_c.dir/rosidl_generator_c/my_package/msg/detail/divide_two_floats__description.c.o[0m
[12.042s] [ 13%] [32mBuilding C object CMakeFiles/my_package__rosidl_generator_c.dir/rosidl_generator_c/my_package/msg/detail/divide_two_floats__type_support.c.o[0m
[12.051s] [ 15%] [32mBuilding C object CMakeFiles/my_package__rosidl_generator_c.dir/rosidl_generator_c/my_package/srv/detail/divide_two_floats__description.c.o[0m
[12.215s] [ 18%] [32mBuilding C object CMakeFiles/my_package__rosidl_generator_c.dir/rosidl_generator_c/my_package/srv/detail/divide_two_floats__functions.c.o[0m
[12.303s] [ 20%] [32mBuilding C object CMakeFiles/my_package__rosidl_generator_c.dir/rosidl_generator_c/my_package/srv/detail/divide_two_floats__type_support.c.o[0m
[12.500s] [ 22%] [32m[1mLinking C shared library libmy_package__rosidl_generator_c.so[0m
[12.631s] [ 22%] Built target my_package__rosidl_generator_c
[12.720s] [ 25%] [34m[1mGenerating C++ type support dispatch for ROS interfaces[0m
[12.721s] [ 27%] [34m[1mGenerating C++ type support for eProsima Fast-RTPS[0m
[12.722s] [ 29%] [34m[1mGenerating C introspection for ROS interfaces[0m
[12.723s] [ 31%] [34m[1mGenerating C type support for eProsima Fast-RTPS[0m
[14.094s] [ 34%] [32mBuilding CXX object CMakeFiles/my_package__rosidl_typesupport_cpp.dir/rosidl_typesupport_cpp/my_package/msg/divide_two_floats__type_support.cpp.o[0m
[14.303s] [ 36%] [32mBuilding C object CMakeFiles/my_package__rosidl_typesupport_introspection_c.dir/rosidl_typesupport_introspection_c/my_package/msg/detail/divide_two_floats__type_support.c.o[0m
[14.328s] [ 38%] [32mBuilding CXX object CMakeFiles/my_package__rosidl_typesupport_fastrtps_cpp.dir/rosidl_typesupport_fastrtps_cpp/my_package/msg/detail/dds_fastrtps/divide_two_floats__type_support.cpp.o[0m
[14.392s] [ 40%] [32mBuilding CXX object CMakeFiles/my_package__rosidl_typesupport_fastrtps_c.dir/rosidl_typesupport_fastrtps_c/my_package/msg/detail/divide_two_floats__type_support_c.cpp.o[0m
[14.515s] [ 43%] [32mBuilding C object CMakeFiles/my_package__rosidl_typesupport_introspection_c.dir/rosidl_typesupport_introspection_c/my_package/srv/detail/divide_two_floats__type_support.c.o[0m
[14.806s] [ 45%] [32m[1mLinking C shared library libmy_package__rosidl_typesupport_introspection_c.so[0m
[14.945s] [ 45%] Built target my_package__rosidl_typesupport_introspection_c
[15.039s] [ 47%] [34m[1mGenerating C type support dispatch for ROS interfaces[0m
[15.720s] [ 50%] [32mBuilding CXX object CMakeFiles/my_package__rosidl_typesupport_cpp.dir/rosidl_typesupport_cpp/my_package/srv/divide_two_floats__type_support.cpp.o[0m
[16.000s] [ 52%] [32mBuilding CXX object CMakeFiles/my_package__rosidl_typesupport_fastrtps_c.dir/rosidl_typesupport_fastrtps_c/my_package/srv/detail/divide_two_floats__type_support_c.cpp.o[0m
[16.364s] [ 54%] [32mBuilding CXX object CMakeFiles/my_package__rosidl_typesupport_c.dir/rosidl_typesupport_c/my_package/msg/divide_two_floats__type_support.cpp.o[0m
[16.542s] [ 56%] [32mBuilding CXX object CMakeFiles/my_package__rosidl_typesupport_fastrtps_cpp.dir/rosidl_typesupport_fastrtps_cpp/my_package/srv/detail/dds_fastrtps/divide_two_floats__type_support.cpp.o[0m
[16.550s] [ 59%] [32mBuilding CXX object CMakeFiles/my_package__rosidl_typesupport_c.dir/rosidl_typesupport_c/my_package/srv/divide_two_floats__type_support.cpp.o[0m
[16.741s] [ 61%] [32m[1mLinking CXX shared library libmy_package__rosidl_typesupport_c.so[0m
[16.961s] [ 61%] Built target my_package__rosidl_typesupport_c
[16.999s] [ 63%] [34m[1mGenerating C++ introspection for ROS interfaces[0m
[17.625s] [ 65%] [32m[1mLinking CXX shared library libmy_package__rosidl_typesupport_cpp.so[0m
[17.665s] [ 68%] [32m[1mLinking CXX shared library libmy_package__rosidl_typesupport_fastrtps_c.so[0m
[17.979s] [ 68%] Built target my_package__rosidl_typesupport_cpp
[18.015s] [ 68%] Built target my_package__rosidl_typesupport_fastrtps_c
[18.436s] [ 72%] [32mBuilding CXX object CMakeFiles/my_package__rosidl_typesupport_introspection_cpp.dir/rosidl_typesupport_introspection_cpp/my_package/msg/detail/divide_two_floats__type_support.cpp.o[0m
[18.436s] [ 72%] [32mBuilding CXX object CMakeFiles/my_package__rosidl_typesupport_introspection_cpp.dir/rosidl_typesupport_introspection_cpp/my_package/srv/detail/divide_two_floats__type_support.cpp.o[0m
[19.189s] [ 75%] [32m[1mLinking CXX shared library libmy_package__rosidl_typesupport_fastrtps_cpp.so[0m
[19.587s] [ 75%] Built target my_package__rosidl_typesupport_fastrtps_cpp
[20.397s] [ 77%] [32m[1mLinking CXX shared library libmy_package__rosidl_typesupport_introspection_cpp.so[0m
[20.720s] [ 77%] Built target my_package__rosidl_typesupport_introspection_cpp
[20.828s] [ 77%] Built target my_package
[20.901s] [ 79%] [34m[1mGenerating Python code for ROS interfaces[0m
[23.059s] [ 79%] Built target my_package__py
[23.127s] [ 84%] [32mBuilding C object CMakeFiles/my_package__rosidl_generator_py.dir/rosidl_generator_py/my_package/msg/_divide_two_floats_s.c.o[0m
[23.128s] [ 84%] [32mBuilding C object CMakeFiles/my_package__rosidl_generator_py.dir/rosidl_generator_py/my_package/srv/_divide_two_floats_s.c.o[0m
[24.201s] [ 86%] [32m[1mLinking C shared library rosidl_generator_py/my_package/libmy_package__rosidl_generator_py.so[0m
[24.374s] [ 86%] Built target my_package__rosidl_generator_py
[24.446s] [35m[1mConsolidate compiler generated dependencies of target my_package__rosidl_typesupport_c__pyext[0m
[24.453s] [35m[1mConsolidate compiler generated dependencies of target my_package__rosidl_typesupport_fastrtps_c__pyext[0m
[24.462s] [35m[1mConsolidate compiler generated dependencies of target my_package__rosidl_typesupport_introspection_c__pyext[0m
[24.500s] [ 88%] [32mBuilding C object CMakeFiles/my_package__rosidl_typesupport_c__pyext.dir/rosidl_generator_py/my_package/_my_package_s.ep.rosidl_typesupport_c.c.o[0m
[24.509s] [ 90%] [32mBuilding C object CMakeFiles/my_package__rosidl_typesupport_fastrtps_c__pyext.dir/rosidl_generator_py/my_package/_my_package_s.ep.rosidl_typesupport_fastrtps_c.c.o[0m
[24.516s] [ 93%] [32mBuilding C object CMakeFiles/my_package__rosidl_typesupport_introspection_c__pyext.dir/rosidl_generator_py/my_package/_my_package_s.ep.rosidl_typesupport_introspection_c.c.o[0m
[25.029s] [ 95%] [32m[1mLinking C shared library rosidl_generator_py/my_package/my_package_s__rosidl_typesupport_fastrtps_c.cpython-310-x86_64-linux-gnu.so[0m
[25.039s] [ 97%] [32m[1mLinking C shared library rosidl_generator_py/my_package/my_package_s__rosidl_typesupport_introspection_c.cpython-310-x86_64-linux-gnu.so[0m
[25.129s] [100%] [32m[1mLinking C shared library rosidl_generator_py/my_package/my_package_s__rosidl_typesupport_c.cpython-310-x86_64-linux-gnu.so[0m
[25.242s] [100%] Built target my_package__rosidl_typesupport_fastrtps_c__pyext
[25.243s] [100%] Built target my_package__rosidl_typesupport_introspection_c__pyext
[25.318s] [100%] Built target my_package__rosidl_typesupport_c__pyext
[25.355s] Invoked command in '/home/asd/ros2_ws/build/my_package' returned '0': CMAKE_PREFIX_PATH=/opt/ros/iron /usr/bin/cmake --build /home/asd/ros2_ws/build/my_package -- -j4 -l4
[25.647s] Invoking command in '/home/asd/ros2_ws/build/my_package': CMAKE_PREFIX_PATH=/opt/ros/iron /usr/bin/cmake --install /home/asd/ros2_ws/build/my_package
[25.674s] -- Install configuration: ""
[25.710s] -- Installing: /home/asd/ros2_ws/install/my_package/share/ament_index/resource_index/rosidl_interfaces/my_package
[25.711s] -- Installing: /home/asd/ros2_ws/install/my_package/share/my_package/msg/DivideTwoFloats.json
[25.712s] -- Installing: /home/asd/ros2_ws/install/my_package/share/my_package/srv/DivideTwoFloats.json
[25.712s] -- Up-to-date: /home/asd/ros2_ws/install/my_package/include/my_package/my_package
[25.713s] -- Up-to-date: /home/asd/ros2_ws/install/my_package/include/my_package/my_package/msg
[25.713s] -- Up-to-date: /home/asd/ros2_ws/install/my_package/include/my_package/my_package/msg/detail
[25.714s] -- Up-to-date: /home/asd/ros2_ws/install/my_package/include/my_package/my_package/msg/detail/add_two_ints2__struct.h
[25.714s] -- Installing: /home/asd/ros2_ws/install/my_package/include/my_package/my_package/msg/detail/divide_two_floats__functions.c
[25.715s] -- Installing: /home/asd/ros2_ws/install/my_package/include/my_package/my_package/msg/detail/divide_two_floats__type_support.c
[25.715s] -- Installing: /home/asd/ros2_ws/install/my_package/include/my_package/my_package/msg/detail/divide_two_floats__description.c
[25.715s] -- Up-to-date: /home/asd/ros2_ws/install/my_package/include/my_package/my_package/msg/detail/add_two_ints2__functions.c
[25.716s] -- Installing: /home/asd/ros2_ws/install/my_package/include/my_package/my_package/msg/detail/divide_two_floats__functions.h
[25.716s] -- Installing: /home/asd/ros2_ws/install/my_package/include/my_package/my_package/msg/detail/divide_two_floats__struct.h
[25.716s] -- Up-to-date: /home/asd/ros2_ws/install/my_package/include/my_package/my_package/msg/detail/add_two_ints2__description.c
[25.717s] -- Up-to-date: /home/asd/ros2_ws/install/my_package/include/my_package/my_package/msg/detail/add_two_ints2__type_support.h
[25.717s] -- Installing: /home/asd/ros2_ws/install/my_package/include/my_package/my_package/msg/detail/divide_two_floats__type_support.h
[25.717s] -- Installing: /home/asd/ros2_ws/install/my_package/include/my_package/my_package/msg/detail/add_two_ints2__type_support.c
[25.727s] -- Up-to-date: /home/asd/ros2_ws/install/my_package/include/my_package/my_package/msg/detail/add_two_ints2__functions.h
[25.727s] -- Up-to-date: /home/asd/ros2_ws/install/my_package/include/my_package/my_package/msg/add_two_ints2.h
[25.728s] -- Installing: /home/asd/ros2_ws/install/my_package/include/my_package/my_package/msg/divide_two_floats.h
[25.728s] -- Up-to-date: /home/asd/ros2_ws/install/my_package/include/my_package/my_package/msg/rosidl_generator_c__visibility_control.h
[25.728s] -- Up-to-date: /home/asd/ros2_ws/install/my_package/include/my_package/my_package/srv
[25.729s] -- Up-to-date: /home/asd/ros2_ws/install/my_package/include/my_package/my_package/srv/detail
[25.729s] -- Up-to-date: /home/asd/ros2_ws/install/my_package/include/my_package/my_package/srv/detail/add_two_ints2__struct.h
[25.729s] -- Installing: /home/asd/ros2_ws/install/my_package/include/my_package/my_package/srv/detail/divide_two_floats__functions.c
[25.739s] -- Installing: /home/asd/ros2_ws/install/my_package/include/my_package/my_package/srv/detail/divide_two_floats__type_support.c
[25.739s] -- Installing: /home/asd/ros2_ws/install/my_package/include/my_package/my_package/srv/detail/divide_two_floats__description.c
[25.739s] -- Up-to-date: /home/asd/ros2_ws/install/my_package/include/my_package/my_package/srv/detail/add_two_ints2__functions.c
[25.740s] -- Installing: /home/asd/ros2_ws/install/my_package/include/my_package/my_package/srv/detail/divide_two_floats__functions.h
[25.740s] -- Installing: /home/asd/ros2_ws/install/my_package/include/my_package/my_package/srv/detail/divide_two_floats__struct.h
[25.740s] -- Up-to-date: /home/asd/ros2_ws/install/my_package/include/my_package/my_package/srv/detail/add_two_ints2__description.c
[25.741s] -- Up-to-date: /home/asd/ros2_ws/install/my_package/include/my_package/my_package/srv/detail/add_two_ints2__type_support.h
[25.741s] -- Installing: /home/asd/ros2_ws/install/my_package/include/my_package/my_package/srv/detail/divide_two_floats__type_support.h
[25.741s] -- Installing: /home/asd/ros2_ws/install/my_package/include/my_package/my_package/srv/detail/add_two_ints2__type_support.c
[25.742s] -- Up-to-date: /home/asd/ros2_ws/install/my_package/include/my_package/my_package/srv/detail/add_two_ints2__functions.h
[25.742s] -- Up-to-date: /home/asd/ros2_ws/install/my_package/include/my_package/my_package/srv/add_two_ints2.h
[25.742s] -- Installing: /home/asd/ros2_ws/install/my_package/include/my_package/my_package/srv/divide_two_floats.h
[25.743s] -- Up-to-date: /home/asd/ros2_ws/install/my_package/share/my_package/environment/library_path.sh
[25.743s] -- Up-to-date: /home/asd/ros2_ws/install/my_package/share/my_package/environment/library_path.dsv
[25.743s] -- Installing: /home/asd/ros2_ws/install/my_package/lib/libmy_package__rosidl_generator_c.so
[25.744s] -- Set runtime path of "/home/asd/ros2_ws/install/my_package/lib/libmy_package__rosidl_generator_c.so" to ""
[25.744s] -- Up-to-date: /home/asd/ros2_ws/install/my_package/include/my_package/my_package
[25.744s] -- Up-to-date: /home/asd/ros2_ws/install/my_package/include/my_package/my_package/msg
[25.745s] -- Up-to-date: /home/asd/ros2_ws/install/my_package/include/my_package/my_package/msg/detail
[25.745s] -- Installing: /home/asd/ros2_ws/install/my_package/include/my_package/my_package/msg/detail/divide_two_floats__rosidl_typesupport_fastrtps_c.h
[25.745s] -- Up-to-date: /home/asd/ros2_ws/install/my_package/include/my_package/my_package/msg/detail/add_two_ints2__rosidl_typesupport_fastrtps_c.h
[25.746s] -- Up-to-date: /home/asd/ros2_ws/install/my_package/include/my_package/my_package/msg/rosidl_typesupport_fastrtps_c__visibility_control.h
[25.746s] -- Up-to-date: /home/asd/ros2_ws/install/my_package/include/my_package/my_package/srv
[25.747s] -- Up-to-date: /home/asd/ros2_ws/install/my_package/include/my_package/my_package/srv/detail
[25.747s] -- Installing: /home/asd/ros2_ws/install/my_package/include/my_package/my_package/srv/detail/divide_two_floats__rosidl_typesupport_fastrtps_c.h
[25.747s] -- Up-to-date: /home/asd/ros2_ws/install/my_package/include/my_package/my_package/srv/detail/add_two_ints2__rosidl_typesupport_fastrtps_c.h
[25.748s] -- Installing: /home/asd/ros2_ws/install/my_package/lib/libmy_package__rosidl_typesupport_fastrtps_c.so
[25.748s] -- Set runtime path of "/home/asd/ros2_ws/install/my_package/lib/libmy_package__rosidl_typesupport_fastrtps_c.so" to ""
[25.748s] -- Up-to-date: /home/asd/ros2_ws/install/my_package/include/my_package/my_package
[25.748s] -- Up-to-date: /home/asd/ros2_ws/install/my_package/include/my_package/my_package/msg
[25.749s] -- Up-to-date: /home/asd/ros2_ws/install/my_package/include/my_package/my_package/msg/add_two_ints2.hpp
[25.749s] -- Up-to-date: /home/asd/ros2_ws/install/my_package/include/my_package/my_package/msg/detail
[25.749s] -- Up-to-date: /home/asd/ros2_ws/install/my_package/include/my_package/my_package/msg/detail/add_two_ints2__traits.hpp
[25.750s] -- Up-to-date: /home/asd/ros2_ws/install/my_package/include/my_package/my_package/msg/detail/add_two_ints2__builder.hpp
[25.750s] -- Installing: /home/asd/ros2_ws/install/my_package/include/my_package/my_package/msg/detail/divide_two_floats__builder.hpp
[25.750s] -- Up-to-date: /home/asd/ros2_ws/install/my_package/include/my_package/my_package/msg/detail/add_two_ints2__struct.hpp
[25.751s] -- Installing: /home/asd/ros2_ws/install/my_package/include/my_package/my_package/msg/detail/divide_two_floats__traits.hpp
[25.752s] -- Installing: /home/asd/ros2_ws/install/my_package/include/my_package/my_package/msg/detail/divide_two_floats__struct.hpp
[25.752s] -- Installing: /home/asd/ros2_ws/install/my_package/include/my_package/my_package/msg/divide_two_floats.hpp
[25.752s] -- Up-to-date: /home/asd/ros2_ws/install/my_package/include/my_package/my_package/srv
[25.752s] -- Up-to-date: /home/asd/ros2_ws/install/my_package/include/my_package/my_package/srv/add_two_ints2.hpp
[25.753s] -- Up-to-date: /home/asd/ros2_ws/install/my_package/include/my_package/my_package/srv/detail
[25.753s] -- Up-to-date: /home/asd/ros2_ws/install/my_package/include/my_package/my_package/srv/detail/add_two_ints2__traits.hpp
[25.753s] -- Up-to-date: /home/asd/ros2_ws/install/my_package/include/my_package/my_package/srv/detail/add_two_ints2__builder.hpp
[25.754s] -- Installing: /home/asd/ros2_ws/install/my_package/include/my_package/my_package/srv/detail/divide_two_floats__builder.hpp
[25.755s] -- Up-to-date: /home/asd/ros2_ws/install/my_package/include/my_package/my_package/srv/detail/add_two_ints2__struct.hpp
[25.755s] -- Installing: /home/asd/ros2_ws/install/my_package/include/my_package/my_package/srv/detail/divide_two_floats__traits.hpp
[25.755s] -- Installing: /home/asd/ros2_ws/install/my_package/include/my_package/my_package/srv/detail/divide_two_floats__struct.hpp
[25.756s] -- Installing: /home/asd/ros2_ws/install/my_package/include/my_package/my_package/srv/divide_two_floats.hpp
[25.756s] -- Up-to-date: /home/asd/ros2_ws/install/my_package/include/my_package/my_package
[25.756s] -- Up-to-date: /home/asd/ros2_ws/install/my_package/include/my_package/my_package/msg
[25.756s] -- Up-to-date: /home/asd/ros2_ws/install/my_package/include/my_package/my_package/msg/detail
[25.757s] -- Up-to-date: /home/asd/ros2_ws/install/my_package/include/my_package/my_package/msg/detail/add_two_ints2__rosidl_typesupport_fastrtps_cpp.hpp
[25.757s] -- Installing: /home/asd/ros2_ws/install/my_package/include/my_package/my_package/msg/detail/divide_two_floats__rosidl_typesupport_fastrtps_cpp.hpp
[25.757s] -- Up-to-date: /home/asd/ros2_ws/install/my_package/include/my_package/my_package/msg/detail/dds_fastrtps
[25.758s] -- Up-to-date: /home/asd/ros2_ws/install/my_package/include/my_package/my_package/msg/rosidl_typesupport_fastrtps_cpp__visibility_control.h
[25.758s] -- Up-to-date: /home/asd/ros2_ws/install/my_package/include/my_package/my_package/srv
[25.758s] -- Up-to-date: /home/asd/ros2_ws/install/my_package/include/my_package/my_package/srv/detail
[25.759s] -- Up-to-date: /home/asd/ros2_ws/install/my_package/include/my_package/my_package/srv/detail/add_two_ints2__rosidl_typesupport_fastrtps_cpp.hpp
[25.759s] -- Installing: /home/asd/ros2_ws/install/my_package/include/my_package/my_package/srv/detail/divide_two_floats__rosidl_typesupport_fastrtps_cpp.hpp
[25.759s] -- Up-to-date: /home/asd/ros2_ws/install/my_package/include/my_package/my_package/srv/detail/dds_fastrtps
[25.759s] -- Installing: /home/asd/ros2_ws/install/my_package/lib/libmy_package__rosidl_typesupport_fastrtps_cpp.so
[25.760s] -- Set runtime path of "/home/asd/ros2_ws/install/my_package/lib/libmy_package__rosidl_typesupport_fastrtps_cpp.so" to ""
[25.760s] -- Up-to-date: /home/asd/ros2_ws/install/my_package/include/my_package/my_package
[25.760s] -- Up-to-date: /home/asd/ros2_ws/install/my_package/include/my_package/my_package/msg
[25.760s] -- Up-to-date: /home/asd/ros2_ws/install/my_package/include/my_package/my_package/msg/rosidl_typesupport_introspection_c__visibility_control.h
[25.761s] -- Up-to-date: /home/asd/ros2_ws/install/my_package/include/my_package/my_package/msg/detail
[25.761s] -- Up-to-date: /home/asd/ros2_ws/install/my_package/include/my_package/my_package/msg/detail/add_two_ints2__rosidl_typesupport_introspection_c.h
[25.761s] -- Installing: /home/asd/ros2_ws/install/my_package/include/my_package/my_package/msg/detail/divide_two_floats__type_support.c
[25.761s] -- Installing: /home/asd/ros2_ws/install/my_package/include/my_package/my_package/msg/detail/divide_two_floats__rosidl_typesupport_introspection_c.h
[25.762s] -- Installing: /home/asd/ros2_ws/install/my_package/include/my_package/my_package/msg/detail/add_two_ints2__type_support.c
[25.762s] -- Up-to-date: /home/asd/ros2_ws/install/my_package/include/my_package/my_package/srv
[25.762s] -- Up-to-date: /home/asd/ros2_ws/install/my_package/include/my_package/my_package/srv/detail
[25.763s] -- Up-to-date: /home/asd/ros2_ws/install/my_package/include/my_package/my_package/srv/detail/add_two_ints2__rosidl_typesupport_introspection_c.h
[25.763s] -- Installing: /home/asd/ros2_ws/install/my_package/include/my_package/my_package/srv/detail/divide_two_floats__type_support.c
[25.763s] -- Installing: /home/asd/ros2_ws/install/my_package/include/my_package/my_package/srv/detail/divide_two_floats__rosidl_typesupport_introspection_c.h
[25.763s] -- Installing: /home/asd/ros2_ws/install/my_package/include/my_package/my_package/srv/detail/add_two_ints2__type_support.c
[25.764s] -- Installing: /home/asd/ros2_ws/install/my_package/lib/libmy_package__rosidl_typesupport_introspection_c.so
[25.764s] -- Set runtime path of "/home/asd/ros2_ws/install/my_package/lib/libmy_package__rosidl_typesupport_introspection_c.so" to ""
[25.768s] -- Installing: /home/asd/ros2_ws/install/my_package/lib/libmy_package__rosidl_typesupport_c.so
[25.769s] -- Set runtime path of "/home/asd/ros2_ws/install/my_package/lib/libmy_package__rosidl_typesupport_c.so" to ""
[25.770s] -- Up-to-date: /home/asd/ros2_ws/install/my_package/include/my_package/my_package
[25.770s] -- Up-to-date: /home/asd/ros2_ws/install/my_package/include/my_package/my_package/msg
[25.770s] -- Up-to-date: /home/asd/ros2_ws/install/my_package/include/my_package/my_package/msg/detail
[25.771s] -- Up-to-date: /home/asd/ros2_ws/install/my_package/include/my_package/my_package/msg/detail/add_two_ints2__rosidl_typesupport_introspection_cpp.hpp
[25.771s] -- Up-to-date: /home/asd/ros2_ws/install/my_package/include/my_package/my_package/msg/detail/add_two_ints2__type_support.cpp
[25.771s] -- Installing: /home/asd/ros2_ws/install/my_package/include/my_package/my_package/msg/detail/divide_two_floats__type_support.cpp
[25.771s] -- Installing: /home/asd/ros2_ws/install/my_package/include/my_package/my_package/msg/detail/divide_two_floats__rosidl_typesupport_introspection_cpp.hpp
[25.772s] -- Up-to-date: /home/asd/ros2_ws/install/my_package/include/my_package/my_package/srv
[25.772s] -- Up-to-date: /home/asd/ros2_ws/install/my_package/include/my_package/my_package/srv/detail
[25.772s] -- Up-to-date: /home/asd/ros2_ws/install/my_package/include/my_package/my_package/srv/detail/add_two_ints2__rosidl_typesupport_introspection_cpp.hpp
[25.772s] -- Up-to-date: /home/asd/ros2_ws/install/my_package/include/my_package/my_package/srv/detail/add_two_ints2__type_support.cpp
[25.773s] -- Installing: /home/asd/ros2_ws/install/my_package/include/my_package/my_package/srv/detail/divide_two_floats__type_support.cpp
[25.773s] -- Installing: /home/asd/ros2_ws/install/my_package/include/my_package/my_package/srv/detail/divide_two_floats__rosidl_typesupport_introspection_cpp.hpp
[25.773s] -- Installing: /home/asd/ros2_ws/install/my_package/lib/libmy_package__rosidl_typesupport_introspection_cpp.so
[25.775s] -- Set runtime path of "/home/asd/ros2_ws/install/my_package/lib/libmy_package__rosidl_typesupport_introspection_cpp.so" to ""
[25.775s] -- Installing: /home/asd/ros2_ws/install/my_package/lib/libmy_package__rosidl_typesupport_cpp.so
[25.777s] -- Set runtime path of "/home/asd/ros2_ws/install/my_package/lib/libmy_package__rosidl_typesupport_cpp.so" to ""
[25.778s] -- Up-to-date: /home/asd/ros2_ws/install/my_package/share/my_package/environment/pythonpath.sh
[25.778s] -- Up-to-date: /home/asd/ros2_ws/install/my_package/share/my_package/environment/pythonpath.dsv
[25.779s] -- Up-to-date: /home/asd/ros2_ws/install/my_package/lib/python3.10/site-packages/my_package-0.0.0-py3.10.egg-info
[25.779s] -- Installing: /home/asd/ros2_ws/install/my_package/lib/python3.10/site-packages/my_package-0.0.0-py3.10.egg-info/SOURCES.txt
[25.781s] -- Installing: /home/asd/ros2_ws/install/my_package/lib/python3.10/site-packages/my_package-0.0.0-py3.10.egg-info/top_level.txt
[25.782s] -- Installing: /home/asd/ros2_ws/install/my_package/lib/python3.10/site-packages/my_package-0.0.0-py3.10.egg-info/PKG-INFO
[25.782s] -- Installing: /home/asd/ros2_ws/install/my_package/lib/python3.10/site-packages/my_package-0.0.0-py3.10.egg-info/dependency_links.txt
[25.783s] -- Up-to-date: /home/asd/ros2_ws/install/my_package/lib/python3.10/site-packages/my_package
[25.783s] -- Installing: /home/asd/ros2_ws/install/my_package/lib/python3.10/site-packages/my_package/my_package_s__rosidl_typesupport_fastrtps_c.cpython-310-x86_64-linux-gnu.so
[25.783s] -- Up-to-date: /home/asd/ros2_ws/install/my_package/lib/python3.10/site-packages/my_package/msg
[25.784s] -- Installing: /home/asd/ros2_ws/install/my_package/lib/python3.10/site-packages/my_package/msg/_divide_two_floats.py
[25.785s] -- Up-to-date: /home/asd/ros2_ws/install/my_package/lib/python3.10/site-packages/my_package/msg/_add_two_ints2_s.c
[25.785s] -- Installing: /home/asd/ros2_ws/install/my_package/lib/python3.10/site-packages/my_package/msg/__init__.py
[25.786s] -- Up-to-date: /home/asd/ros2_ws/install/my_package/lib/python3.10/site-packages/my_package/msg/_add_two_ints2.py
[25.786s] -- Installing: /home/asd/ros2_ws/install/my_package/lib/python3.10/site-packages/my_package/msg/_divide_two_floats_s.c
[25.786s] -- Installing: /home/asd/ros2_ws/install/my_package/lib/python3.10/site-packages/my_package/my_package_s__rosidl_typesupport_introspection_c.cpython-310-x86_64-linux-gnu.so
[25.792s] -- Installing: /home/asd/ros2_ws/install/my_package/lib/python3.10/site-packages/my_package/__init__.py
[25.793s] -- Installing: /home/asd/ros2_ws/install/my_package/lib/python3.10/site-packages/my_package/_my_package_s.ep.rosidl_typesupport_introspection_c.c
[25.793s] -- Up-to-date: /home/asd/ros2_ws/install/my_package/lib/python3.10/site-packages/my_package/srv
[25.793s] -- Installing: /home/asd/ros2_ws/install/my_package/lib/python3.10/site-packages/my_package/srv/_divide_two_floats.py
[25.793s] -- Up-to-date: /home/asd/ros2_ws/install/my_package/lib/python3.10/site-packages/my_package/srv/_add_two_ints2_s.c
[25.794s] -- Installing: /home/asd/ros2_ws/install/my_package/lib/python3.10/site-packages/my_package/srv/__init__.py
[25.794s] -- Up-to-date: /home/asd/ros2_ws/install/my_package/lib/python3.10/site-packages/my_package/srv/_add_two_ints2.py
[25.794s] -- Installing: /home/asd/ros2_ws/install/my_package/lib/python3.10/site-packages/my_package/srv/_divide_two_floats_s.c
[25.795s] -- Installing: /home/asd/ros2_ws/install/my_package/lib/python3.10/site-packages/my_package/my_package_s__rosidl_typesupport_c.cpython-310-x86_64-linux-gnu.so
[25.795s] -- Installing: /home/asd/ros2_ws/install/my_package/lib/python3.10/site-packages/my_package/libmy_package__rosidl_generator_py.so
[25.795s] -- Installing: /home/asd/ros2_ws/install/my_package/lib/python3.10/site-packages/my_package/_my_package_s.ep.rosidl_typesupport_fastrtps_c.c
[25.799s] -- Installing: /home/asd/ros2_ws/install/my_package/lib/python3.10/site-packages/my_package/_my_package_s.ep.rosidl_typesupport_c.c
[25.943s] Listing '/home/asd/ros2_ws/install/my_package/lib/python3.10/site-packages/my_package'...
[25.944s] Compiling '/home/asd/ros2_ws/install/my_package/lib/python3.10/site-packages/my_package/__init__.py'...
[25.944s] Listing '/home/asd/ros2_ws/install/my_package/lib/python3.10/site-packages/my_package/msg'...
[25.949s] Compiling '/home/asd/ros2_ws/install/my_package/lib/python3.10/site-packages/my_package/msg/__init__.py'...
[25.960s] Compiling '/home/asd/ros2_ws/install/my_package/lib/python3.10/site-packages/my_package/msg/_divide_two_floats.py'...
[25.961s] Listing '/home/asd/ros2_ws/install/my_package/lib/python3.10/site-packages/my_package/srv'...
[25.961s] Compiling '/home/asd/ros2_ws/install/my_package/lib/python3.10/site-packages/my_package/srv/__init__.py'...
[25.962s] Compiling '/home/asd/ros2_ws/install/my_package/lib/python3.10/site-packages/my_package/srv/_divide_two_floats.py'...
[25.962s] -- Installing: /home/asd/ros2_ws/install/my_package/lib/python3.10/site-packages/my_package/my_package_s__rosidl_typesupport_fastrtps_c.cpython-310-x86_64-linux-gnu.so
[25.962s] -- Set runtime path of "/home/asd/ros2_ws/install/my_package/lib/python3.10/site-packages/my_package/my_package_s__rosidl_typesupport_fastrtps_c.cpython-310-x86_64-linux-gnu.so" to ""
[25.963s] -- Installing: /home/asd/ros2_ws/install/my_package/lib/python3.10/site-packages/my_package/my_package_s__rosidl_typesupport_introspection_c.cpython-310-x86_64-linux-gnu.so
[25.963s] -- Set runtime path of "/home/asd/ros2_ws/install/my_package/lib/python3.10/site-packages/my_package/my_package_s__rosidl_typesupport_introspection_c.cpython-310-x86_64-linux-gnu.so" to ""
[25.963s] -- Installing: /home/asd/ros2_ws/install/my_package/lib/python3.10/site-packages/my_package/my_package_s__rosidl_typesupport_c.cpython-310-x86_64-linux-gnu.so
[25.964s] -- Set runtime path of "/home/asd/ros2_ws/install/my_package/lib/python3.10/site-packages/my_package/my_package_s__rosidl_typesupport_c.cpython-310-x86_64-linux-gnu.so" to ""
[25.964s] -- Installing: /home/asd/ros2_ws/install/my_package/lib/libmy_package__rosidl_generator_py.so
[25.964s] -- Set runtime path of "/home/asd/ros2_ws/install/my_package/lib/libmy_package__rosidl_generator_py.so" to ""
[25.964s] -- Installing: /home/asd/ros2_ws/install/my_package/share/my_package/msg/DivideTwoFloats.idl
[25.965s] -- Installing: /home/asd/ros2_ws/install/my_package/share/my_package/srv/DivideTwoFloats.idl
[25.976s] -- Installing: /home/asd/ros2_ws/install/my_package/share/my_package/msg/DivideTwoFloats.msg
[25.977s] -- Installing: /home/asd/ros2_ws/install/my_package/share/my_package/srv/DivideTwoFloats.srv
[25.977s] -- Installing: /home/asd/ros2_ws/install/my_package/share/my_package/srv/DivideTwoFloats_Request.msg
[25.978s] -- Installing: /home/asd/ros2_ws/install/my_package/share/my_package/srv/DivideTwoFloats_Response.msg
[25.979s] -- Up-to-date: /home/asd/ros2_ws/install/my_package/share/ament_index/resource_index/package_run_dependencies/my_package
[25.979s] -- Up-to-date: /home/asd/ros2_ws/install/my_package/share/ament_index/resource_index/parent_prefix_path/my_package
[25.980s] -- Up-to-date: /home/asd/ros2_ws/install/my_package/share/my_package/environment/ament_prefix_path.sh
[25.980s] -- Up-to-date: /home/asd/ros2_ws/install/my_package/share/my_package/environment/ament_prefix_path.dsv
[25.980s] -- Up-to-date: /home/asd/ros2_ws/install/my_package/share/my_package/environment/path.sh
[25.981s] -- Up-to-date: /home/asd/ros2_ws/install/my_package/share/my_package/environment/path.dsv
[25.981s] -- Up-to-date: /home/asd/ros2_ws/install/my_package/share/my_package/local_setup.bash
[25.981s] -- Up-to-date: /home/asd/ros2_ws/install/my_package/share/my_package/local_setup.sh
[25.982s] -- Up-to-date: /home/asd/ros2_ws/install/my_package/share/my_package/local_setup.zsh
[25.982s] -- Up-to-date: /home/asd/ros2_ws/install/my_package/share/my_package/local_setup.dsv
[25.982s] -- Installing: /home/asd/ros2_ws/install/my_package/share/my_package/package.dsv
[25.983s] -- Up-to-date: /home/asd/ros2_ws/install/my_package/share/ament_index/resource_index/packages/my_package
[25.983s] -- Up-to-date: /home/asd/ros2_ws/install/my_package/share/my_package/cmake/export_my_package__rosidl_generator_cExport.cmake
[25.983s] -- Up-to-date: /home/asd/ros2_ws/install/my_package/share/my_package/cmake/export_my_package__rosidl_generator_cExport-noconfig.cmake
[25.984s] -- Up-to-date: /home/asd/ros2_ws/install/my_package/share/my_package/cmake/export_my_package__rosidl_typesupport_fastrtps_cExport.cmake
[25.984s] -- Up-to-date: /home/asd/ros2_ws/install/my_package/share/my_package/cmake/export_my_package__rosidl_typesupport_fastrtps_cExport-noconfig.cmake
[25.984s] -- Up-to-date: /home/asd/ros2_ws/install/my_package/share/my_package/cmake/export_my_package__rosidl_generator_cppExport.cmake
[25.985s] -- Up-to-date: /home/asd/ros2_ws/install/my_package/share/my_package/cmake/export_my_package__rosidl_typesupport_fastrtps_cppExport.cmake
[25.985s] -- Up-to-date: /home/asd/ros2_ws/install/my_package/share/my_package/cmake/export_my_package__rosidl_typesupport_fastrtps_cppExport-noconfig.cmake
[25.986s] -- Up-to-date: /home/asd/ros2_ws/install/my_package/share/my_package/cmake/my_package__rosidl_typesupport_introspection_cExport.cmake
[25.986s] -- Up-to-date: /home/asd/ros2_ws/install/my_package/share/my_package/cmake/my_package__rosidl_typesupport_introspection_cExport-noconfig.cmake
[25.986s] -- Up-to-date: /home/asd/ros2_ws/install/my_package/share/my_package/cmake/my_package__rosidl_typesupport_cExport.cmake
[25.987s] -- Up-to-date: /home/asd/ros2_ws/install/my_package/share/my_package/cmake/my_package__rosidl_typesupport_cExport-noconfig.cmake
[25.987s] -- Up-to-date: /home/asd/ros2_ws/install/my_package/share/my_package/cmake/my_package__rosidl_typesupport_introspection_cppExport.cmake
[25.987s] -- Up-to-date: /home/asd/ros2_ws/install/my_package/share/my_package/cmake/my_package__rosidl_typesupport_introspection_cppExport-noconfig.cmake
[25.988s] -- Up-to-date: /home/asd/ros2_ws/install/my_package/share/my_package/cmake/my_package__rosidl_typesupport_cppExport.cmake
[25.988s] -- Up-to-date: /home/asd/ros2_ws/install/my_package/share/my_package/cmake/my_package__rosidl_typesupport_cppExport-noconfig.cmake
[25.989s] -- Up-to-date: /home/asd/ros2_ws/install/my_package/share/my_package/cmake/export_my_package__rosidl_generator_pyExport.cmake
[25.989s] -- Up-to-date: /home/asd/ros2_ws/install/my_package/share/my_package/cmake/export_my_package__rosidl_generator_pyExport-noconfig.cmake
[25.989s] -- Installing: /home/asd/ros2_ws/install/my_package/share/my_package/cmake/rosidl_cmake-extras.cmake
[25.990s] -- Up-to-date: /home/asd/ros2_ws/install/my_package/share/my_package/cmake/ament_cmake_export_dependencies-extras.cmake
[25.990s] -- Up-to-date: /home/asd/ros2_ws/install/my_package/share/my_package/cmake/ament_cmake_export_include_directories-extras.cmake
[25.991s] -- Up-to-date: /home/asd/ros2_ws/install/my_package/share/my_package/cmake/ament_cmake_export_libraries-extras.cmake
[25.991s] -- Up-to-date: /home/asd/ros2_ws/install/my_package/share/my_package/cmake/ament_cmake_export_targets-extras.cmake
[25.992s] -- Up-to-date: /home/asd/ros2_ws/install/my_package/share/my_package/cmake/rosidl_cmake_export_typesupport_targets-extras.cmake
[25.992s] -- Up-to-date: /home/asd/ros2_ws/install/my_package/share/my_package/cmake/rosidl_cmake_export_typesupport_libraries-extras.cmake
[25.992s] -- Up-to-date: /home/asd/ros2_ws/install/my_package/share/my_package/cmake/my_packageConfig.cmake
[25.992s] -- Up-to-date: /home/asd/ros2_ws/install/my_package/share/my_package/cmake/my_packageConfig-version.cmake
[25.996s] -- Up-to-date: /home/asd/ros2_ws/install/my_package/share/my_package/package.xml
[26.000s] Invoked command in '/home/asd/ros2_ws/build/my_package' returned '0': CMAKE_PREFIX_PATH=/opt/ros/iron /usr/bin/cmake --install /home/asd/ros2_ws/build/my_package
