[0.074s] Invoking command in '/home/asd/ros2_ws/build/my_robot_interfaces': /usr/bin/cmake /home/asd/ros2_ws/src/my_robot_interfaces -DCMAKE_INSTALL_PREFIX=/home/asd/ros2_ws/install/my_robot_interfaces
[1.188s] -- The C compiler identification is GNU 11.4.0
[1.584s] -- The CXX compiler identification is GNU 11.4.0
[1.673s] -- Detecting C compiler ABI info
[2.016s] -- Detecting C compiler ABI info - done
[2.072s] -- Check for working C compiler: /usr/bin/cc - skipped
[2.074s] -- Detecting C compile features
[2.086s] -- Detecting C compile features - done
[2.110s] -- Detecting CXX compiler ABI info
[2.420s] -- Detecting CXX compiler ABI info - done
[2.471s] -- Check for working CXX compiler: /usr/bin/c++ - skipped
[2.473s] -- Detecting CXX compile features
[2.476s] -- Detecting CXX compile features - done
[2.725s] [31mCMake Error at CMakeLists.txt:9 (find_package):
[2.726s]   By not providing "Findament_cmake.cmake" in CMAKE_MODULE_PATH this project
[2.727s]   has asked CMake to find a package configuration file provided by
[2.727s]   "ament_cmake", but CMake did not find one.
[2.727s] 
[2.727s]   Could not find a package configuration file provided by "ament_cmake" with
[2.728s]   any of the following names:
[2.728s] 
[2.728s]     ament_cmakeConfig.cmake
[2.729s]     ament_cmake-config.cmake
[2.729s] 
[2.729s] -- Configuring incomplete, errors occurred!
[2.729s] See also "/home/asd/ros2_ws/build/my_robot_interfaces/CMakeFiles/CMakeOutput.log".
[2.730s]   Add the installation prefix of "ament_cmake" to CMAKE_PREFIX_PATH or set
[2.731s]   "ament_cmake_DIR" to a directory containing one of the above files.  If
[2.731s]   "ament_cmake" provides a separate development package or SDK, be sure it
[2.732s]   has been installed.
[2.732s] 
[2.732s] [0m
[2.737s] Invoked command in '/home/asd/ros2_ws/build/my_robot_interfaces' returned '1': /usr/bin/cmake /home/asd/ros2_ws/src/my_robot_interfaces -DCMAKE_INSTALL_PREFIX=/home/asd/ros2_ws/install/my_robot_interfaces
