[2.025s] DEBUG:colcon:Command line arguments: ['/usr/bin/colcon', 'build', '--packages-select', 'cpp_srvcli']
[2.025s] DEBUG:colcon:Parsed command line arguments: Namespace(log_base=None, log_level=None, verb_name='build', build_base='build', install_base='install', merge_install=False, symlink_install=False, test_result_base=None, continue_on_error=False, executor='parallel', parallel_workers=4, event_handlers=None, ignore_user_meta=False, metas=['./colcon.meta'], base_paths=['.'], packages_ignore=None, packages_ignore_regex=None, paths=None, packages_up_to=None, packages_up_to_regex=None, packages_above=None, packages_above_and_dependencies=None, packages_above_depth=None, packages_select_by_dep=None, packages_skip_by_dep=None, packages_skip_up_to=None, packages_select_build_failed=False, packages_skip_build_finished=False, packages_select_test_failures=False, packages_skip_test_passed=False, packages_select=['cpp_srvcli'], packages_skip=None, packages_select_regex=None, packages_skip_regex=None, packages_start=None, packages_end=None, allow_overriding=[], cmake_args=None, cmake_target=None, cmake_target_skip_unavailable=False, cmake_clean_cache=False, cmake_clean_first=False, cmake_force_configure=False, ament_cmake_args=None, catkin_cmake_args=None, catkin_skip_building_tests=False, verb_parser=<colcon_defaults.argument_parser.defaults.DefaultArgumentsDecorator object at 0x73bb27e38550>, verb_extension=<colcon_core.verb.build.BuildVerb object at 0x73bb27e38040>, main=<bound method BuildVerb.main of <colcon_core.verb.build.BuildVerb object at 0x73bb27e38040>>)
[2.929s] Level 1:colcon.colcon_core.package_discovery:discover_packages(colcon_meta) check parameters
[2.930s] Level 1:colcon.colcon_core.package_discovery:discover_packages(recursive) check parameters
[2.930s] Level 1:colcon.colcon_core.package_discovery:discover_packages(ignore) check parameters
[2.930s] Level 1:colcon.colcon_core.package_discovery:discover_packages(path) check parameters
[2.930s] Level 1:colcon.colcon_core.package_discovery:discover_packages(colcon_meta) discover
[2.930s] Level 1:colcon.colcon_core.package_discovery:discover_packages(recursive) discover
[2.930s] INFO:colcon.colcon_core.package_discovery:Crawling recursively for packages in '/home/asd/ros2_ws'
[2.931s] Level 1:colcon.colcon_core.package_identification:_identify(.) by extensions ['ignore', 'ignore_ament_install']
[2.931s] Level 1:colcon.colcon_core.package_identification:_identify(.) by extension 'ignore'
[2.931s] Level 1:colcon.colcon_core.package_identification:_identify(.) by extension 'ignore_ament_install'
[2.931s] Level 1:colcon.colcon_core.package_identification:_identify(.) by extensions ['colcon_pkg']
[2.931s] Level 1:colcon.colcon_core.package_identification:_identify(.) by extension 'colcon_pkg'
[2.932s] Level 1:colcon.colcon_core.package_identification:_identify(.) by extensions ['colcon_meta']
[2.932s] Level 1:colcon.colcon_core.package_identification:_identify(.) by extension 'colcon_meta'
[2.932s] Level 1:colcon.colcon_core.package_identification:_identify(.) by extensions ['ros']
[2.932s] Level 1:colcon.colcon_core.package_identification:_identify(.) by extension 'ros'
[2.971s] Level 1:colcon.colcon_core.package_identification:_identify(.) by extensions ['cmake', 'python']
[2.971s] Level 1:colcon.colcon_core.package_identification:_identify(.) by extension 'cmake'
[2.971s] Level 1:colcon.colcon_core.package_identification:_identify(.) by extension 'python'
[2.972s] Level 1:colcon.colcon_core.package_identification:_identify(.) by extensions ['python_setup_py']
[2.972s] Level 1:colcon.colcon_core.package_identification:_identify(.) by extension 'python_setup_py'
[2.972s] Level 1:colcon.colcon_core.package_identification:_identify(build) by extensions ['ignore', 'ignore_ament_install']
[2.972s] Level 1:colcon.colcon_core.package_identification:_identify(build) by extension 'ignore'
[2.972s] Level 1:colcon.colcon_core.package_identification:_identify(build) ignored
[2.973s] Level 1:colcon.colcon_core.package_identification:_identify(install) by extensions ['ignore', 'ignore_ament_install']
[2.973s] Level 1:colcon.colcon_core.package_identification:_identify(install) by extension 'ignore'
[2.973s] Level 1:colcon.colcon_core.package_identification:_identify(install) ignored
[2.974s] Level 1:colcon.colcon_core.package_identification:_identify(log) by extensions ['ignore', 'ignore_ament_install']
[2.974s] Level 1:colcon.colcon_core.package_identification:_identify(log) by extension 'ignore'
[2.974s] Level 1:colcon.colcon_core.package_identification:_identify(log) ignored
[2.974s] Level 1:colcon.colcon_core.package_identification:_identify(src) by extensions ['ignore', 'ignore_ament_install']
[2.974s] Level 1:colcon.colcon_core.package_identification:_identify(src) by extension 'ignore'
[2.974s] Level 1:colcon.colcon_core.package_identification:_identify(src) by extension 'ignore_ament_install'
[2.975s] Level 1:colcon.colcon_core.package_identification:_identify(src) by extensions ['colcon_pkg']
[2.975s] Level 1:colcon.colcon_core.package_identification:_identify(src) by extension 'colcon_pkg'
[2.975s] Level 1:colcon.colcon_core.package_identification:_identify(src) by extensions ['colcon_meta']
[2.975s] Level 1:colcon.colcon_core.package_identification:_identify(src) by extension 'colcon_meta'
[2.975s] Level 1:colcon.colcon_core.package_identification:_identify(src) by extensions ['ros']
[2.975s] Level 1:colcon.colcon_core.package_identification:_identify(src) by extension 'ros'
[2.976s] Level 1:colcon.colcon_core.package_identification:_identify(src) by extensions ['cmake', 'python']
[2.976s] Level 1:colcon.colcon_core.package_identification:_identify(src) by extension 'cmake'
[2.976s] Level 1:colcon.colcon_core.package_identification:_identify(src) by extension 'python'
[2.976s] Level 1:colcon.colcon_core.package_identification:_identify(src) by extensions ['python_setup_py']
[2.976s] Level 1:colcon.colcon_core.package_identification:_identify(src) by extension 'python_setup_py'
[2.977s] Level 1:colcon.colcon_core.package_identification:_identify(src/cpp_srvcli) by extensions ['ignore', 'ignore_ament_install']
[2.977s] Level 1:colcon.colcon_core.package_identification:_identify(src/cpp_srvcli) by extension 'ignore'
[2.977s] Level 1:colcon.colcon_core.package_identification:_identify(src/cpp_srvcli) by extension 'ignore_ament_install'
[2.977s] Level 1:colcon.colcon_core.package_identification:_identify(src/cpp_srvcli) by extensions ['colcon_pkg']
[2.977s] Level 1:colcon.colcon_core.package_identification:_identify(src/cpp_srvcli) by extension 'colcon_pkg'
[2.977s] Level 1:colcon.colcon_core.package_identification:_identify(src/cpp_srvcli) by extensions ['colcon_meta']
[2.978s] Level 1:colcon.colcon_core.package_identification:_identify(src/cpp_srvcli) by extension 'colcon_meta'
[2.978s] Level 1:colcon.colcon_core.package_identification:_identify(src/cpp_srvcli) by extensions ['ros']
[2.978s] Level 1:colcon.colcon_core.package_identification:_identify(src/cpp_srvcli) by extension 'ros'
[2.985s] DEBUG:colcon.colcon_core.package_identification:Package 'src/cpp_srvcli' with type 'ros.ament_cmake' and name 'cpp_srvcli'
[2.985s] Level 1:colcon.colcon_core.package_discovery:discover_packages(recursive) using defaults
[2.985s] Level 1:colcon.colcon_core.package_discovery:discover_packages(ignore) discover
[2.985s] Level 1:colcon.colcon_core.package_discovery:discover_packages(ignore) using defaults
[2.985s] Level 1:colcon.colcon_core.package_discovery:discover_packages(path) discover
[2.985s] Level 1:colcon.colcon_core.package_discovery:discover_packages(path) using defaults
[3.064s] Level 1:colcon.colcon_core.package_discovery:discover_packages(prefix_path) check parameters
[3.064s] Level 1:colcon.colcon_core.package_discovery:discover_packages(prefix_path) discover
[3.113s] DEBUG:colcon.colcon_installed_package_information.package_discovery:Found 281 installed packages in /opt/ros/iron
[3.156s] Level 1:colcon.colcon_core.package_discovery:discover_packages(prefix_path) using defaults
[5.186s] Level 5:colcon.colcon_core.verb:set package 'cpp_srvcli' build argument 'cmake_args' from command line to 'None'
[5.186s] Level 5:colcon.colcon_core.verb:set package 'cpp_srvcli' build argument 'cmake_target' from command line to 'None'
[5.186s] Level 5:colcon.colcon_core.verb:set package 'cpp_srvcli' build argument 'cmake_target_skip_unavailable' from command line to 'False'
[5.186s] Level 5:colcon.colcon_core.verb:set package 'cpp_srvcli' build argument 'cmake_clean_cache' from command line to 'False'
[5.187s] Level 5:colcon.colcon_core.verb:set package 'cpp_srvcli' build argument 'cmake_clean_first' from command line to 'False'
[5.187s] Level 5:colcon.colcon_core.verb:set package 'cpp_srvcli' build argument 'cmake_force_configure' from command line to 'False'
[5.187s] Level 5:colcon.colcon_core.verb:set package 'cpp_srvcli' build argument 'ament_cmake_args' from command line to 'None'
[5.187s] Level 5:colcon.colcon_core.verb:set package 'cpp_srvcli' build argument 'catkin_cmake_args' from command line to 'None'
[5.187s] Level 5:colcon.colcon_core.verb:set package 'cpp_srvcli' build argument 'catkin_skip_building_tests' from command line to 'False'
[5.187s] DEBUG:colcon.colcon_core.verb:Building package 'cpp_srvcli' with the following arguments: {'ament_cmake_args': None, 'build_base': '/home/asd/ros2_ws/build/cpp_srvcli', 'catkin_cmake_args': None, 'catkin_skip_building_tests': False, 'cmake_args': None, 'cmake_clean_cache': False, 'cmake_clean_first': False, 'cmake_force_configure': False, 'cmake_target': None, 'cmake_target_skip_unavailable': False, 'install_base': '/home/asd/ros2_ws/install/cpp_srvcli', 'merge_install': False, 'path': '/home/asd/ros2_ws/src/cpp_srvcli', 'symlink_install': False, 'test_result_base': None}
[5.188s] INFO:colcon.colcon_core.executor:Executing jobs using 'parallel' executor
[5.190s] DEBUG:colcon.colcon_parallel_executor.executor.parallel:run_until_complete
[5.191s] INFO:colcon.colcon_ros.task.ament_cmake.build:Building ROS package in '/home/asd/ros2_ws/src/cpp_srvcli' with build type 'ament_cmake'
[5.191s] INFO:colcon.colcon_cmake.task.cmake.build:Building CMake package in '/home/asd/ros2_ws/src/cpp_srvcli'
[5.197s] INFO:colcon.colcon_core.plugin_system:Skipping extension 'colcon_core.shell.bat': Not used on non-Windows systems
[5.197s] INFO:colcon.colcon_core.shell:Skip shell extension 'powershell' for command environment: Not usable outside of PowerShell
[5.198s] DEBUG:colcon.colcon_core.shell:Skip shell extension 'dsv' for command environment
[5.266s] DEBUG:colcon.colcon_core.event_handler.log_command:Invoking command in '/home/asd/ros2_ws/build/cpp_srvcli': CMAKE_PREFIX_PATH=/opt/ros/iron /usr/bin/cmake --build /home/asd/ros2_ws/build/cpp_srvcli -- -j4 -l4
[21.016s] DEBUG:colcon.colcon_core.event_handler.log_command:Invoked command in '/home/asd/ros2_ws/build/cpp_srvcli' returned '2': CMAKE_PREFIX_PATH=/opt/ros/iron /usr/bin/cmake --build /home/asd/ros2_ws/build/cpp_srvcli -- -j4 -l4
[21.577s] Level 1:colcon.colcon_core.environment:create_environment_scripts_only(cpp_srvcli)
[21.664s] Level 1:colcon.colcon_core.environment:checking '/home/asd/ros2_ws/install/cpp_srvcli' for CMake module files
[21.685s] Level 1:colcon.colcon_core.environment:checking '/home/asd/ros2_ws/install/cpp_srvcli' for CMake config files
[21.687s] Level 1:colcon.colcon_core.shell:create_environment_hook('cpp_srvcli', 'cmake_prefix_path')
[21.688s] INFO:colcon.colcon_core.shell:Creating environment hook '/home/asd/ros2_ws/install/cpp_srvcli/share/cpp_srvcli/hook/cmake_prefix_path.ps1'
[21.707s] INFO:colcon.colcon_core.shell:Creating environment descriptor '/home/asd/ros2_ws/install/cpp_srvcli/share/cpp_srvcli/hook/cmake_prefix_path.dsv'
[21.730s] INFO:colcon.colcon_core.shell:Creating environment hook '/home/asd/ros2_ws/install/cpp_srvcli/share/cpp_srvcli/hook/cmake_prefix_path.sh'
[21.734s] Level 1:colcon.colcon_core.environment:checking '/home/asd/ros2_ws/install/cpp_srvcli/lib'
[21.735s] Level 1:colcon.colcon_core.environment:checking '/home/asd/ros2_ws/install/cpp_srvcli/bin'
[21.735s] Level 1:colcon.colcon_core.environment:checking '/home/asd/ros2_ws/install/cpp_srvcli/lib/pkgconfig/cpp_srvcli.pc'
[21.736s] Level 1:colcon.colcon_core.environment:checking '/home/asd/ros2_ws/install/cpp_srvcli/lib/python3.10/site-packages'
[21.737s] Level 1:colcon.colcon_core.environment:checking '/home/asd/ros2_ws/install/cpp_srvcli/bin'
[21.738s] INFO:colcon.colcon_core.shell:Creating package script '/home/asd/ros2_ws/install/cpp_srvcli/share/cpp_srvcli/package.ps1'
[21.750s] INFO:colcon.colcon_core.shell:Creating package descriptor '/home/asd/ros2_ws/install/cpp_srvcli/share/cpp_srvcli/package.dsv'
[21.752s] INFO:colcon.colcon_core.shell:Creating package script '/home/asd/ros2_ws/install/cpp_srvcli/share/cpp_srvcli/package.sh'
[21.755s] INFO:colcon.colcon_core.shell:Creating package script '/home/asd/ros2_ws/install/cpp_srvcli/share/cpp_srvcli/package.bash'
[21.778s] INFO:colcon.colcon_core.shell:Creating package script '/home/asd/ros2_ws/install/cpp_srvcli/share/cpp_srvcli/package.zsh'
[21.780s] Level 1:colcon.colcon_core.environment:create_file_with_runtime_dependencies(/home/asd/ros2_ws/install/cpp_srvcli/share/colcon-core/packages/cpp_srvcli)
[21.791s] DEBUG:colcon.colcon_parallel_executor.executor.parallel:closing loop
[21.791s] DEBUG:colcon.colcon_parallel_executor.executor.parallel:loop closed
[21.791s] DEBUG:colcon.colcon_parallel_executor.executor.parallel:run_until_complete finished with '2'
[21.792s] DEBUG:colcon.colcon_core.event_reactor:joining thread
[22.024s] INFO:colcon.colcon_core.plugin_system:Skipping extension 'colcon_notification.desktop_notification.terminal_notifier': Not used on non-Darwin systems
[22.025s] INFO:colcon.colcon_core.plugin_system:Skipping extension 'colcon_notification.desktop_notification.win32': Not used on non-Windows systems
[22.025s] INFO:colcon.colcon_notification.desktop_notification:Sending desktop notification using 'notify2'
[22.070s] DEBUG:colcon.colcon_core.event_reactor:joined thread
[22.071s] INFO:colcon.colcon_core.shell:Creating prefix script '/home/asd/ros2_ws/install/local_setup.ps1'
[22.074s] INFO:colcon.colcon_core.shell:Creating prefix util module '/home/asd/ros2_ws/install/_local_setup_util_ps1.py'
[22.082s] INFO:colcon.colcon_core.shell:Creating prefix chain script '/home/asd/ros2_ws/install/setup.ps1'
[22.109s] INFO:colcon.colcon_core.shell:Creating prefix script '/home/asd/ros2_ws/install/local_setup.sh'
[22.112s] INFO:colcon.colcon_core.shell:Creating prefix util module '/home/asd/ros2_ws/install/_local_setup_util_sh.py'
[22.125s] INFO:colcon.colcon_core.shell:Creating prefix chain script '/home/asd/ros2_ws/install/setup.sh'
[22.130s] INFO:colcon.colcon_core.shell:Creating prefix script '/home/asd/ros2_ws/install/local_setup.bash'
[22.132s] INFO:colcon.colcon_core.shell:Creating prefix chain script '/home/asd/ros2_ws/install/setup.bash'
[22.135s] INFO:colcon.colcon_core.shell:Creating prefix script '/home/asd/ros2_ws/install/local_setup.zsh'
[22.137s] INFO:colcon.colcon_core.shell:Creating prefix chain script '/home/asd/ros2_ws/install/setup.zsh'
