[0.396s] DEBUG:colcon:Command line arguments: ['/usr/bin/colcon', 'build', '--packages-select', 'fl_div']
[0.396s] DEBUG:colcon:Parsed command line arguments: Namespace(log_base=None, log_level=None, verb_name='build', build_base='build', install_base='install', merge_install=False, symlink_install=False, test_result_base=None, continue_on_error=False, executor='parallel', parallel_workers=4, event_handlers=None, ignore_user_meta=False, metas=['./colcon.meta'], base_paths=['.'], packages_ignore=None, packages_ignore_regex=None, paths=None, packages_up_to=None, packages_up_to_regex=None, packages_above=None, packages_above_and_dependencies=None, packages_above_depth=None, packages_select_by_dep=None, packages_skip_by_dep=None, packages_skip_up_to=None, packages_select_build_failed=False, packages_skip_build_finished=False, packages_select_test_failures=False, packages_skip_test_passed=False, packages_select=['fl_div'], packages_skip=None, packages_select_regex=None, packages_skip_regex=None, packages_start=None, packages_end=None, allow_overriding=[], cmake_args=None, cmake_target=None, cmake_target_skip_unavailable=False, cmake_clean_cache=False, cmake_clean_first=False, cmake_force_configure=False, ament_cmake_args=None, catkin_cmake_args=None, catkin_skip_building_tests=False, verb_parser=<colcon_defaults.argument_parser.defaults.DefaultArgumentsDecorator object at 0x7b6822c34550>, verb_extension=<colcon_core.verb.build.BuildVerb object at 0x7b6822c34040>, main=<bound method BuildVerb.main of <colcon_core.verb.build.BuildVerb object at 0x7b6822c34040>>)
[1.051s] Level 1:colcon.colcon_core.package_discovery:discover_packages(colcon_meta) check parameters
[1.061s] Level 1:colcon.colcon_core.package_discovery:discover_packages(recursive) check parameters
[1.061s] Level 1:colcon.colcon_core.package_discovery:discover_packages(ignore) check parameters
[1.062s] Level 1:colcon.colcon_core.package_discovery:discover_packages(path) check parameters
[1.062s] Level 1:colcon.colcon_core.package_discovery:discover_packages(colcon_meta) discover
[1.062s] Level 1:colcon.colcon_core.package_discovery:discover_packages(recursive) discover
[1.062s] INFO:colcon.colcon_core.package_discovery:Crawling recursively for packages in '/home/asd/ros2_ws'
[1.062s] Level 1:colcon.colcon_core.package_identification:_identify(.) by extensions ['ignore', 'ignore_ament_install']
[1.063s] Level 1:colcon.colcon_core.package_identification:_identify(.) by extension 'ignore'
[1.063s] Level 1:colcon.colcon_core.package_identification:_identify(.) by extension 'ignore_ament_install'
[1.063s] Level 1:colcon.colcon_core.package_identification:_identify(.) by extensions ['colcon_pkg']
[1.063s] Level 1:colcon.colcon_core.package_identification:_identify(.) by extension 'colcon_pkg'
[1.063s] Level 1:colcon.colcon_core.package_identification:_identify(.) by extensions ['colcon_meta']
[1.063s] Level 1:colcon.colcon_core.package_identification:_identify(.) by extension 'colcon_meta'
[1.064s] Level 1:colcon.colcon_core.package_identification:_identify(.) by extensions ['ros']
[1.064s] Level 1:colcon.colcon_core.package_identification:_identify(.) by extension 'ros'
[1.105s] Level 1:colcon.colcon_core.package_identification:_identify(.) by extensions ['cmake', 'python']
[1.105s] Level 1:colcon.colcon_core.package_identification:_identify(.) by extension 'cmake'
[1.106s] Level 1:colcon.colcon_core.package_identification:_identify(.) by extension 'python'
[1.106s] Level 1:colcon.colcon_core.package_identification:_identify(.) by extensions ['python_setup_py']
[1.106s] Level 1:colcon.colcon_core.package_identification:_identify(.) by extension 'python_setup_py'
[1.106s] Level 1:colcon.colcon_core.package_identification:_identify(build) by extensions ['ignore', 'ignore_ament_install']
[1.106s] Level 1:colcon.colcon_core.package_identification:_identify(build) by extension 'ignore'
[1.107s] Level 1:colcon.colcon_core.package_identification:_identify(build) ignored
[1.107s] Level 1:colcon.colcon_core.package_identification:_identify(install) by extensions ['ignore', 'ignore_ament_install']
[1.107s] Level 1:colcon.colcon_core.package_identification:_identify(install) by extension 'ignore'
[1.107s] Level 1:colcon.colcon_core.package_identification:_identify(install) ignored
[1.108s] Level 1:colcon.colcon_core.package_identification:_identify(log) by extensions ['ignore', 'ignore_ament_install']
[1.109s] Level 1:colcon.colcon_core.package_identification:_identify(log) by extension 'ignore'
[1.109s] Level 1:colcon.colcon_core.package_identification:_identify(log) ignored
[1.109s] Level 1:colcon.colcon_core.package_identification:_identify(src) by extensions ['ignore', 'ignore_ament_install']
[1.109s] Level 1:colcon.colcon_core.package_identification:_identify(src) by extension 'ignore'
[1.109s] Level 1:colcon.colcon_core.package_identification:_identify(src) by extension 'ignore_ament_install'
[1.110s] Level 1:colcon.colcon_core.package_identification:_identify(src) by extensions ['colcon_pkg']
[1.110s] Level 1:colcon.colcon_core.package_identification:_identify(src) by extension 'colcon_pkg'
[1.110s] Level 1:colcon.colcon_core.package_identification:_identify(src) by extensions ['colcon_meta']
[1.110s] Level 1:colcon.colcon_core.package_identification:_identify(src) by extension 'colcon_meta'
[1.110s] Level 1:colcon.colcon_core.package_identification:_identify(src) by extensions ['ros']
[1.110s] Level 1:colcon.colcon_core.package_identification:_identify(src) by extension 'ros'
[1.111s] Level 1:colcon.colcon_core.package_identification:_identify(src) by extensions ['cmake', 'python']
[1.111s] Level 1:colcon.colcon_core.package_identification:_identify(src) by extension 'cmake'
[1.111s] Level 1:colcon.colcon_core.package_identification:_identify(src) by extension 'python'
[1.111s] Level 1:colcon.colcon_core.package_identification:_identify(src) by extensions ['python_setup_py']
[1.111s] Level 1:colcon.colcon_core.package_identification:_identify(src) by extension 'python_setup_py'
[1.111s] Level 1:colcon.colcon_core.package_identification:_identify(src/cpp_srvcli) by extensions ['ignore', 'ignore_ament_install']
[1.112s] Level 1:colcon.colcon_core.package_identification:_identify(src/cpp_srvcli) by extension 'ignore'
[1.112s] Level 1:colcon.colcon_core.package_identification:_identify(src/cpp_srvcli) by extension 'ignore_ament_install'
[1.112s] Level 1:colcon.colcon_core.package_identification:_identify(src/cpp_srvcli) by extensions ['colcon_pkg']
[1.112s] Level 1:colcon.colcon_core.package_identification:_identify(src/cpp_srvcli) by extension 'colcon_pkg'
[1.112s] Level 1:colcon.colcon_core.package_identification:_identify(src/cpp_srvcli) by extensions ['colcon_meta']
[1.112s] Level 1:colcon.colcon_core.package_identification:_identify(src/cpp_srvcli) by extension 'colcon_meta'
[1.113s] Level 1:colcon.colcon_core.package_identification:_identify(src/cpp_srvcli) by extensions ['ros']
[1.113s] Level 1:colcon.colcon_core.package_identification:_identify(src/cpp_srvcli) by extension 'ros'
[1.121s] DEBUG:colcon.colcon_core.package_identification:Package 'src/cpp_srvcli' with type 'ros.ament_cmake' and name 'cpp_srvcli'
[1.121s] Level 1:colcon.colcon_core.package_identification:_identify(src/d2f) by extensions ['ignore', 'ignore_ament_install']
[1.122s] Level 1:colcon.colcon_core.package_identification:_identify(src/d2f) by extension 'ignore'
[1.122s] Level 1:colcon.colcon_core.package_identification:_identify(src/d2f) by extension 'ignore_ament_install'
[1.122s] Level 1:colcon.colcon_core.package_identification:_identify(src/d2f) by extensions ['colcon_pkg']
[1.122s] Level 1:colcon.colcon_core.package_identification:_identify(src/d2f) by extension 'colcon_pkg'
[1.122s] Level 1:colcon.colcon_core.package_identification:_identify(src/d2f) by extensions ['colcon_meta']
[1.122s] Level 1:colcon.colcon_core.package_identification:_identify(src/d2f) by extension 'colcon_meta'
[1.123s] Level 1:colcon.colcon_core.package_identification:_identify(src/d2f) by extensions ['ros']
[1.123s] Level 1:colcon.colcon_core.package_identification:_identify(src/d2f) by extension 'ros'
[1.125s] DEBUG:colcon.colcon_core.package_identification:Package 'src/d2f' with type 'ros.ament_cmake' and name 'd2f'
[1.126s] Level 1:colcon.colcon_core.package_identification:_identify(src/div) by extensions ['ignore', 'ignore_ament_install']
[1.126s] Level 1:colcon.colcon_core.package_identification:_identify(src/div) by extension 'ignore'
[1.126s] Level 1:colcon.colcon_core.package_identification:_identify(src/div) by extension 'ignore_ament_install'
[1.126s] Level 1:colcon.colcon_core.package_identification:_identify(src/div) by extensions ['colcon_pkg']
[1.127s] Level 1:colcon.colcon_core.package_identification:_identify(src/div) by extension 'colcon_pkg'
[1.127s] Level 1:colcon.colcon_core.package_identification:_identify(src/div) by extensions ['colcon_meta']
[1.127s] Level 1:colcon.colcon_core.package_identification:_identify(src/div) by extension 'colcon_meta'
[1.127s] Level 1:colcon.colcon_core.package_identification:_identify(src/div) by extensions ['ros']
[1.127s] Level 1:colcon.colcon_core.package_identification:_identify(src/div) by extension 'ros'
[1.129s] DEBUG:colcon.colcon_core.package_identification:Package 'src/div' with type 'ros.ament_cmake' and name 'div'
[1.130s] Level 1:colcon.colcon_core.package_identification:_identify(src/fl_div) by extensions ['ignore', 'ignore_ament_install']
[1.130s] Level 1:colcon.colcon_core.package_identification:_identify(src/fl_div) by extension 'ignore'
[1.130s] Level 1:colcon.colcon_core.package_identification:_identify(src/fl_div) by extension 'ignore_ament_install'
[1.131s] Level 1:colcon.colcon_core.package_identification:_identify(src/fl_div) by extensions ['colcon_pkg']
[1.131s] Level 1:colcon.colcon_core.package_identification:_identify(src/fl_div) by extension 'colcon_pkg'
[1.131s] Level 1:colcon.colcon_core.package_identification:_identify(src/fl_div) by extensions ['colcon_meta']
[1.131s] Level 1:colcon.colcon_core.package_identification:_identify(src/fl_div) by extension 'colcon_meta'
[1.131s] Level 1:colcon.colcon_core.package_identification:_identify(src/fl_div) by extensions ['ros']
[1.131s] Level 1:colcon.colcon_core.package_identification:_identify(src/fl_div) by extension 'ros'
[1.134s] DEBUG:colcon.colcon_core.package_identification:Package 'src/fl_div' with type 'ros.ament_cmake' and name 'fl_div'
[1.134s] Level 1:colcon.colcon_core.package_identification:_identify(src/input_numbers) by extensions ['ignore', 'ignore_ament_install']
[1.134s] Level 1:colcon.colcon_core.package_identification:_identify(src/input_numbers) by extension 'ignore'
[1.134s] Level 1:colcon.colcon_core.package_identification:_identify(src/input_numbers) by extension 'ignore_ament_install'
[1.135s] Level 1:colcon.colcon_core.package_identification:_identify(src/input_numbers) by extensions ['colcon_pkg']
[1.135s] Level 1:colcon.colcon_core.package_identification:_identify(src/input_numbers) by extension 'colcon_pkg'
[1.135s] Level 1:colcon.colcon_core.package_identification:_identify(src/input_numbers) by extensions ['colcon_meta']
[1.135s] Level 1:colcon.colcon_core.package_identification:_identify(src/input_numbers) by extension 'colcon_meta'
[1.135s] Level 1:colcon.colcon_core.package_identification:_identify(src/input_numbers) by extensions ['ros']
[1.135s] Level 1:colcon.colcon_core.package_identification:_identify(src/input_numbers) by extension 'ros'
[1.138s] DEBUG:colcon.colcon_core.package_identification:Package 'src/input_numbers' with type 'ros.ament_cmake' and name 'div'
[1.138s] Level 1:colcon.colcon_core.package_identification:_identify(src/my_package) by extensions ['ignore', 'ignore_ament_install']
[1.138s] Level 1:colcon.colcon_core.package_identification:_identify(src/my_package) by extension 'ignore'
[1.139s] Level 1:colcon.colcon_core.package_identification:_identify(src/my_package) by extension 'ignore_ament_install'
[1.139s] Level 1:colcon.colcon_core.package_identification:_identify(src/my_package) by extensions ['colcon_pkg']
[1.139s] Level 1:colcon.colcon_core.package_identification:_identify(src/my_package) by extension 'colcon_pkg'
[1.139s] Level 1:colcon.colcon_core.package_identification:_identify(src/my_package) by extensions ['colcon_meta']
[1.139s] Level 1:colcon.colcon_core.package_identification:_identify(src/my_package) by extension 'colcon_meta'
[1.139s] Level 1:colcon.colcon_core.package_identification:_identify(src/my_package) by extensions ['ros']
[1.139s] Level 1:colcon.colcon_core.package_identification:_identify(src/my_package) by extension 'ros'
[1.142s] DEBUG:colcon.colcon_core.package_identification:Package 'src/my_package' with type 'ros.ament_cmake' and name 'my_package'
[1.142s] Level 1:colcon.colcon_core.package_identification:_identify(src/simple_div) by extensions ['ignore', 'ignore_ament_install']
[1.143s] Level 1:colcon.colcon_core.package_identification:_identify(src/simple_div) by extension 'ignore'
[1.143s] Level 1:colcon.colcon_core.package_identification:_identify(src/simple_div) by extension 'ignore_ament_install'
[1.143s] Level 1:colcon.colcon_core.package_identification:_identify(src/simple_div) by extensions ['colcon_pkg']
[1.143s] Level 1:colcon.colcon_core.package_identification:_identify(src/simple_div) by extension 'colcon_pkg'
[1.143s] Level 1:colcon.colcon_core.package_identification:_identify(src/simple_div) by extensions ['colcon_meta']
[1.143s] Level 1:colcon.colcon_core.package_identification:_identify(src/simple_div) by extension 'colcon_meta'
[1.144s] Level 1:colcon.colcon_core.package_identification:_identify(src/simple_div) by extensions ['ros']
[1.144s] Level 1:colcon.colcon_core.package_identification:_identify(src/simple_div) by extension 'ros'
[1.146s] DEBUG:colcon.colcon_core.package_identification:Package 'src/simple_div' with type 'ros.ament_cmake' and name 'simple_div'
[1.146s] Level 1:colcon.colcon_core.package_discovery:discover_packages(recursive) using defaults
[1.146s] Level 1:colcon.colcon_core.package_discovery:discover_packages(ignore) discover
[1.146s] Level 1:colcon.colcon_core.package_discovery:discover_packages(ignore) using defaults
[1.146s] Level 1:colcon.colcon_core.package_discovery:discover_packages(path) discover
[1.146s] Level 1:colcon.colcon_core.package_discovery:discover_packages(path) using defaults
[1.261s] INFO:colcon.colcon_core.package_selection:Skipping not selected package 'cpp_srvcli' in 'src/cpp_srvcli'
[1.261s] INFO:colcon.colcon_core.package_selection:Skipping not selected package 'd2f' in 'src/d2f'
[1.261s] INFO:colcon.colcon_core.package_selection:Skipping not selected package 'my_package' in 'src/my_package'
[1.261s] INFO:colcon.colcon_core.package_selection:Skipping not selected package 'div' in 'src/div'
[1.262s] INFO:colcon.colcon_core.package_selection:Skipping not selected package 'div' in 'src/input_numbers'
[1.262s] INFO:colcon.colcon_core.package_selection:Skipping not selected package 'simple_div' in 'src/simple_div'
[1.263s] Level 1:colcon.colcon_core.package_discovery:discover_packages(prefix_path) check parameters
[1.263s] Level 1:colcon.colcon_core.package_discovery:discover_packages(prefix_path) discover
[1.301s] DEBUG:colcon.colcon_installed_package_information.package_discovery:Found 281 installed packages in /opt/ros/iron
[1.307s] Level 1:colcon.colcon_core.package_discovery:discover_packages(prefix_path) using defaults
[1.512s] Level 5:colcon.colcon_core.verb:set package 'fl_div' build argument 'cmake_args' from command line to 'None'
[1.512s] Level 5:colcon.colcon_core.verb:set package 'fl_div' build argument 'cmake_target' from command line to 'None'
[1.512s] Level 5:colcon.colcon_core.verb:set package 'fl_div' build argument 'cmake_target_skip_unavailable' from command line to 'False'
[1.512s] Level 5:colcon.colcon_core.verb:set package 'fl_div' build argument 'cmake_clean_cache' from command line to 'False'
[1.512s] Level 5:colcon.colcon_core.verb:set package 'fl_div' build argument 'cmake_clean_first' from command line to 'False'
[1.512s] Level 5:colcon.colcon_core.verb:set package 'fl_div' build argument 'cmake_force_configure' from command line to 'False'
[1.512s] Level 5:colcon.colcon_core.verb:set package 'fl_div' build argument 'ament_cmake_args' from command line to 'None'
[1.512s] Level 5:colcon.colcon_core.verb:set package 'fl_div' build argument 'catkin_cmake_args' from command line to 'None'
[1.513s] Level 5:colcon.colcon_core.verb:set package 'fl_div' build argument 'catkin_skip_building_tests' from command line to 'False'
[1.513s] DEBUG:colcon.colcon_core.verb:Building package 'fl_div' with the following arguments: {'ament_cmake_args': None, 'build_base': '/home/asd/ros2_ws/build/fl_div', 'catkin_cmake_args': None, 'catkin_skip_building_tests': False, 'cmake_args': None, 'cmake_clean_cache': False, 'cmake_clean_first': False, 'cmake_force_configure': False, 'cmake_target': None, 'cmake_target_skip_unavailable': False, 'install_base': '/home/asd/ros2_ws/install/fl_div', 'merge_install': False, 'path': '/home/asd/ros2_ws/src/fl_div', 'symlink_install': False, 'test_result_base': None}
[1.513s] INFO:colcon.colcon_core.executor:Executing jobs using 'parallel' executor
[1.516s] DEBUG:colcon.colcon_parallel_executor.executor.parallel:run_until_complete
[1.516s] INFO:colcon.colcon_ros.task.ament_cmake.build:Building ROS package in '/home/asd/ros2_ws/src/fl_div' with build type 'ament_cmake'
[1.517s] INFO:colcon.colcon_cmake.task.cmake.build:Building CMake package in '/home/asd/ros2_ws/src/fl_div'
[1.523s] INFO:colcon.colcon_core.plugin_system:Skipping extension 'colcon_core.shell.bat': Not used on non-Windows systems
[1.524s] INFO:colcon.colcon_core.shell:Skip shell extension 'powershell' for command environment: Not usable outside of PowerShell
[1.524s] DEBUG:colcon.colcon_core.shell:Skip shell extension 'dsv' for command environment
[1.652s] DEBUG:colcon.colcon_core.event_handler.log_command:Invoking command in '/home/asd/ros2_ws/build/fl_div': AMENT_PREFIX_PATH=/home/asd/ros2_ws/install/my_package:${AMENT_PREFIX_PATH} CMAKE_PREFIX_PATH=/home/asd/ros2_ws/install/my_package:/opt/ros/iron LD_LIBRARY_PATH=/home/asd/ros2_ws/install/my_package/lib:${LD_LIBRARY_PATH} PYTHONPATH=/home/asd/ros2_ws/install/my_package/lib/python3.10/site-packages:${PYTHONPATH} /usr/bin/cmake --build /home/asd/ros2_ws/build/fl_div -- -j4 -l4
[18.657s] DEBUG:colcon.colcon_core.event_handler.log_command:Invoked command in '/home/asd/ros2_ws/build/fl_div' returned '0': AMENT_PREFIX_PATH=/home/asd/ros2_ws/install/my_package:${AMENT_PREFIX_PATH} CMAKE_PREFIX_PATH=/home/asd/ros2_ws/install/my_package:/opt/ros/iron LD_LIBRARY_PATH=/home/asd/ros2_ws/install/my_package/lib:${LD_LIBRARY_PATH} PYTHONPATH=/home/asd/ros2_ws/install/my_package/lib/python3.10/site-packages:${PYTHONPATH} /usr/bin/cmake --build /home/asd/ros2_ws/build/fl_div -- -j4 -l4
[18.769s] DEBUG:colcon.colcon_core.event_handler.log_command:Invoking command in '/home/asd/ros2_ws/build/fl_div': AMENT_PREFIX_PATH=/home/asd/ros2_ws/install/my_package:${AMENT_PREFIX_PATH} CMAKE_PREFIX_PATH=/home/asd/ros2_ws/install/my_package:/opt/ros/iron LD_LIBRARY_PATH=/home/asd/ros2_ws/install/my_package/lib:${LD_LIBRARY_PATH} PYTHONPATH=/home/asd/ros2_ws/install/my_package/lib/python3.10/site-packages:${PYTHONPATH} /usr/bin/cmake --install /home/asd/ros2_ws/build/fl_div
[18.813s] Level 1:colcon.colcon_core.environment:create_environment_scripts_only(fl_div)
[18.814s] DEBUG:colcon.colcon_core.event_handler.log_command:Invoked command in '/home/asd/ros2_ws/build/fl_div' returned '0': AMENT_PREFIX_PATH=/home/asd/ros2_ws/install/my_package:${AMENT_PREFIX_PATH} CMAKE_PREFIX_PATH=/home/asd/ros2_ws/install/my_package:/opt/ros/iron LD_LIBRARY_PATH=/home/asd/ros2_ws/install/my_package/lib:${LD_LIBRARY_PATH} PYTHONPATH=/home/asd/ros2_ws/install/my_package/lib/python3.10/site-packages:${PYTHONPATH} /usr/bin/cmake --install /home/asd/ros2_ws/build/fl_div
[18.821s] Level 1:colcon.colcon_core.environment:checking '/home/asd/ros2_ws/install/fl_div' for CMake module files
[18.823s] Level 1:colcon.colcon_core.environment:checking '/home/asd/ros2_ws/install/fl_div' for CMake config files
[18.824s] Level 1:colcon.colcon_core.shell:create_environment_hook('fl_div', 'cmake_prefix_path')
[18.825s] INFO:colcon.colcon_core.shell:Creating environment hook '/home/asd/ros2_ws/install/fl_div/share/fl_div/hook/cmake_prefix_path.ps1'
[18.826s] INFO:colcon.colcon_core.shell:Creating environment descriptor '/home/asd/ros2_ws/install/fl_div/share/fl_div/hook/cmake_prefix_path.dsv'
[18.827s] INFO:colcon.colcon_core.shell:Creating environment hook '/home/asd/ros2_ws/install/fl_div/share/fl_div/hook/cmake_prefix_path.sh'
[18.830s] Level 1:colcon.colcon_core.environment:checking '/home/asd/ros2_ws/install/fl_div/lib'
[18.831s] Level 1:colcon.colcon_core.environment:checking '/home/asd/ros2_ws/install/fl_div/bin'
[18.831s] Level 1:colcon.colcon_core.environment:checking '/home/asd/ros2_ws/install/fl_div/lib/pkgconfig/fl_div.pc'
[18.832s] Level 1:colcon.colcon_core.environment:checking '/home/asd/ros2_ws/install/fl_div/lib/python3.10/site-packages'
[18.832s] Level 1:colcon.colcon_core.environment:checking '/home/asd/ros2_ws/install/fl_div/bin'
[18.834s] INFO:colcon.colcon_core.shell:Creating package script '/home/asd/ros2_ws/install/fl_div/share/fl_div/package.ps1'
[18.836s] INFO:colcon.colcon_core.shell:Creating package descriptor '/home/asd/ros2_ws/install/fl_div/share/fl_div/package.dsv'
[18.837s] INFO:colcon.colcon_core.shell:Creating package script '/home/asd/ros2_ws/install/fl_div/share/fl_div/package.sh'
[18.840s] INFO:colcon.colcon_core.shell:Creating package script '/home/asd/ros2_ws/install/fl_div/share/fl_div/package.bash'
[18.842s] INFO:colcon.colcon_core.shell:Creating package script '/home/asd/ros2_ws/install/fl_div/share/fl_div/package.zsh'
[18.844s] Level 1:colcon.colcon_core.environment:create_file_with_runtime_dependencies(/home/asd/ros2_ws/install/fl_div/share/colcon-core/packages/fl_div)
[18.933s] Level 1:colcon.colcon_core.environment:create_environment_scripts_only(fl_div)
[18.934s] Level 1:colcon.colcon_core.environment:checking '/home/asd/ros2_ws/install/fl_div' for CMake module files
[18.936s] Level 1:colcon.colcon_core.environment:checking '/home/asd/ros2_ws/install/fl_div' for CMake config files
[18.936s] Level 1:colcon.colcon_core.shell:create_environment_hook('fl_div', 'cmake_prefix_path')
[18.938s] INFO:colcon.colcon_core.shell:Creating environment hook '/home/asd/ros2_ws/install/fl_div/share/fl_div/hook/cmake_prefix_path.ps1'
[18.939s] INFO:colcon.colcon_core.shell:Creating environment descriptor '/home/asd/ros2_ws/install/fl_div/share/fl_div/hook/cmake_prefix_path.dsv'
[18.939s] INFO:colcon.colcon_core.shell:Creating environment hook '/home/asd/ros2_ws/install/fl_div/share/fl_div/hook/cmake_prefix_path.sh'
[18.941s] Level 1:colcon.colcon_core.environment:checking '/home/asd/ros2_ws/install/fl_div/lib'
[18.941s] Level 1:colcon.colcon_core.environment:checking '/home/asd/ros2_ws/install/fl_div/bin'
[18.942s] Level 1:colcon.colcon_core.environment:checking '/home/asd/ros2_ws/install/fl_div/lib/pkgconfig/fl_div.pc'
[18.942s] Level 1:colcon.colcon_core.environment:checking '/home/asd/ros2_ws/install/fl_div/lib/python3.10/site-packages'
[18.943s] Level 1:colcon.colcon_core.environment:checking '/home/asd/ros2_ws/install/fl_div/bin'
[18.944s] INFO:colcon.colcon_core.shell:Creating package script '/home/asd/ros2_ws/install/fl_div/share/fl_div/package.ps1'
[18.946s] INFO:colcon.colcon_core.shell:Creating package descriptor '/home/asd/ros2_ws/install/fl_div/share/fl_div/package.dsv'
[18.947s] INFO:colcon.colcon_core.shell:Creating package script '/home/asd/ros2_ws/install/fl_div/share/fl_div/package.sh'
[18.952s] INFO:colcon.colcon_core.shell:Creating package script '/home/asd/ros2_ws/install/fl_div/share/fl_div/package.bash'
[18.954s] INFO:colcon.colcon_core.shell:Creating package script '/home/asd/ros2_ws/install/fl_div/share/fl_div/package.zsh'
[18.955s] Level 1:colcon.colcon_core.environment:create_file_with_runtime_dependencies(/home/asd/ros2_ws/install/fl_div/share/colcon-core/packages/fl_div)
[18.956s] DEBUG:colcon.colcon_parallel_executor.executor.parallel:closing loop
[18.957s] DEBUG:colcon.colcon_parallel_executor.executor.parallel:loop closed
[18.958s] DEBUG:colcon.colcon_parallel_executor.executor.parallel:run_until_complete finished with '0'
[18.958s] DEBUG:colcon.colcon_core.event_reactor:joining thread
[18.972s] INFO:colcon.colcon_core.plugin_system:Skipping extension 'colcon_notification.desktop_notification.terminal_notifier': Not used on non-Darwin systems
[18.973s] INFO:colcon.colcon_core.plugin_system:Skipping extension 'colcon_notification.desktop_notification.win32': Not used on non-Windows systems
[18.973s] INFO:colcon.colcon_notification.desktop_notification:Sending desktop notification using 'notify2'
[19.027s] DEBUG:colcon.colcon_core.event_reactor:joined thread
[19.027s] INFO:colcon.colcon_core.shell:Creating prefix script '/home/asd/ros2_ws/install/local_setup.ps1'
[19.031s] INFO:colcon.colcon_core.shell:Creating prefix util module '/home/asd/ros2_ws/install/_local_setup_util_ps1.py'
[19.039s] INFO:colcon.colcon_core.shell:Creating prefix chain script '/home/asd/ros2_ws/install/setup.ps1'
[19.042s] INFO:colcon.colcon_core.shell:Creating prefix script '/home/asd/ros2_ws/install/local_setup.sh'
[19.044s] INFO:colcon.colcon_core.shell:Creating prefix util module '/home/asd/ros2_ws/install/_local_setup_util_sh.py'
[19.045s] INFO:colcon.colcon_core.shell:Creating prefix chain script '/home/asd/ros2_ws/install/setup.sh'
[19.048s] INFO:colcon.colcon_core.shell:Creating prefix script '/home/asd/ros2_ws/install/local_setup.bash'
[19.050s] INFO:colcon.colcon_core.shell:Creating prefix chain script '/home/asd/ros2_ws/install/setup.bash'
[19.053s] INFO:colcon.colcon_core.shell:Creating prefix script '/home/asd/ros2_ws/install/local_setup.zsh'
[19.054s] INFO:colcon.colcon_core.shell:Creating prefix chain script '/home/asd/ros2_ws/install/setup.zsh'
