[0.436s] DEBUG:colcon:Command line arguments: ['/usr/bin/colcon', 'build', '--packages-select', 'my_package']
[0.437s] DEBUG:colcon:Parsed command line arguments: Namespace(log_base=None, log_level=None, verb_name='build', build_base='build', install_base='install', merge_install=False, symlink_install=False, test_result_base=None, continue_on_error=False, executor='parallel', parallel_workers=4, event_handlers=None, ignore_user_meta=False, metas=['./colcon.meta'], base_paths=['.'], packages_ignore=None, packages_ignore_regex=None, paths=None, packages_up_to=None, packages_up_to_regex=None, packages_above=None, packages_above_and_dependencies=None, packages_above_depth=None, packages_select_by_dep=None, packages_skip_by_dep=None, packages_skip_up_to=None, packages_select_build_failed=False, packages_skip_build_finished=False, packages_select_test_failures=False, packages_skip_test_passed=False, packages_select=['my_package'], packages_skip=None, packages_select_regex=None, packages_skip_regex=None, packages_start=None, packages_end=None, allow_overriding=[], cmake_args=None, cmake_target=None, cmake_target_skip_unavailable=False, cmake_clean_cache=False, cmake_clean_first=False, cmake_force_configure=False, ament_cmake_args=None, catkin_cmake_args=None, catkin_skip_building_tests=False, verb_parser=<colcon_defaults.argument_parser.defaults.DefaultArgumentsDecorator object at 0x7a9b84234550>, verb_extension=<colcon_core.verb.build.BuildVerb object at 0x7a9b84234040>, main=<bound method BuildVerb.main of <colcon_core.verb.build.BuildVerb object at 0x7a9b84234040>>)
[1.069s] Level 1:colcon.colcon_core.package_discovery:discover_packages(colcon_meta) check parameters
[1.070s] Level 1:colcon.colcon_core.package_discovery:discover_packages(recursive) check parameters
[1.070s] Level 1:colcon.colcon_core.package_discovery:discover_packages(ignore) check parameters
[1.070s] Level 1:colcon.colcon_core.package_discovery:discover_packages(path) check parameters
[1.070s] Level 1:colcon.colcon_core.package_discovery:discover_packages(colcon_meta) discover
[1.070s] Level 1:colcon.colcon_core.package_discovery:discover_packages(recursive) discover
[1.070s] INFO:colcon.colcon_core.package_discovery:Crawling recursively for packages in '/home/asd/ros2_ws'
[1.071s] Level 1:colcon.colcon_core.package_identification:_identify(.) by extensions ['ignore', 'ignore_ament_install']
[1.071s] Level 1:colcon.colcon_core.package_identification:_identify(.) by extension 'ignore'
[1.071s] Level 1:colcon.colcon_core.package_identification:_identify(.) by extension 'ignore_ament_install'
[1.071s] Level 1:colcon.colcon_core.package_identification:_identify(.) by extensions ['colcon_pkg']
[1.071s] Level 1:colcon.colcon_core.package_identification:_identify(.) by extension 'colcon_pkg'
[1.071s] Level 1:colcon.colcon_core.package_identification:_identify(.) by extensions ['colcon_meta']
[1.072s] Level 1:colcon.colcon_core.package_identification:_identify(.) by extension 'colcon_meta'
[1.072s] Level 1:colcon.colcon_core.package_identification:_identify(.) by extensions ['ros']
[1.072s] Level 1:colcon.colcon_core.package_identification:_identify(.) by extension 'ros'
[1.115s] Level 1:colcon.colcon_core.package_identification:_identify(.) by extensions ['cmake', 'python']
[1.115s] Level 1:colcon.colcon_core.package_identification:_identify(.) by extension 'cmake'
[1.115s] Level 1:colcon.colcon_core.package_identification:_identify(.) by extension 'python'
[1.115s] Level 1:colcon.colcon_core.package_identification:_identify(.) by extensions ['python_setup_py']
[1.116s] Level 1:colcon.colcon_core.package_identification:_identify(.) by extension 'python_setup_py'
[1.116s] Level 1:colcon.colcon_core.package_identification:_identify(build) by extensions ['ignore', 'ignore_ament_install']
[1.116s] Level 1:colcon.colcon_core.package_identification:_identify(build) by extension 'ignore'
[1.116s] Level 1:colcon.colcon_core.package_identification:_identify(build) ignored
[1.117s] Level 1:colcon.colcon_core.package_identification:_identify(install) by extensions ['ignore', 'ignore_ament_install']
[1.117s] Level 1:colcon.colcon_core.package_identification:_identify(install) by extension 'ignore'
[1.117s] Level 1:colcon.colcon_core.package_identification:_identify(install) ignored
[1.118s] Level 1:colcon.colcon_core.package_identification:_identify(log) by extensions ['ignore', 'ignore_ament_install']
[1.118s] Level 1:colcon.colcon_core.package_identification:_identify(log) by extension 'ignore'
[1.118s] Level 1:colcon.colcon_core.package_identification:_identify(log) ignored
[1.118s] Level 1:colcon.colcon_core.package_identification:_identify(src) by extensions ['ignore', 'ignore_ament_install']
[1.119s] Level 1:colcon.colcon_core.package_identification:_identify(src) by extension 'ignore'
[1.119s] Level 1:colcon.colcon_core.package_identification:_identify(src) by extension 'ignore_ament_install'
[1.119s] Level 1:colcon.colcon_core.package_identification:_identify(src) by extensions ['colcon_pkg']
[1.119s] Level 1:colcon.colcon_core.package_identification:_identify(src) by extension 'colcon_pkg'
[1.119s] Level 1:colcon.colcon_core.package_identification:_identify(src) by extensions ['colcon_meta']
[1.119s] Level 1:colcon.colcon_core.package_identification:_identify(src) by extension 'colcon_meta'
[1.120s] Level 1:colcon.colcon_core.package_identification:_identify(src) by extensions ['ros']
[1.120s] Level 1:colcon.colcon_core.package_identification:_identify(src) by extension 'ros'
[1.120s] Level 1:colcon.colcon_core.package_identification:_identify(src) by extensions ['cmake', 'python']
[1.120s] Level 1:colcon.colcon_core.package_identification:_identify(src) by extension 'cmake'
[1.120s] Level 1:colcon.colcon_core.package_identification:_identify(src) by extension 'python'
[1.120s] Level 1:colcon.colcon_core.package_identification:_identify(src) by extensions ['python_setup_py']
[1.120s] Level 1:colcon.colcon_core.package_identification:_identify(src) by extension 'python_setup_py'
[1.121s] Level 1:colcon.colcon_core.package_identification:_identify(src/cpp_srvcli) by extensions ['ignore', 'ignore_ament_install']
[1.121s] Level 1:colcon.colcon_core.package_identification:_identify(src/cpp_srvcli) by extension 'ignore'
[1.121s] Level 1:colcon.colcon_core.package_identification:_identify(src/cpp_srvcli) by extension 'ignore_ament_install'
[1.121s] Level 1:colcon.colcon_core.package_identification:_identify(src/cpp_srvcli) by extensions ['colcon_pkg']
[1.122s] Level 1:colcon.colcon_core.package_identification:_identify(src/cpp_srvcli) by extension 'colcon_pkg'
[1.122s] Level 1:colcon.colcon_core.package_identification:_identify(src/cpp_srvcli) by extensions ['colcon_meta']
[1.122s] Level 1:colcon.colcon_core.package_identification:_identify(src/cpp_srvcli) by extension 'colcon_meta'
[1.122s] Level 1:colcon.colcon_core.package_identification:_identify(src/cpp_srvcli) by extensions ['ros']
[1.122s] Level 1:colcon.colcon_core.package_identification:_identify(src/cpp_srvcli) by extension 'ros'
[1.130s] DEBUG:colcon.colcon_core.package_identification:Package 'src/cpp_srvcli' with type 'ros.ament_cmake' and name 'cpp_srvcli'
[1.130s] Level 1:colcon.colcon_core.package_identification:_identify(src/my_package) by extensions ['ignore', 'ignore_ament_install']
[1.130s] Level 1:colcon.colcon_core.package_identification:_identify(src/my_package) by extension 'ignore'
[1.130s] Level 1:colcon.colcon_core.package_identification:_identify(src/my_package) by extension 'ignore_ament_install'
[1.131s] Level 1:colcon.colcon_core.package_identification:_identify(src/my_package) by extensions ['colcon_pkg']
[1.131s] Level 1:colcon.colcon_core.package_identification:_identify(src/my_package) by extension 'colcon_pkg'
[1.131s] Level 1:colcon.colcon_core.package_identification:_identify(src/my_package) by extensions ['colcon_meta']
[1.131s] Level 1:colcon.colcon_core.package_identification:_identify(src/my_package) by extension 'colcon_meta'
[1.131s] Level 1:colcon.colcon_core.package_identification:_identify(src/my_package) by extensions ['ros']
[1.131s] Level 1:colcon.colcon_core.package_identification:_identify(src/my_package) by extension 'ros'
[1.133s] DEBUG:colcon.colcon_core.package_identification:Package 'src/my_package' with type 'ros.ament_cmake' and name 'my_package'
[1.133s] Level 1:colcon.colcon_core.package_identification:_identify(src/my_robot_interfaces) by extensions ['ignore', 'ignore_ament_install']
[1.133s] Level 1:colcon.colcon_core.package_identification:_identify(src/my_robot_interfaces) by extension 'ignore'
[1.134s] Level 1:colcon.colcon_core.package_identification:_identify(src/my_robot_interfaces) by extension 'ignore_ament_install'
[1.134s] Level 1:colcon.colcon_core.package_identification:_identify(src/my_robot_interfaces) by extensions ['colcon_pkg']
[1.134s] Level 1:colcon.colcon_core.package_identification:_identify(src/my_robot_interfaces) by extension 'colcon_pkg'
[1.134s] Level 1:colcon.colcon_core.package_identification:_identify(src/my_robot_interfaces) by extensions ['colcon_meta']
[1.134s] Level 1:colcon.colcon_core.package_identification:_identify(src/my_robot_interfaces) by extension 'colcon_meta'
[1.134s] Level 1:colcon.colcon_core.package_identification:_identify(src/my_robot_interfaces) by extensions ['ros']
[1.134s] Level 1:colcon.colcon_core.package_identification:_identify(src/my_robot_interfaces) by extension 'ros'
[1.137s] DEBUG:colcon.colcon_core.package_identification:Package 'src/my_robot_interfaces' with type 'ros.ament_cmake' and name 'my_robot_interfaces'
[1.137s] Level 1:colcon.colcon_core.package_discovery:discover_packages(recursive) using defaults
[1.137s] Level 1:colcon.colcon_core.package_discovery:discover_packages(ignore) discover
[1.137s] Level 1:colcon.colcon_core.package_discovery:discover_packages(ignore) using defaults
[1.137s] Level 1:colcon.colcon_core.package_discovery:discover_packages(path) discover
[1.137s] Level 1:colcon.colcon_core.package_discovery:discover_packages(path) using defaults
[1.200s] INFO:colcon.colcon_core.package_selection:Skipping not selected package 'cpp_srvcli' in 'src/cpp_srvcli'
[1.200s] INFO:colcon.colcon_core.package_selection:Skipping not selected package 'my_robot_interfaces' in 'src/my_robot_interfaces'
[1.201s] Level 1:colcon.colcon_core.package_discovery:discover_packages(prefix_path) check parameters
[1.201s] Level 1:colcon.colcon_core.package_discovery:discover_packages(prefix_path) discover
[1.211s] DEBUG:colcon.colcon_installed_package_information.package_discovery:Found 281 installed packages in /opt/ros/iron
[1.241s] Level 1:colcon.colcon_core.package_discovery:discover_packages(prefix_path) using defaults
[1.457s] Level 5:colcon.colcon_core.verb:set package 'my_package' build argument 'cmake_args' from command line to 'None'
[1.457s] Level 5:colcon.colcon_core.verb:set package 'my_package' build argument 'cmake_target' from command line to 'None'
[1.457s] Level 5:colcon.colcon_core.verb:set package 'my_package' build argument 'cmake_target_skip_unavailable' from command line to 'False'
[1.457s] Level 5:colcon.colcon_core.verb:set package 'my_package' build argument 'cmake_clean_cache' from command line to 'False'
[1.457s] Level 5:colcon.colcon_core.verb:set package 'my_package' build argument 'cmake_clean_first' from command line to 'False'
[1.458s] Level 5:colcon.colcon_core.verb:set package 'my_package' build argument 'cmake_force_configure' from command line to 'False'
[1.458s] Level 5:colcon.colcon_core.verb:set package 'my_package' build argument 'ament_cmake_args' from command line to 'None'
[1.458s] Level 5:colcon.colcon_core.verb:set package 'my_package' build argument 'catkin_cmake_args' from command line to 'None'
[1.458s] Level 5:colcon.colcon_core.verb:set package 'my_package' build argument 'catkin_skip_building_tests' from command line to 'False'
[1.458s] DEBUG:colcon.colcon_core.verb:Building package 'my_package' with the following arguments: {'ament_cmake_args': None, 'build_base': '/home/asd/ros2_ws/build/my_package', 'catkin_cmake_args': None, 'catkin_skip_building_tests': False, 'cmake_args': None, 'cmake_clean_cache': False, 'cmake_clean_first': False, 'cmake_force_configure': False, 'cmake_target': None, 'cmake_target_skip_unavailable': False, 'install_base': '/home/asd/ros2_ws/install/my_package', 'merge_install': False, 'path': '/home/asd/ros2_ws/src/my_package', 'symlink_install': False, 'test_result_base': None}
[1.458s] INFO:colcon.colcon_core.executor:Executing jobs using 'parallel' executor
[1.461s] DEBUG:colcon.colcon_parallel_executor.executor.parallel:run_until_complete
[1.461s] INFO:colcon.colcon_ros.task.ament_cmake.build:Building ROS package in '/home/asd/ros2_ws/src/my_package' with build type 'ament_cmake'
[1.462s] INFO:colcon.colcon_cmake.task.cmake.build:Building CMake package in '/home/asd/ros2_ws/src/my_package'
[1.468s] INFO:colcon.colcon_core.plugin_system:Skipping extension 'colcon_core.shell.bat': Not used on non-Windows systems
[1.468s] INFO:colcon.colcon_core.shell:Skip shell extension 'powershell' for command environment: Not usable outside of PowerShell
[1.468s] DEBUG:colcon.colcon_core.shell:Skip shell extension 'dsv' for command environment
[1.508s] DEBUG:colcon.colcon_core.event_handler.log_command:Invoking command in '/home/asd/ros2_ws/build/my_package': CMAKE_PREFIX_PATH=/opt/ros/iron /usr/bin/cmake /home/asd/ros2_ws/src/my_package -DCMAKE_INSTALL_PREFIX=/home/asd/ros2_ws/install/my_package
[5.552s] DEBUG:colcon.colcon_core.event_handler.log_command:Invoked command in '/home/asd/ros2_ws/build/my_package' returned '0': CMAKE_PREFIX_PATH=/opt/ros/iron /usr/bin/cmake /home/asd/ros2_ws/src/my_package -DCMAKE_INSTALL_PREFIX=/home/asd/ros2_ws/install/my_package
[5.573s] DEBUG:colcon.colcon_core.event_handler.log_command:Invoking command in '/home/asd/ros2_ws/build/my_package': CMAKE_PREFIX_PATH=/opt/ros/iron /usr/bin/cmake --build /home/asd/ros2_ws/build/my_package -- -j4 -l4
[16.108s] DEBUG:colcon.colcon_core.event_handler.log_command:Invoked command in '/home/asd/ros2_ws/build/my_package' returned '0': CMAKE_PREFIX_PATH=/opt/ros/iron /usr/bin/cmake --build /home/asd/ros2_ws/build/my_package -- -j4 -l4
[16.320s] DEBUG:colcon.colcon_core.event_handler.log_command:Invoking command in '/home/asd/ros2_ws/build/my_package': CMAKE_PREFIX_PATH=/opt/ros/iron /usr/bin/cmake --install /home/asd/ros2_ws/build/my_package
[16.556s] Level 1:colcon.colcon_core.environment:create_environment_scripts_only(my_package)
[16.559s] DEBUG:colcon.colcon_core.event_handler.log_command:Invoked command in '/home/asd/ros2_ws/build/my_package' returned '0': CMAKE_PREFIX_PATH=/opt/ros/iron /usr/bin/cmake --install /home/asd/ros2_ws/build/my_package
[16.563s] Level 1:colcon.colcon_core.environment:checking '/home/asd/ros2_ws/install/my_package' for CMake module files
[16.566s] Level 1:colcon.colcon_core.environment:checking '/home/asd/ros2_ws/install/my_package' for CMake config files
[16.567s] Level 1:colcon.colcon_core.shell:create_environment_hook('my_package', 'cmake_prefix_path')
[16.568s] INFO:colcon.colcon_core.shell:Creating environment hook '/home/asd/ros2_ws/install/my_package/share/my_package/hook/cmake_prefix_path.ps1'
[16.570s] INFO:colcon.colcon_core.shell:Creating environment descriptor '/home/asd/ros2_ws/install/my_package/share/my_package/hook/cmake_prefix_path.dsv'
[16.575s] INFO:colcon.colcon_core.shell:Creating environment hook '/home/asd/ros2_ws/install/my_package/share/my_package/hook/cmake_prefix_path.sh'
[16.578s] Level 1:colcon.colcon_core.environment:checking '/home/asd/ros2_ws/install/my_package/lib'
[16.578s] Level 1:colcon.colcon_core.shell:create_environment_hook('my_package', 'ld_library_path_lib')
[16.579s] INFO:colcon.colcon_core.shell:Creating environment hook '/home/asd/ros2_ws/install/my_package/share/my_package/hook/ld_library_path_lib.ps1'
[16.580s] INFO:colcon.colcon_core.shell:Creating environment descriptor '/home/asd/ros2_ws/install/my_package/share/my_package/hook/ld_library_path_lib.dsv'
[16.581s] INFO:colcon.colcon_core.shell:Creating environment hook '/home/asd/ros2_ws/install/my_package/share/my_package/hook/ld_library_path_lib.sh'
[16.582s] Level 1:colcon.colcon_core.environment:checking '/home/asd/ros2_ws/install/my_package/bin'
[16.582s] Level 1:colcon.colcon_core.environment:checking '/home/asd/ros2_ws/install/my_package/lib/pkgconfig/my_package.pc'
[16.583s] Level 1:colcon.colcon_core.environment:checking '/home/asd/ros2_ws/install/my_package/lib/python3.10/site-packages'
[16.583s] Level 1:colcon.colcon_core.shell:create_environment_hook('my_package', 'pythonpath')
[16.584s] INFO:colcon.colcon_core.shell:Creating environment hook '/home/asd/ros2_ws/install/my_package/share/my_package/hook/pythonpath.ps1'
[16.584s] INFO:colcon.colcon_core.shell:Creating environment descriptor '/home/asd/ros2_ws/install/my_package/share/my_package/hook/pythonpath.dsv'
[16.585s] INFO:colcon.colcon_core.shell:Creating environment hook '/home/asd/ros2_ws/install/my_package/share/my_package/hook/pythonpath.sh'
[16.587s] Level 1:colcon.colcon_core.environment:checking '/home/asd/ros2_ws/install/my_package/bin'
[16.588s] INFO:colcon.colcon_core.shell:Creating package script '/home/asd/ros2_ws/install/my_package/share/my_package/package.ps1'
[16.591s] INFO:colcon.colcon_core.shell:Creating package descriptor '/home/asd/ros2_ws/install/my_package/share/my_package/package.dsv'
[16.593s] INFO:colcon.colcon_core.shell:Creating package script '/home/asd/ros2_ws/install/my_package/share/my_package/package.sh'
[16.596s] INFO:colcon.colcon_core.shell:Creating package script '/home/asd/ros2_ws/install/my_package/share/my_package/package.bash'
[16.599s] INFO:colcon.colcon_core.shell:Creating package script '/home/asd/ros2_ws/install/my_package/share/my_package/package.zsh'
[16.601s] Level 1:colcon.colcon_core.environment:create_file_with_runtime_dependencies(/home/asd/ros2_ws/install/my_package/share/colcon-core/packages/my_package)
[16.808s] Level 1:colcon.colcon_core.environment:create_environment_scripts_only(my_package)
[16.809s] Level 1:colcon.colcon_core.environment:checking '/home/asd/ros2_ws/install/my_package' for CMake module files
[16.812s] Level 1:colcon.colcon_core.environment:checking '/home/asd/ros2_ws/install/my_package' for CMake config files
[16.814s] Level 1:colcon.colcon_core.shell:create_environment_hook('my_package', 'cmake_prefix_path')
[16.814s] INFO:colcon.colcon_core.shell:Creating environment hook '/home/asd/ros2_ws/install/my_package/share/my_package/hook/cmake_prefix_path.ps1'
[16.816s] INFO:colcon.colcon_core.shell:Creating environment descriptor '/home/asd/ros2_ws/install/my_package/share/my_package/hook/cmake_prefix_path.dsv'
[16.816s] INFO:colcon.colcon_core.shell:Creating environment hook '/home/asd/ros2_ws/install/my_package/share/my_package/hook/cmake_prefix_path.sh'
[16.818s] Level 1:colcon.colcon_core.environment:checking '/home/asd/ros2_ws/install/my_package/lib'
[16.818s] Level 1:colcon.colcon_core.shell:create_environment_hook('my_package', 'ld_library_path_lib')
[16.819s] INFO:colcon.colcon_core.shell:Creating environment hook '/home/asd/ros2_ws/install/my_package/share/my_package/hook/ld_library_path_lib.ps1'
[16.820s] INFO:colcon.colcon_core.shell:Creating environment descriptor '/home/asd/ros2_ws/install/my_package/share/my_package/hook/ld_library_path_lib.dsv'
[16.821s] INFO:colcon.colcon_core.shell:Creating environment hook '/home/asd/ros2_ws/install/my_package/share/my_package/hook/ld_library_path_lib.sh'
[16.822s] Level 1:colcon.colcon_core.environment:checking '/home/asd/ros2_ws/install/my_package/bin'
[16.822s] Level 1:colcon.colcon_core.environment:checking '/home/asd/ros2_ws/install/my_package/lib/pkgconfig/my_package.pc'
[16.823s] Level 1:colcon.colcon_core.environment:checking '/home/asd/ros2_ws/install/my_package/lib/python3.10/site-packages'
[16.823s] Level 1:colcon.colcon_core.shell:create_environment_hook('my_package', 'pythonpath')
[16.824s] INFO:colcon.colcon_core.shell:Creating environment hook '/home/asd/ros2_ws/install/my_package/share/my_package/hook/pythonpath.ps1'
[16.825s] INFO:colcon.colcon_core.shell:Creating environment descriptor '/home/asd/ros2_ws/install/my_package/share/my_package/hook/pythonpath.dsv'
[16.826s] INFO:colcon.colcon_core.shell:Creating environment hook '/home/asd/ros2_ws/install/my_package/share/my_package/hook/pythonpath.sh'
[16.828s] Level 1:colcon.colcon_core.environment:checking '/home/asd/ros2_ws/install/my_package/bin'
[16.830s] INFO:colcon.colcon_core.shell:Creating package script '/home/asd/ros2_ws/install/my_package/share/my_package/package.ps1'
[16.831s] INFO:colcon.colcon_core.shell:Creating package descriptor '/home/asd/ros2_ws/install/my_package/share/my_package/package.dsv'
[16.833s] INFO:colcon.colcon_core.shell:Creating package script '/home/asd/ros2_ws/install/my_package/share/my_package/package.sh'
[16.835s] INFO:colcon.colcon_core.shell:Creating package script '/home/asd/ros2_ws/install/my_package/share/my_package/package.bash'
[16.836s] INFO:colcon.colcon_core.shell:Creating package script '/home/asd/ros2_ws/install/my_package/share/my_package/package.zsh'
[16.837s] Level 1:colcon.colcon_core.environment:create_file_with_runtime_dependencies(/home/asd/ros2_ws/install/my_package/share/colcon-core/packages/my_package)
[16.838s] DEBUG:colcon.colcon_parallel_executor.executor.parallel:closing loop
[16.839s] DEBUG:colcon.colcon_parallel_executor.executor.parallel:loop closed
[16.839s] DEBUG:colcon.colcon_parallel_executor.executor.parallel:run_until_complete finished with '0'
[16.839s] DEBUG:colcon.colcon_core.event_reactor:joining thread
[16.858s] INFO:colcon.colcon_core.plugin_system:Skipping extension 'colcon_notification.desktop_notification.terminal_notifier': Not used on non-Darwin systems
[16.858s] INFO:colcon.colcon_core.plugin_system:Skipping extension 'colcon_notification.desktop_notification.win32': Not used on non-Windows systems
[16.858s] INFO:colcon.colcon_notification.desktop_notification:Sending desktop notification using 'notify2'
[16.902s] DEBUG:colcon.colcon_core.event_reactor:joined thread
[16.902s] INFO:colcon.colcon_core.shell:Creating prefix script '/home/asd/ros2_ws/install/local_setup.ps1'
[16.913s] INFO:colcon.colcon_core.shell:Creating prefix util module '/home/asd/ros2_ws/install/_local_setup_util_ps1.py'
[16.919s] INFO:colcon.colcon_core.shell:Creating prefix chain script '/home/asd/ros2_ws/install/setup.ps1'
[16.922s] INFO:colcon.colcon_core.shell:Creating prefix script '/home/asd/ros2_ws/install/local_setup.sh'
[16.924s] INFO:colcon.colcon_core.shell:Creating prefix util module '/home/asd/ros2_ws/install/_local_setup_util_sh.py'
[16.925s] INFO:colcon.colcon_core.shell:Creating prefix chain script '/home/asd/ros2_ws/install/setup.sh'
[16.930s] INFO:colcon.colcon_core.shell:Creating prefix script '/home/asd/ros2_ws/install/local_setup.bash'
[16.932s] INFO:colcon.colcon_core.shell:Creating prefix chain script '/home/asd/ros2_ws/install/setup.bash'
[16.936s] INFO:colcon.colcon_core.shell:Creating prefix script '/home/asd/ros2_ws/install/local_setup.zsh'
[16.937s] INFO:colcon.colcon_core.shell:Creating prefix chain script '/home/asd/ros2_ws/install/setup.zsh'
