[0.044s] Invoking command in '/home/asd/ros2_ws/build/float_division': AMENT_PREFIX_PATH=/home/asd/ros2_ws/install/my_package:${AMENT_PREFIX_PATH} CMAKE_PREFIX_PATH=/home/asd/ros2_ws/install/my_package:/opt/ros/iron LD_LIBRARY_PATH=/home/asd/ros2_ws/install/my_package/lib:${LD_LIBRARY_PATH} PYTHONPATH=/home/asd/ros2_ws/install/my_package/lib/python3.10/site-packages:${PYTHONPATH} /usr/bin/cmake --build /home/asd/ros2_ws/build/float_division -- -j4 -l4
[0.137s] -- Found ament_cmake: 2.0.4 (/opt/ros/iron/share/ament_cmake/cmake)
[0.664s] -- Found rclcpp: 21.0.5 (/opt/ros/iron/share/rclcpp/cmake)
[0.808s] -- Found rosidl_generator_c: 4.0.1 (/opt/ros/iron/share/rosidl_generator_c/cmake)
[0.858s] -- Found rosidl_generator_cpp: 4.0.1 (/opt/ros/iron/share/rosidl_generator_cpp/cmake)
[0.928s] -- Using all available rosidl_typesupport_c: rosidl_typesupport_fastrtps_c;rosidl_typesupport_introspection_c
[1.017s] -- Using all available rosidl_typesupport_cpp: rosidl_typesupport_fastrtps_cpp;rosidl_typesupport_introspection_cpp
[2.301s] -- Found rmw_implementation_cmake: 7.1.0 (/opt/ros/iron/share/rmw_implementation_cmake/cmake)
[2.307s] -- Found rmw_fastrtps_cpp: 7.1.3 (/opt/ros/iron/share/rmw_fastrtps_cpp/cmake)
[2.950s] -- Using RMW implementation 'rmw_fastrtps_cpp' as default
[4.247s] -- Found my_package: 0.0.0 (/home/asd/ros2_ws/install/my_package/share/my_package/cmake)
[7.346s] -- Configuring done
[7.413s] -- Generating done
[7.426s] -- Build files have been written to: /home/asd/ros2_ws/build/float_division
[7.544s] [ 25%] [32mBuilding CXX object CMakeFiles/server.dir/src/input_numbers_server.cpp.o[0m
[7.557s] [ 50%] [32mBuilding CXX object CMakeFiles/client.dir/src/input_numbers_client.cpp.o[0m
[8.577s] [01m[K/home/asd/ros2_ws/src/float_division/src/input_numbers_server.cpp:2:10:[m[K [01;31m[Kfatal error: [m[Kmy_package/srv/DivideTwoFloats.hpp: No such file or directory
[8.578s]     2 | #include [01;31m[K"my_package/srv/DivideTwoFloats.hpp"[m[K // Importáljuk a saját szolgáltatás fájlt
[8.578s]       |          [01;31m[K^~~~~~~~~~~~~~~~~~~~~~~~~~~~~~~~~~~~[m[K
[8.578s] compilation terminated.
[8.580s] [01m[K/home/asd/ros2_ws/src/float_division/src/input_numbers_client.cpp:2:10:[m[K [01;31m[Kfatal error: [m[Kmy_package/srv/DivideTwoFloats.hpp: No such file or directory
[8.581s]     2 | #include [01;31m[K"my_package/srv/DivideTwoFloats.hpp"[m[K
[8.581s]       |          [01;31m[K^~~~~~~~~~~~~~~~~~~~~~~~~~~~~~~~~~~~[m[K
[8.582s] compilation terminated.
[8.587s] gmake[2]: *** [CMakeFiles/server.dir/build.make:76: CMakeFiles/server.dir/src/input_numbers_server.cpp.o] Error 1
[8.587s] gmake[1]: *** [CMakeFiles/Makefile2:139: CMakeFiles/server.dir/all] Error 2
[8.588s] gmake[1]: *** Waiting for unfinished jobs....
[8.592s] gmake[2]: *** [CMakeFiles/client.dir/build.make:76: CMakeFiles/client.dir/src/input_numbers_client.cpp.o] Error 1
[8.593s] gmake[1]: *** [CMakeFiles/Makefile2:165: CMakeFiles/client.dir/all] Error 2
[8.593s] gmake: *** [Makefile:146: all] Error 2
[8.601s] Invoked command in '/home/asd/ros2_ws/build/float_division' returned '2': AMENT_PREFIX_PATH=/home/asd/ros2_ws/install/my_package:${AMENT_PREFIX_PATH} CMAKE_PREFIX_PATH=/home/asd/ros2_ws/install/my_package:/opt/ros/iron LD_LIBRARY_PATH=/home/asd/ros2_ws/install/my_package/lib:${LD_LIBRARY_PATH} PYTHONPATH=/home/asd/ros2_ws/install/my_package/lib/python3.10/site-packages:${PYTHONPATH} /usr/bin/cmake --build /home/asd/ros2_ws/build/float_division -- -j4 -l4
