[0.074s] Invoking command in '/home/asd/ros2_ws/build/cpp_srvcli': CMAKE_PREFIX_PATH=/opt/ros/iron /usr/bin/cmake --build /home/asd/ros2_ws/build/cpp_srvcli -- -j4 -l4
[0.237s] [35m[1mConsolidate compiler generated dependencies of target server[0m
[0.266s] [35m[1mConsolidate compiler generated dependencies of target client[0m
[0.313s] [ 25%] [32mBuilding CXX object CMakeFiles/server.dir/src/add_two_ints_server.cpp.o[0m
[0.344s] [ 50%] [32mBuilding CXX object CMakeFiles/client.dir/src/add_two_ints_client.cpp.o[0m
[11.286s] In file included from [01m[K/opt/ros/iron/include/example_interfaces/example_interfaces/srv/add_two_ints.hpp:7[m[K,
[11.287s]                  from [01m[K/home/asd/ros2_ws/src/cpp_srvcli/src/add_two_ints_client.cpp:2[m[K:
[11.287s] [01m[K/opt/ros/iron/include/example_interfaces/example_interfaces/srv/detail/add_two_ints__struct.hpp:59:5:[m[K [01;31m[Kerror: [m[K‘[01m[Kfloat64_t[m[K’ does not name a type; did you mean ‘[01m[Kfloat_t[m[K’?
[11.287s]    59 |     [01;31m[Kfloat64_t[m[K;
[11.287s]       |     [01;31m[K^~~~~~~~~[m[K
[11.288s]       |     [32m[Kfloat_t[m[K
[11.292s] [01m[K/opt/ros/iron/include/example_interfaces/example_interfaces/srv/detail/add_two_ints__struct.hpp:60:3:[m[K [01;31m[Kerror: [m[K‘[01m[K_a_type[m[K’ does not name a type
[11.292s]    60 |   [01;31m[K_a_type[m[K a;
[11.292s]       |   [01;31m[K^~~~~~~[m[K
[11.297s] [01m[K/opt/ros/iron/include/example_interfaces/example_interfaces/srv/detail/add_two_ints__struct.hpp:62:5:[m[K [01;31m[Kerror: [m[K‘[01m[Kfloat64_t[m[K’ does not name a type; did you mean ‘[01m[Kfloat_t[m[K’?
[11.297s]    62 |     [01;31m[Kfloat64_t[m[K;
[11.297s]       |     [01;31m[K^~~~~~~~~[m[K
[11.301s]       |     [32m[Kfloat_t[m[K
[11.302s] [01m[K/opt/ros/iron/include/example_interfaces/example_interfaces/srv/detail/add_two_ints__struct.hpp:63:3:[m[K [01;31m[Kerror: [m[K‘[01m[K_b_type[m[K’ does not name a type
[11.309s]    63 |   [01;31m[K_b_type[m[K b;
[11.309s]       |   [01;31m[K^~~~~~~[m[K
[11.319s] [01m[K/opt/ros/iron/include/example_interfaces/example_interfaces/srv/detail/add_two_ints__struct.hpp:67:11:[m[K [01;31m[Kerror: [m[K‘[01m[Kfloat64_t[m[K’ does not name a type; did you mean ‘[01m[Kfloat_t[m[K’?
[11.325s]    67 |     const [01;31m[Kfloat64_t[m[K & _arg)
[11.325s]       |           [01;31m[K^~~~~~~~~[m[K
[11.325s]       |           [32m[Kfloat_t[m[K
[11.325s] [01m[K/opt/ros/iron/include/example_interfaces/example_interfaces/srv/detail/add_two_ints__struct.hpp:73:11:[m[K [01;31m[Kerror: [m[K‘[01m[Kfloat64_t[m[K’ does not name a type; did you mean ‘[01m[Kfloat_t[m[K’?
[11.326s]    73 |     const [01;31m[Kfloat64_t[m[K & _arg)
[11.326s]       |           [01;31m[K^~~~~~~~~[m[K
[11.326s]       |           [32m[Kfloat_t[m[K
[11.327s] [01m[K/opt/ros/iron/include/example_interfaces/example_interfaces/srv/detail/add_two_ints__struct.hpp:185:5:[m[K [01;31m[Kerror: [m[K‘[01m[Kfloat64_t[m[K’ does not name a type; did you mean ‘[01m[Kfloat_t[m[K’?
[11.327s]   185 |     [01;31m[Kfloat64_t[m[K;
[11.327s]       |     [01;31m[K^~~~~~~~~[m[K
[11.328s]       |     [32m[Kfloat_t[m[K
[11.328s] [01m[K/opt/ros/iron/include/example_interfaces/example_interfaces/srv/detail/add_two_ints__struct.hpp:186:3:[m[K [01;31m[Kerror: [m[K‘[01m[K_sum_type[m[K’ does not name a type
[11.328s]   186 |   [01;31m[K_sum_type[m[K sum;
[11.329s]       |   [01;31m[K^~~~~~~~~[m[K
[11.332s] [01m[K/opt/ros/iron/include/example_interfaces/example_interfaces/srv/detail/add_two_ints__struct.hpp:190:11:[m[K [01;31m[Kerror: [m[K‘[01m[Kfloat64_t[m[K’ does not name a type; did you mean ‘[01m[Kfloat_t[m[K’?
[11.332s]   190 |     const [01;31m[Kfloat64_t[m[K & _arg)
[11.332s]       |           [01;31m[K^~~~~~~~~[m[K
[11.333s]       |           [32m[Kfloat_t[m[K
[11.374s] In file included from [01m[K/opt/ros/iron/include/example_interfaces/example_interfaces/srv/add_two_ints.hpp:7[m[K,
[11.375s]                  from [01m[K/home/asd/ros2_ws/src/cpp_srvcli/src/add_two_ints_server.cpp:2[m[K:
[11.375s] [01m[K/opt/ros/iron/include/example_interfaces/example_interfaces/srv/detail/add_two_ints__struct.hpp:59:5:[m[K [01;31m[Kerror: [m[K‘[01m[Kfloat64_t[m[K’ does not name a type; did you mean ‘[01m[Kfloat_t[m[K’?
[11.376s]    59 |     [01;31m[Kfloat64_t[m[K;
[11.376s]       |     [01;31m[K^~~~~~~~~[m[K
[11.376s]       |     [32m[Kfloat_t[m[K
[11.377s] [01m[K/opt/ros/iron/include/example_interfaces/example_interfaces/srv/detail/add_two_ints__struct.hpp:60:3:[m[K [01;31m[Kerror: [m[K‘[01m[K_a_type[m[K’ does not name a type
[11.377s]    60 |   [01;31m[K_a_type[m[K a;
[11.377s]       |   [01;31m[K^~~~~~~[m[K
[11.381s] [01m[K/opt/ros/iron/include/example_interfaces/example_interfaces/srv/detail/add_two_ints__struct.hpp:62:5:[m[K [01;31m[Kerror: [m[K‘[01m[Kfloat64_t[m[K’ does not name a type; did you mean ‘[01m[Kfloat_t[m[K’?
[11.382s]    62 |     [01;31m[Kfloat64_t[m[K;
[11.382s]       |     [01;31m[K^~~~~~~~~[m[K
[11.382s]       |     [32m[Kfloat_t[m[K
[11.387s] [01m[K/opt/ros/iron/include/example_interfaces/example_interfaces/srv/detail/add_two_ints__struct.hpp:63:3:[m[K [01;31m[Kerror: [m[K‘[01m[K_b_type[m[K’ does not name a type
[11.387s]    63 |   [01;31m[K_b_type[m[K b;
[11.387s]       |   [01;31m[K^~~~~~~[m[K
[11.391s] [01m[K/opt/ros/iron/include/example_interfaces/example_interfaces/srv/detail/add_two_ints__struct.hpp:67:11:[m[K [01;31m[Kerror: [m[K‘[01m[Kfloat64_t[m[K’ does not name a type; did you mean ‘[01m[Kfloat_t[m[K’?
[11.392s]    67 |     const [01;31m[Kfloat64_t[m[K & _arg)
[11.392s]       |           [01;31m[K^~~~~~~~~[m[K
[11.392s]       |           [32m[Kfloat_t[m[K
[11.397s] [01m[K/opt/ros/iron/include/example_interfaces/example_interfaces/srv/detail/add_two_ints__struct.hpp:73:11:[m[K [01;31m[Kerror: [m[K‘[01m[Kfloat64_t[m[K’ does not name a type; did you mean ‘[01m[Kfloat_t[m[K’?
[11.397s]    73 |     const [01;31m[Kfloat64_t[m[K & _arg)
[11.398s]       |           [01;31m[K^~~~~~~~~[m[K
[11.398s]       |           [32m[Kfloat_t[m[K
[11.404s] [01m[K/opt/ros/iron/include/example_interfaces/example_interfaces/srv/detail/add_two_ints__struct.hpp:185:5:[m[K [01;31m[Kerror: [m[K‘[01m[Kfloat64_t[m[K’ does not name a type; did you mean ‘[01m[Kfloat_t[m[K’?
[11.404s]   185 |     [01;31m[Kfloat64_t[m[K;
[11.404s]       |     [01;31m[K^~~~~~~~~[m[K
[11.404s]       |     [32m[Kfloat_t[m[K
[11.411s] [01m[K/opt/ros/iron/include/example_interfaces/example_interfaces/srv/detail/add_two_ints__struct.hpp:186:3:[m[K [01;31m[Kerror: [m[K‘[01m[K_sum_type[m[K’ does not name a type
[11.411s]   186 |   [01;31m[K_sum_type[m[K sum;
[11.411s]       |   [01;31m[K^~~~~~~~~[m[K
[11.416s] [01m[K/opt/ros/iron/include/example_interfaces/example_interfaces/srv/detail/add_two_ints__struct.hpp:190:11:[m[K [01;31m[Kerror: [m[K‘[01m[Kfloat64_t[m[K’ does not name a type; did you mean ‘[01m[Kfloat_t[m[K’?
[11.416s]   190 |     const [01;31m[Kfloat64_t[m[K & _arg)
[11.416s]       |           [01;31m[K^~~~~~~~~[m[K
[11.417s]       |           [32m[Kfloat_t[m[K
[11.659s] In file included from [01m[K/opt/ros/iron/include/example_interfaces/example_interfaces/srv/add_two_ints.hpp:8[m[K,
[11.659s]                  from [01m[K/home/asd/ros2_ws/src/cpp_srvcli/src/add_two_ints_client.cpp:2[m[K:
[11.659s] [01m[K/opt/ros/iron/include/example_interfaces/example_interfaces/srv/detail/add_two_ints__builder.hpp:30:51:[m[K [01;31m[Kerror: [m[K‘[01m[Kexample_interfaces::srv::AddTwoInts_Request::_b_type[m[K’ has not been declared
[11.660s]    30 |   ::example_interfaces::srv::AddTwoInts_Request b([01;31m[K::[m[Kexample_interfaces::srv::AddTwoInts_Request::_b_type arg)
[11.660s]       |                                                   [01;31m[K^~[m[K
[11.661s] In file included from [01m[K/opt/ros/iron/include/example_interfaces/example_interfaces/srv/add_two_ints.hpp:8[m[K,
[11.661s]                  from [01m[K/home/asd/ros2_ws/src/cpp_srvcli/src/add_two_ints_server.cpp:2[m[K:
[11.661s] [01m[K/opt/ros/iron/include/example_interfaces/example_interfaces/srv/detail/add_two_ints__builder.hpp:30:51:[m[K [01;31m[Kerror: [m[K‘[01m[Kexample_interfaces::srv::AddTwoInts_Request::_b_type[m[K’ has not been declared
[11.662s]    30 |   ::example_interfaces::srv::AddTwoInts_Request b([01;31m[K::[m[Kexample_interfaces::srv::AddTwoInts_Request::_b_type arg)
[11.662s]       |                                                   [01;31m[K^~[m[K
[11.662s] [01m[K/opt/ros/iron/include/example_interfaces/example_interfaces/srv/detail/add_two_ints__builder.hpp:[m[K In member function ‘[01m[Kexample_interfaces::srv::AddTwoInts_Request example_interfaces::srv::builder::Init_AddTwoInts_Request_b::b(int)[m[K’:
[11.663s] [01m[K/opt/ros/iron/include/example_interfaces/example_interfaces/srv/detail/add_two_ints__builder.hpp:32:10:[m[K [01;31m[Kerror: [m[K‘[01m[Kusing AddTwoInts_Request = struct example_interfaces::srv::AddTwoInts_Request_<std::allocator<void> >[m[K’ {aka ‘[01m[Kstruct example_interfaces::srv::AddTwoInts_Request_<std::allocator<void> >[m[K’} has no member named ‘[01m[Kb[m[K’
[11.663s]    32 |     msg_.[01;31m[Kb[m[K = std::move(arg);
[11.664s]       |          [01;31m[K^[m[K
[11.664s] [01m[K/opt/ros/iron/include/example_interfaces/example_interfaces/srv/detail/add_two_ints__builder.hpp:[m[K At global scope:
[11.664s] [01m[K/opt/ros/iron/include/example_interfaces/example_interfaces/srv/detail/add_two_ints__builder.hpp:46:31:[m[K [01;31m[Kerror: [m[K‘[01m[Kexample_interfaces::srv::AddTwoInts_Request::_a_type[m[K’ has not been declared
[11.664s]    46 |   Init_AddTwoInts_Request_b a([01;31m[K::[m[Kexample_interfaces::srv::AddTwoInts_Request::_a_type arg)
[11.665s]       |                               [01;31m[K^~[m[K
[11.665s] [01m[K/opt/ros/iron/include/example_interfaces/example_interfaces/srv/detail/add_two_ints__builder.hpp:[m[K In member function ‘[01m[Kexample_interfaces::srv::AddTwoInts_Request example_interfaces::srv::builder::Init_AddTwoInts_Request_b::b(int)[m[K’:
[11.665s] [01m[K/opt/ros/iron/include/example_interfaces/example_interfaces/srv/detail/add_two_ints__builder.hpp:32:10:[m[K [01;31m[Kerror: [m[K‘[01m[Kusing AddTwoInts_Request = struct example_interfaces::srv::AddTwoInts_Request_<std::allocator<void> >[m[K’ {aka ‘[01m[Kstruct example_interfaces::srv::AddTwoInts_Request_<std::allocator<void> >[m[K’} has no member named ‘[01m[Kb[m[K’
[11.666s]    32 |     msg_.[01;31m[Kb[m[K = std::move(arg);
[11.666s]       |          [01;31m[K^[m[K
[11.666s] [01m[K/opt/ros/iron/include/example_interfaces/example_interfaces/srv/detail/add_two_ints__builder.hpp:[m[K In member function ‘[01m[Kexample_interfaces::srv::builder::Init_AddTwoInts_Request_b example_interfaces::srv::builder::Init_AddTwoInts_Request_a::a(int)[m[K’:
[11.667s] [01m[K/opt/ros/iron/include/example_interfaces/example_interfaces/srv/detail/add_two_ints__builder.hpp:48:10:[m[K [01;31m[Kerror: [m[K‘[01m[Kusing AddTwoInts_Request = struct example_interfaces::srv::AddTwoInts_Request_<std::allocator<void> >[m[K’ {aka ‘[01m[Kstruct example_interfaces::srv::AddTwoInts_Request_<std::allocator<void> >[m[K’} has no member named ‘[01m[Ka[m[K’
[11.667s]    48 |     msg_.[01;31m[Ka[m[K = std::move(arg);
[11.667s]       |          [01;31m[K^[m[K
[11.668s] [01m[K/opt/ros/iron/include/example_interfaces/example_interfaces/srv/detail/add_two_ints__builder.hpp:[m[K At global scope:
[11.668s] [01m[K/opt/ros/iron/include/example_interfaces/example_interfaces/srv/detail/add_two_ints__builder.hpp:46:31:[m[K [01;31m[Kerror: [m[K‘[01m[Kexample_interfaces::srv::AddTwoInts_Request::_a_type[m[K’ has not been declared
[11.668s]    46 |   Init_AddTwoInts_Request_b a([01;31m[K::[m[Kexample_interfaces::srv::AddTwoInts_Request::_a_type arg)
[11.669s]       |                               [01;31m[K^~[m[K
[11.669s] [01m[K/opt/ros/iron/include/example_interfaces/example_interfaces/srv/detail/add_two_ints__builder.hpp:[m[K At global scope:
[11.669s] [01m[K/opt/ros/iron/include/example_interfaces/example_interfaces/srv/detail/add_two_ints__builder.hpp:88:54:[m[K [01;31m[Kerror: [m[K‘[01m[Kexample_interfaces::srv::AddTwoInts_Response::_sum_type[m[K’ has not been declared
[11.669s]    88 |   ::example_interfaces::srv::AddTwoInts_Response sum([01;31m[K::[m[Kexample_interfaces::srv::AddTwoInts_Response::_sum_type arg)
[11.670s]       |                                                      [01;31m[K^~[m[K
[11.670s] [01m[K/opt/ros/iron/include/example_interfaces/example_interfaces/srv/detail/add_two_ints__builder.hpp:[m[K In member function ‘[01m[Kexample_interfaces::srv::AddTwoInts_Response example_interfaces::srv::builder::Init_AddTwoInts_Response_sum::sum(int)[m[K’:
[11.670s] [01m[K/opt/ros/iron/include/example_interfaces/example_interfaces/srv/detail/add_two_ints__builder.hpp:90:10:[m[K [01;31m[Kerror: [m[K‘[01m[Kusing AddTwoInts_Response = struct example_interfaces::srv::AddTwoInts_Response_<std::allocator<void> >[m[K’ {aka ‘[01m[Kstruct example_interfaces::srv::AddTwoInts_Response_<std::allocator<void> >[m[K’} has no member named ‘[01m[Ksum[m[K’
[11.671s]    90 |     msg_.[01;31m[Ksum[m[K = std::move(arg);
[11.671s]       |          [01;31m[K^~~[m[K
[11.672s] [01m[K/opt/ros/iron/include/example_interfaces/example_interfaces/srv/detail/add_two_ints__builder.hpp:[m[K In member function ‘[01m[Kexample_interfaces::srv::builder::Init_AddTwoInts_Request_b example_interfaces::srv::builder::Init_AddTwoInts_Request_a::a(int)[m[K’:
[11.672s] [01m[K/opt/ros/iron/include/example_interfaces/example_interfaces/srv/detail/add_two_ints__builder.hpp:48:10:[m[K [01;31m[Kerror: [m[K‘[01m[Kusing AddTwoInts_Request = struct example_interfaces::srv::AddTwoInts_Request_<std::allocator<void> >[m[K’ {aka ‘[01m[Kstruct example_interfaces::srv::AddTwoInts_Request_<std::allocator<void> >[m[K’} has no member named ‘[01m[Ka[m[K’
[11.672s]    48 |     msg_.[01;31m[Ka[m[K = std::move(arg);
[11.673s]       |          [01;31m[K^[m[K
[11.675s] [01m[K/opt/ros/iron/include/example_interfaces/example_interfaces/srv/detail/add_two_ints__builder.hpp:[m[K At global scope:
[11.676s] [01m[K/opt/ros/iron/include/example_interfaces/example_interfaces/srv/detail/add_two_ints__builder.hpp:88:54:[m[K [01;31m[Kerror: [m[K‘[01m[Kexample_interfaces::srv::AddTwoInts_Response::_sum_type[m[K’ has not been declared
[11.676s]    88 |   ::example_interfaces::srv::AddTwoInts_Response sum([01;31m[K::[m[Kexample_interfaces::srv::AddTwoInts_Response::_sum_type arg)
[11.677s]       |                                                      [01;31m[K^~[m[K
[11.677s] [01m[K/opt/ros/iron/include/example_interfaces/example_interfaces/srv/detail/add_two_ints__builder.hpp:[m[K In member function ‘[01m[Kexample_interfaces::srv::AddTwoInts_Response example_interfaces::srv::builder::Init_AddTwoInts_Response_sum::sum(int)[m[K’:
[11.677s] [01m[K/opt/ros/iron/include/example_interfaces/example_interfaces/srv/detail/add_two_ints__builder.hpp:90:10:[m[K [01;31m[Kerror: [m[K‘[01m[Kusing AddTwoInts_Response = struct example_interfaces::srv::AddTwoInts_Response_<std::allocator<void> >[m[K’ {aka ‘[01m[Kstruct example_interfaces::srv::AddTwoInts_Response_<std::allocator<void> >[m[K’} has no member named ‘[01m[Ksum[m[K’
[11.677s]    90 |     msg_.[01;31m[Ksum[m[K = std::move(arg);
[11.678s]       |          [01;31m[K^~~[m[K
[11.692s] In file included from [01m[K/opt/ros/iron/include/example_interfaces/example_interfaces/srv/add_two_ints.hpp:9[m[K,
[11.693s]                  from [01m[K/home/asd/ros2_ws/src/cpp_srvcli/src/add_two_ints_client.cpp:2[m[K:
[11.693s] [01m[K/opt/ros/iron/include/example_interfaces/example_interfaces/srv/detail/add_two_ints__traits.hpp:[m[K In function ‘[01m[Kvoid example_interfaces::srv::to_flow_style_yaml(const AddTwoInts_Request&, std::ostream&)[m[K’:
[11.693s] [01m[K/opt/ros/iron/include/example_interfaces/example_interfaces/srv/detail/add_two_ints__traits.hpp:31:48:[m[K [01;31m[Kerror: [m[K‘[01m[Kconst AddTwoInts_Request[m[K’ {aka ‘[01m[Kconst struct example_interfaces::srv::AddTwoInts_Request_<std::allocator<void> >[m[K’} has no member named ‘[01m[Ka[m[K’
[11.693s]    31 |     rosidl_generator_traits::value_to_yaml(msg.[01;31m[Ka[m[K, out);
[11.694s]       |                                                [01;31m[K^[m[K
[11.694s] [01m[K/opt/ros/iron/include/example_interfaces/example_interfaces/srv/detail/add_two_ints__traits.hpp:38:48:[m[K [01;31m[Kerror: [m[K‘[01m[Kconst AddTwoInts_Request[m[K’ {aka ‘[01m[Kconst struct example_interfaces::srv::AddTwoInts_Request_<std::allocator<void> >[m[K’} has no member named ‘[01m[Kb[m[K’
[11.694s]    38 |     rosidl_generator_traits::value_to_yaml(msg.[01;31m[Kb[m[K, out);
[11.695s]       |                                                [01;31m[K^[m[K
[11.695s] [01m[K/opt/ros/iron/include/example_interfaces/example_interfaces/srv/detail/add_two_ints__traits.hpp:[m[K In function ‘[01m[Kvoid example_interfaces::srv::to_block_style_yaml(const AddTwoInts_Request&, std::ostream&, size_t)[m[K’:
[11.696s] [01m[K/opt/ros/iron/include/example_interfaces/example_interfaces/srv/detail/add_two_ints__traits.hpp:53:48:[m[K [01;31m[Kerror: [m[K‘[01m[Kconst AddTwoInts_Request[m[K’ {aka ‘[01m[Kconst struct example_interfaces::srv::AddTwoInts_Request_<std::allocator<void> >[m[K’} has no member named ‘[01m[Ka[m[K’
[11.696s]    53 |     rosidl_generator_traits::value_to_yaml(msg.[01;31m[Ka[m[K, out);
[11.696s]       |                                                [01;31m[K^[m[K
[11.696s] [01m[K/opt/ros/iron/include/example_interfaces/example_interfaces/srv/detail/add_two_ints__traits.hpp:63:48:[m[K [01;31m[Kerror: [m[K‘[01m[Kconst AddTwoInts_Request[m[K’ {aka ‘[01m[Kconst struct example_interfaces::srv::AddTwoInts_Request_<std::allocator<void> >[m[K’} has no member named ‘[01m[Kb[m[K’
[11.697s]    63 |     rosidl_generator_traits::value_to_yaml(msg.[01;31m[Kb[m[K, out);
[11.697s]       |                                                [01;31m[K^[m[K
[11.698s] [01m[K/opt/ros/iron/include/example_interfaces/example_interfaces/srv/detail/add_two_ints__traits.hpp:[m[K In function ‘[01m[Kvoid example_interfaces::srv::to_flow_style_yaml(const AddTwoInts_Response&, std::ostream&)[m[K’:
[11.698s] [01m[K/opt/ros/iron/include/example_interfaces/example_interfaces/srv/detail/add_two_ints__traits.hpp:140:48:[m[K [01;31m[Kerror: [m[K‘[01m[Kconst AddTwoInts_Response[m[K’ {aka ‘[01m[Kconst struct example_interfaces::srv::AddTwoInts_Response_<std::allocator<void> >[m[K’} has no member named ‘[01m[Ksum[m[K’
[11.698s]   140 |     rosidl_generator_traits::value_to_yaml(msg.[01;31m[Ksum[m[K, out);
[11.698s]       |                                                [01;31m[K^~~[m[K
[11.699s] [01m[K/opt/ros/iron/include/example_interfaces/example_interfaces/srv/detail/add_two_ints__traits.hpp:[m[K In function ‘[01m[Kvoid example_interfaces::srv::to_block_style_yaml(const AddTwoInts_Response&, std::ostream&, size_t)[m[K’:
[11.699s] [01m[K/opt/ros/iron/include/example_interfaces/example_interfaces/srv/detail/add_two_ints__traits.hpp:155:48:[m[K [01;31m[Kerror: [m[K‘[01m[Kconst AddTwoInts_Response[m[K’ {aka ‘[01m[Kconst struct example_interfaces::srv::AddTwoInts_Response_<std::allocator<void> >[m[K’} has no member named ‘[01m[Ksum[m[K’
[11.700s]   155 |     rosidl_generator_traits::value_to_yaml(msg.[01;31m[Ksum[m[K, out);
[11.700s]       |                                                [01;31m[K^~~[m[K
[11.702s] In file included from [01m[K/opt/ros/iron/include/example_interfaces/example_interfaces/srv/add_two_ints.hpp:9[m[K,
[11.702s]                  from [01m[K/home/asd/ros2_ws/src/cpp_srvcli/src/add_two_ints_server.cpp:2[m[K:
[11.702s] [01m[K/opt/ros/iron/include/example_interfaces/example_interfaces/srv/detail/add_two_ints__traits.hpp:[m[K In function ‘[01m[Kvoid example_interfaces::srv::to_flow_style_yaml(const AddTwoInts_Request&, std::ostream&)[m[K’:
[11.703s] [01m[K/opt/ros/iron/include/example_interfaces/example_interfaces/srv/detail/add_two_ints__traits.hpp:31:48:[m[K [01;31m[Kerror: [m[K‘[01m[Kconst AddTwoInts_Request[m[K’ {aka ‘[01m[Kconst struct example_interfaces::srv::AddTwoInts_Request_<std::allocator<void> >[m[K’} has no member named ‘[01m[Ka[m[K’
[11.703s]    31 |     rosidl_generator_traits::value_to_yaml(msg.[01;31m[Ka[m[K, out);
[11.703s]       |                                                [01;31m[K^[m[K
[11.704s] [01m[K/opt/ros/iron/include/example_interfaces/example_interfaces/srv/detail/add_two_ints__traits.hpp:38:48:[m[K [01;31m[Kerror: [m[K‘[01m[Kconst AddTwoInts_Request[m[K’ {aka ‘[01m[Kconst struct example_interfaces::srv::AddTwoInts_Request_<std::allocator<void> >[m[K’} has no member named ‘[01m[Kb[m[K’
[11.704s]    38 |     rosidl_generator_traits::value_to_yaml(msg.[01;31m[Kb[m[K, out);
[11.705s]       |                                                [01;31m[K^[m[K
[11.705s] [01m[K/opt/ros/iron/include/example_interfaces/example_interfaces/srv/detail/add_two_ints__traits.hpp:[m[K In function ‘[01m[Kvoid example_interfaces::srv::to_block_style_yaml(const AddTwoInts_Request&, std::ostream&, size_t)[m[K’:
[11.705s] [01m[K/opt/ros/iron/include/example_interfaces/example_interfaces/srv/detail/add_two_ints__traits.hpp:53:48:[m[K [01;31m[Kerror: [m[K‘[01m[Kconst AddTwoInts_Request[m[K’ {aka ‘[01m[Kconst struct example_interfaces::srv::AddTwoInts_Request_<std::allocator<void> >[m[K’} has no member named ‘[01m[Ka[m[K’
[11.706s]    53 |     rosidl_generator_traits::value_to_yaml(msg.[01;31m[Ka[m[K, out);
[11.706s]       |                                                [01;31m[K^[m[K
[11.706s] [01m[K/opt/ros/iron/include/example_interfaces/example_interfaces/srv/detail/add_two_ints__traits.hpp:63:48:[m[K [01;31m[Kerror: [m[K‘[01m[Kconst AddTwoInts_Request[m[K’ {aka ‘[01m[Kconst struct example_interfaces::srv::AddTwoInts_Request_<std::allocator<void> >[m[K’} has no member named ‘[01m[Kb[m[K’
[11.707s]    63 |     rosidl_generator_traits::value_to_yaml(msg.[01;31m[Kb[m[K, out);
[11.707s]       |                                                [01;31m[K^[m[K
[11.709s] [01m[K/opt/ros/iron/include/example_interfaces/example_interfaces/srv/detail/add_two_ints__traits.hpp:[m[K In function ‘[01m[Kvoid example_interfaces::srv::to_flow_style_yaml(const AddTwoInts_Response&, std::ostream&)[m[K’:
[11.709s] [01m[K/opt/ros/iron/include/example_interfaces/example_interfaces/srv/detail/add_two_ints__traits.hpp:140:48:[m[K [01;31m[Kerror: [m[K‘[01m[Kconst AddTwoInts_Response[m[K’ {aka ‘[01m[Kconst struct example_interfaces::srv::AddTwoInts_Response_<std::allocator<void> >[m[K’} has no member named ‘[01m[Ksum[m[K’
[11.710s]   140 |     rosidl_generator_traits::value_to_yaml(msg.[01;31m[Ksum[m[K, out);
[11.710s]       |                                                [01;31m[K^~~[m[K
[11.711s] [01m[K/opt/ros/iron/include/example_interfaces/example_interfaces/srv/detail/add_two_ints__traits.hpp:[m[K In function ‘[01m[Kvoid example_interfaces::srv::to_block_style_yaml(const AddTwoInts_Response&, std::ostream&, size_t)[m[K’:
[11.711s] [01m[K/opt/ros/iron/include/example_interfaces/example_interfaces/srv/detail/add_two_ints__traits.hpp:155:48:[m[K [01;31m[Kerror: [m[K‘[01m[Kconst AddTwoInts_Response[m[K’ {aka ‘[01m[Kconst struct example_interfaces::srv::AddTwoInts_Response_<std::allocator<void> >[m[K’} has no member named ‘[01m[Ksum[m[K’
[11.711s]   155 |     rosidl_generator_traits::value_to_yaml(msg.[01;31m[Ksum[m[K, out);
[11.711s]       |                                                [01;31m[K^~~[m[K
[11.742s] [01m[K/home/asd/ros2_ws/src/cpp_srvcli/src/add_two_ints_server.cpp:[m[K In function ‘[01m[Kvoid add(std::shared_ptr<example_interfaces::srv::AddTwoInts_Request_<std::allocator<void> > >, std::shared_ptr<example_interfaces::srv::AddTwoInts_Response_<std::allocator<void> > >)[m[K’:
[11.742s] [01m[K/home/asd/ros2_ws/src/cpp_srvcli/src/add_two_ints_server.cpp:13:15:[m[K [01;31m[Kerror: [m[K‘[01m[Kusing element_type = struct example_interfaces::srv::AddTwoInts_Response_<std::allocator<void> >[m[K’ {aka ‘[01m[Kstruct example_interfaces::srv::AddTwoInts_Response_<std::allocator<void> >[m[K’} has no member named ‘[01m[Ksum[m[K’
[11.742s]    13 |     response->[01;31m[Ksum[m[K = request->a / request->b;
[11.743s]       |               [01;31m[K^~~[m[K
[11.743s] [01m[K/home/asd/ros2_ws/src/cpp_srvcli/src/add_two_ints_server.cpp:13:30:[m[K [01;31m[Kerror: [m[K‘[01m[Kusing element_type = struct example_interfaces::srv::AddTwoInts_Request_<std::allocator<void> >[m[K’ {aka ‘[01m[Kstruct example_interfaces::srv::AddTwoInts_Request_<std::allocator<void> >[m[K’} has no member named ‘[01m[Ka[m[K’
[11.743s]    13 |     response->sum = request->[01;31m[Ka[m[K / request->b;
[11.744s]       |                              [01;31m[K^[m[K
[11.744s] [01m[K/home/asd/ros2_ws/src/cpp_srvcli/src/add_two_ints_server.cpp:13:43:[m[K [01;31m[Kerror: [m[K‘[01m[Kusing element_type = struct example_interfaces::srv::AddTwoInts_Request_<std::allocator<void> >[m[K’ {aka ‘[01m[Kstruct example_interfaces::srv::AddTwoInts_Request_<std::allocator<void> >[m[K’} has no member named ‘[01m[Kb[m[K’
[11.744s]    13 |     response->sum = request->a / request->[01;31m[Kb[m[K;
[11.744s]       |                                           [01;31m[K^[m[K
[11.749s] In file included from [01m[K/opt/ros/iron/include/rclcpp/rclcpp/logging.hpp:24[m[K,
[11.749s]                  from [01m[K/opt/ros/iron/include/rclcpp/rclcpp/client.hpp:43[m[K,
[11.749s]                  from [01m[K/opt/ros/iron/include/rclcpp/rclcpp/callback_group.hpp:24[m[K,
[11.749s]                  from [01m[K/opt/ros/iron/include/rclcpp/rclcpp/any_executable.hpp:20[m[K,
[11.753s]                  from [01m[K/opt/ros/iron/include/rclcpp/rclcpp/memory_strategy.hpp:25[m[K,
[11.753s]                  from [01m[K/opt/ros/iron/include/rclcpp/rclcpp/memory_strategies.hpp:18[m[K,
[11.753s]                  from [01m[K/opt/ros/iron/include/rclcpp/rclcpp/executor_options.hpp:20[m[K,
[11.753s]                  from [01m[K/opt/ros/iron/include/rclcpp/rclcpp/executor.hpp:37[m[K,
[11.754s]                  from [01m[K/opt/ros/iron/include/rclcpp/rclcpp/executors/multi_threaded_executor.hpp:25[m[K,
[11.754s]                  from [01m[K/opt/ros/iron/include/rclcpp/rclcpp/executors.hpp:21[m[K,
[11.754s]                  from [01m[K/opt/ros/iron/include/rclcpp/rclcpp/rclcpp.hpp:167[m[K,
[11.755s]                  from [01m[K/home/asd/ros2_ws/src/cpp_srvcli/src/add_two_ints_server.cpp:1[m[K:
[11.755s] [01m[K/home/asd/ros2_ws/src/cpp_srvcli/src/add_two_ints_server.cpp:15:18:[m[K [01;31m[Kerror: [m[K‘[01m[Kusing element_type = struct example_interfaces::srv::AddTwoInts_Request_<std::allocator<void> >[m[K’ {aka ‘[01m[Kstruct example_interfaces::srv::AddTwoInts_Request_<std::allocator<void> >[m[K’} has no member named ‘[01m[Ka[m[K’
[11.755s]    15 |         request->[01;31m[Ka[m[K, request->b);
[11.755s]       |                  [01;31m[K^[m[K
[11.756s] [01m[K/home/asd/ros2_ws/src/cpp_srvcli/src/add_two_ints_server.cpp:15:30:[m[K [01;31m[Kerror: [m[K‘[01m[Kusing element_type = struct example_interfaces::srv::AddTwoInts_Request_<std::allocator<void> >[m[K’ {aka ‘[01m[Kstruct example_interfaces::srv::AddTwoInts_Request_<std::allocator<void> >[m[K’} has no member named ‘[01m[Kb[m[K’
[11.756s]    15 |         request->a, request->[01;31m[Kb[m[K);
[11.756s]       |                              [01;31m[K^[m[K
[11.757s] [01m[K/home/asd/ros2_ws/src/cpp_srvcli/src/add_two_ints_server.cpp:16:96:[m[K [01;31m[Kerror: [m[K‘[01m[Kusing element_type = struct example_interfaces::srv::AddTwoInts_Response_<std::allocator<void> >[m[K’ {aka ‘[01m[Kstruct example_interfaces::srv::AddTwoInts_Response_<std::allocator<void> >[m[K’} has no member named ‘[01m[Ksum[m[K’
[11.757s]    16 | ogger("rclcpp"), "sending back response: [%f]", (double)response->[01;31m[Ksum[m[K);
[11.757s]       |                                                                   [01;31m[K^~~[m[K
[11.758s] 
[11.941s] [01m[K/home/asd/ros2_ws/src/cpp_srvcli/src/add_two_ints_client.cpp:[m[K In function ‘[01m[Kint main(int, char**)[m[K’:
[11.941s] [01m[K/home/asd/ros2_ws/src/cpp_srvcli/src/add_two_ints_client.cpp:59:14:[m[K [01;31m[Kerror: [m[K‘[01m[Kusing element_type = struct example_interfaces::srv::AddTwoInts_Request_<std::allocator<void> >[m[K’ {aka ‘[01m[Kstruct example_interfaces::srv::AddTwoInts_Request_<std::allocator<void> >[m[K’} has no member named ‘[01m[Ka[m[K’
[11.941s]    59 |     request->[01;31m[Ka[m[K = std::stod(argv[1]);
[11.942s]       |              [01;31m[K^[m[K
[11.942s] [01m[K/home/asd/ros2_ws/src/cpp_srvcli/src/add_two_ints_client.cpp:60:14:[m[K [01;31m[Kerror: [m[K‘[01m[Kusing element_type = struct example_interfaces::srv::AddTwoInts_Request_<std::allocator<void> >[m[K’ {aka ‘[01m[Kstruct example_interfaces::srv::AddTwoInts_Request_<std::allocator<void> >[m[K’} has no member named ‘[01m[Kb[m[K’
[11.942s]    60 |     request->[01;31m[Kb[m[K = std::stod(argv[2]);
[11.943s]       |              [01;31m[K^[m[K
[11.943s] In file included from [01m[K/opt/ros/iron/include/rclcpp/rclcpp/logging.hpp:24[m[K,
[11.944s]                  from [01m[K/opt/ros/iron/include/rclcpp/rclcpp/client.hpp:43[m[K,
[11.944s]                  from [01m[K/opt/ros/iron/include/rclcpp/rclcpp/callback_group.hpp:24[m[K,
[11.944s]                  from [01m[K/opt/ros/iron/include/rclcpp/rclcpp/any_executable.hpp:20[m[K,
[11.944s]                  from [01m[K/opt/ros/iron/include/rclcpp/rclcpp/memory_strategy.hpp:25[m[K,
[11.945s]                  from [01m[K/opt/ros/iron/include/rclcpp/rclcpp/memory_strategies.hpp:18[m[K,
[11.945s]                  from [01m[K/opt/ros/iron/include/rclcpp/rclcpp/executor_options.hpp:20[m[K,
[11.945s]                  from [01m[K/opt/ros/iron/include/rclcpp/rclcpp/executor.hpp:37[m[K,
[11.946s]                  from [01m[K/opt/ros/iron/include/rclcpp/rclcpp/executors/multi_threaded_executor.hpp:25[m[K,
[11.946s]                  from [01m[K/opt/ros/iron/include/rclcpp/rclcpp/executors.hpp:21[m[K,
[11.946s]                  from [01m[K/opt/ros/iron/include/rclcpp/rclcpp/rclcpp.hpp:167[m[K,
[11.946s]                  from [01m[K/home/asd/ros2_ws/src/cpp_srvcli/src/add_two_ints_client.cpp:1[m[K:
[11.947s] [01m[K/home/asd/ros2_ws/src/cpp_srvcli/src/add_two_ints_client.cpp:62:18:[m[K [01;31m[Kerror: [m[K‘[01m[Kusing element_type = struct example_interfaces::srv::AddTwoInts_Request_<std::allocator<void> >[m[K’ {aka ‘[01m[Kstruct example_interfaces::srv::AddTwoInts_Request_<std::allocator<void> >[m[K’} has no member named ‘[01m[Ka[m[K’
[11.947s]    62 |         request->[01;31m[Ka[m[K, request->b);
[11.947s]       |                  [01;31m[K^[m[K
[11.948s] [01m[K/home/asd/ros2_ws/src/cpp_srvcli/src/add_two_ints_client.cpp:62:30:[m[K [01;31m[Kerror: [m[K‘[01m[Kusing element_type = struct example_interfaces::srv::AddTwoInts_Request_<std::allocator<void> >[m[K’ {aka ‘[01m[Kstruct example_interfaces::srv::AddTwoInts_Request_<std::allocator<void> >[m[K’} has no member named ‘[01m[Kb[m[K’
[11.948s]    62 |         request->a, request->[01;31m[Kb[m[K);
[11.948s]       |                              [01;31m[K^[m[K
[11.962s] [01m[K/home/asd/ros2_ws/src/cpp_srvcli/src/add_two_ints_client.cpp:77:77:[m[K [01;31m[Kerror: [m[K‘[01m[Kusing element_type = struct example_interfaces::srv::AddTwoInts_Response_<std::allocator<void> >[m[K’ {aka ‘[01m[Kstruct example_interfaces::srv::AddTwoInts_Response_<std::allocator<void> >[m[K’} has no member named ‘[01m[Ksum[m[K’
[11.963s]    77 |         RCLCPP_INFO(rclcpp::get_logger("rclcpp"), "Sum: %ld", result.get()->[01;31m[Ksum[m[K);
[11.963s]       |                                                                             [01;31m[K^~~[m[K
[12.224s] In file included from [01m[K/opt/ros/iron/include/example_interfaces/example_interfaces/srv/add_two_ints.hpp:7[m[K,
[12.224s]                  from [01m[K/home/asd/ros2_ws/src/cpp_srvcli/src/add_two_ints_server.cpp:2[m[K:
[12.225s] /opt/ros/iron/include/example_interfaces/example_interfaces/srv/detail/add_two_ints__struct.hpp: In instantiation of ‘[01m[Kexample_interfaces::srv::AddTwoInts_Request_<ContainerAllocator>::AddTwoInts_Request_(rosidl_runtime_cpp::MessageInitialization) [with ContainerAllocator = std::allocator<void>][m[K’:
[12.225s] [01m[K/opt/ros/iron/include/example_interfaces/example_interfaces/srv/detail/add_two_ints__builder.hpp:44:5:[m[K   required from here
[12.225s] [01m[K/opt/ros/iron/include/example_interfaces/example_interfaces/srv/detail/add_two_ints__struct.hpp:41:13:[m[K [01;31m[Kerror: [m[K‘[01m[Kstruct example_interfaces::srv::AddTwoInts_Request_<std::allocator<void> >[m[K’ has no member named ‘[01m[Ka[m[K’
[12.226s]    41 |       [01;31m[Kthis->a[m[K = 0ll;
[12.226s]       |       [01;31m[K~~~~~~^[m[K
[12.227s] [01m[K/opt/ros/iron/include/example_interfaces/example_interfaces/srv/detail/add_two_ints__struct.hpp:42:13:[m[K [01;31m[Kerror: [m[K‘[01m[Kstruct example_interfaces::srv::AddTwoInts_Request_<std::allocator<void> >[m[K’ has no member named ‘[01m[Kb[m[K’
[12.227s]    42 |       [01;31m[Kthis->b[m[K = 0ll;
[12.227s]       |       [01;31m[K~~~~~~^[m[K
[12.228s] /opt/ros/iron/include/example_interfaces/example_interfaces/srv/detail/add_two_ints__struct.hpp: In instantiation of ‘[01m[Kexample_interfaces::srv::AddTwoInts_Response_<ContainerAllocator>::AddTwoInts_Response_(rosidl_runtime_cpp::MessageInitialization) [with ContainerAllocator = std::allocator<void>][m[K’:
[12.228s] [01m[K/opt/ros/iron/include/example_interfaces/example_interfaces/srv/detail/add_two_ints__builder.hpp:86:5:[m[K   required from here
[12.228s] [01m[K/opt/ros/iron/include/example_interfaces/example_interfaces/srv/detail/add_two_ints__struct.hpp:169:13:[m[K [01;31m[Kerror: [m[K‘[01m[Kstruct example_interfaces::srv::AddTwoInts_Response_<std::allocator<void> >[m[K’ has no member named ‘[01m[Ksum[m[K’
[12.228s]   169 |       [01;31m[Kthis->sum[m[K = 0ll;
[12.229s]       |       [01;31m[K~~~~~~^~~[m[K
[12.327s] In file included from [01m[K/opt/ros/iron/include/example_interfaces/example_interfaces/srv/add_two_ints.hpp:7[m[K,
[12.327s]                  from [01m[K/home/asd/ros2_ws/src/cpp_srvcli/src/add_two_ints_client.cpp:2[m[K:
[12.328s] /opt/ros/iron/include/example_interfaces/example_interfaces/srv/detail/add_two_ints__struct.hpp: In instantiation of ‘[01m[Kexample_interfaces::srv::AddTwoInts_Request_<ContainerAllocator>::AddTwoInts_Request_(rosidl_runtime_cpp::MessageInitialization) [with ContainerAllocator = std::allocator<void>][m[K’:
[12.328s] [01m[K/opt/ros/iron/include/example_interfaces/example_interfaces/srv/detail/add_two_ints__builder.hpp:44:5:[m[K   required from here
[12.328s] [01m[K/opt/ros/iron/include/example_interfaces/example_interfaces/srv/detail/add_two_ints__struct.hpp:41:13:[m[K [01;31m[Kerror: [m[K‘[01m[Kstruct example_interfaces::srv::AddTwoInts_Request_<std::allocator<void> >[m[K’ has no member named ‘[01m[Ka[m[K’
[12.329s]    41 |       [01;31m[Kthis->a[m[K = 0ll;
[12.329s]       |       [01;31m[K~~~~~~^[m[K
[12.329s] [01m[K/opt/ros/iron/include/example_interfaces/example_interfaces/srv/detail/add_two_ints__struct.hpp:42:13:[m[K [01;31m[Kerror: [m[K‘[01m[Kstruct example_interfaces::srv::AddTwoInts_Request_<std::allocator<void> >[m[K’ has no member named ‘[01m[Kb[m[K’
[12.329s]    42 |       [01;31m[Kthis->b[m[K = 0ll;
[12.330s]       |       [01;31m[K~~~~~~^[m[K
[12.330s] /opt/ros/iron/include/example_interfaces/example_interfaces/srv/detail/add_two_ints__struct.hpp: In instantiation of ‘[01m[Kexample_interfaces::srv::AddTwoInts_Response_<ContainerAllocator>::AddTwoInts_Response_(rosidl_runtime_cpp::MessageInitialization) [with ContainerAllocator = std::allocator<void>][m[K’:
[12.330s] [01m[K/opt/ros/iron/include/example_interfaces/example_interfaces/srv/detail/add_two_ints__builder.hpp:86:5:[m[K   required from here
[12.331s] [01m[K/opt/ros/iron/include/example_interfaces/example_interfaces/srv/detail/add_two_ints__struct.hpp:169:13:[m[K [01;31m[Kerror: [m[K‘[01m[Kstruct example_interfaces::srv::AddTwoInts_Response_<std::allocator<void> >[m[K’ has no member named ‘[01m[Ksum[m[K’
[12.331s]   169 |       [01;31m[Kthis->sum[m[K = 0ll;
[12.331s]       |       [01;31m[K~~~~~~^~~[m[K
[15.767s] gmake[2]: *** [CMakeFiles/server.dir/build.make:76: CMakeFiles/server.dir/src/add_two_ints_server.cpp.o] Error 1
[15.768s] gmake[2]: *** [CMakeFiles/client.dir/build.make:76: CMakeFiles/client.dir/src/add_two_ints_client.cpp.o] Error 1
[15.768s] gmake[1]: *** [CMakeFiles/Makefile2:165: CMakeFiles/client.dir/all] Error 2
[15.768s] gmake[1]: *** Waiting for unfinished jobs....
[15.768s] gmake[1]: *** [CMakeFiles/Makefile2:139: CMakeFiles/server.dir/all] Error 2
[15.770s] gmake: *** [Makefile:146: all] Error 2
[15.823s] Invoked command in '/home/asd/ros2_ws/build/cpp_srvcli' returned '2': CMAKE_PREFIX_PATH=/opt/ros/iron /usr/bin/cmake --build /home/asd/ros2_ws/build/cpp_srvcli -- -j4 -l4
