-- Found ament_cmake: 2.0.4 (/opt/ros/iron/share/ament_cmake/cmake)
-- Found example_interfaces: 0.10.2 (/opt/ros/iron/share/example_interfaces/cmake)
-- Found rosidl_generator_c: 4.0.1 (/opt/ros/iron/share/rosidl_generator_c/cmake)
-- Found rosidl_generator_cpp: 4.0.1 (/opt/ros/iron/share/rosidl_generator_cpp/cmake)
-- Using all available rosidl_typesupport_c: rosidl_typesupport_fastrtps_c;rosidl_typesupport_introspection_c
-- Using all available rosidl_typesupport_cpp: rosidl_typesupport_fastrtps_cpp;rosidl_typesupport_introspection_cpp
-- Found geometry_msgs: 5.0.0 (/opt/ros/iron/share/geometry_msgs/cmake)
-- Found rosidl_default_generators: 1.5.0 (/opt/ros/iron/share/rosidl_default_generators/cmake)
-- Found rosidl_adapter: 4.0.1 (/opt/ros/iron/share/rosidl_adapter/cmake)
-- Found ament_cmake_ros: 0.11.2 (/opt/ros/iron/share/ament_cmake_ros/cmake)
-- Using all available rosidl_typesupport_c: rosidl_typesupport_fastrtps_c;rosidl_typesupport_introspection_c
-- Using all available rosidl_typesupport_cpp: rosidl_typesupport_fastrtps_cpp;rosidl_typesupport_introspection_cpp
-- Found python_cmake_module: 0.10.2 (/opt/ros/iron/share/python_cmake_module/cmake)
-- Using PYTHON_EXECUTABLE: /usr/bin/python3
-- Using PYTHON_INCLUDE_DIRS: /usr/include/python3.10
-- Using PYTHON_LIBRARIES: /usr/lib/x86_64-linux-gnu/libpython3.10.so
-- Configuring done
-- Generating done
-- Build files have been written to: /home/asd/ros2_ws/build/my_package
[  2%] [34m[1mGenerating type hashes for ROS interfaces[0m
[  2%] Built target ament_cmake_python_copy_my_package
[  2%] Built target my_package__rosidl_generator_type_description
[  4%] [34m[1mGenerating C code for ROS interfaces[0m
[  6%] [34m[1mGenerating C++ code for ROS interfaces[0m
running egg_info
writing my_package.egg-info/PKG-INFO
writing dependency_links to my_package.egg-info/dependency_links.txt
writing top-level names to my_package.egg-info/top_level.txt
reading manifest file 'my_package.egg-info/SOURCES.txt'
writing manifest file 'my_package.egg-info/SOURCES.txt'
[  6%] Built target ament_cmake_python_build_my_package_egg
[  6%] Built target my_package__cpp
[35m[1mConsolidate compiler generated dependencies of target my_package__rosidl_generator_c[0m
[  9%] [32mBuilding C object CMakeFiles/my_package__rosidl_generator_c.dir/rosidl_generator_c/my_package/msg/detail/divide_two_floats__description.c.o[0m
[ 11%] [32mBuilding C object CMakeFiles/my_package__rosidl_generator_c.dir/rosidl_generator_c/my_package/msg/detail/divide_two_floats__functions.c.o[0m
[ 13%] [32mBuilding C object CMakeFiles/my_package__rosidl_generator_c.dir/rosidl_generator_c/my_package/msg/detail/divide_two_floats__type_support.c.o[0m
[ 15%] [32mBuilding C object CMakeFiles/my_package__rosidl_generator_c.dir/rosidl_generator_c/my_package/srv/detail/divide_two_floats__description.c.o[0m
[ 18%] [32mBuilding C object CMakeFiles/my_package__rosidl_generator_c.dir/rosidl_generator_c/my_package/srv/detail/divide_two_floats__functions.c.o[0m
[ 20%] [32mBuilding C object CMakeFiles/my_package__rosidl_generator_c.dir/rosidl_generator_c/my_package/srv/detail/divide_two_floats__type_support.c.o[0m
[ 22%] [32m[1mLinking C shared library libmy_package__rosidl_generator_c.so[0m
[ 22%] Built target my_package__rosidl_generator_c
[ 25%] [34m[1mGenerating C type support for eProsima Fast-RTPS[0m
[ 27%] [34m[1mGenerating C++ type support for eProsima Fast-RTPS[0m
[ 29%] [34m[1mGenerating C++ type support dispatch for ROS interfaces[0m
[ 31%] [34m[1mGenerating C introspection for ROS interfaces[0m
[35m[1mConsolidate compiler generated dependencies of target my_package__rosidl_typesupport_cpp[0m
[ 34%] [32mBuilding CXX object CMakeFiles/my_package__rosidl_typesupport_cpp.dir/rosidl_typesupport_cpp/my_package/msg/divide_two_floats__type_support.cpp.o[0m
[35m[1mConsolidate compiler generated dependencies of target my_package__rosidl_typesupport_fastrtps_c[0m
[ 36%] [32mBuilding CXX object CMakeFiles/my_package__rosidl_typesupport_fastrtps_c.dir/rosidl_typesupport_fastrtps_c/my_package/msg/detail/divide_two_floats__type_support_c.cpp.o[0m
[35m[1mConsolidate compiler generated dependencies of target my_package__rosidl_typesupport_fastrtps_cpp[0m
[35m[1mConsolidate compiler generated dependencies of target my_package__rosidl_typesupport_introspection_c[0m
[ 38%] [32mBuilding CXX object CMakeFiles/my_package__rosidl_typesupport_fastrtps_cpp.dir/rosidl_typesupport_fastrtps_cpp/my_package/msg/detail/dds_fastrtps/divide_two_floats__type_support.cpp.o[0m
[ 40%] [32mBuilding C object CMakeFiles/my_package__rosidl_typesupport_introspection_c.dir/rosidl_typesupport_introspection_c/my_package/msg/detail/divide_two_floats__type_support.c.o[0m
[ 43%] [32mBuilding C object CMakeFiles/my_package__rosidl_typesupport_introspection_c.dir/rosidl_typesupport_introspection_c/my_package/srv/detail/divide_two_floats__type_support.c.o[0m
[ 45%] [32m[1mLinking C shared library libmy_package__rosidl_typesupport_introspection_c.so[0m
[ 45%] Built target my_package__rosidl_typesupport_introspection_c
[ 47%] [34m[1mGenerating C type support dispatch for ROS interfaces[0m
[ 50%] [32mBuilding CXX object CMakeFiles/my_package__rosidl_typesupport_cpp.dir/rosidl_typesupport_cpp/my_package/srv/divide_two_floats__type_support.cpp.o[0m
[ 52%] [32mBuilding CXX object CMakeFiles/my_package__rosidl_typesupport_fastrtps_c.dir/rosidl_typesupport_fastrtps_c/my_package/srv/detail/divide_two_floats__type_support_c.cpp.o[0m
[35m[1mConsolidate compiler generated dependencies of target my_package__rosidl_typesupport_c[0m
[ 54%] [32mBuilding CXX object CMakeFiles/my_package__rosidl_typesupport_c.dir/rosidl_typesupport_c/my_package/msg/divide_two_floats__type_support.cpp.o[0m
[ 56%] [32mBuilding CXX object CMakeFiles/my_package__rosidl_typesupport_fastrtps_cpp.dir/rosidl_typesupport_fastrtps_cpp/my_package/srv/detail/dds_fastrtps/divide_two_floats__type_support.cpp.o[0m
[ 59%] [32mBuilding CXX object CMakeFiles/my_package__rosidl_typesupport_c.dir/rosidl_typesupport_c/my_package/srv/divide_two_floats__type_support.cpp.o[0m
[ 61%] [32m[1mLinking CXX shared library libmy_package__rosidl_typesupport_c.so[0m
[ 61%] Built target my_package__rosidl_typesupport_c
[ 63%] [34m[1mGenerating C++ introspection for ROS interfaces[0m
[ 65%] [32m[1mLinking CXX shared library libmy_package__rosidl_typesupport_fastrtps_c.so[0m
[ 68%] [32m[1mLinking CXX shared library libmy_package__rosidl_typesupport_cpp.so[0m
[ 68%] Built target my_package__rosidl_typesupport_fastrtps_c
[ 68%] Built target my_package__rosidl_typesupport_cpp
[35m[1mConsolidate compiler generated dependencies of target my_package__rosidl_typesupport_introspection_cpp[0m
[ 72%] [32mBuilding CXX object CMakeFiles/my_package__rosidl_typesupport_introspection_cpp.dir/rosidl_typesupport_introspection_cpp/my_package/srv/detail/divide_two_floats__type_support.cpp.o[0m
[ 72%] [32mBuilding CXX object CMakeFiles/my_package__rosidl_typesupport_introspection_cpp.dir/rosidl_typesupport_introspection_cpp/my_package/msg/detail/divide_two_floats__type_support.cpp.o[0m
[ 75%] [32m[1mLinking CXX shared library libmy_package__rosidl_typesupport_fastrtps_cpp.so[0m
[ 75%] Built target my_package__rosidl_typesupport_fastrtps_cpp
[ 77%] [32m[1mLinking CXX shared library libmy_package__rosidl_typesupport_introspection_cpp.so[0m
[ 77%] Built target my_package__rosidl_typesupport_introspection_cpp
[ 77%] Built target my_package
[ 79%] [34m[1mGenerating Python code for ROS interfaces[0m
[ 79%] Built target my_package__py
[35m[1mConsolidate compiler generated dependencies of target my_package__rosidl_generator_py[0m
[ 81%] [32mBuilding C object CMakeFiles/my_package__rosidl_generator_py.dir/rosidl_generator_py/my_package/msg/_divide_two_floats_s.c.o[0m
[ 84%] [32mBuilding C object CMakeFiles/my_package__rosidl_generator_py.dir/rosidl_generator_py/my_package/srv/_divide_two_floats_s.c.o[0m
[ 86%] [32m[1mLinking C shared library rosidl_generator_py/my_package/libmy_package__rosidl_generator_py.so[0m
[ 86%] Built target my_package__rosidl_generator_py
[35m[1mConsolidate compiler generated dependencies of target my_package__rosidl_typesupport_c__pyext[0m
[35m[1mConsolidate compiler generated dependencies of target my_package__rosidl_typesupport_introspection_c__pyext[0m
[35m[1mConsolidate compiler generated dependencies of target my_package__rosidl_typesupport_fastrtps_c__pyext[0m
[ 90%] [32mBuilding C object CMakeFiles/my_package__rosidl_typesupport_c__pyext.dir/rosidl_generator_py/my_package/_my_package_s.ep.rosidl_typesupport_c.c.o[0m
[ 93%] [32mBuilding C object CMakeFiles/my_package__rosidl_typesupport_introspection_c__pyext.dir/rosidl_generator_py/my_package/_my_package_s.ep.rosidl_typesupport_introspection_c.c.o[0m
[ 90%] [32mBuilding C object CMakeFiles/my_package__rosidl_typesupport_fastrtps_c__pyext.dir/rosidl_generator_py/my_package/_my_package_s.ep.rosidl_typesupport_fastrtps_c.c.o[0m
[ 95%] [32m[1mLinking C shared library rosidl_generator_py/my_package/my_package_s__rosidl_typesupport_introspection_c.cpython-310-x86_64-linux-gnu.so[0m
[ 97%] [32m[1mLinking C shared library rosidl_generator_py/my_package/my_package_s__rosidl_typesupport_c.cpython-310-x86_64-linux-gnu.so[0m
[100%] [32m[1mLinking C shared library rosidl_generator_py/my_package/my_package_s__rosidl_typesupport_fastrtps_c.cpython-310-x86_64-linux-gnu.so[0m
[100%] Built target my_package__rosidl_typesupport_introspection_c__pyext
[100%] Built target my_package__rosidl_typesupport_c__pyext
[100%] Built target my_package__rosidl_typesupport_fastrtps_c__pyext
-- Install configuration: ""
-- Up-to-date: /home/asd/ros2_ws/install/my_package/share/ament_index/resource_index/rosidl_interfaces/my_package
-- Installing: /home/asd/ros2_ws/install/my_package/share/my_package/msg/DivideTwoFloats.json
-- Installing: /home/asd/ros2_ws/install/my_package/share/my_package/srv/DivideTwoFloats.json
-- Up-to-date: /home/asd/ros2_ws/install/my_package/include/my_package/my_package
-- Up-to-date: /home/asd/ros2_ws/install/my_package/include/my_package/my_package/msg
-- Up-to-date: /home/asd/ros2_ws/install/my_package/include/my_package/my_package/msg/detail
-- Up-to-date: /home/asd/ros2_ws/install/my_package/include/my_package/my_package/msg/detail/add_two_ints2__struct.h
-- Installing: /home/asd/ros2_ws/install/my_package/include/my_package/my_package/msg/detail/divide_two_floats__functions.c
-- Installing: /home/asd/ros2_ws/install/my_package/include/my_package/my_package/msg/detail/divide_two_floats__type_support.c
-- Installing: /home/asd/ros2_ws/install/my_package/include/my_package/my_package/msg/detail/divide_two_floats__description.c
-- Up-to-date: /home/asd/ros2_ws/install/my_package/include/my_package/my_package/msg/detail/add_two_ints2__functions.c
-- Installing: /home/asd/ros2_ws/install/my_package/include/my_package/my_package/msg/detail/divide_two_floats__functions.h
-- Installing: /home/asd/ros2_ws/install/my_package/include/my_package/my_package/msg/detail/divide_two_floats__struct.h
-- Up-to-date: /home/asd/ros2_ws/install/my_package/include/my_package/my_package/msg/detail/add_two_ints2__description.c
-- Up-to-date: /home/asd/ros2_ws/install/my_package/include/my_package/my_package/msg/detail/add_two_ints2__type_support.h
-- Installing: /home/asd/ros2_ws/install/my_package/include/my_package/my_package/msg/detail/divide_two_floats__type_support.h
-- Installing: /home/asd/ros2_ws/install/my_package/include/my_package/my_package/msg/detail/add_two_ints2__type_support.c
-- Up-to-date: /home/asd/ros2_ws/install/my_package/include/my_package/my_package/msg/detail/add_two_ints2__functions.h
-- Up-to-date: /home/asd/ros2_ws/install/my_package/include/my_package/my_package/msg/add_two_ints2.h
-- Installing: /home/asd/ros2_ws/install/my_package/include/my_package/my_package/msg/divide_two_floats.h
-- Up-to-date: /home/asd/ros2_ws/install/my_package/include/my_package/my_package/msg/rosidl_generator_c__visibility_control.h
-- Up-to-date: /home/asd/ros2_ws/install/my_package/include/my_package/my_package/srv
-- Up-to-date: /home/asd/ros2_ws/install/my_package/include/my_package/my_package/srv/detail
-- Up-to-date: /home/asd/ros2_ws/install/my_package/include/my_package/my_package/srv/detail/add_two_ints2__struct.h
-- Installing: /home/asd/ros2_ws/install/my_package/include/my_package/my_package/srv/detail/divide_two_floats__functions.c
-- Installing: /home/asd/ros2_ws/install/my_package/include/my_package/my_package/srv/detail/divide_two_floats__type_support.c
-- Installing: /home/asd/ros2_ws/install/my_package/include/my_package/my_package/srv/detail/divide_two_floats__description.c
-- Up-to-date: /home/asd/ros2_ws/install/my_package/include/my_package/my_package/srv/detail/add_two_ints2__functions.c
-- Installing: /home/asd/ros2_ws/install/my_package/include/my_package/my_package/srv/detail/divide_two_floats__functions.h
-- Installing: /home/asd/ros2_ws/install/my_package/include/my_package/my_package/srv/detail/divide_two_floats__struct.h
-- Up-to-date: /home/asd/ros2_ws/install/my_package/include/my_package/my_package/srv/detail/add_two_ints2__description.c
-- Up-to-date: /home/asd/ros2_ws/install/my_package/include/my_package/my_package/srv/detail/add_two_ints2__type_support.h
-- Installing: /home/asd/ros2_ws/install/my_package/include/my_package/my_package/srv/detail/divide_two_floats__type_support.h
-- Installing: /home/asd/ros2_ws/install/my_package/include/my_package/my_package/srv/detail/add_two_ints2__type_support.c
-- Up-to-date: /home/asd/ros2_ws/install/my_package/include/my_package/my_package/srv/detail/add_two_ints2__functions.h
-- Up-to-date: /home/asd/ros2_ws/install/my_package/include/my_package/my_package/srv/add_two_ints2.h
-- Installing: /home/asd/ros2_ws/install/my_package/include/my_package/my_package/srv/divide_two_floats.h
-- Up-to-date: /home/asd/ros2_ws/install/my_package/share/my_package/environment/library_path.sh
-- Up-to-date: /home/asd/ros2_ws/install/my_package/share/my_package/environment/library_path.dsv
-- Installing: /home/asd/ros2_ws/install/my_package/lib/libmy_package__rosidl_generator_c.so
-- Set runtime path of "/home/asd/ros2_ws/install/my_package/lib/libmy_package__rosidl_generator_c.so" to ""
-- Up-to-date: /home/asd/ros2_ws/install/my_package/include/my_package/my_package
-- Up-to-date: /home/asd/ros2_ws/install/my_package/include/my_package/my_package/msg
-- Up-to-date: /home/asd/ros2_ws/install/my_package/include/my_package/my_package/msg/detail
-- Installing: /home/asd/ros2_ws/install/my_package/include/my_package/my_package/msg/detail/divide_two_floats__rosidl_typesupport_fastrtps_c.h
-- Up-to-date: /home/asd/ros2_ws/install/my_package/include/my_package/my_package/msg/detail/add_two_ints2__rosidl_typesupport_fastrtps_c.h
-- Up-to-date: /home/asd/ros2_ws/install/my_package/include/my_package/my_package/msg/rosidl_typesupport_fastrtps_c__visibility_control.h
-- Up-to-date: /home/asd/ros2_ws/install/my_package/include/my_package/my_package/srv
-- Up-to-date: /home/asd/ros2_ws/install/my_package/include/my_package/my_package/srv/detail
-- Installing: /home/asd/ros2_ws/install/my_package/include/my_package/my_package/srv/detail/divide_two_floats__rosidl_typesupport_fastrtps_c.h
-- Up-to-date: /home/asd/ros2_ws/install/my_package/include/my_package/my_package/srv/detail/add_two_ints2__rosidl_typesupport_fastrtps_c.h
-- Installing: /home/asd/ros2_ws/install/my_package/lib/libmy_package__rosidl_typesupport_fastrtps_c.so
-- Set runtime path of "/home/asd/ros2_ws/install/my_package/lib/libmy_package__rosidl_typesupport_fastrtps_c.so" to ""
-- Up-to-date: /home/asd/ros2_ws/install/my_package/include/my_package/my_package
-- Up-to-date: /home/asd/ros2_ws/install/my_package/include/my_package/my_package/msg
-- Up-to-date: /home/asd/ros2_ws/install/my_package/include/my_package/my_package/msg/add_two_ints2.hpp
-- Up-to-date: /home/asd/ros2_ws/install/my_package/include/my_package/my_package/msg/detail
-- Up-to-date: /home/asd/ros2_ws/install/my_package/include/my_package/my_package/msg/detail/add_two_ints2__traits.hpp
-- Up-to-date: /home/asd/ros2_ws/install/my_package/include/my_package/my_package/msg/detail/add_two_ints2__builder.hpp
-- Installing: /home/asd/ros2_ws/install/my_package/include/my_package/my_package/msg/detail/divide_two_floats__builder.hpp
-- Up-to-date: /home/asd/ros2_ws/install/my_package/include/my_package/my_package/msg/detail/add_two_ints2__struct.hpp
-- Installing: /home/asd/ros2_ws/install/my_package/include/my_package/my_package/msg/detail/divide_two_floats__traits.hpp
-- Installing: /home/asd/ros2_ws/install/my_package/include/my_package/my_package/msg/detail/divide_two_floats__struct.hpp
-- Installing: /home/asd/ros2_ws/install/my_package/include/my_package/my_package/msg/divide_two_floats.hpp
-- Up-to-date: /home/asd/ros2_ws/install/my_package/include/my_package/my_package/srv
-- Up-to-date: /home/asd/ros2_ws/install/my_package/include/my_package/my_package/srv/add_two_ints2.hpp
-- Up-to-date: /home/asd/ros2_ws/install/my_package/include/my_package/my_package/srv/detail
-- Up-to-date: /home/asd/ros2_ws/install/my_package/include/my_package/my_package/srv/detail/add_two_ints2__traits.hpp
-- Up-to-date: /home/asd/ros2_ws/install/my_package/include/my_package/my_package/srv/detail/add_two_ints2__builder.hpp
-- Installing: /home/asd/ros2_ws/install/my_package/include/my_package/my_package/srv/detail/divide_two_floats__builder.hpp
-- Up-to-date: /home/asd/ros2_ws/install/my_package/include/my_package/my_package/srv/detail/add_two_ints2__struct.hpp
-- Installing: /home/asd/ros2_ws/install/my_package/include/my_package/my_package/srv/detail/divide_two_floats__traits.hpp
-- Installing: /home/asd/ros2_ws/install/my_package/include/my_package/my_package/srv/detail/divide_two_floats__struct.hpp
-- Installing: /home/asd/ros2_ws/install/my_package/include/my_package/my_package/srv/divide_two_floats.hpp
-- Up-to-date: /home/asd/ros2_ws/install/my_package/include/my_package/my_package
-- Up-to-date: /home/asd/ros2_ws/install/my_package/include/my_package/my_package/msg
-- Up-to-date: /home/asd/ros2_ws/install/my_package/include/my_package/my_package/msg/detail
-- Up-to-date: /home/asd/ros2_ws/install/my_package/include/my_package/my_package/msg/detail/add_two_ints2__rosidl_typesupport_fastrtps_cpp.hpp
-- Installing: /home/asd/ros2_ws/install/my_package/include/my_package/my_package/msg/detail/divide_two_floats__rosidl_typesupport_fastrtps_cpp.hpp
-- Up-to-date: /home/asd/ros2_ws/install/my_package/include/my_package/my_package/msg/detail/dds_fastrtps
-- Up-to-date: /home/asd/ros2_ws/install/my_package/include/my_package/my_package/msg/rosidl_typesupport_fastrtps_cpp__visibility_control.h
-- Up-to-date: /home/asd/ros2_ws/install/my_package/include/my_package/my_package/srv
-- Up-to-date: /home/asd/ros2_ws/install/my_package/include/my_package/my_package/srv/detail
-- Up-to-date: /home/asd/ros2_ws/install/my_package/include/my_package/my_package/srv/detail/add_two_ints2__rosidl_typesupport_fastrtps_cpp.hpp
-- Installing: /home/asd/ros2_ws/install/my_package/include/my_package/my_package/srv/detail/divide_two_floats__rosidl_typesupport_fastrtps_cpp.hpp
-- Up-to-date: /home/asd/ros2_ws/install/my_package/include/my_package/my_package/srv/detail/dds_fastrtps
-- Installing: /home/asd/ros2_ws/install/my_package/lib/libmy_package__rosidl_typesupport_fastrtps_cpp.so
-- Set runtime path of "/home/asd/ros2_ws/install/my_package/lib/libmy_package__rosidl_typesupport_fastrtps_cpp.so" to ""
-- Up-to-date: /home/asd/ros2_ws/install/my_package/include/my_package/my_package
-- Up-to-date: /home/asd/ros2_ws/install/my_package/include/my_package/my_package/msg
-- Up-to-date: /home/asd/ros2_ws/install/my_package/include/my_package/my_package/msg/rosidl_typesupport_introspection_c__visibility_control.h
-- Up-to-date: /home/asd/ros2_ws/install/my_package/include/my_package/my_package/msg/detail
-- Up-to-date: /home/asd/ros2_ws/install/my_package/include/my_package/my_package/msg/detail/add_two_ints2__rosidl_typesupport_introspection_c.h
-- Installing: /home/asd/ros2_ws/install/my_package/include/my_package/my_package/msg/detail/divide_two_floats__type_support.c
-- Installing: /home/asd/ros2_ws/install/my_package/include/my_package/my_package/msg/detail/divide_two_floats__rosidl_typesupport_introspection_c.h
-- Installing: /home/asd/ros2_ws/install/my_package/include/my_package/my_package/msg/detail/add_two_ints2__type_support.c
-- Up-to-date: /home/asd/ros2_ws/install/my_package/include/my_package/my_package/srv
-- Up-to-date: /home/asd/ros2_ws/install/my_package/include/my_package/my_package/srv/detail
-- Up-to-date: /home/asd/ros2_ws/install/my_package/include/my_package/my_package/srv/detail/add_two_ints2__rosidl_typesupport_introspection_c.h
-- Installing: /home/asd/ros2_ws/install/my_package/include/my_package/my_package/srv/detail/divide_two_floats__type_support.c
-- Installing: /home/asd/ros2_ws/install/my_package/include/my_package/my_package/srv/detail/divide_two_floats__rosidl_typesupport_introspection_c.h
-- Installing: /home/asd/ros2_ws/install/my_package/include/my_package/my_package/srv/detail/add_two_ints2__type_support.c
-- Installing: /home/asd/ros2_ws/install/my_package/lib/libmy_package__rosidl_typesupport_introspection_c.so
-- Set runtime path of "/home/asd/ros2_ws/install/my_package/lib/libmy_package__rosidl_typesupport_introspection_c.so" to ""
-- Installing: /home/asd/ros2_ws/install/my_package/lib/libmy_package__rosidl_typesupport_c.so
-- Set runtime path of "/home/asd/ros2_ws/install/my_package/lib/libmy_package__rosidl_typesupport_c.so" to ""
-- Up-to-date: /home/asd/ros2_ws/install/my_package/include/my_package/my_package
-- Up-to-date: /home/asd/ros2_ws/install/my_package/include/my_package/my_package/msg
-- Up-to-date: /home/asd/ros2_ws/install/my_package/include/my_package/my_package/msg/detail
-- Up-to-date: /home/asd/ros2_ws/install/my_package/include/my_package/my_package/msg/detail/add_two_ints2__rosidl_typesupport_introspection_cpp.hpp
-- Up-to-date: /home/asd/ros2_ws/install/my_package/include/my_package/my_package/msg/detail/add_two_ints2__type_support.cpp
-- Installing: /home/asd/ros2_ws/install/my_package/include/my_package/my_package/msg/detail/divide_two_floats__type_support.cpp
-- Installing: /home/asd/ros2_ws/install/my_package/include/my_package/my_package/msg/detail/divide_two_floats__rosidl_typesupport_introspection_cpp.hpp
-- Up-to-date: /home/asd/ros2_ws/install/my_package/include/my_package/my_package/srv
-- Up-to-date: /home/asd/ros2_ws/install/my_package/include/my_package/my_package/srv/detail
-- Up-to-date: /home/asd/ros2_ws/install/my_package/include/my_package/my_package/srv/detail/add_two_ints2__rosidl_typesupport_introspection_cpp.hpp
-- Up-to-date: /home/asd/ros2_ws/install/my_package/include/my_package/my_package/srv/detail/add_two_ints2__type_support.cpp
-- Installing: /home/asd/ros2_ws/install/my_package/include/my_package/my_package/srv/detail/divide_two_floats__type_support.cpp
-- Installing: /home/asd/ros2_ws/install/my_package/include/my_package/my_package/srv/detail/divide_two_floats__rosidl_typesupport_introspection_cpp.hpp
-- Installing: /home/asd/ros2_ws/install/my_package/lib/libmy_package__rosidl_typesupport_introspection_cpp.so
-- Set runtime path of "/home/asd/ros2_ws/install/my_package/lib/libmy_package__rosidl_typesupport_introspection_cpp.so" to ""
-- Installing: /home/asd/ros2_ws/install/my_package/lib/libmy_package__rosidl_typesupport_cpp.so
-- Set runtime path of "/home/asd/ros2_ws/install/my_package/lib/libmy_package__rosidl_typesupport_cpp.so" to ""
-- Up-to-date: /home/asd/ros2_ws/install/my_package/share/my_package/environment/pythonpath.sh
-- Up-to-date: /home/asd/ros2_ws/install/my_package/share/my_package/environment/pythonpath.dsv
-- Up-to-date: /home/asd/ros2_ws/install/my_package/lib/python3.10/site-packages/my_package-0.0.0-py3.10.egg-info
-- Installing: /home/asd/ros2_ws/install/my_package/lib/python3.10/site-packages/my_package-0.0.0-py3.10.egg-info/SOURCES.txt
-- Installing: /home/asd/ros2_ws/install/my_package/lib/python3.10/site-packages/my_package-0.0.0-py3.10.egg-info/top_level.txt
-- Installing: /home/asd/ros2_ws/install/my_package/lib/python3.10/site-packages/my_package-0.0.0-py3.10.egg-info/PKG-INFO
-- Installing: /home/asd/ros2_ws/install/my_package/lib/python3.10/site-packages/my_package-0.0.0-py3.10.egg-info/dependency_links.txt
-- Up-to-date: /home/asd/ros2_ws/install/my_package/lib/python3.10/site-packages/my_package
-- Installing: /home/asd/ros2_ws/install/my_package/lib/python3.10/site-packages/my_package/my_package_s__rosidl_typesupport_fastrtps_c.cpython-310-x86_64-linux-gnu.so
-- Up-to-date: /home/asd/ros2_ws/install/my_package/lib/python3.10/site-packages/my_package/msg
-- Installing: /home/asd/ros2_ws/install/my_package/lib/python3.10/site-packages/my_package/msg/_divide_two_floats.py
-- Up-to-date: /home/asd/ros2_ws/install/my_package/lib/python3.10/site-packages/my_package/msg/_add_two_ints2_s.c
-- Installing: /home/asd/ros2_ws/install/my_package/lib/python3.10/site-packages/my_package/msg/__init__.py
-- Up-to-date: /home/asd/ros2_ws/install/my_package/lib/python3.10/site-packages/my_package/msg/_add_two_ints2.py
-- Installing: /home/asd/ros2_ws/install/my_package/lib/python3.10/site-packages/my_package/msg/_divide_two_floats_s.c
-- Installing: /home/asd/ros2_ws/install/my_package/lib/python3.10/site-packages/my_package/my_package_s__rosidl_typesupport_introspection_c.cpython-310-x86_64-linux-gnu.so
-- Installing: /home/asd/ros2_ws/install/my_package/lib/python3.10/site-packages/my_package/__init__.py
-- Installing: /home/asd/ros2_ws/install/my_package/lib/python3.10/site-packages/my_package/_my_package_s.ep.rosidl_typesupport_introspection_c.c
-- Up-to-date: /home/asd/ros2_ws/install/my_package/lib/python3.10/site-packages/my_package/srv
-- Installing: /home/asd/ros2_ws/install/my_package/lib/python3.10/site-packages/my_package/srv/_divide_two_floats.py
-- Up-to-date: /home/asd/ros2_ws/install/my_package/lib/python3.10/site-packages/my_package/srv/_add_two_ints2_s.c
-- Installing: /home/asd/ros2_ws/install/my_package/lib/python3.10/site-packages/my_package/srv/__init__.py
-- Up-to-date: /home/asd/ros2_ws/install/my_package/lib/python3.10/site-packages/my_package/srv/_add_two_ints2.py
-- Installing: /home/asd/ros2_ws/install/my_package/lib/python3.10/site-packages/my_package/srv/_divide_two_floats_s.c
-- Installing: /home/asd/ros2_ws/install/my_package/lib/python3.10/site-packages/my_package/my_package_s__rosidl_typesupport_c.cpython-310-x86_64-linux-gnu.so
-- Installing: /home/asd/ros2_ws/install/my_package/lib/python3.10/site-packages/my_package/libmy_package__rosidl_generator_py.so
-- Installing: /home/asd/ros2_ws/install/my_package/lib/python3.10/site-packages/my_package/_my_package_s.ep.rosidl_typesupport_fastrtps_c.c
-- Installing: /home/asd/ros2_ws/install/my_package/lib/python3.10/site-packages/my_package/_my_package_s.ep.rosidl_typesupport_c.c
Listing '/home/asd/ros2_ws/install/my_package/lib/python3.10/site-packages/my_package'...
Compiling '/home/asd/ros2_ws/install/my_package/lib/python3.10/site-packages/my_package/__init__.py'...
Listing '/home/asd/ros2_ws/install/my_package/lib/python3.10/site-packages/my_package/msg'...
Compiling '/home/asd/ros2_ws/install/my_package/lib/python3.10/site-packages/my_package/msg/__init__.py'...
Compiling '/home/asd/ros2_ws/install/my_package/lib/python3.10/site-packages/my_package/msg/_divide_two_floats.py'...
Listing '/home/asd/ros2_ws/install/my_package/lib/python3.10/site-packages/my_package/srv'...
Compiling '/home/asd/ros2_ws/install/my_package/lib/python3.10/site-packages/my_package/srv/__init__.py'...
Compiling '/home/asd/ros2_ws/install/my_package/lib/python3.10/site-packages/my_package/srv/_divide_two_floats.py'...
-- Installing: /home/asd/ros2_ws/install/my_package/lib/python3.10/site-packages/my_package/my_package_s__rosidl_typesupport_fastrtps_c.cpython-310-x86_64-linux-gnu.so
-- Set runtime path of "/home/asd/ros2_ws/install/my_package/lib/python3.10/site-packages/my_package/my_package_s__rosidl_typesupport_fastrtps_c.cpython-310-x86_64-linux-gnu.so" to ""
-- Installing: /home/asd/ros2_ws/install/my_package/lib/python3.10/site-packages/my_package/my_package_s__rosidl_typesupport_introspection_c.cpython-310-x86_64-linux-gnu.so
-- Set runtime path of "/home/asd/ros2_ws/install/my_package/lib/python3.10/site-packages/my_package/my_package_s__rosidl_typesupport_introspection_c.cpython-310-x86_64-linux-gnu.so" to ""
-- Installing: /home/asd/ros2_ws/install/my_package/lib/python3.10/site-packages/my_package/my_package_s__rosidl_typesupport_c.cpython-310-x86_64-linux-gnu.so
-- Set runtime path of "/home/asd/ros2_ws/install/my_package/lib/python3.10/site-packages/my_package/my_package_s__rosidl_typesupport_c.cpython-310-x86_64-linux-gnu.so" to ""
-- Installing: /home/asd/ros2_ws/install/my_package/lib/libmy_package__rosidl_generator_py.so
-- Set runtime path of "/home/asd/ros2_ws/install/my_package/lib/libmy_package__rosidl_generator_py.so" to ""
-- Up-to-date: /home/asd/ros2_ws/install/my_package/share/my_package/msg/DivideTwoFloats.idl
-- Installing: /home/asd/ros2_ws/install/my_package/share/my_package/srv/DivideTwoFloats.idl
-- Up-to-date: /home/asd/ros2_ws/install/my_package/share/my_package/msg/DivideTwoFloats.msg
-- Installing: /home/asd/ros2_ws/install/my_package/share/my_package/srv/DivideTwoFloats.srv
-- Up-to-date: /home/asd/ros2_ws/install/my_package/share/my_package/srv/DivideTwoFloats_Request.msg
-- Installing: /home/asd/ros2_ws/install/my_package/share/my_package/srv/DivideTwoFloats_Response.msg
-- Up-to-date: /home/asd/ros2_ws/install/my_package/share/ament_index/resource_index/package_run_dependencies/my_package
-- Up-to-date: /home/asd/ros2_ws/install/my_package/share/ament_index/resource_index/parent_prefix_path/my_package
-- Up-to-date: /home/asd/ros2_ws/install/my_package/share/my_package/environment/ament_prefix_path.sh
-- Up-to-date: /home/asd/ros2_ws/install/my_package/share/my_package/environment/ament_prefix_path.dsv
-- Up-to-date: /home/asd/ros2_ws/install/my_package/share/my_package/environment/path.sh
-- Up-to-date: /home/asd/ros2_ws/install/my_package/share/my_package/environment/path.dsv
-- Up-to-date: /home/asd/ros2_ws/install/my_package/share/my_package/local_setup.bash
-- Up-to-date: /home/asd/ros2_ws/install/my_package/share/my_package/local_setup.sh
-- Up-to-date: /home/asd/ros2_ws/install/my_package/share/my_package/local_setup.zsh
-- Up-to-date: /home/asd/ros2_ws/install/my_package/share/my_package/local_setup.dsv
-- Installing: /home/asd/ros2_ws/install/my_package/share/my_package/package.dsv
-- Up-to-date: /home/asd/ros2_ws/install/my_package/share/ament_index/resource_index/packages/my_package
-- Up-to-date: /home/asd/ros2_ws/install/my_package/share/my_package/cmake/export_my_package__rosidl_generator_cExport.cmake
-- Up-to-date: /home/asd/ros2_ws/install/my_package/share/my_package/cmake/export_my_package__rosidl_generator_cExport-noconfig.cmake
-- Up-to-date: /home/asd/ros2_ws/install/my_package/share/my_package/cmake/export_my_package__rosidl_typesupport_fastrtps_cExport.cmake
-- Up-to-date: /home/asd/ros2_ws/install/my_package/share/my_package/cmake/export_my_package__rosidl_typesupport_fastrtps_cExport-noconfig.cmake
-- Up-to-date: /home/asd/ros2_ws/install/my_package/share/my_package/cmake/export_my_package__rosidl_generator_cppExport.cmake
-- Up-to-date: /home/asd/ros2_ws/install/my_package/share/my_package/cmake/export_my_package__rosidl_typesupport_fastrtps_cppExport.cmake
-- Up-to-date: /home/asd/ros2_ws/install/my_package/share/my_package/cmake/export_my_package__rosidl_typesupport_fastrtps_cppExport-noconfig.cmake
-- Up-to-date: /home/asd/ros2_ws/install/my_package/share/my_package/cmake/my_package__rosidl_typesupport_introspection_cExport.cmake
-- Up-to-date: /home/asd/ros2_ws/install/my_package/share/my_package/cmake/my_package__rosidl_typesupport_introspection_cExport-noconfig.cmake
-- Up-to-date: /home/asd/ros2_ws/install/my_package/share/my_package/cmake/my_package__rosidl_typesupport_cExport.cmake
-- Up-to-date: /home/asd/ros2_ws/install/my_package/share/my_package/cmake/my_package__rosidl_typesupport_cExport-noconfig.cmake
-- Up-to-date: /home/asd/ros2_ws/install/my_package/share/my_package/cmake/my_package__rosidl_typesupport_introspection_cppExport.cmake
-- Up-to-date: /home/asd/ros2_ws/install/my_package/share/my_package/cmake/my_package__rosidl_typesupport_introspection_cppExport-noconfig.cmake
-- Up-to-date: /home/asd/ros2_ws/install/my_package/share/my_package/cmake/my_package__rosidl_typesupport_cppExport.cmake
-- Up-to-date: /home/asd/ros2_ws/install/my_package/share/my_package/cmake/my_package__rosidl_typesupport_cppExport-noconfig.cmake
-- Up-to-date: /home/asd/ros2_ws/install/my_package/share/my_package/cmake/export_my_package__rosidl_generator_pyExport.cmake
-- Up-to-date: /home/asd/ros2_ws/install/my_package/share/my_package/cmake/export_my_package__rosidl_generator_pyExport-noconfig.cmake
-- Up-to-date: /home/asd/ros2_ws/install/my_package/share/my_package/cmake/rosidl_cmake-extras.cmake
-- Up-to-date: /home/asd/ros2_ws/install/my_package/share/my_package/cmake/ament_cmake_export_dependencies-extras.cmake
-- Up-to-date: /home/asd/ros2_ws/install/my_package/share/my_package/cmake/ament_cmake_export_include_directories-extras.cmake
-- Up-to-date: /home/asd/ros2_ws/install/my_package/share/my_package/cmake/ament_cmake_export_libraries-extras.cmake
-- Up-to-date: /home/asd/ros2_ws/install/my_package/share/my_package/cmake/ament_cmake_export_targets-extras.cmake
-- Up-to-date: /home/asd/ros2_ws/install/my_package/share/my_package/cmake/rosidl_cmake_export_typesupport_targets-extras.cmake
-- Up-to-date: /home/asd/ros2_ws/install/my_package/share/my_package/cmake/rosidl_cmake_export_typesupport_libraries-extras.cmake
-- Up-to-date: /home/asd/ros2_ws/install/my_package/share/my_package/cmake/my_packageConfig.cmake
-- Up-to-date: /home/asd/ros2_ws/install/my_package/share/my_package/cmake/my_packageConfig-version.cmake
-- Up-to-date: /home/asd/ros2_ws/install/my_package/share/my_package/package.xml
