[0.039s] Invoking command in '/home/asd/ros2_ws/build/my_package': CMAKE_PREFIX_PATH=/opt/ros/iron /usr/bin/cmake --build /home/asd/ros2_ws/build/my_package -- -j4 -l4
[0.151s] -- Found ament_cmake: 2.0.4 (/opt/ros/iron/share/ament_cmake/cmake)
[0.737s] -- Found example_interfaces: 0.10.2 (/opt/ros/iron/share/example_interfaces/cmake)
[0.869s] -- Found rosidl_generator_c: 4.0.1 (/opt/ros/iron/share/rosidl_generator_c/cmake)
[0.921s] -- Found rosidl_generator_cpp: 4.0.1 (/opt/ros/iron/share/rosidl_generator_cpp/cmake)
[0.998s] -- Using all available rosidl_typesupport_c: rosidl_typesupport_fastrtps_c;rosidl_typesupport_introspection_c
[1.092s] -- Using all available rosidl_typesupport_cpp: rosidl_typesupport_fastrtps_cpp;rosidl_typesupport_introspection_cpp
[3.195s] -- Found geometry_msgs: 5.0.0 (/opt/ros/iron/share/geometry_msgs/cmake)
[3.902s] -- Found rosidl_default_generators: 1.5.0 (/opt/ros/iron/share/rosidl_default_generators/cmake)
[3.940s] -- Found rosidl_adapter: 4.0.1 (/opt/ros/iron/share/rosidl_adapter/cmake)
[5.243s] -- Found ament_cmake_ros: 0.11.2 (/opt/ros/iron/share/ament_cmake_ros/cmake)
[7.053s] -- Using all available rosidl_typesupport_c: rosidl_typesupport_fastrtps_c;rosidl_typesupport_introspection_c
[7.766s] -- Using all available rosidl_typesupport_cpp: rosidl_typesupport_fastrtps_cpp;rosidl_typesupport_introspection_cpp
[7.888s] -- Found python_cmake_module: 0.10.2 (/opt/ros/iron/share/python_cmake_module/cmake)
[7.981s] -- Using PYTHON_EXECUTABLE: /usr/bin/python3
[7.981s] -- Using PYTHON_INCLUDE_DIRS: /usr/include/python3.10
[7.982s] -- Using PYTHON_LIBRARIES: /usr/lib/x86_64-linux-gnu/libpython3.10.so
[8.189s] -- Configuring done
[8.418s] -- Generating done
[8.436s] -- Build files have been written to: /home/asd/ros2_ws/build/my_package
[8.575s] [  2%] [34m[1mGenerating type hashes for ROS interfaces[0m
[8.615s] [  2%] Built target ament_cmake_python_copy_my_package
[9.467s] [  2%] Built target my_package__rosidl_generator_type_description
[9.503s] [  4%] [34m[1mGenerating C code for ROS interfaces[0m
[9.597s] [  6%] [34m[1mGenerating C++ code for ROS interfaces[0m
[9.620s] running egg_info
[9.623s] writing my_package.egg-info/PKG-INFO
[9.624s] writing dependency_links to my_package.egg-info/dependency_links.txt
[9.625s] writing top-level names to my_package.egg-info/top_level.txt
[9.633s] reading manifest file 'my_package.egg-info/SOURCES.txt'
[9.637s] writing manifest file 'my_package.egg-info/SOURCES.txt'
[9.748s] [  6%] Built target ament_cmake_python_build_my_package_egg
[11.206s] [  6%] Built target my_package__cpp
[11.406s] [35m[1mConsolidate compiler generated dependencies of target my_package__rosidl_generator_c[0m
[11.492s] [  9%] [32mBuilding C object CMakeFiles/my_package__rosidl_generator_c.dir/rosidl_generator_c/my_package/msg/detail/divide_two_floats__description.c.o[0m
[11.514s] [ 11%] [32mBuilding C object CMakeFiles/my_package__rosidl_generator_c.dir/rosidl_generator_c/my_package/msg/detail/divide_two_floats__functions.c.o[0m
[11.546s] [ 13%] [32mBuilding C object CMakeFiles/my_package__rosidl_generator_c.dir/rosidl_generator_c/my_package/msg/detail/divide_two_floats__type_support.c.o[0m
[11.561s] [ 15%] [32mBuilding C object CMakeFiles/my_package__rosidl_generator_c.dir/rosidl_generator_c/my_package/srv/detail/divide_two_floats__description.c.o[0m
[11.688s] [ 18%] [32mBuilding C object CMakeFiles/my_package__rosidl_generator_c.dir/rosidl_generator_c/my_package/srv/detail/divide_two_floats__functions.c.o[0m
[11.779s] [ 20%] [32mBuilding C object CMakeFiles/my_package__rosidl_generator_c.dir/rosidl_generator_c/my_package/srv/detail/divide_two_floats__type_support.c.o[0m
[12.054s] [ 22%] [32m[1mLinking C shared library libmy_package__rosidl_generator_c.so[0m
[12.232s] [ 22%] Built target my_package__rosidl_generator_c
[12.276s] [ 25%] [34m[1mGenerating C type support for eProsima Fast-RTPS[0m
[12.289s] [ 27%] [34m[1mGenerating C++ type support for eProsima Fast-RTPS[0m
[12.291s] [ 29%] [34m[1mGenerating C++ type support dispatch for ROS interfaces[0m
[12.315s] [ 31%] [34m[1mGenerating C introspection for ROS interfaces[0m
[13.707s] [35m[1mConsolidate compiler generated dependencies of target my_package__rosidl_typesupport_cpp[0m
[13.761s] [ 34%] [32mBuilding CXX object CMakeFiles/my_package__rosidl_typesupport_cpp.dir/rosidl_typesupport_cpp/my_package/msg/divide_two_floats__type_support.cpp.o[0m
[13.762s] [35m[1mConsolidate compiler generated dependencies of target my_package__rosidl_typesupport_fastrtps_c[0m
[13.820s] [ 36%] [32mBuilding CXX object CMakeFiles/my_package__rosidl_typesupport_fastrtps_c.dir/rosidl_typesupport_fastrtps_c/my_package/msg/detail/divide_two_floats__type_support_c.cpp.o[0m
[13.994s] [35m[1mConsolidate compiler generated dependencies of target my_package__rosidl_typesupport_fastrtps_cpp[0m
[14.106s] [35m[1mConsolidate compiler generated dependencies of target my_package__rosidl_typesupport_introspection_c[0m
[14.129s] [ 38%] [32mBuilding CXX object CMakeFiles/my_package__rosidl_typesupport_fastrtps_cpp.dir/rosidl_typesupport_fastrtps_cpp/my_package/msg/detail/dds_fastrtps/divide_two_floats__type_support.cpp.o[0m
[14.177s] [ 40%] [32mBuilding C object CMakeFiles/my_package__rosidl_typesupport_introspection_c.dir/rosidl_typesupport_introspection_c/my_package/msg/detail/divide_two_floats__type_support.c.o[0m
[14.577s] [ 43%] [32mBuilding C object CMakeFiles/my_package__rosidl_typesupport_introspection_c.dir/rosidl_typesupport_introspection_c/my_package/srv/detail/divide_two_floats__type_support.c.o[0m
[14.916s] [ 45%] [32m[1mLinking C shared library libmy_package__rosidl_typesupport_introspection_c.so[0m
[15.065s] [ 45%] Built target my_package__rosidl_typesupport_introspection_c
[15.111s] [ 47%] [34m[1mGenerating C type support dispatch for ROS interfaces[0m
[15.856s] [ 50%] [32mBuilding CXX object CMakeFiles/my_package__rosidl_typesupport_cpp.dir/rosidl_typesupport_cpp/my_package/srv/divide_two_floats__type_support.cpp.o[0m
[15.912s] [ 52%] [32mBuilding CXX object CMakeFiles/my_package__rosidl_typesupport_fastrtps_c.dir/rosidl_typesupport_fastrtps_c/my_package/srv/detail/divide_two_floats__type_support_c.cpp.o[0m
[16.483s] [35m[1mConsolidate compiler generated dependencies of target my_package__rosidl_typesupport_c[0m
[16.524s] [ 54%] [32mBuilding CXX object CMakeFiles/my_package__rosidl_typesupport_c.dir/rosidl_typesupport_c/my_package/msg/divide_two_floats__type_support.cpp.o[0m
[16.591s] [ 56%] [32mBuilding CXX object CMakeFiles/my_package__rosidl_typesupport_fastrtps_cpp.dir/rosidl_typesupport_fastrtps_cpp/my_package/srv/detail/dds_fastrtps/divide_two_floats__type_support.cpp.o[0m
[16.734s] [ 59%] [32mBuilding CXX object CMakeFiles/my_package__rosidl_typesupport_c.dir/rosidl_typesupport_c/my_package/srv/divide_two_floats__type_support.cpp.o[0m
[17.014s] [ 61%] [32m[1mLinking CXX shared library libmy_package__rosidl_typesupport_c.so[0m
[17.420s] [ 61%] Built target my_package__rosidl_typesupport_c
[17.482s] [ 63%] [34m[1mGenerating C++ introspection for ROS interfaces[0m
[17.830s] [ 65%] [32m[1mLinking CXX shared library libmy_package__rosidl_typesupport_fastrtps_c.so[0m
[18.117s] [ 68%] [32m[1mLinking CXX shared library libmy_package__rosidl_typesupport_cpp.so[0m
[18.174s] [ 68%] Built target my_package__rosidl_typesupport_fastrtps_c
[18.447s] [ 68%] Built target my_package__rosidl_typesupport_cpp
[18.891s] [35m[1mConsolidate compiler generated dependencies of target my_package__rosidl_typesupport_introspection_cpp[0m
[18.945s] [ 72%] [32mBuilding CXX object CMakeFiles/my_package__rosidl_typesupport_introspection_cpp.dir/rosidl_typesupport_introspection_cpp/my_package/srv/detail/divide_two_floats__type_support.cpp.o[0m
[18.946s] [ 72%] [32mBuilding CXX object CMakeFiles/my_package__rosidl_typesupport_introspection_cpp.dir/rosidl_typesupport_introspection_cpp/my_package/msg/detail/divide_two_floats__type_support.cpp.o[0m
[19.669s] [ 75%] [32m[1mLinking CXX shared library libmy_package__rosidl_typesupport_fastrtps_cpp.so[0m
[19.989s] [ 75%] Built target my_package__rosidl_typesupport_fastrtps_cpp
[20.849s] [ 77%] [32m[1mLinking CXX shared library libmy_package__rosidl_typesupport_introspection_cpp.so[0m
[21.197s] [ 77%] Built target my_package__rosidl_typesupport_introspection_cpp
[21.272s] [ 77%] Built target my_package
[21.350s] [ 79%] [34m[1mGenerating Python code for ROS interfaces[0m
[23.669s] [ 79%] Built target my_package__py
[23.705s] [35m[1mConsolidate compiler generated dependencies of target my_package__rosidl_generator_py[0m
[23.769s] [ 81%] [32mBuilding C object CMakeFiles/my_package__rosidl_generator_py.dir/rosidl_generator_py/my_package/msg/_divide_two_floats_s.c.o[0m
[23.776s] [ 84%] [32mBuilding C object CMakeFiles/my_package__rosidl_generator_py.dir/rosidl_generator_py/my_package/srv/_divide_two_floats_s.c.o[0m
[24.312s] [ 86%] [32m[1mLinking C shared library rosidl_generator_py/my_package/libmy_package__rosidl_generator_py.so[0m
[24.490s] [ 86%] Built target my_package__rosidl_generator_py
[24.528s] [35m[1mConsolidate compiler generated dependencies of target my_package__rosidl_typesupport_c__pyext[0m
[24.538s] [35m[1mConsolidate compiler generated dependencies of target my_package__rosidl_typesupport_introspection_c__pyext[0m
[24.548s] [35m[1mConsolidate compiler generated dependencies of target my_package__rosidl_typesupport_fastrtps_c__pyext[0m
[24.607s] [ 90%] [32mBuilding C object CMakeFiles/my_package__rosidl_typesupport_c__pyext.dir/rosidl_generator_py/my_package/_my_package_s.ep.rosidl_typesupport_c.c.o[0m
[24.607s] [ 93%] [32mBuilding C object CMakeFiles/my_package__rosidl_typesupport_introspection_c__pyext.dir/rosidl_generator_py/my_package/_my_package_s.ep.rosidl_typesupport_introspection_c.c.o[0m
[24.607s] [ 90%] [32mBuilding C object CMakeFiles/my_package__rosidl_typesupport_fastrtps_c__pyext.dir/rosidl_generator_py/my_package/_my_package_s.ep.rosidl_typesupport_fastrtps_c.c.o[0m
[25.099s] [ 95%] [32m[1mLinking C shared library rosidl_generator_py/my_package/my_package_s__rosidl_typesupport_introspection_c.cpython-310-x86_64-linux-gnu.so[0m
[25.101s] [ 97%] [32m[1mLinking C shared library rosidl_generator_py/my_package/my_package_s__rosidl_typesupport_c.cpython-310-x86_64-linux-gnu.so[0m
[25.153s] [100%] [32m[1mLinking C shared library rosidl_generator_py/my_package/my_package_s__rosidl_typesupport_fastrtps_c.cpython-310-x86_64-linux-gnu.so[0m
[25.286s] [100%] Built target my_package__rosidl_typesupport_introspection_c__pyext
[25.303s] [100%] Built target my_package__rosidl_typesupport_c__pyext
[25.350s] [100%] Built target my_package__rosidl_typesupport_fastrtps_c__pyext
[25.387s] Invoked command in '/home/asd/ros2_ws/build/my_package' returned '0': CMAKE_PREFIX_PATH=/opt/ros/iron /usr/bin/cmake --build /home/asd/ros2_ws/build/my_package -- -j4 -l4
[25.692s] Invoking command in '/home/asd/ros2_ws/build/my_package': CMAKE_PREFIX_PATH=/opt/ros/iron /usr/bin/cmake --install /home/asd/ros2_ws/build/my_package
[25.724s] -- Install configuration: ""
[25.724s] -- Up-to-date: /home/asd/ros2_ws/install/my_package/share/ament_index/resource_index/rosidl_interfaces/my_package
[25.725s] -- Installing: /home/asd/ros2_ws/install/my_package/share/my_package/msg/DivideTwoFloats.json
[25.725s] -- Installing: /home/asd/ros2_ws/install/my_package/share/my_package/srv/DivideTwoFloats.json
[25.726s] -- Up-to-date: /home/asd/ros2_ws/install/my_package/include/my_package/my_package
[25.727s] -- Up-to-date: /home/asd/ros2_ws/install/my_package/include/my_package/my_package/msg
[25.727s] -- Up-to-date: /home/asd/ros2_ws/install/my_package/include/my_package/my_package/msg/detail
[25.727s] -- Up-to-date: /home/asd/ros2_ws/install/my_package/include/my_package/my_package/msg/detail/add_two_ints2__struct.h
[25.728s] -- Installing: /home/asd/ros2_ws/install/my_package/include/my_package/my_package/msg/detail/divide_two_floats__functions.c
[25.728s] -- Installing: /home/asd/ros2_ws/install/my_package/include/my_package/my_package/msg/detail/divide_two_floats__type_support.c
[25.728s] -- Installing: /home/asd/ros2_ws/install/my_package/include/my_package/my_package/msg/detail/divide_two_floats__description.c
[25.729s] -- Up-to-date: /home/asd/ros2_ws/install/my_package/include/my_package/my_package/msg/detail/add_two_ints2__functions.c
[25.729s] -- Installing: /home/asd/ros2_ws/install/my_package/include/my_package/my_package/msg/detail/divide_two_floats__functions.h
[25.730s] -- Installing: /home/asd/ros2_ws/install/my_package/include/my_package/my_package/msg/detail/divide_two_floats__struct.h
[25.732s] -- Up-to-date: /home/asd/ros2_ws/install/my_package/include/my_package/my_package/msg/detail/add_two_ints2__description.c
[25.732s] -- Up-to-date: /home/asd/ros2_ws/install/my_package/include/my_package/my_package/msg/detail/add_two_ints2__type_support.h
[25.732s] -- Installing: /home/asd/ros2_ws/install/my_package/include/my_package/my_package/msg/detail/divide_two_floats__type_support.h
[25.733s] -- Installing: /home/asd/ros2_ws/install/my_package/include/my_package/my_package/msg/detail/add_two_ints2__type_support.c
[25.733s] -- Up-to-date: /home/asd/ros2_ws/install/my_package/include/my_package/my_package/msg/detail/add_two_ints2__functions.h
[25.734s] -- Up-to-date: /home/asd/ros2_ws/install/my_package/include/my_package/my_package/msg/add_two_ints2.h
[25.734s] -- Installing: /home/asd/ros2_ws/install/my_package/include/my_package/my_package/msg/divide_two_floats.h
[25.734s] -- Up-to-date: /home/asd/ros2_ws/install/my_package/include/my_package/my_package/msg/rosidl_generator_c__visibility_control.h
[25.735s] -- Up-to-date: /home/asd/ros2_ws/install/my_package/include/my_package/my_package/srv
[25.735s] -- Up-to-date: /home/asd/ros2_ws/install/my_package/include/my_package/my_package/srv/detail
[25.736s] -- Up-to-date: /home/asd/ros2_ws/install/my_package/include/my_package/my_package/srv/detail/add_two_ints2__struct.h
[25.736s] -- Installing: /home/asd/ros2_ws/install/my_package/include/my_package/my_package/srv/detail/divide_two_floats__functions.c
[25.736s] -- Installing: /home/asd/ros2_ws/install/my_package/include/my_package/my_package/srv/detail/divide_two_floats__type_support.c
[25.737s] -- Installing: /home/asd/ros2_ws/install/my_package/include/my_package/my_package/srv/detail/divide_two_floats__description.c
[25.738s] -- Up-to-date: /home/asd/ros2_ws/install/my_package/include/my_package/my_package/srv/detail/add_two_ints2__functions.c
[25.738s] -- Installing: /home/asd/ros2_ws/install/my_package/include/my_package/my_package/srv/detail/divide_two_floats__functions.h
[25.739s] -- Installing: /home/asd/ros2_ws/install/my_package/include/my_package/my_package/srv/detail/divide_two_floats__struct.h
[25.739s] -- Up-to-date: /home/asd/ros2_ws/install/my_package/include/my_package/my_package/srv/detail/add_two_ints2__description.c
[25.740s] -- Up-to-date: /home/asd/ros2_ws/install/my_package/include/my_package/my_package/srv/detail/add_two_ints2__type_support.h
[25.740s] -- Installing: /home/asd/ros2_ws/install/my_package/include/my_package/my_package/srv/detail/divide_two_floats__type_support.h
[25.740s] -- Installing: /home/asd/ros2_ws/install/my_package/include/my_package/my_package/srv/detail/add_two_ints2__type_support.c
[25.741s] -- Up-to-date: /home/asd/ros2_ws/install/my_package/include/my_package/my_package/srv/detail/add_two_ints2__functions.h
[25.741s] -- Up-to-date: /home/asd/ros2_ws/install/my_package/include/my_package/my_package/srv/add_two_ints2.h
[25.742s] -- Installing: /home/asd/ros2_ws/install/my_package/include/my_package/my_package/srv/divide_two_floats.h
[25.742s] -- Up-to-date: /home/asd/ros2_ws/install/my_package/share/my_package/environment/library_path.sh
[25.743s] -- Up-to-date: /home/asd/ros2_ws/install/my_package/share/my_package/environment/library_path.dsv
[25.743s] -- Installing: /home/asd/ros2_ws/install/my_package/lib/libmy_package__rosidl_generator_c.so
[25.745s] -- Set runtime path of "/home/asd/ros2_ws/install/my_package/lib/libmy_package__rosidl_generator_c.so" to ""
[25.745s] -- Up-to-date: /home/asd/ros2_ws/install/my_package/include/my_package/my_package
[25.746s] -- Up-to-date: /home/asd/ros2_ws/install/my_package/include/my_package/my_package/msg
[25.746s] -- Up-to-date: /home/asd/ros2_ws/install/my_package/include/my_package/my_package/msg/detail
[25.746s] -- Installing: /home/asd/ros2_ws/install/my_package/include/my_package/my_package/msg/detail/divide_two_floats__rosidl_typesupport_fastrtps_c.h
[25.747s] -- Up-to-date: /home/asd/ros2_ws/install/my_package/include/my_package/my_package/msg/detail/add_two_ints2__rosidl_typesupport_fastrtps_c.h
[25.747s] -- Up-to-date: /home/asd/ros2_ws/install/my_package/include/my_package/my_package/msg/rosidl_typesupport_fastrtps_c__visibility_control.h
[25.748s] -- Up-to-date: /home/asd/ros2_ws/install/my_package/include/my_package/my_package/srv
[25.748s] -- Up-to-date: /home/asd/ros2_ws/install/my_package/include/my_package/my_package/srv/detail
[25.749s] -- Installing: /home/asd/ros2_ws/install/my_package/include/my_package/my_package/srv/detail/divide_two_floats__rosidl_typesupport_fastrtps_c.h
[25.749s] -- Up-to-date: /home/asd/ros2_ws/install/my_package/include/my_package/my_package/srv/detail/add_two_ints2__rosidl_typesupport_fastrtps_c.h
[25.750s] -- Installing: /home/asd/ros2_ws/install/my_package/lib/libmy_package__rosidl_typesupport_fastrtps_c.so
[25.751s] -- Set runtime path of "/home/asd/ros2_ws/install/my_package/lib/libmy_package__rosidl_typesupport_fastrtps_c.so" to ""
[25.752s] -- Up-to-date: /home/asd/ros2_ws/install/my_package/include/my_package/my_package
[25.752s] -- Up-to-date: /home/asd/ros2_ws/install/my_package/include/my_package/my_package/msg
[25.753s] -- Up-to-date: /home/asd/ros2_ws/install/my_package/include/my_package/my_package/msg/add_two_ints2.hpp
[25.753s] -- Up-to-date: /home/asd/ros2_ws/install/my_package/include/my_package/my_package/msg/detail
[25.753s] -- Up-to-date: /home/asd/ros2_ws/install/my_package/include/my_package/my_package/msg/detail/add_two_ints2__traits.hpp
[25.754s] -- Up-to-date: /home/asd/ros2_ws/install/my_package/include/my_package/my_package/msg/detail/add_two_ints2__builder.hpp
[25.754s] -- Installing: /home/asd/ros2_ws/install/my_package/include/my_package/my_package/msg/detail/divide_two_floats__builder.hpp
[25.754s] -- Up-to-date: /home/asd/ros2_ws/install/my_package/include/my_package/my_package/msg/detail/add_two_ints2__struct.hpp
[25.755s] -- Installing: /home/asd/ros2_ws/install/my_package/include/my_package/my_package/msg/detail/divide_two_floats__traits.hpp
[25.755s] -- Installing: /home/asd/ros2_ws/install/my_package/include/my_package/my_package/msg/detail/divide_two_floats__struct.hpp
[25.756s] -- Installing: /home/asd/ros2_ws/install/my_package/include/my_package/my_package/msg/divide_two_floats.hpp
[25.756s] -- Up-to-date: /home/asd/ros2_ws/install/my_package/include/my_package/my_package/srv
[25.757s] -- Up-to-date: /home/asd/ros2_ws/install/my_package/include/my_package/my_package/srv/add_two_ints2.hpp
[25.757s] -- Up-to-date: /home/asd/ros2_ws/install/my_package/include/my_package/my_package/srv/detail
[25.757s] -- Up-to-date: /home/asd/ros2_ws/install/my_package/include/my_package/my_package/srv/detail/add_two_ints2__traits.hpp
[25.758s] -- Up-to-date: /home/asd/ros2_ws/install/my_package/include/my_package/my_package/srv/detail/add_two_ints2__builder.hpp
[25.758s] -- Installing: /home/asd/ros2_ws/install/my_package/include/my_package/my_package/srv/detail/divide_two_floats__builder.hpp
[25.759s] -- Up-to-date: /home/asd/ros2_ws/install/my_package/include/my_package/my_package/srv/detail/add_two_ints2__struct.hpp
[25.759s] -- Installing: /home/asd/ros2_ws/install/my_package/include/my_package/my_package/srv/detail/divide_two_floats__traits.hpp
[25.759s] -- Installing: /home/asd/ros2_ws/install/my_package/include/my_package/my_package/srv/detail/divide_two_floats__struct.hpp
[25.760s] -- Installing: /home/asd/ros2_ws/install/my_package/include/my_package/my_package/srv/divide_two_floats.hpp
[25.760s] -- Up-to-date: /home/asd/ros2_ws/install/my_package/include/my_package/my_package
[25.761s] -- Up-to-date: /home/asd/ros2_ws/install/my_package/include/my_package/my_package/msg
[25.761s] -- Up-to-date: /home/asd/ros2_ws/install/my_package/include/my_package/my_package/msg/detail
[25.761s] -- Up-to-date: /home/asd/ros2_ws/install/my_package/include/my_package/my_package/msg/detail/add_two_ints2__rosidl_typesupport_fastrtps_cpp.hpp
[25.762s] -- Installing: /home/asd/ros2_ws/install/my_package/include/my_package/my_package/msg/detail/divide_two_floats__rosidl_typesupport_fastrtps_cpp.hpp
[25.762s] -- Up-to-date: /home/asd/ros2_ws/install/my_package/include/my_package/my_package/msg/detail/dds_fastrtps
[25.763s] -- Up-to-date: /home/asd/ros2_ws/install/my_package/include/my_package/my_package/msg/rosidl_typesupport_fastrtps_cpp__visibility_control.h
[25.763s] -- Up-to-date: /home/asd/ros2_ws/install/my_package/include/my_package/my_package/srv
[25.763s] -- Up-to-date: /home/asd/ros2_ws/install/my_package/include/my_package/my_package/srv/detail
[25.764s] -- Up-to-date: /home/asd/ros2_ws/install/my_package/include/my_package/my_package/srv/detail/add_two_ints2__rosidl_typesupport_fastrtps_cpp.hpp
[25.764s] -- Installing: /home/asd/ros2_ws/install/my_package/include/my_package/my_package/srv/detail/divide_two_floats__rosidl_typesupport_fastrtps_cpp.hpp
[25.764s] -- Up-to-date: /home/asd/ros2_ws/install/my_package/include/my_package/my_package/srv/detail/dds_fastrtps
[25.765s] -- Installing: /home/asd/ros2_ws/install/my_package/lib/libmy_package__rosidl_typesupport_fastrtps_cpp.so
[25.767s] -- Set runtime path of "/home/asd/ros2_ws/install/my_package/lib/libmy_package__rosidl_typesupport_fastrtps_cpp.so" to ""
[25.768s] -- Up-to-date: /home/asd/ros2_ws/install/my_package/include/my_package/my_package
[25.768s] -- Up-to-date: /home/asd/ros2_ws/install/my_package/include/my_package/my_package/msg
[25.768s] -- Up-to-date: /home/asd/ros2_ws/install/my_package/include/my_package/my_package/msg/rosidl_typesupport_introspection_c__visibility_control.h
[25.769s] -- Up-to-date: /home/asd/ros2_ws/install/my_package/include/my_package/my_package/msg/detail
[25.769s] -- Up-to-date: /home/asd/ros2_ws/install/my_package/include/my_package/my_package/msg/detail/add_two_ints2__rosidl_typesupport_introspection_c.h
[25.770s] -- Installing: /home/asd/ros2_ws/install/my_package/include/my_package/my_package/msg/detail/divide_two_floats__type_support.c
[25.770s] -- Installing: /home/asd/ros2_ws/install/my_package/include/my_package/my_package/msg/detail/divide_two_floats__rosidl_typesupport_introspection_c.h
[25.771s] -- Installing: /home/asd/ros2_ws/install/my_package/include/my_package/my_package/msg/detail/add_two_ints2__type_support.c
[25.771s] -- Up-to-date: /home/asd/ros2_ws/install/my_package/include/my_package/my_package/srv
[25.772s] -- Up-to-date: /home/asd/ros2_ws/install/my_package/include/my_package/my_package/srv/detail
[25.772s] -- Up-to-date: /home/asd/ros2_ws/install/my_package/include/my_package/my_package/srv/detail/add_two_ints2__rosidl_typesupport_introspection_c.h
[25.773s] -- Installing: /home/asd/ros2_ws/install/my_package/include/my_package/my_package/srv/detail/divide_two_floats__type_support.c
[25.773s] -- Installing: /home/asd/ros2_ws/install/my_package/include/my_package/my_package/srv/detail/divide_two_floats__rosidl_typesupport_introspection_c.h
[25.774s] -- Installing: /home/asd/ros2_ws/install/my_package/include/my_package/my_package/srv/detail/add_two_ints2__type_support.c
[25.775s] -- Installing: /home/asd/ros2_ws/install/my_package/lib/libmy_package__rosidl_typesupport_introspection_c.so
[25.776s] -- Set runtime path of "/home/asd/ros2_ws/install/my_package/lib/libmy_package__rosidl_typesupport_introspection_c.so" to ""
[25.777s] -- Installing: /home/asd/ros2_ws/install/my_package/lib/libmy_package__rosidl_typesupport_c.so
[25.779s] -- Set runtime path of "/home/asd/ros2_ws/install/my_package/lib/libmy_package__rosidl_typesupport_c.so" to ""
[25.779s] -- Up-to-date: /home/asd/ros2_ws/install/my_package/include/my_package/my_package
[25.780s] -- Up-to-date: /home/asd/ros2_ws/install/my_package/include/my_package/my_package/msg
[25.780s] -- Up-to-date: /home/asd/ros2_ws/install/my_package/include/my_package/my_package/msg/detail
[25.780s] -- Up-to-date: /home/asd/ros2_ws/install/my_package/include/my_package/my_package/msg/detail/add_two_ints2__rosidl_typesupport_introspection_cpp.hpp
[25.781s] -- Up-to-date: /home/asd/ros2_ws/install/my_package/include/my_package/my_package/msg/detail/add_two_ints2__type_support.cpp
[25.781s] -- Installing: /home/asd/ros2_ws/install/my_package/include/my_package/my_package/msg/detail/divide_two_floats__type_support.cpp
[25.781s] -- Installing: /home/asd/ros2_ws/install/my_package/include/my_package/my_package/msg/detail/divide_two_floats__rosidl_typesupport_introspection_cpp.hpp
[25.782s] -- Up-to-date: /home/asd/ros2_ws/install/my_package/include/my_package/my_package/srv
[25.782s] -- Up-to-date: /home/asd/ros2_ws/install/my_package/include/my_package/my_package/srv/detail
[25.783s] -- Up-to-date: /home/asd/ros2_ws/install/my_package/include/my_package/my_package/srv/detail/add_two_ints2__rosidl_typesupport_introspection_cpp.hpp
[25.783s] -- Up-to-date: /home/asd/ros2_ws/install/my_package/include/my_package/my_package/srv/detail/add_two_ints2__type_support.cpp
[25.784s] -- Installing: /home/asd/ros2_ws/install/my_package/include/my_package/my_package/srv/detail/divide_two_floats__type_support.cpp
[25.784s] -- Installing: /home/asd/ros2_ws/install/my_package/include/my_package/my_package/srv/detail/divide_two_floats__rosidl_typesupport_introspection_cpp.hpp
[25.785s] -- Installing: /home/asd/ros2_ws/install/my_package/lib/libmy_package__rosidl_typesupport_introspection_cpp.so
[25.787s] -- Set runtime path of "/home/asd/ros2_ws/install/my_package/lib/libmy_package__rosidl_typesupport_introspection_cpp.so" to ""
[25.788s] -- Installing: /home/asd/ros2_ws/install/my_package/lib/libmy_package__rosidl_typesupport_cpp.so
[25.790s] -- Set runtime path of "/home/asd/ros2_ws/install/my_package/lib/libmy_package__rosidl_typesupport_cpp.so" to ""
[25.790s] -- Up-to-date: /home/asd/ros2_ws/install/my_package/share/my_package/environment/pythonpath.sh
[25.791s] -- Up-to-date: /home/asd/ros2_ws/install/my_package/share/my_package/environment/pythonpath.dsv
[25.791s] -- Up-to-date: /home/asd/ros2_ws/install/my_package/lib/python3.10/site-packages/my_package-0.0.0-py3.10.egg-info
[25.791s] -- Installing: /home/asd/ros2_ws/install/my_package/lib/python3.10/site-packages/my_package-0.0.0-py3.10.egg-info/SOURCES.txt
[25.792s] -- Installing: /home/asd/ros2_ws/install/my_package/lib/python3.10/site-packages/my_package-0.0.0-py3.10.egg-info/top_level.txt
[25.793s] -- Installing: /home/asd/ros2_ws/install/my_package/lib/python3.10/site-packages/my_package-0.0.0-py3.10.egg-info/PKG-INFO
[25.794s] -- Installing: /home/asd/ros2_ws/install/my_package/lib/python3.10/site-packages/my_package-0.0.0-py3.10.egg-info/dependency_links.txt
[25.794s] -- Up-to-date: /home/asd/ros2_ws/install/my_package/lib/python3.10/site-packages/my_package
[25.795s] -- Installing: /home/asd/ros2_ws/install/my_package/lib/python3.10/site-packages/my_package/my_package_s__rosidl_typesupport_fastrtps_c.cpython-310-x86_64-linux-gnu.so
[25.796s] -- Up-to-date: /home/asd/ros2_ws/install/my_package/lib/python3.10/site-packages/my_package/msg
[25.796s] -- Installing: /home/asd/ros2_ws/install/my_package/lib/python3.10/site-packages/my_package/msg/_divide_two_floats.py
[25.796s] -- Up-to-date: /home/asd/ros2_ws/install/my_package/lib/python3.10/site-packages/my_package/msg/_add_two_ints2_s.c
[25.797s] -- Installing: /home/asd/ros2_ws/install/my_package/lib/python3.10/site-packages/my_package/msg/__init__.py
[25.797s] -- Up-to-date: /home/asd/ros2_ws/install/my_package/lib/python3.10/site-packages/my_package/msg/_add_two_ints2.py
[25.798s] -- Installing: /home/asd/ros2_ws/install/my_package/lib/python3.10/site-packages/my_package/msg/_divide_two_floats_s.c
[25.798s] -- Installing: /home/asd/ros2_ws/install/my_package/lib/python3.10/site-packages/my_package/my_package_s__rosidl_typesupport_introspection_c.cpython-310-x86_64-linux-gnu.so
[25.799s] -- Installing: /home/asd/ros2_ws/install/my_package/lib/python3.10/site-packages/my_package/__init__.py
[25.800s] -- Installing: /home/asd/ros2_ws/install/my_package/lib/python3.10/site-packages/my_package/_my_package_s.ep.rosidl_typesupport_introspection_c.c
[25.801s] -- Up-to-date: /home/asd/ros2_ws/install/my_package/lib/python3.10/site-packages/my_package/srv
[25.801s] -- Installing: /home/asd/ros2_ws/install/my_package/lib/python3.10/site-packages/my_package/srv/_divide_two_floats.py
[25.802s] -- Up-to-date: /home/asd/ros2_ws/install/my_package/lib/python3.10/site-packages/my_package/srv/_add_two_ints2_s.c
[25.802s] -- Installing: /home/asd/ros2_ws/install/my_package/lib/python3.10/site-packages/my_package/srv/__init__.py
[25.803s] -- Up-to-date: /home/asd/ros2_ws/install/my_package/lib/python3.10/site-packages/my_package/srv/_add_two_ints2.py
[25.803s] -- Installing: /home/asd/ros2_ws/install/my_package/lib/python3.10/site-packages/my_package/srv/_divide_two_floats_s.c
[25.804s] -- Installing: /home/asd/ros2_ws/install/my_package/lib/python3.10/site-packages/my_package/my_package_s__rosidl_typesupport_c.cpython-310-x86_64-linux-gnu.so
[25.804s] -- Installing: /home/asd/ros2_ws/install/my_package/lib/python3.10/site-packages/my_package/libmy_package__rosidl_generator_py.so
[25.805s] -- Installing: /home/asd/ros2_ws/install/my_package/lib/python3.10/site-packages/my_package/_my_package_s.ep.rosidl_typesupport_fastrtps_c.c
[25.805s] -- Installing: /home/asd/ros2_ws/install/my_package/lib/python3.10/site-packages/my_package/_my_package_s.ep.rosidl_typesupport_c.c
[25.924s] Listing '/home/asd/ros2_ws/install/my_package/lib/python3.10/site-packages/my_package'...
[25.924s] Compiling '/home/asd/ros2_ws/install/my_package/lib/python3.10/site-packages/my_package/__init__.py'...
[25.925s] Listing '/home/asd/ros2_ws/install/my_package/lib/python3.10/site-packages/my_package/msg'...
[25.925s] Compiling '/home/asd/ros2_ws/install/my_package/lib/python3.10/site-packages/my_package/msg/__init__.py'...
[25.925s] Compiling '/home/asd/ros2_ws/install/my_package/lib/python3.10/site-packages/my_package/msg/_divide_two_floats.py'...
[25.925s] Listing '/home/asd/ros2_ws/install/my_package/lib/python3.10/site-packages/my_package/srv'...
[25.926s] Compiling '/home/asd/ros2_ws/install/my_package/lib/python3.10/site-packages/my_package/srv/__init__.py'...
[25.926s] Compiling '/home/asd/ros2_ws/install/my_package/lib/python3.10/site-packages/my_package/srv/_divide_two_floats.py'...
[25.938s] -- Installing: /home/asd/ros2_ws/install/my_package/lib/python3.10/site-packages/my_package/my_package_s__rosidl_typesupport_fastrtps_c.cpython-310-x86_64-linux-gnu.so
[25.939s] -- Set runtime path of "/home/asd/ros2_ws/install/my_package/lib/python3.10/site-packages/my_package/my_package_s__rosidl_typesupport_fastrtps_c.cpython-310-x86_64-linux-gnu.so" to ""
[25.940s] -- Installing: /home/asd/ros2_ws/install/my_package/lib/python3.10/site-packages/my_package/my_package_s__rosidl_typesupport_introspection_c.cpython-310-x86_64-linux-gnu.so
[25.942s] -- Set runtime path of "/home/asd/ros2_ws/install/my_package/lib/python3.10/site-packages/my_package/my_package_s__rosidl_typesupport_introspection_c.cpython-310-x86_64-linux-gnu.so" to ""
[25.942s] -- Installing: /home/asd/ros2_ws/install/my_package/lib/python3.10/site-packages/my_package/my_package_s__rosidl_typesupport_c.cpython-310-x86_64-linux-gnu.so
[25.944s] -- Set runtime path of "/home/asd/ros2_ws/install/my_package/lib/python3.10/site-packages/my_package/my_package_s__rosidl_typesupport_c.cpython-310-x86_64-linux-gnu.so" to ""
[25.945s] -- Installing: /home/asd/ros2_ws/install/my_package/lib/libmy_package__rosidl_generator_py.so
[25.946s] -- Set runtime path of "/home/asd/ros2_ws/install/my_package/lib/libmy_package__rosidl_generator_py.so" to ""
[25.947s] -- Up-to-date: /home/asd/ros2_ws/install/my_package/share/my_package/msg/DivideTwoFloats.idl
[25.947s] -- Installing: /home/asd/ros2_ws/install/my_package/share/my_package/srv/DivideTwoFloats.idl
[25.947s] -- Up-to-date: /home/asd/ros2_ws/install/my_package/share/my_package/msg/DivideTwoFloats.msg
[25.948s] -- Installing: /home/asd/ros2_ws/install/my_package/share/my_package/srv/DivideTwoFloats.srv
[25.948s] -- Up-to-date: /home/asd/ros2_ws/install/my_package/share/my_package/srv/DivideTwoFloats_Request.msg
[25.949s] -- Installing: /home/asd/ros2_ws/install/my_package/share/my_package/srv/DivideTwoFloats_Response.msg
[25.950s] -- Up-to-date: /home/asd/ros2_ws/install/my_package/share/ament_index/resource_index/package_run_dependencies/my_package
[25.950s] -- Up-to-date: /home/asd/ros2_ws/install/my_package/share/ament_index/resource_index/parent_prefix_path/my_package
[25.951s] -- Up-to-date: /home/asd/ros2_ws/install/my_package/share/my_package/environment/ament_prefix_path.sh
[25.951s] -- Up-to-date: /home/asd/ros2_ws/install/my_package/share/my_package/environment/ament_prefix_path.dsv
[25.951s] -- Up-to-date: /home/asd/ros2_ws/install/my_package/share/my_package/environment/path.sh
[25.952s] -- Up-to-date: /home/asd/ros2_ws/install/my_package/share/my_package/environment/path.dsv
[25.952s] -- Up-to-date: /home/asd/ros2_ws/install/my_package/share/my_package/local_setup.bash
[25.952s] -- Up-to-date: /home/asd/ros2_ws/install/my_package/share/my_package/local_setup.sh
[25.953s] -- Up-to-date: /home/asd/ros2_ws/install/my_package/share/my_package/local_setup.zsh
[25.953s] -- Up-to-date: /home/asd/ros2_ws/install/my_package/share/my_package/local_setup.dsv
[25.954s] -- Installing: /home/asd/ros2_ws/install/my_package/share/my_package/package.dsv
[25.954s] -- Up-to-date: /home/asd/ros2_ws/install/my_package/share/ament_index/resource_index/packages/my_package
[25.955s] -- Up-to-date: /home/asd/ros2_ws/install/my_package/share/my_package/cmake/export_my_package__rosidl_generator_cExport.cmake
[25.955s] -- Up-to-date: /home/asd/ros2_ws/install/my_package/share/my_package/cmake/export_my_package__rosidl_generator_cExport-noconfig.cmake
[25.956s] -- Up-to-date: /home/asd/ros2_ws/install/my_package/share/my_package/cmake/export_my_package__rosidl_typesupport_fastrtps_cExport.cmake
[25.956s] -- Up-to-date: /home/asd/ros2_ws/install/my_package/share/my_package/cmake/export_my_package__rosidl_typesupport_fastrtps_cExport-noconfig.cmake
[25.957s] -- Up-to-date: /home/asd/ros2_ws/install/my_package/share/my_package/cmake/export_my_package__rosidl_generator_cppExport.cmake
[25.957s] -- Up-to-date: /home/asd/ros2_ws/install/my_package/share/my_package/cmake/export_my_package__rosidl_typesupport_fastrtps_cppExport.cmake
[25.957s] -- Up-to-date: /home/asd/ros2_ws/install/my_package/share/my_package/cmake/export_my_package__rosidl_typesupport_fastrtps_cppExport-noconfig.cmake
[25.958s] -- Up-to-date: /home/asd/ros2_ws/install/my_package/share/my_package/cmake/my_package__rosidl_typesupport_introspection_cExport.cmake
[25.958s] -- Up-to-date: /home/asd/ros2_ws/install/my_package/share/my_package/cmake/my_package__rosidl_typesupport_introspection_cExport-noconfig.cmake
[25.959s] -- Up-to-date: /home/asd/ros2_ws/install/my_package/share/my_package/cmake/my_package__rosidl_typesupport_cExport.cmake
[25.959s] -- Up-to-date: /home/asd/ros2_ws/install/my_package/share/my_package/cmake/my_package__rosidl_typesupport_cExport-noconfig.cmake
[25.960s] -- Up-to-date: /home/asd/ros2_ws/install/my_package/share/my_package/cmake/my_package__rosidl_typesupport_introspection_cppExport.cmake
[25.960s] -- Up-to-date: /home/asd/ros2_ws/install/my_package/share/my_package/cmake/my_package__rosidl_typesupport_introspection_cppExport-noconfig.cmake
[25.961s] -- Up-to-date: /home/asd/ros2_ws/install/my_package/share/my_package/cmake/my_package__rosidl_typesupport_cppExport.cmake
[25.961s] -- Up-to-date: /home/asd/ros2_ws/install/my_package/share/my_package/cmake/my_package__rosidl_typesupport_cppExport-noconfig.cmake
[25.962s] -- Up-to-date: /home/asd/ros2_ws/install/my_package/share/my_package/cmake/export_my_package__rosidl_generator_pyExport.cmake
[25.962s] -- Up-to-date: /home/asd/ros2_ws/install/my_package/share/my_package/cmake/export_my_package__rosidl_generator_pyExport-noconfig.cmake
[25.963s] -- Up-to-date: /home/asd/ros2_ws/install/my_package/share/my_package/cmake/rosidl_cmake-extras.cmake
[25.963s] -- Up-to-date: /home/asd/ros2_ws/install/my_package/share/my_package/cmake/ament_cmake_export_dependencies-extras.cmake
[25.964s] -- Up-to-date: /home/asd/ros2_ws/install/my_package/share/my_package/cmake/ament_cmake_export_include_directories-extras.cmake
[25.964s] -- Up-to-date: /home/asd/ros2_ws/install/my_package/share/my_package/cmake/ament_cmake_export_libraries-extras.cmake
[25.965s] -- Up-to-date: /home/asd/ros2_ws/install/my_package/share/my_package/cmake/ament_cmake_export_targets-extras.cmake
[25.965s] -- Up-to-date: /home/asd/ros2_ws/install/my_package/share/my_package/cmake/rosidl_cmake_export_typesupport_targets-extras.cmake
[25.966s] -- Up-to-date: /home/asd/ros2_ws/install/my_package/share/my_package/cmake/rosidl_cmake_export_typesupport_libraries-extras.cmake
[25.966s] -- Up-to-date: /home/asd/ros2_ws/install/my_package/share/my_package/cmake/my_packageConfig.cmake
[25.967s] -- Up-to-date: /home/asd/ros2_ws/install/my_package/share/my_package/cmake/my_packageConfig-version.cmake
[25.967s] -- Up-to-date: /home/asd/ros2_ws/install/my_package/share/my_package/package.xml
[25.973s] Invoked command in '/home/asd/ros2_ws/build/my_package' returned '0': CMAKE_PREFIX_PATH=/opt/ros/iron /usr/bin/cmake --install /home/asd/ros2_ws/build/my_package
