[0.037s] Invoking command in '/home/asd/ros2_ws/build/cpp_srvcli': CMAKE_PREFIX_PATH=/opt/ros/iron /usr/bin/cmake --build /home/asd/ros2_ws/build/cpp_srvcli -- -j4 -l4
[0.229s] [35m[1mConsolidate compiler generated dependencies of target client[0m
[0.293s] [ 50%] Built target server
[0.305s] [ 75%] [32mBuilding CXX object CMakeFiles/client.dir/src/add_two_ints_client.cpp.o[0m
[16.410s] [100%] [32m[1mLinking CXX executable client[0m
[17.257s] [100%] Built target client
[17.293s] Invoked command in '/home/asd/ros2_ws/build/cpp_srvcli' returned '0': CMAKE_PREFIX_PATH=/opt/ros/iron /usr/bin/cmake --build /home/asd/ros2_ws/build/cpp_srvcli -- -j4 -l4
[17.414s] Invoking command in '/home/asd/ros2_ws/build/cpp_srvcli': CMAKE_PREFIX_PATH=/opt/ros/iron /usr/bin/cmake --install /home/asd/ros2_ws/build/cpp_srvcli
[17.456s] -- Install configuration: ""
[17.458s] -- Up-to-date: /home/asd/ros2_ws/install/cpp_srvcli/lib/cpp_srvcli/server
[17.460s] -- Installing: /home/asd/ros2_ws/install/cpp_srvcli/lib/cpp_srvcli/client
[17.467s] -- Set runtime path of "/home/asd/ros2_ws/install/cpp_srvcli/lib/cpp_srvcli/client" to ""
[17.468s] -- Up-to-date: /home/asd/ros2_ws/install/cpp_srvcli/share/ament_index/resource_index/package_run_dependencies/cpp_srvcli
[17.469s] -- Up-to-date: /home/asd/ros2_ws/install/cpp_srvcli/share/ament_index/resource_index/parent_prefix_path/cpp_srvcli
[17.470s] -- Up-to-date: /home/asd/ros2_ws/install/cpp_srvcli/share/cpp_srvcli/environment/ament_prefix_path.sh
[17.470s] -- Up-to-date: /home/asd/ros2_ws/install/cpp_srvcli/share/cpp_srvcli/environment/ament_prefix_path.dsv
[17.471s] -- Up-to-date: /home/asd/ros2_ws/install/cpp_srvcli/share/cpp_srvcli/environment/path.sh
[17.472s] -- Up-to-date: /home/asd/ros2_ws/install/cpp_srvcli/share/cpp_srvcli/environment/path.dsv
[17.472s] -- Up-to-date: /home/asd/ros2_ws/install/cpp_srvcli/share/cpp_srvcli/local_setup.bash
[17.473s] -- Up-to-date: /home/asd/ros2_ws/install/cpp_srvcli/share/cpp_srvcli/local_setup.sh
[17.473s] -- Up-to-date: /home/asd/ros2_ws/install/cpp_srvcli/share/cpp_srvcli/local_setup.zsh
[17.474s] -- Up-to-date: /home/asd/ros2_ws/install/cpp_srvcli/share/cpp_srvcli/local_setup.dsv
[17.475s] -- Installing: /home/asd/ros2_ws/install/cpp_srvcli/share/cpp_srvcli/package.dsv
[17.476s] -- Up-to-date: /home/asd/ros2_ws/install/cpp_srvcli/share/ament_index/resource_index/packages/cpp_srvcli
[17.476s] -- Up-to-date: /home/asd/ros2_ws/install/cpp_srvcli/share/cpp_srvcli/cmake/cpp_srvcliConfig.cmake
[17.477s] -- Up-to-date: /home/asd/ros2_ws/install/cpp_srvcli/share/cpp_srvcli/cmake/cpp_srvcliConfig-version.cmake
[17.477s] -- Up-to-date: /home/asd/ros2_ws/install/cpp_srvcli/share/cpp_srvcli/package.xml
[17.484s] Invoked command in '/home/asd/ros2_ws/build/cpp_srvcli' returned '0': CMAKE_PREFIX_PATH=/opt/ros/iron /usr/bin/cmake --install /home/asd/ros2_ws/build/cpp_srvcli
