[0.403s] DEBUG:colcon:Command line arguments: ['/usr/bin/colcon', 'build', '--packages-select', 'simple_div']
[0.403s] DEBUG:colcon:Parsed command line arguments: Namespace(log_base=None, log_level=None, verb_name='build', build_base='build', install_base='install', merge_install=False, symlink_install=False, test_result_base=None, continue_on_error=False, executor='parallel', parallel_workers=4, event_handlers=None, ignore_user_meta=False, metas=['./colcon.meta'], base_paths=['.'], packages_ignore=None, packages_ignore_regex=None, paths=None, packages_up_to=None, packages_up_to_regex=None, packages_above=None, packages_above_and_dependencies=None, packages_above_depth=None, packages_select_by_dep=None, packages_skip_by_dep=None, packages_skip_up_to=None, packages_select_build_failed=False, packages_skip_build_finished=False, packages_select_test_failures=False, packages_skip_test_passed=False, packages_select=['simple_div'], packages_skip=None, packages_select_regex=None, packages_skip_regex=None, packages_start=None, packages_end=None, allow_overriding=[], cmake_args=None, cmake_target=None, cmake_target_skip_unavailable=False, cmake_clean_cache=False, cmake_clean_first=False, cmake_force_configure=False, ament_cmake_args=None, catkin_cmake_args=None, catkin_skip_building_tests=False, verb_parser=<colcon_defaults.argument_parser.defaults.DefaultArgumentsDecorator object at 0x77d062fb0550>, verb_extension=<colcon_core.verb.build.BuildVerb object at 0x77d062fb0040>, main=<bound method BuildVerb.main of <colcon_core.verb.build.BuildVerb object at 0x77d062fb0040>>)
[1.050s] Level 1:colcon.colcon_core.package_discovery:discover_packages(colcon_meta) check parameters
[1.051s] Level 1:colcon.colcon_core.package_discovery:discover_packages(recursive) check parameters
[1.051s] Level 1:colcon.colcon_core.package_discovery:discover_packages(ignore) check parameters
[1.051s] Level 1:colcon.colcon_core.package_discovery:discover_packages(path) check parameters
[1.051s] Level 1:colcon.colcon_core.package_discovery:discover_packages(colcon_meta) discover
[1.051s] Level 1:colcon.colcon_core.package_discovery:discover_packages(recursive) discover
[1.051s] INFO:colcon.colcon_core.package_discovery:Crawling recursively for packages in '/home/asd/ros2_ws'
[1.052s] Level 1:colcon.colcon_core.package_identification:_identify(.) by extensions ['ignore', 'ignore_ament_install']
[1.052s] Level 1:colcon.colcon_core.package_identification:_identify(.) by extension 'ignore'
[1.052s] Level 1:colcon.colcon_core.package_identification:_identify(.) by extension 'ignore_ament_install'
[1.052s] Level 1:colcon.colcon_core.package_identification:_identify(.) by extensions ['colcon_pkg']
[1.052s] Level 1:colcon.colcon_core.package_identification:_identify(.) by extension 'colcon_pkg'
[1.053s] Level 1:colcon.colcon_core.package_identification:_identify(.) by extensions ['colcon_meta']
[1.053s] Level 1:colcon.colcon_core.package_identification:_identify(.) by extension 'colcon_meta'
[1.053s] Level 1:colcon.colcon_core.package_identification:_identify(.) by extensions ['ros']
[1.053s] Level 1:colcon.colcon_core.package_identification:_identify(.) by extension 'ros'
[1.093s] Level 1:colcon.colcon_core.package_identification:_identify(.) by extensions ['cmake', 'python']
[1.094s] Level 1:colcon.colcon_core.package_identification:_identify(.) by extension 'cmake'
[1.094s] Level 1:colcon.colcon_core.package_identification:_identify(.) by extension 'python'
[1.094s] Level 1:colcon.colcon_core.package_identification:_identify(.) by extensions ['python_setup_py']
[1.094s] Level 1:colcon.colcon_core.package_identification:_identify(.) by extension 'python_setup_py'
[1.094s] Level 1:colcon.colcon_core.package_identification:_identify(build) by extensions ['ignore', 'ignore_ament_install']
[1.095s] Level 1:colcon.colcon_core.package_identification:_identify(build) by extension 'ignore'
[1.095s] Level 1:colcon.colcon_core.package_identification:_identify(build) ignored
[1.095s] Level 1:colcon.colcon_core.package_identification:_identify(install) by extensions ['ignore', 'ignore_ament_install']
[1.095s] Level 1:colcon.colcon_core.package_identification:_identify(install) by extension 'ignore'
[1.096s] Level 1:colcon.colcon_core.package_identification:_identify(install) ignored
[1.097s] Level 1:colcon.colcon_core.package_identification:_identify(log) by extensions ['ignore', 'ignore_ament_install']
[1.097s] Level 1:colcon.colcon_core.package_identification:_identify(log) by extension 'ignore'
[1.097s] Level 1:colcon.colcon_core.package_identification:_identify(log) ignored
[1.097s] Level 1:colcon.colcon_core.package_identification:_identify(src) by extensions ['ignore', 'ignore_ament_install']
[1.098s] Level 1:colcon.colcon_core.package_identification:_identify(src) by extension 'ignore'
[1.098s] Level 1:colcon.colcon_core.package_identification:_identify(src) by extension 'ignore_ament_install'
[1.098s] Level 1:colcon.colcon_core.package_identification:_identify(src) by extensions ['colcon_pkg']
[1.098s] Level 1:colcon.colcon_core.package_identification:_identify(src) by extension 'colcon_pkg'
[1.098s] Level 1:colcon.colcon_core.package_identification:_identify(src) by extensions ['colcon_meta']
[1.098s] Level 1:colcon.colcon_core.package_identification:_identify(src) by extension 'colcon_meta'
[1.098s] Level 1:colcon.colcon_core.package_identification:_identify(src) by extensions ['ros']
[1.099s] Level 1:colcon.colcon_core.package_identification:_identify(src) by extension 'ros'
[1.099s] Level 1:colcon.colcon_core.package_identification:_identify(src) by extensions ['cmake', 'python']
[1.099s] Level 1:colcon.colcon_core.package_identification:_identify(src) by extension 'cmake'
[1.099s] Level 1:colcon.colcon_core.package_identification:_identify(src) by extension 'python'
[1.099s] Level 1:colcon.colcon_core.package_identification:_identify(src) by extensions ['python_setup_py']
[1.099s] Level 1:colcon.colcon_core.package_identification:_identify(src) by extension 'python_setup_py'
[1.100s] Level 1:colcon.colcon_core.package_identification:_identify(src/cpp_srvcli) by extensions ['ignore', 'ignore_ament_install']
[1.100s] Level 1:colcon.colcon_core.package_identification:_identify(src/cpp_srvcli) by extension 'ignore'
[1.100s] Level 1:colcon.colcon_core.package_identification:_identify(src/cpp_srvcli) by extension 'ignore_ament_install'
[1.100s] Level 1:colcon.colcon_core.package_identification:_identify(src/cpp_srvcli) by extensions ['colcon_pkg']
[1.100s] Level 1:colcon.colcon_core.package_identification:_identify(src/cpp_srvcli) by extension 'colcon_pkg'
[1.101s] Level 1:colcon.colcon_core.package_identification:_identify(src/cpp_srvcli) by extensions ['colcon_meta']
[1.101s] Level 1:colcon.colcon_core.package_identification:_identify(src/cpp_srvcli) by extension 'colcon_meta'
[1.101s] Level 1:colcon.colcon_core.package_identification:_identify(src/cpp_srvcli) by extensions ['ros']
[1.101s] Level 1:colcon.colcon_core.package_identification:_identify(src/cpp_srvcli) by extension 'ros'
[1.108s] DEBUG:colcon.colcon_core.package_identification:Package 'src/cpp_srvcli' with type 'ros.ament_cmake' and name 'cpp_srvcli'
[1.108s] Level 1:colcon.colcon_core.package_identification:_identify(src/d2f) by extensions ['ignore', 'ignore_ament_install']
[1.109s] Level 1:colcon.colcon_core.package_identification:_identify(src/d2f) by extension 'ignore'
[1.109s] Level 1:colcon.colcon_core.package_identification:_identify(src/d2f) by extension 'ignore_ament_install'
[1.109s] Level 1:colcon.colcon_core.package_identification:_identify(src/d2f) by extensions ['colcon_pkg']
[1.109s] Level 1:colcon.colcon_core.package_identification:_identify(src/d2f) by extension 'colcon_pkg'
[1.109s] Level 1:colcon.colcon_core.package_identification:_identify(src/d2f) by extensions ['colcon_meta']
[1.110s] Level 1:colcon.colcon_core.package_identification:_identify(src/d2f) by extension 'colcon_meta'
[1.110s] Level 1:colcon.colcon_core.package_identification:_identify(src/d2f) by extensions ['ros']
[1.110s] Level 1:colcon.colcon_core.package_identification:_identify(src/d2f) by extension 'ros'
[1.112s] DEBUG:colcon.colcon_core.package_identification:Package 'src/d2f' with type 'ros.ament_cmake' and name 'd2f'
[1.112s] Level 1:colcon.colcon_core.package_identification:_identify(src/div) by extensions ['ignore', 'ignore_ament_install']
[1.113s] Level 1:colcon.colcon_core.package_identification:_identify(src/div) by extension 'ignore'
[1.113s] Level 1:colcon.colcon_core.package_identification:_identify(src/div) by extension 'ignore_ament_install'
[1.113s] Level 1:colcon.colcon_core.package_identification:_identify(src/div) by extensions ['colcon_pkg']
[1.113s] Level 1:colcon.colcon_core.package_identification:_identify(src/div) by extension 'colcon_pkg'
[1.113s] Level 1:colcon.colcon_core.package_identification:_identify(src/div) by extensions ['colcon_meta']
[1.113s] Level 1:colcon.colcon_core.package_identification:_identify(src/div) by extension 'colcon_meta'
[1.114s] Level 1:colcon.colcon_core.package_identification:_identify(src/div) by extensions ['ros']
[1.114s] Level 1:colcon.colcon_core.package_identification:_identify(src/div) by extension 'ros'
[1.116s] DEBUG:colcon.colcon_core.package_identification:Package 'src/div' with type 'ros.ament_cmake' and name 'div'
[1.116s] Level 1:colcon.colcon_core.package_identification:_identify(src/fl_div) by extensions ['ignore', 'ignore_ament_install']
[1.117s] Level 1:colcon.colcon_core.package_identification:_identify(src/fl_div) by extension 'ignore'
[1.117s] Level 1:colcon.colcon_core.package_identification:_identify(src/fl_div) by extension 'ignore_ament_install'
[1.117s] Level 1:colcon.colcon_core.package_identification:_identify(src/fl_div) by extensions ['colcon_pkg']
[1.117s] Level 1:colcon.colcon_core.package_identification:_identify(src/fl_div) by extension 'colcon_pkg'
[1.117s] Level 1:colcon.colcon_core.package_identification:_identify(src/fl_div) by extensions ['colcon_meta']
[1.117s] Level 1:colcon.colcon_core.package_identification:_identify(src/fl_div) by extension 'colcon_meta'
[1.118s] Level 1:colcon.colcon_core.package_identification:_identify(src/fl_div) by extensions ['ros']
[1.118s] Level 1:colcon.colcon_core.package_identification:_identify(src/fl_div) by extension 'ros'
[1.120s] DEBUG:colcon.colcon_core.package_identification:Package 'src/fl_div' with type 'ros.ament_cmake' and name 'fl_div'
[1.120s] Level 1:colcon.colcon_core.package_identification:_identify(src/input_numbers) by extensions ['ignore', 'ignore_ament_install']
[1.120s] Level 1:colcon.colcon_core.package_identification:_identify(src/input_numbers) by extension 'ignore'
[1.121s] Level 1:colcon.colcon_core.package_identification:_identify(src/input_numbers) by extension 'ignore_ament_install'
[1.121s] Level 1:colcon.colcon_core.package_identification:_identify(src/input_numbers) by extensions ['colcon_pkg']
[1.121s] Level 1:colcon.colcon_core.package_identification:_identify(src/input_numbers) by extension 'colcon_pkg'
[1.121s] Level 1:colcon.colcon_core.package_identification:_identify(src/input_numbers) by extensions ['colcon_meta']
[1.121s] Level 1:colcon.colcon_core.package_identification:_identify(src/input_numbers) by extension 'colcon_meta'
[1.121s] Level 1:colcon.colcon_core.package_identification:_identify(src/input_numbers) by extensions ['ros']
[1.122s] Level 1:colcon.colcon_core.package_identification:_identify(src/input_numbers) by extension 'ros'
[1.123s] DEBUG:colcon.colcon_core.package_identification:Package 'src/input_numbers' with type 'ros.ament_cmake' and name 'div'
[1.124s] Level 1:colcon.colcon_core.package_identification:_identify(src/my_package) by extensions ['ignore', 'ignore_ament_install']
[1.124s] Level 1:colcon.colcon_core.package_identification:_identify(src/my_package) by extension 'ignore'
[1.124s] Level 1:colcon.colcon_core.package_identification:_identify(src/my_package) by extension 'ignore_ament_install'
[1.124s] Level 1:colcon.colcon_core.package_identification:_identify(src/my_package) by extensions ['colcon_pkg']
[1.125s] Level 1:colcon.colcon_core.package_identification:_identify(src/my_package) by extension 'colcon_pkg'
[1.125s] Level 1:colcon.colcon_core.package_identification:_identify(src/my_package) by extensions ['colcon_meta']
[1.125s] Level 1:colcon.colcon_core.package_identification:_identify(src/my_package) by extension 'colcon_meta'
[1.125s] Level 1:colcon.colcon_core.package_identification:_identify(src/my_package) by extensions ['ros']
[1.125s] Level 1:colcon.colcon_core.package_identification:_identify(src/my_package) by extension 'ros'
[1.127s] DEBUG:colcon.colcon_core.package_identification:Package 'src/my_package' with type 'ros.ament_cmake' and name 'my_package'
[1.128s] Level 1:colcon.colcon_core.package_identification:_identify(src/simple_div) by extensions ['ignore', 'ignore_ament_install']
[1.128s] Level 1:colcon.colcon_core.package_identification:_identify(src/simple_div) by extension 'ignore'
[1.128s] Level 1:colcon.colcon_core.package_identification:_identify(src/simple_div) by extension 'ignore_ament_install'
[1.128s] Level 1:colcon.colcon_core.package_identification:_identify(src/simple_div) by extensions ['colcon_pkg']
[1.128s] Level 1:colcon.colcon_core.package_identification:_identify(src/simple_div) by extension 'colcon_pkg'
[1.129s] Level 1:colcon.colcon_core.package_identification:_identify(src/simple_div) by extensions ['colcon_meta']
[1.129s] Level 1:colcon.colcon_core.package_identification:_identify(src/simple_div) by extension 'colcon_meta'
[1.129s] Level 1:colcon.colcon_core.package_identification:_identify(src/simple_div) by extensions ['ros']
[1.129s] Level 1:colcon.colcon_core.package_identification:_identify(src/simple_div) by extension 'ros'
[1.131s] DEBUG:colcon.colcon_core.package_identification:Package 'src/simple_div' with type 'ros.ament_cmake' and name 'simple_div'
[1.131s] Level 1:colcon.colcon_core.package_discovery:discover_packages(recursive) using defaults
[1.131s] Level 1:colcon.colcon_core.package_discovery:discover_packages(ignore) discover
[1.132s] Level 1:colcon.colcon_core.package_discovery:discover_packages(ignore) using defaults
[1.132s] Level 1:colcon.colcon_core.package_discovery:discover_packages(path) discover
[1.132s] Level 1:colcon.colcon_core.package_discovery:discover_packages(path) using defaults
[1.224s] INFO:colcon.colcon_core.package_selection:Skipping not selected package 'cpp_srvcli' in 'src/cpp_srvcli'
[1.224s] INFO:colcon.colcon_core.package_selection:Skipping not selected package 'd2f' in 'src/d2f'
[1.224s] INFO:colcon.colcon_core.package_selection:Skipping not selected package 'my_package' in 'src/my_package'
[1.224s] INFO:colcon.colcon_core.package_selection:Skipping not selected package 'div' in 'src/input_numbers'
[1.224s] INFO:colcon.colcon_core.package_selection:Skipping not selected package 'div' in 'src/div'
[1.224s] INFO:colcon.colcon_core.package_selection:Skipping not selected package 'fl_div' in 'src/fl_div'
[1.226s] Level 1:colcon.colcon_core.package_discovery:discover_packages(prefix_path) check parameters
[1.226s] Level 1:colcon.colcon_core.package_discovery:discover_packages(prefix_path) discover
[1.235s] DEBUG:colcon.colcon_installed_package_information.package_discovery:Found 281 installed packages in /opt/ros/iron
[1.242s] Level 1:colcon.colcon_core.package_discovery:discover_packages(prefix_path) using defaults
[1.428s] Level 5:colcon.colcon_core.verb:set package 'simple_div' build argument 'cmake_args' from command line to 'None'
[1.428s] Level 5:colcon.colcon_core.verb:set package 'simple_div' build argument 'cmake_target' from command line to 'None'
[1.429s] Level 5:colcon.colcon_core.verb:set package 'simple_div' build argument 'cmake_target_skip_unavailable' from command line to 'False'
[1.429s] Level 5:colcon.colcon_core.verb:set package 'simple_div' build argument 'cmake_clean_cache' from command line to 'False'
[1.429s] Level 5:colcon.colcon_core.verb:set package 'simple_div' build argument 'cmake_clean_first' from command line to 'False'
[1.429s] Level 5:colcon.colcon_core.verb:set package 'simple_div' build argument 'cmake_force_configure' from command line to 'False'
[1.429s] Level 5:colcon.colcon_core.verb:set package 'simple_div' build argument 'ament_cmake_args' from command line to 'None'
[1.429s] Level 5:colcon.colcon_core.verb:set package 'simple_div' build argument 'catkin_cmake_args' from command line to 'None'
[1.429s] Level 5:colcon.colcon_core.verb:set package 'simple_div' build argument 'catkin_skip_building_tests' from command line to 'False'
[1.429s] DEBUG:colcon.colcon_core.verb:Building package 'simple_div' with the following arguments: {'ament_cmake_args': None, 'build_base': '/home/asd/ros2_ws/build/simple_div', 'catkin_cmake_args': None, 'catkin_skip_building_tests': False, 'cmake_args': None, 'cmake_clean_cache': False, 'cmake_clean_first': False, 'cmake_force_configure': False, 'cmake_target': None, 'cmake_target_skip_unavailable': False, 'install_base': '/home/asd/ros2_ws/install/simple_div', 'merge_install': False, 'path': '/home/asd/ros2_ws/src/simple_div', 'symlink_install': False, 'test_result_base': None}
[1.430s] INFO:colcon.colcon_core.executor:Executing jobs using 'parallel' executor
[1.432s] DEBUG:colcon.colcon_parallel_executor.executor.parallel:run_until_complete
[1.433s] INFO:colcon.colcon_ros.task.ament_cmake.build:Building ROS package in '/home/asd/ros2_ws/src/simple_div' with build type 'ament_cmake'
[1.433s] INFO:colcon.colcon_cmake.task.cmake.build:Building CMake package in '/home/asd/ros2_ws/src/simple_div'
[1.451s] INFO:colcon.colcon_core.plugin_system:Skipping extension 'colcon_core.shell.bat': Not used on non-Windows systems
[1.452s] INFO:colcon.colcon_core.shell:Skip shell extension 'powershell' for command environment: Not usable outside of PowerShell
[1.452s] DEBUG:colcon.colcon_core.shell:Skip shell extension 'dsv' for command environment
[1.502s] DEBUG:colcon.colcon_core.event_handler.log_command:Invoking command in '/home/asd/ros2_ws/build/simple_div': AMENT_PREFIX_PATH=/home/asd/ros2_ws/install/my_package:${AMENT_PREFIX_PATH} CMAKE_PREFIX_PATH=/home/asd/ros2_ws/install/my_package:/opt/ros/iron LD_LIBRARY_PATH=/home/asd/ros2_ws/install/my_package/lib:${LD_LIBRARY_PATH} PYTHONPATH=/home/asd/ros2_ws/install/my_package/lib/python3.10/site-packages:${PYTHONPATH} /usr/bin/cmake --build /home/asd/ros2_ws/build/simple_div -- -j4 -l4
[31.052s] DEBUG:colcon.colcon_core.event_handler.log_command:Invoked command in '/home/asd/ros2_ws/build/simple_div' returned '0': AMENT_PREFIX_PATH=/home/asd/ros2_ws/install/my_package:${AMENT_PREFIX_PATH} CMAKE_PREFIX_PATH=/home/asd/ros2_ws/install/my_package:/opt/ros/iron LD_LIBRARY_PATH=/home/asd/ros2_ws/install/my_package/lib:${LD_LIBRARY_PATH} PYTHONPATH=/home/asd/ros2_ws/install/my_package/lib/python3.10/site-packages:${PYTHONPATH} /usr/bin/cmake --build /home/asd/ros2_ws/build/simple_div -- -j4 -l4
[31.189s] DEBUG:colcon.colcon_core.event_handler.log_command:Invoking command in '/home/asd/ros2_ws/build/simple_div': AMENT_PREFIX_PATH=/home/asd/ros2_ws/install/my_package:${AMENT_PREFIX_PATH} CMAKE_PREFIX_PATH=/home/asd/ros2_ws/install/my_package:/opt/ros/iron LD_LIBRARY_PATH=/home/asd/ros2_ws/install/my_package/lib:${LD_LIBRARY_PATH} PYTHONPATH=/home/asd/ros2_ws/install/my_package/lib/python3.10/site-packages:${PYTHONPATH} /usr/bin/cmake --install /home/asd/ros2_ws/build/simple_div
[31.243s] Level 1:colcon.colcon_core.environment:create_environment_scripts_only(simple_div)
[31.244s] DEBUG:colcon.colcon_core.event_handler.log_command:Invoked command in '/home/asd/ros2_ws/build/simple_div' returned '0': AMENT_PREFIX_PATH=/home/asd/ros2_ws/install/my_package:${AMENT_PREFIX_PATH} CMAKE_PREFIX_PATH=/home/asd/ros2_ws/install/my_package:/opt/ros/iron LD_LIBRARY_PATH=/home/asd/ros2_ws/install/my_package/lib:${LD_LIBRARY_PATH} PYTHONPATH=/home/asd/ros2_ws/install/my_package/lib/python3.10/site-packages:${PYTHONPATH} /usr/bin/cmake --install /home/asd/ros2_ws/build/simple_div
[31.250s] Level 1:colcon.colcon_core.environment:checking '/home/asd/ros2_ws/install/simple_div' for CMake module files
[31.253s] Level 1:colcon.colcon_core.environment:checking '/home/asd/ros2_ws/install/simple_div' for CMake config files
[31.254s] Level 1:colcon.colcon_core.shell:create_environment_hook('simple_div', 'cmake_prefix_path')
[31.255s] INFO:colcon.colcon_core.shell:Creating environment hook '/home/asd/ros2_ws/install/simple_div/share/simple_div/hook/cmake_prefix_path.ps1'
[31.258s] INFO:colcon.colcon_core.shell:Creating environment descriptor '/home/asd/ros2_ws/install/simple_div/share/simple_div/hook/cmake_prefix_path.dsv'
[31.260s] INFO:colcon.colcon_core.shell:Creating environment hook '/home/asd/ros2_ws/install/simple_div/share/simple_div/hook/cmake_prefix_path.sh'
[31.262s] Level 1:colcon.colcon_core.environment:checking '/home/asd/ros2_ws/install/simple_div/lib'
[31.263s] Level 1:colcon.colcon_core.environment:checking '/home/asd/ros2_ws/install/simple_div/bin'
[31.263s] Level 1:colcon.colcon_core.environment:checking '/home/asd/ros2_ws/install/simple_div/lib/pkgconfig/simple_div.pc'
[31.264s] Level 1:colcon.colcon_core.environment:checking '/home/asd/ros2_ws/install/simple_div/lib/python3.10/site-packages'
[31.264s] Level 1:colcon.colcon_core.environment:checking '/home/asd/ros2_ws/install/simple_div/bin'
[31.265s] INFO:colcon.colcon_core.shell:Creating package script '/home/asd/ros2_ws/install/simple_div/share/simple_div/package.ps1'
[31.272s] INFO:colcon.colcon_core.shell:Creating package descriptor '/home/asd/ros2_ws/install/simple_div/share/simple_div/package.dsv'
[31.273s] INFO:colcon.colcon_core.shell:Creating package script '/home/asd/ros2_ws/install/simple_div/share/simple_div/package.sh'
[31.276s] INFO:colcon.colcon_core.shell:Creating package script '/home/asd/ros2_ws/install/simple_div/share/simple_div/package.bash'
[31.279s] INFO:colcon.colcon_core.shell:Creating package script '/home/asd/ros2_ws/install/simple_div/share/simple_div/package.zsh'
[31.281s] Level 1:colcon.colcon_core.environment:create_file_with_runtime_dependencies(/home/asd/ros2_ws/install/simple_div/share/colcon-core/packages/simple_div)
[31.391s] Level 1:colcon.colcon_core.environment:create_environment_scripts_only(simple_div)
[31.392s] Level 1:colcon.colcon_core.environment:checking '/home/asd/ros2_ws/install/simple_div' for CMake module files
[31.394s] Level 1:colcon.colcon_core.environment:checking '/home/asd/ros2_ws/install/simple_div' for CMake config files
[31.395s] Level 1:colcon.colcon_core.shell:create_environment_hook('simple_div', 'cmake_prefix_path')
[31.396s] INFO:colcon.colcon_core.shell:Creating environment hook '/home/asd/ros2_ws/install/simple_div/share/simple_div/hook/cmake_prefix_path.ps1'
[31.397s] INFO:colcon.colcon_core.shell:Creating environment descriptor '/home/asd/ros2_ws/install/simple_div/share/simple_div/hook/cmake_prefix_path.dsv'
[31.398s] INFO:colcon.colcon_core.shell:Creating environment hook '/home/asd/ros2_ws/install/simple_div/share/simple_div/hook/cmake_prefix_path.sh'
[31.399s] Level 1:colcon.colcon_core.environment:checking '/home/asd/ros2_ws/install/simple_div/lib'
[31.399s] Level 1:colcon.colcon_core.environment:checking '/home/asd/ros2_ws/install/simple_div/bin'
[31.400s] Level 1:colcon.colcon_core.environment:checking '/home/asd/ros2_ws/install/simple_div/lib/pkgconfig/simple_div.pc'
[31.400s] Level 1:colcon.colcon_core.environment:checking '/home/asd/ros2_ws/install/simple_div/lib/python3.10/site-packages'
[31.401s] Level 1:colcon.colcon_core.environment:checking '/home/asd/ros2_ws/install/simple_div/bin'
[31.402s] INFO:colcon.colcon_core.shell:Creating package script '/home/asd/ros2_ws/install/simple_div/share/simple_div/package.ps1'
[31.403s] INFO:colcon.colcon_core.shell:Creating package descriptor '/home/asd/ros2_ws/install/simple_div/share/simple_div/package.dsv'
[31.405s] INFO:colcon.colcon_core.shell:Creating package script '/home/asd/ros2_ws/install/simple_div/share/simple_div/package.sh'
[31.406s] INFO:colcon.colcon_core.shell:Creating package script '/home/asd/ros2_ws/install/simple_div/share/simple_div/package.bash'
[31.407s] INFO:colcon.colcon_core.shell:Creating package script '/home/asd/ros2_ws/install/simple_div/share/simple_div/package.zsh'
[31.408s] Level 1:colcon.colcon_core.environment:create_file_with_runtime_dependencies(/home/asd/ros2_ws/install/simple_div/share/colcon-core/packages/simple_div)
[31.409s] DEBUG:colcon.colcon_parallel_executor.executor.parallel:closing loop
[31.410s] DEBUG:colcon.colcon_parallel_executor.executor.parallel:loop closed
[31.410s] DEBUG:colcon.colcon_parallel_executor.executor.parallel:run_until_complete finished with '0'
[31.410s] DEBUG:colcon.colcon_core.event_reactor:joining thread
[31.429s] INFO:colcon.colcon_core.plugin_system:Skipping extension 'colcon_notification.desktop_notification.terminal_notifier': Not used on non-Darwin systems
[31.430s] INFO:colcon.colcon_core.plugin_system:Skipping extension 'colcon_notification.desktop_notification.win32': Not used on non-Windows systems
[31.430s] INFO:colcon.colcon_notification.desktop_notification:Sending desktop notification using 'notify2'
[31.473s] DEBUG:colcon.colcon_core.event_reactor:joined thread
[31.474s] INFO:colcon.colcon_core.shell:Creating prefix script '/home/asd/ros2_ws/install/local_setup.ps1'
[31.477s] INFO:colcon.colcon_core.shell:Creating prefix util module '/home/asd/ros2_ws/install/_local_setup_util_ps1.py'
[31.487s] INFO:colcon.colcon_core.shell:Creating prefix chain script '/home/asd/ros2_ws/install/setup.ps1'
[31.490s] INFO:colcon.colcon_core.shell:Creating prefix script '/home/asd/ros2_ws/install/local_setup.sh'
[31.492s] INFO:colcon.colcon_core.shell:Creating prefix util module '/home/asd/ros2_ws/install/_local_setup_util_sh.py'
[31.493s] INFO:colcon.colcon_core.shell:Creating prefix chain script '/home/asd/ros2_ws/install/setup.sh'
[31.496s] INFO:colcon.colcon_core.shell:Creating prefix script '/home/asd/ros2_ws/install/local_setup.bash'
[31.498s] INFO:colcon.colcon_core.shell:Creating prefix chain script '/home/asd/ros2_ws/install/setup.bash'
[31.502s] INFO:colcon.colcon_core.shell:Creating prefix script '/home/asd/ros2_ws/install/local_setup.zsh'
[31.503s] INFO:colcon.colcon_core.shell:Creating prefix chain script '/home/asd/ros2_ws/install/setup.zsh'
