[0.038s] Invoking command in '/home/asd/ros2_ws/build/input_numbers': /usr/bin/cmake --build /home/asd/ros2_ws/build/input_numbers -- -j4 -l4
[0.224s] [35m[1mConsolidate compiler generated dependencies of target input_numbers[0m
[0.301s] [ 50%] [32mBuilding CXX object CMakeFiles/input_numbers.dir/src/input_numbers.cpp.o[0m
[15.340s] [100%] [32m[1mLinking CXX executable input_numbers[0m
[16.053s] [100%] Built target input_numbers
[16.088s] Invoked command in '/home/asd/ros2_ws/build/input_numbers' returned '0': /usr/bin/cmake --build /home/asd/ros2_ws/build/input_numbers -- -j4 -l4
[16.285s] Invoking command in '/home/asd/ros2_ws/build/input_numbers': /usr/bin/cmake --install /home/asd/ros2_ws/build/input_numbers
[16.310s] -- Install configuration: ""
[16.310s] -- Installing: /home/asd/ros2_ws/install/input_numbers/lib/input_numbers/input_numbers
[16.315s] -- Set runtime path of "/home/asd/ros2_ws/install/input_numbers/lib/input_numbers/input_numbers" to ""
[16.316s] -- Up-to-date: /home/asd/ros2_ws/install/input_numbers/share/ament_index/resource_index/package_run_dependencies/input_numbers
[16.316s] -- Up-to-date: /home/asd/ros2_ws/install/input_numbers/share/ament_index/resource_index/parent_prefix_path/input_numbers
[16.316s] -- Up-to-date: /home/asd/ros2_ws/install/input_numbers/share/input_numbers/environment/ament_prefix_path.sh
[16.317s] -- Up-to-date: /home/asd/ros2_ws/install/input_numbers/share/input_numbers/environment/ament_prefix_path.dsv
[16.317s] -- Up-to-date: /home/asd/ros2_ws/install/input_numbers/share/input_numbers/environment/path.sh
[16.317s] -- Up-to-date: /home/asd/ros2_ws/install/input_numbers/share/input_numbers/environment/path.dsv
[16.318s] -- Up-to-date: /home/asd/ros2_ws/install/input_numbers/share/input_numbers/local_setup.bash
[16.318s] -- Up-to-date: /home/asd/ros2_ws/install/input_numbers/share/input_numbers/local_setup.sh
[16.318s] -- Up-to-date: /home/asd/ros2_ws/install/input_numbers/share/input_numbers/local_setup.zsh
[16.318s] -- Up-to-date: /home/asd/ros2_ws/install/input_numbers/share/input_numbers/local_setup.dsv
[16.319s] -- Installing: /home/asd/ros2_ws/install/input_numbers/share/input_numbers/package.dsv
[16.319s] -- Up-to-date: /home/asd/ros2_ws/install/input_numbers/share/ament_index/resource_index/packages/input_numbers
[16.319s] -- Up-to-date: /home/asd/ros2_ws/install/input_numbers/share/input_numbers/cmake/input_numbersConfig.cmake
[16.320s] -- Up-to-date: /home/asd/ros2_ws/install/input_numbers/share/input_numbers/cmake/input_numbersConfig-version.cmake
[16.320s] -- Up-to-date: /home/asd/ros2_ws/install/input_numbers/share/input_numbers/package.xml
[16.323s] Invoked command in '/home/asd/ros2_ws/build/input_numbers' returned '0': /usr/bin/cmake --install /home/asd/ros2_ws/build/input_numbers
