-- The C compiler identification is GNU 11.4.0
-- The CXX compiler identification is GNU 11.4.0
-- Detecting C compiler ABI info
-- Detecting C compiler ABI info - done
-- Check for working C compiler: /usr/bin/cc - skipped
-- Detecting C compile features
-- Detecting C compile features - done
-- Detecting CXX compiler ABI info
-- Detecting CXX compiler ABI info - done
-- Check for working CXX compiler: /usr/bin/c++ - skipped
-- Detecting CXX compile features
-- Detecting CXX compile features - done
-- Found ament_cmake: 2.0.4 (/opt/ros/iron/share/ament_cmake/cmake)
-- Found Python3: /usr/bin/python3.10 (found version "3.10.12") found components: Interpreter 
-- Found rclcpp: 21.0.5 (/opt/ros/iron/share/rclcpp/cmake)
-- Found rosidl_generator_c: 4.0.1 (/opt/ros/iron/share/rosidl_generator_c/cmake)
-- Found rosidl_generator_cpp: 4.0.1 (/opt/ros/iron/share/rosidl_generator_cpp/cmake)
-- Using all available rosidl_typesupport_c: rosidl_typesupport_fastrtps_c;rosidl_typesupport_introspection_c
-- Using all available rosidl_typesupport_cpp: rosidl_typesupport_fastrtps_cpp;rosidl_typesupport_introspection_cpp
-- Found rmw_implementation_cmake: 7.1.0 (/opt/ros/iron/share/rmw_implementation_cmake/cmake)
-- Found rmw_fastrtps_cpp: 7.1.3 (/opt/ros/iron/share/rmw_fastrtps_cpp/cmake)
-- Found OpenSSL: /usr/lib/x86_64-linux-gnu/libcrypto.so (found version "3.0.2")  
-- Found FastRTPS: /opt/ros/iron/include  
-- Using RMW implementation 'rmw_fastrtps_cpp' as default
-- Found my_package: 0.0.0 (/home/asd/ros2_ws/install/my_package/share/my_package/cmake)
-- Configuring done
-- Generating done
-- Build files have been written to: /home/asd/ros2_ws/build/input_numbers
[ 50%] [32mBuilding CXX object CMakeFiles/input_numbers.dir/src/input_numbers.cpp.o[0m
[100%] [32m[1mLinking CXX executable input_numbers[0m
[100%] Built target input_numbers
-- Install configuration: ""
-- Installing: /home/asd/ros2_ws/install/input_numbers/lib/input_numbers/input_numbers
-- Set runtime path of "/home/asd/ros2_ws/install/input_numbers/lib/input_numbers/input_numbers" to ""
-- Installing: /home/asd/ros2_ws/install/input_numbers/share/ament_index/resource_index/package_run_dependencies/input_numbers
-- Installing: /home/asd/ros2_ws/install/input_numbers/share/ament_index/resource_index/parent_prefix_path/input_numbers
-- Installing: /home/asd/ros2_ws/install/input_numbers/share/input_numbers/environment/ament_prefix_path.sh
-- Installing: /home/asd/ros2_ws/install/input_numbers/share/input_numbers/environment/ament_prefix_path.dsv
-- Installing: /home/asd/ros2_ws/install/input_numbers/share/input_numbers/environment/path.sh
-- Installing: /home/asd/ros2_ws/install/input_numbers/share/input_numbers/environment/path.dsv
-- Installing: /home/asd/ros2_ws/install/input_numbers/share/input_numbers/local_setup.bash
-- Installing: /home/asd/ros2_ws/install/input_numbers/share/input_numbers/local_setup.sh
-- Installing: /home/asd/ros2_ws/install/input_numbers/share/input_numbers/local_setup.zsh
-- Installing: /home/asd/ros2_ws/install/input_numbers/share/input_numbers/local_setup.dsv
-- Installing: /home/asd/ros2_ws/install/input_numbers/share/input_numbers/package.dsv
-- Installing: /home/asd/ros2_ws/install/input_numbers/share/ament_index/resource_index/packages/input_numbers
-- Installing: /home/asd/ros2_ws/install/input_numbers/share/input_numbers/cmake/input_numbersConfig.cmake
-- Installing: /home/asd/ros2_ws/install/input_numbers/share/input_numbers/cmake/input_numbersConfig-version.cmake
-- Installing: /home/asd/ros2_ws/install/input_numbers/share/input_numbers/package.xml
