[0.134s] Invoking command in '/home/asd/ros2_ws/build/input_numbers': AMENT_PREFIX_PATH=/home/asd/ros2_ws/install/my_package:${AMENT_PREFIX_PATH} CMAKE_PREFIX_PATH=/home/asd/ros2_ws/install/my_package:/opt/ros/iron LD_LIBRARY_PATH=/home/asd/ros2_ws/install/my_package/lib:${LD_LIBRARY_PATH} PYTHONPATH=/home/asd/ros2_ws/install/my_package/lib/python3.10/site-packages:${PYTHONPATH} /usr/bin/cmake /home/asd/ros2_ws/src/input_numbers -DCMAKE_INSTALL_PREFIX=/home/asd/ros2_ws/install/input_numbers
[1.423s] -- The C compiler identification is GNU 11.4.0
[2.467s] -- The CXX compiler identification is GNU 11.4.0
[2.571s] -- Detecting C compiler ABI info
[3.000s] -- Detecting C compiler ABI info - done
[3.053s] -- Check for working C compiler: /usr/bin/cc - skipped
[3.055s] -- Detecting C compile features
[3.073s] -- Detecting C compile features - done
[3.119s] -- Detecting CXX compiler ABI info
[3.515s] -- Detecting CXX compiler ABI info - done
[3.569s] -- Check for working CXX compiler: /usr/bin/c++ - skipped
[3.569s] -- Detecting CXX compile features
[3.571s] -- Detecting CXX compile features - done
[3.637s] -- Found ament_cmake: 2.0.4 (/opt/ros/iron/share/ament_cmake/cmake)
[4.389s] -- Found Python3: /usr/bin/python3.10 (found version "3.10.12") found components: Interpreter 
[4.948s] -- Found rclcpp: 21.0.5 (/opt/ros/iron/share/rclcpp/cmake)
[5.380s] -- Found rosidl_generator_c: 4.0.1 (/opt/ros/iron/share/rosidl_generator_c/cmake)
[5.458s] -- Found rosidl_generator_cpp: 4.0.1 (/opt/ros/iron/share/rosidl_generator_cpp/cmake)
[5.607s] -- Using all available rosidl_typesupport_c: rosidl_typesupport_fastrtps_c;rosidl_typesupport_introspection_c
[5.774s] -- Using all available rosidl_typesupport_cpp: rosidl_typesupport_fastrtps_cpp;rosidl_typesupport_introspection_cpp
[7.173s] -- Found rmw_implementation_cmake: 7.1.0 (/opt/ros/iron/share/rmw_implementation_cmake/cmake)
[7.186s] -- Found rmw_fastrtps_cpp: 7.1.3 (/opt/ros/iron/share/rmw_fastrtps_cpp/cmake)
[7.923s] -- Found OpenSSL: /usr/lib/x86_64-linux-gnu/libcrypto.so (found version "3.0.2")  
[8.053s] -- Found FastRTPS: /opt/ros/iron/include  
[8.272s] -- Using RMW implementation 'rmw_fastrtps_cpp' as default
[9.778s] -- Found my_package: 0.0.0 (/home/asd/ros2_ws/install/my_package/share/my_package/cmake)
[13.104s] -- Configuring done
[13.170s] -- Generating done
[13.178s] -- Build files have been written to: /home/asd/ros2_ws/build/input_numbers
[13.208s] Invoked command in '/home/asd/ros2_ws/build/input_numbers' returned '0': AMENT_PREFIX_PATH=/home/asd/ros2_ws/install/my_package:${AMENT_PREFIX_PATH} CMAKE_PREFIX_PATH=/home/asd/ros2_ws/install/my_package:/opt/ros/iron LD_LIBRARY_PATH=/home/asd/ros2_ws/install/my_package/lib:${LD_LIBRARY_PATH} PYTHONPATH=/home/asd/ros2_ws/install/my_package/lib/python3.10/site-packages:${PYTHONPATH} /usr/bin/cmake /home/asd/ros2_ws/src/input_numbers -DCMAKE_INSTALL_PREFIX=/home/asd/ros2_ws/install/input_numbers
[13.214s] Invoking command in '/home/asd/ros2_ws/build/input_numbers': AMENT_PREFIX_PATH=/home/asd/ros2_ws/install/my_package:${AMENT_PREFIX_PATH} CMAKE_PREFIX_PATH=/home/asd/ros2_ws/install/my_package:/opt/ros/iron LD_LIBRARY_PATH=/home/asd/ros2_ws/install/my_package/lib:${LD_LIBRARY_PATH} PYTHONPATH=/home/asd/ros2_ws/install/my_package/lib/python3.10/site-packages:${PYTHONPATH} /usr/bin/cmake --build /home/asd/ros2_ws/build/input_numbers -- -j4 -l4
[13.394s] [ 50%] [32mBuilding CXX object CMakeFiles/input_numbers.dir/src/input_numbers.cpp.o[0m
[33.454s] [100%] [32m[1mLinking CXX executable input_numbers[0m
[34.929s] [100%] Built target input_numbers
[34.965s] Invoked command in '/home/asd/ros2_ws/build/input_numbers' returned '0': AMENT_PREFIX_PATH=/home/asd/ros2_ws/install/my_package:${AMENT_PREFIX_PATH} CMAKE_PREFIX_PATH=/home/asd/ros2_ws/install/my_package:/opt/ros/iron LD_LIBRARY_PATH=/home/asd/ros2_ws/install/my_package/lib:${LD_LIBRARY_PATH} PYTHONPATH=/home/asd/ros2_ws/install/my_package/lib/python3.10/site-packages:${PYTHONPATH} /usr/bin/cmake --build /home/asd/ros2_ws/build/input_numbers -- -j4 -l4
[35.075s] Invoking command in '/home/asd/ros2_ws/build/input_numbers': AMENT_PREFIX_PATH=/home/asd/ros2_ws/install/my_package:${AMENT_PREFIX_PATH} CMAKE_PREFIX_PATH=/home/asd/ros2_ws/install/my_package:/opt/ros/iron LD_LIBRARY_PATH=/home/asd/ros2_ws/install/my_package/lib:${LD_LIBRARY_PATH} PYTHONPATH=/home/asd/ros2_ws/install/my_package/lib/python3.10/site-packages:${PYTHONPATH} /usr/bin/cmake --install /home/asd/ros2_ws/build/input_numbers
[35.100s] -- Install configuration: ""
[35.101s] -- Installing: /home/asd/ros2_ws/install/input_numbers/lib/input_numbers/input_numbers
[35.108s] -- Set runtime path of "/home/asd/ros2_ws/install/input_numbers/lib/input_numbers/input_numbers" to ""
[35.109s] -- Installing: /home/asd/ros2_ws/install/input_numbers/share/ament_index/resource_index/package_run_dependencies/input_numbers
[35.109s] -- Installing: /home/asd/ros2_ws/install/input_numbers/share/ament_index/resource_index/parent_prefix_path/input_numbers
[35.110s] -- Installing: /home/asd/ros2_ws/install/input_numbers/share/input_numbers/environment/ament_prefix_path.sh
[35.111s] -- Installing: /home/asd/ros2_ws/install/input_numbers/share/input_numbers/environment/ament_prefix_path.dsv
[35.111s] -- Installing: /home/asd/ros2_ws/install/input_numbers/share/input_numbers/environment/path.sh
[35.112s] -- Installing: /home/asd/ros2_ws/install/input_numbers/share/input_numbers/environment/path.dsv
[35.113s] -- Installing: /home/asd/ros2_ws/install/input_numbers/share/input_numbers/local_setup.bash
[35.113s] -- Installing: /home/asd/ros2_ws/install/input_numbers/share/input_numbers/local_setup.sh
[35.114s] -- Installing: /home/asd/ros2_ws/install/input_numbers/share/input_numbers/local_setup.zsh
[35.114s] -- Installing: /home/asd/ros2_ws/install/input_numbers/share/input_numbers/local_setup.dsv
[35.115s] -- Installing: /home/asd/ros2_ws/install/input_numbers/share/input_numbers/package.dsv
[35.116s] -- Installing: /home/asd/ros2_ws/install/input_numbers/share/ament_index/resource_index/packages/input_numbers
[35.119s] -- Installing: /home/asd/ros2_ws/install/input_numbers/share/input_numbers/cmake/input_numbersConfig.cmake
[35.120s] -- Installing: /home/asd/ros2_ws/install/input_numbers/share/input_numbers/cmake/input_numbersConfig-version.cmake
[35.120s] -- Installing: /home/asd/ros2_ws/install/input_numbers/share/input_numbers/package.xml
[35.126s] Invoked command in '/home/asd/ros2_ws/build/input_numbers' returned '0': AMENT_PREFIX_PATH=/home/asd/ros2_ws/install/my_package:${AMENT_PREFIX_PATH} CMAKE_PREFIX_PATH=/home/asd/ros2_ws/install/my_package:/opt/ros/iron LD_LIBRARY_PATH=/home/asd/ros2_ws/install/my_package/lib:${LD_LIBRARY_PATH} PYTHONPATH=/home/asd/ros2_ws/install/my_package/lib/python3.10/site-packages:${PYTHONPATH} /usr/bin/cmake --install /home/asd/ros2_ws/build/input_numbers
