[0.377s] DEBUG:colcon:Command line arguments: ['/usr/bin/colcon', 'build', '--packages-select', 'input_numbers']
[0.378s] DEBUG:colcon:Parsed command line arguments: Namespace(log_base=None, log_level=None, verb_name='build', build_base='build', install_base='install', merge_install=False, symlink_install=False, test_result_base=None, continue_on_error=False, executor='parallel', parallel_workers=4, event_handlers=None, ignore_user_meta=False, metas=['./colcon.meta'], base_paths=['.'], packages_ignore=None, packages_ignore_regex=None, paths=None, packages_up_to=None, packages_up_to_regex=None, packages_above=None, packages_above_and_dependencies=None, packages_above_depth=None, packages_select_by_dep=None, packages_skip_by_dep=None, packages_skip_up_to=None, packages_select_build_failed=False, packages_skip_build_finished=False, packages_select_test_failures=False, packages_skip_test_passed=False, packages_select=['input_numbers'], packages_skip=None, packages_select_regex=None, packages_skip_regex=None, packages_start=None, packages_end=None, allow_overriding=[], cmake_args=None, cmake_target=None, cmake_target_skip_unavailable=False, cmake_clean_cache=False, cmake_clean_first=False, cmake_force_configure=False, ament_cmake_args=None, catkin_cmake_args=None, catkin_skip_building_tests=False, verb_parser=<colcon_defaults.argument_parser.defaults.DefaultArgumentsDecorator object at 0x7d4714124550>, verb_extension=<colcon_core.verb.build.BuildVerb object at 0x7d4714124040>, main=<bound method BuildVerb.main of <colcon_core.verb.build.BuildVerb object at 0x7d4714124040>>)
[1.027s] Level 1:colcon.colcon_core.package_discovery:discover_packages(colcon_meta) check parameters
[1.027s] Level 1:colcon.colcon_core.package_discovery:discover_packages(recursive) check parameters
[1.027s] Level 1:colcon.colcon_core.package_discovery:discover_packages(ignore) check parameters
[1.027s] Level 1:colcon.colcon_core.package_discovery:discover_packages(path) check parameters
[1.027s] Level 1:colcon.colcon_core.package_discovery:discover_packages(colcon_meta) discover
[1.028s] Level 1:colcon.colcon_core.package_discovery:discover_packages(recursive) discover
[1.028s] INFO:colcon.colcon_core.package_discovery:Crawling recursively for packages in '/home/asd/ros2_ws'
[1.028s] Level 1:colcon.colcon_core.package_identification:_identify(.) by extensions ['ignore', 'ignore_ament_install']
[1.028s] Level 1:colcon.colcon_core.package_identification:_identify(.) by extension 'ignore'
[1.028s] Level 1:colcon.colcon_core.package_identification:_identify(.) by extension 'ignore_ament_install'
[1.029s] Level 1:colcon.colcon_core.package_identification:_identify(.) by extensions ['colcon_pkg']
[1.029s] Level 1:colcon.colcon_core.package_identification:_identify(.) by extension 'colcon_pkg'
[1.029s] Level 1:colcon.colcon_core.package_identification:_identify(.) by extensions ['colcon_meta']
[1.029s] Level 1:colcon.colcon_core.package_identification:_identify(.) by extension 'colcon_meta'
[1.029s] Level 1:colcon.colcon_core.package_identification:_identify(.) by extensions ['ros']
[1.029s] Level 1:colcon.colcon_core.package_identification:_identify(.) by extension 'ros'
[1.068s] Level 1:colcon.colcon_core.package_identification:_identify(.) by extensions ['cmake', 'python']
[1.068s] Level 1:colcon.colcon_core.package_identification:_identify(.) by extension 'cmake'
[1.068s] Level 1:colcon.colcon_core.package_identification:_identify(.) by extension 'python'
[1.068s] Level 1:colcon.colcon_core.package_identification:_identify(.) by extensions ['python_setup_py']
[1.068s] Level 1:colcon.colcon_core.package_identification:_identify(.) by extension 'python_setup_py'
[1.069s] Level 1:colcon.colcon_core.package_identification:_identify(build) by extensions ['ignore', 'ignore_ament_install']
[1.069s] Level 1:colcon.colcon_core.package_identification:_identify(build) by extension 'ignore'
[1.069s] Level 1:colcon.colcon_core.package_identification:_identify(build) ignored
[1.069s] Level 1:colcon.colcon_core.package_identification:_identify(install) by extensions ['ignore', 'ignore_ament_install']
[1.070s] Level 1:colcon.colcon_core.package_identification:_identify(install) by extension 'ignore'
[1.070s] Level 1:colcon.colcon_core.package_identification:_identify(install) ignored
[1.070s] Level 1:colcon.colcon_core.package_identification:_identify(log) by extensions ['ignore', 'ignore_ament_install']
[1.071s] Level 1:colcon.colcon_core.package_identification:_identify(log) by extension 'ignore'
[1.071s] Level 1:colcon.colcon_core.package_identification:_identify(log) ignored
[1.071s] Level 1:colcon.colcon_core.package_identification:_identify(src) by extensions ['ignore', 'ignore_ament_install']
[1.071s] Level 1:colcon.colcon_core.package_identification:_identify(src) by extension 'ignore'
[1.072s] Level 1:colcon.colcon_core.package_identification:_identify(src) by extension 'ignore_ament_install'
[1.072s] Level 1:colcon.colcon_core.package_identification:_identify(src) by extensions ['colcon_pkg']
[1.072s] Level 1:colcon.colcon_core.package_identification:_identify(src) by extension 'colcon_pkg'
[1.072s] Level 1:colcon.colcon_core.package_identification:_identify(src) by extensions ['colcon_meta']
[1.072s] Level 1:colcon.colcon_core.package_identification:_identify(src) by extension 'colcon_meta'
[1.072s] Level 1:colcon.colcon_core.package_identification:_identify(src) by extensions ['ros']
[1.072s] Level 1:colcon.colcon_core.package_identification:_identify(src) by extension 'ros'
[1.073s] Level 1:colcon.colcon_core.package_identification:_identify(src) by extensions ['cmake', 'python']
[1.073s] Level 1:colcon.colcon_core.package_identification:_identify(src) by extension 'cmake'
[1.073s] Level 1:colcon.colcon_core.package_identification:_identify(src) by extension 'python'
[1.073s] Level 1:colcon.colcon_core.package_identification:_identify(src) by extensions ['python_setup_py']
[1.073s] Level 1:colcon.colcon_core.package_identification:_identify(src) by extension 'python_setup_py'
[1.074s] Level 1:colcon.colcon_core.package_identification:_identify(src/build) by extensions ['ignore', 'ignore_ament_install']
[1.074s] Level 1:colcon.colcon_core.package_identification:_identify(src/build) by extension 'ignore'
[1.074s] Level 1:colcon.colcon_core.package_identification:_identify(src/build) ignored
[1.074s] Level 1:colcon.colcon_core.package_identification:_identify(src/cpp_srvcli) by extensions ['ignore', 'ignore_ament_install']
[1.075s] Level 1:colcon.colcon_core.package_identification:_identify(src/cpp_srvcli) by extension 'ignore'
[1.075s] Level 1:colcon.colcon_core.package_identification:_identify(src/cpp_srvcli) by extension 'ignore_ament_install'
[1.075s] Level 1:colcon.colcon_core.package_identification:_identify(src/cpp_srvcli) by extensions ['colcon_pkg']
[1.075s] Level 1:colcon.colcon_core.package_identification:_identify(src/cpp_srvcli) by extension 'colcon_pkg'
[1.075s] Level 1:colcon.colcon_core.package_identification:_identify(src/cpp_srvcli) by extensions ['colcon_meta']
[1.075s] Level 1:colcon.colcon_core.package_identification:_identify(src/cpp_srvcli) by extension 'colcon_meta'
[1.075s] Level 1:colcon.colcon_core.package_identification:_identify(src/cpp_srvcli) by extensions ['ros']
[1.076s] Level 1:colcon.colcon_core.package_identification:_identify(src/cpp_srvcli) by extension 'ros'
[1.083s] DEBUG:colcon.colcon_core.package_identification:Package 'src/cpp_srvcli' with type 'ros.ament_cmake' and name 'cpp_srvcli'
[1.083s] Level 1:colcon.colcon_core.package_identification:_identify(src/div) by extensions ['ignore', 'ignore_ament_install']
[1.083s] Level 1:colcon.colcon_core.package_identification:_identify(src/div) by extension 'ignore'
[1.084s] Level 1:colcon.colcon_core.package_identification:_identify(src/div) by extension 'ignore_ament_install'
[1.084s] Level 1:colcon.colcon_core.package_identification:_identify(src/div) by extensions ['colcon_pkg']
[1.084s] Level 1:colcon.colcon_core.package_identification:_identify(src/div) by extension 'colcon_pkg'
[1.084s] Level 1:colcon.colcon_core.package_identification:_identify(src/div) by extensions ['colcon_meta']
[1.084s] Level 1:colcon.colcon_core.package_identification:_identify(src/div) by extension 'colcon_meta'
[1.084s] Level 1:colcon.colcon_core.package_identification:_identify(src/div) by extensions ['ros']
[1.084s] Level 1:colcon.colcon_core.package_identification:_identify(src/div) by extension 'ros'
[1.086s] DEBUG:colcon.colcon_core.package_identification:Package 'src/div' with type 'ros.ament_cmake' and name 'div'
[1.087s] Level 1:colcon.colcon_core.package_identification:_identify(src/input_numbers) by extensions ['ignore', 'ignore_ament_install']
[1.087s] Level 1:colcon.colcon_core.package_identification:_identify(src/input_numbers) by extension 'ignore'
[1.087s] Level 1:colcon.colcon_core.package_identification:_identify(src/input_numbers) by extension 'ignore_ament_install'
[1.087s] Level 1:colcon.colcon_core.package_identification:_identify(src/input_numbers) by extensions ['colcon_pkg']
[1.087s] Level 1:colcon.colcon_core.package_identification:_identify(src/input_numbers) by extension 'colcon_pkg'
[1.088s] Level 1:colcon.colcon_core.package_identification:_identify(src/input_numbers) by extensions ['colcon_meta']
[1.088s] Level 1:colcon.colcon_core.package_identification:_identify(src/input_numbers) by extension 'colcon_meta'
[1.088s] Level 1:colcon.colcon_core.package_identification:_identify(src/input_numbers) by extensions ['ros']
[1.088s] Level 1:colcon.colcon_core.package_identification:_identify(src/input_numbers) by extension 'ros'
[1.089s] DEBUG:colcon.colcon_core.package_identification:Package 'src/input_numbers' with type 'ros.catkin' and name 'input_numbers'
[1.090s] Level 1:colcon.colcon_core.package_identification:_identify(src/install) by extensions ['ignore', 'ignore_ament_install']
[1.090s] Level 1:colcon.colcon_core.package_identification:_identify(src/install) by extension 'ignore'
[1.090s] Level 1:colcon.colcon_core.package_identification:_identify(src/install) ignored
[1.090s] Level 1:colcon.colcon_core.package_identification:_identify(src/log) by extensions ['ignore', 'ignore_ament_install']
[1.090s] Level 1:colcon.colcon_core.package_identification:_identify(src/log) by extension 'ignore'
[1.091s] Level 1:colcon.colcon_core.package_identification:_identify(src/log) ignored
[1.091s] Level 1:colcon.colcon_core.package_identification:_identify(src/my_package) by extensions ['ignore', 'ignore_ament_install']
[1.091s] Level 1:colcon.colcon_core.package_identification:_identify(src/my_package) by extension 'ignore'
[1.091s] Level 1:colcon.colcon_core.package_identification:_identify(src/my_package) by extension 'ignore_ament_install'
[1.091s] Level 1:colcon.colcon_core.package_identification:_identify(src/my_package) by extensions ['colcon_pkg']
[1.092s] Level 1:colcon.colcon_core.package_identification:_identify(src/my_package) by extension 'colcon_pkg'
[1.092s] Level 1:colcon.colcon_core.package_identification:_identify(src/my_package) by extensions ['colcon_meta']
[1.092s] Level 1:colcon.colcon_core.package_identification:_identify(src/my_package) by extension 'colcon_meta'
[1.092s] Level 1:colcon.colcon_core.package_identification:_identify(src/my_package) by extensions ['ros']
[1.092s] Level 1:colcon.colcon_core.package_identification:_identify(src/my_package) by extension 'ros'
[1.095s] DEBUG:colcon.colcon_core.package_identification:Package 'src/my_package' with type 'ros.ament_cmake' and name 'my_package'
[1.095s] Level 1:colcon.colcon_core.package_identification:_identify(src/my_robot_interfaces) by extensions ['ignore', 'ignore_ament_install']
[1.095s] Level 1:colcon.colcon_core.package_identification:_identify(src/my_robot_interfaces) by extension 'ignore'
[1.095s] Level 1:colcon.colcon_core.package_identification:_identify(src/my_robot_interfaces) by extension 'ignore_ament_install'
[1.095s] Level 1:colcon.colcon_core.package_identification:_identify(src/my_robot_interfaces) by extensions ['colcon_pkg']
[1.095s] Level 1:colcon.colcon_core.package_identification:_identify(src/my_robot_interfaces) by extension 'colcon_pkg'
[1.096s] Level 1:colcon.colcon_core.package_identification:_identify(src/my_robot_interfaces) by extensions ['colcon_meta']
[1.096s] Level 1:colcon.colcon_core.package_identification:_identify(src/my_robot_interfaces) by extension 'colcon_meta'
[1.096s] Level 1:colcon.colcon_core.package_identification:_identify(src/my_robot_interfaces) by extensions ['ros']
[1.096s] Level 1:colcon.colcon_core.package_identification:_identify(src/my_robot_interfaces) by extension 'ros'
[1.098s] DEBUG:colcon.colcon_core.package_identification:Package 'src/my_robot_interfaces' with type 'ros.ament_cmake' and name 'my_robot_interfaces'
[1.098s] Level 1:colcon.colcon_core.package_discovery:discover_packages(recursive) using defaults
[1.098s] Level 1:colcon.colcon_core.package_discovery:discover_packages(ignore) discover
[1.098s] Level 1:colcon.colcon_core.package_discovery:discover_packages(ignore) using defaults
[1.098s] Level 1:colcon.colcon_core.package_discovery:discover_packages(path) discover
[1.098s] Level 1:colcon.colcon_core.package_discovery:discover_packages(path) using defaults
[1.162s] INFO:colcon.colcon_core.package_selection:Skipping not selected package 'cpp_srvcli' in 'src/cpp_srvcli'
[1.163s] INFO:colcon.colcon_core.package_selection:Skipping not selected package 'my_package' in 'src/my_package'
[1.163s] INFO:colcon.colcon_core.package_selection:Skipping not selected package 'my_robot_interfaces' in 'src/my_robot_interfaces'
[1.163s] INFO:colcon.colcon_core.package_selection:Skipping not selected package 'div' in 'src/div'
[1.164s] Level 1:colcon.colcon_core.package_discovery:discover_packages(prefix_path) check parameters
[1.164s] Level 1:colcon.colcon_core.package_discovery:discover_packages(prefix_path) discover
[1.173s] DEBUG:colcon.colcon_installed_package_information.package_discovery:Found 281 installed packages in /opt/ros/iron
[1.202s] Level 1:colcon.colcon_core.package_discovery:discover_packages(prefix_path) using defaults
[1.376s] Level 5:colcon.colcon_core.verb:set package 'input_numbers' build argument 'cmake_args' from command line to 'None'
[1.376s] Level 5:colcon.colcon_core.verb:set package 'input_numbers' build argument 'cmake_target' from command line to 'None'
[1.376s] Level 5:colcon.colcon_core.verb:set package 'input_numbers' build argument 'cmake_target_skip_unavailable' from command line to 'False'
[1.376s] Level 5:colcon.colcon_core.verb:set package 'input_numbers' build argument 'cmake_clean_cache' from command line to 'False'
[1.376s] Level 5:colcon.colcon_core.verb:set package 'input_numbers' build argument 'cmake_clean_first' from command line to 'False'
[1.377s] Level 5:colcon.colcon_core.verb:set package 'input_numbers' build argument 'cmake_force_configure' from command line to 'False'
[1.377s] Level 5:colcon.colcon_core.verb:set package 'input_numbers' build argument 'ament_cmake_args' from command line to 'None'
[1.377s] Level 5:colcon.colcon_core.verb:set package 'input_numbers' build argument 'catkin_cmake_args' from command line to 'None'
[1.377s] Level 5:colcon.colcon_core.verb:set package 'input_numbers' build argument 'catkin_skip_building_tests' from command line to 'False'
[1.377s] DEBUG:colcon.colcon_core.verb:Building package 'input_numbers' with the following arguments: {'ament_cmake_args': None, 'build_base': '/home/asd/ros2_ws/build/input_numbers', 'catkin_cmake_args': None, 'catkin_skip_building_tests': False, 'cmake_args': None, 'cmake_clean_cache': False, 'cmake_clean_first': False, 'cmake_force_configure': False, 'cmake_target': None, 'cmake_target_skip_unavailable': False, 'install_base': '/home/asd/ros2_ws/install/input_numbers', 'merge_install': False, 'path': '/home/asd/ros2_ws/src/input_numbers', 'symlink_install': False, 'test_result_base': None}
[1.377s] INFO:colcon.colcon_core.executor:Executing jobs using 'parallel' executor
[1.380s] DEBUG:colcon.colcon_parallel_executor.executor.parallel:run_until_complete
[1.380s] INFO:colcon.colcon_ros.task.catkin.build:Building ROS package in '/home/asd/ros2_ws/src/input_numbers' with build type 'catkin'
[1.380s] INFO:colcon.colcon_cmake.task.cmake.build:Building CMake package in '/home/asd/ros2_ws/src/input_numbers'
[1.387s] INFO:colcon.colcon_core.plugin_system:Skipping extension 'colcon_core.shell.bat': Not used on non-Windows systems
[1.388s] INFO:colcon.colcon_core.shell:Skip shell extension 'powershell' for command environment: Not usable outside of PowerShell
[1.388s] DEBUG:colcon.colcon_core.shell:Skip shell extension 'dsv' for command environment
[1.419s] DEBUG:colcon.colcon_core.event_handler.log_command:Invoking command in '/home/asd/ros2_ws/build/input_numbers': /usr/bin/cmake --build /home/asd/ros2_ws/build/input_numbers -- -j4 -l4
[28.284s] DEBUG:colcon.colcon_core.event_handler.log_command:Invoked command in '/home/asd/ros2_ws/build/input_numbers' returned '0': /usr/bin/cmake --build /home/asd/ros2_ws/build/input_numbers -- -j4 -l4
[28.467s] DEBUG:colcon.colcon_core.event_handler.log_command:Invoking command in '/home/asd/ros2_ws/build/input_numbers': /usr/bin/cmake --install /home/asd/ros2_ws/build/input_numbers
[28.521s] DEBUG:colcon.colcon_core.event_handler.log_command:Invoked command in '/home/asd/ros2_ws/build/input_numbers' returned '0': /usr/bin/cmake --install /home/asd/ros2_ws/build/input_numbers
[28.592s] Level 1:colcon.colcon_core.shell:create_environment_hook('input_numbers', 'ros_package_path')
[28.592s] INFO:colcon.colcon_core.shell:Creating environment hook '/home/asd/ros2_ws/install/input_numbers/share/input_numbers/hook/ros_package_path.ps1'
[28.594s] INFO:colcon.colcon_core.shell:Creating environment descriptor '/home/asd/ros2_ws/install/input_numbers/share/input_numbers/hook/ros_package_path.dsv'
[28.595s] INFO:colcon.colcon_core.shell:Creating environment hook '/home/asd/ros2_ws/install/input_numbers/share/input_numbers/hook/ros_package_path.sh'
[28.599s] Level 1:colcon.colcon_core.shell:create_environment_hook('input_numbers', 'pkg_config_path')
[28.599s] INFO:colcon.colcon_core.shell:Creating environment hook '/home/asd/ros2_ws/install/input_numbers/share/input_numbers/hook/pkg_config_path.ps1'
[28.600s] INFO:colcon.colcon_core.shell:Creating environment descriptor '/home/asd/ros2_ws/install/input_numbers/share/input_numbers/hook/pkg_config_path.dsv'
[28.601s] INFO:colcon.colcon_core.shell:Creating environment hook '/home/asd/ros2_ws/install/input_numbers/share/input_numbers/hook/pkg_config_path.sh'
[28.606s] Level 1:colcon.colcon_core.shell:create_environment_hook('input_numbers', 'pkg_config_path_multiarch')
[28.606s] INFO:colcon.colcon_core.shell:Creating environment hook '/home/asd/ros2_ws/install/input_numbers/share/input_numbers/hook/pkg_config_path_multiarch.ps1'
[28.607s] INFO:colcon.colcon_core.shell:Creating environment descriptor '/home/asd/ros2_ws/install/input_numbers/share/input_numbers/hook/pkg_config_path_multiarch.dsv'
[28.608s] INFO:colcon.colcon_core.shell:Creating environment hook '/home/asd/ros2_ws/install/input_numbers/share/input_numbers/hook/pkg_config_path_multiarch.sh'
[28.611s] Level 1:colcon.colcon_core.environment:create_environment_scripts_only(input_numbers)
[28.619s] Level 1:colcon.colcon_core.environment:checking '/home/asd/ros2_ws/install/input_numbers' for CMake module files
[28.626s] Level 1:colcon.colcon_core.environment:checking '/home/asd/ros2_ws/install/input_numbers' for CMake config files
[28.627s] Level 1:colcon.colcon_core.shell:create_environment_hook('input_numbers', 'cmake_prefix_path')
[28.628s] INFO:colcon.colcon_core.shell:Creating environment hook '/home/asd/ros2_ws/install/input_numbers/share/input_numbers/hook/cmake_prefix_path.ps1'
[28.629s] INFO:colcon.colcon_core.shell:Creating environment descriptor '/home/asd/ros2_ws/install/input_numbers/share/input_numbers/hook/cmake_prefix_path.dsv'
[28.631s] INFO:colcon.colcon_core.shell:Creating environment hook '/home/asd/ros2_ws/install/input_numbers/share/input_numbers/hook/cmake_prefix_path.sh'
[28.632s] Level 1:colcon.colcon_core.environment:checking '/home/asd/ros2_ws/install/input_numbers/lib'
[28.633s] Level 1:colcon.colcon_core.environment:checking '/home/asd/ros2_ws/install/input_numbers/bin'
[28.633s] Level 1:colcon.colcon_core.environment:checking '/home/asd/ros2_ws/install/input_numbers/lib/pkgconfig/input_numbers.pc'
[28.634s] Level 1:colcon.colcon_core.environment:checking '/home/asd/ros2_ws/install/input_numbers/lib/python3.10/site-packages'
[28.635s] Level 1:colcon.colcon_core.environment:checking '/home/asd/ros2_ws/install/input_numbers/bin'
[28.636s] INFO:colcon.colcon_core.shell:Creating package script '/home/asd/ros2_ws/install/input_numbers/share/input_numbers/package.ps1'
[28.639s] INFO:colcon.colcon_core.shell:Creating package descriptor '/home/asd/ros2_ws/install/input_numbers/share/input_numbers/package.dsv'
[28.642s] INFO:colcon.colcon_core.shell:Creating package script '/home/asd/ros2_ws/install/input_numbers/share/input_numbers/package.sh'
[28.645s] INFO:colcon.colcon_core.shell:Creating package script '/home/asd/ros2_ws/install/input_numbers/share/input_numbers/package.bash'
[28.647s] INFO:colcon.colcon_core.shell:Creating package script '/home/asd/ros2_ws/install/input_numbers/share/input_numbers/package.zsh'
[28.650s] Level 1:colcon.colcon_core.environment:create_file_with_runtime_dependencies(/home/asd/ros2_ws/install/input_numbers/share/colcon-core/packages/input_numbers)
[28.654s] DEBUG:colcon.colcon_parallel_executor.executor.parallel:closing loop
[28.655s] DEBUG:colcon.colcon_parallel_executor.executor.parallel:loop closed
[28.655s] DEBUG:colcon.colcon_parallel_executor.executor.parallel:run_until_complete finished with '0'
[28.656s] DEBUG:colcon.colcon_core.event_reactor:joining thread
[28.670s] INFO:colcon.colcon_core.plugin_system:Skipping extension 'colcon_notification.desktop_notification.terminal_notifier': Not used on non-Darwin systems
[28.670s] INFO:colcon.colcon_core.plugin_system:Skipping extension 'colcon_notification.desktop_notification.win32': Not used on non-Windows systems
[28.670s] INFO:colcon.colcon_notification.desktop_notification:Sending desktop notification using 'notify2'
[28.753s] DEBUG:colcon.colcon_core.event_reactor:joined thread
[28.754s] INFO:colcon.colcon_core.shell:Creating prefix script '/home/asd/ros2_ws/install/local_setup.ps1'
[28.757s] INFO:colcon.colcon_core.shell:Creating prefix util module '/home/asd/ros2_ws/install/_local_setup_util_ps1.py'
[28.762s] INFO:colcon.colcon_core.shell:Creating prefix chain script '/home/asd/ros2_ws/install/setup.ps1'
[28.765s] INFO:colcon.colcon_core.shell:Creating prefix script '/home/asd/ros2_ws/install/local_setup.sh'
[28.767s] INFO:colcon.colcon_core.shell:Creating prefix util module '/home/asd/ros2_ws/install/_local_setup_util_sh.py'
[28.768s] INFO:colcon.colcon_core.shell:Creating prefix chain script '/home/asd/ros2_ws/install/setup.sh'
[28.771s] INFO:colcon.colcon_core.shell:Creating prefix script '/home/asd/ros2_ws/install/local_setup.bash'
[28.773s] INFO:colcon.colcon_core.shell:Creating prefix chain script '/home/asd/ros2_ws/install/setup.bash'
[28.775s] INFO:colcon.colcon_core.shell:Creating prefix script '/home/asd/ros2_ws/install/local_setup.zsh'
[28.777s] INFO:colcon.colcon_core.shell:Creating prefix chain script '/home/asd/ros2_ws/install/setup.zsh'
