[0.092s] Invoking command in '/home/asd/ros2_ws/build/simple_div': CMAKE_PREFIX_PATH=/opt/ros/iron /usr/bin/cmake --build /home/asd/ros2_ws/build/simple_div -- -j4 -l4
[0.273s] [35m[1mConsolidate compiler generated dependencies of target simple_div[0m
[0.354s] [ 50%] [32mBuilding CXX object CMakeFiles/simple_div.dir/src/simple_div.cpp.o[0m
[30.007s] [100%] [32m[1mLinking CXX executable simple_div[0m
[32.743s] [100%] Built target simple_div
[32.816s] Invoked command in '/home/asd/ros2_ws/build/simple_div' returned '0': CMAKE_PREFIX_PATH=/opt/ros/iron /usr/bin/cmake --build /home/asd/ros2_ws/build/simple_div -- -j4 -l4
[32.996s] Invoking command in '/home/asd/ros2_ws/build/simple_div': CMAKE_PREFIX_PATH=/opt/ros/iron /usr/bin/cmake --install /home/asd/ros2_ws/build/simple_div
[33.021s] -- Install configuration: ""
[33.055s] -- Installing: /home/asd/ros2_ws/install/simple_div/lib/simple_div/simple_div
[33.078s] -- Set runtime path of "/home/asd/ros2_ws/install/simple_div/lib/simple_div/simple_div" to ""
[33.078s] -- Up-to-date: /home/asd/ros2_ws/install/simple_div/share/simple_div//launch
[33.079s] -- Up-to-date: /home/asd/ros2_ws/install/simple_div/share/ament_index/resource_index/package_run_dependencies/simple_div
[33.080s] -- Up-to-date: /home/asd/ros2_ws/install/simple_div/share/ament_index/resource_index/parent_prefix_path/simple_div
[33.080s] -- Up-to-date: /home/asd/ros2_ws/install/simple_div/share/simple_div/environment/ament_prefix_path.sh
[33.080s] -- Up-to-date: /home/asd/ros2_ws/install/simple_div/share/simple_div/environment/ament_prefix_path.dsv
[33.081s] -- Up-to-date: /home/asd/ros2_ws/install/simple_div/share/simple_div/environment/path.sh
[33.081s] -- Up-to-date: /home/asd/ros2_ws/install/simple_div/share/simple_div/environment/path.dsv
[33.081s] -- Up-to-date: /home/asd/ros2_ws/install/simple_div/share/simple_div/local_setup.bash
[33.082s] -- Up-to-date: /home/asd/ros2_ws/install/simple_div/share/simple_div/local_setup.sh
[33.082s] -- Up-to-date: /home/asd/ros2_ws/install/simple_div/share/simple_div/local_setup.zsh
[33.083s] -- Up-to-date: /home/asd/ros2_ws/install/simple_div/share/simple_div/local_setup.dsv
[33.083s] -- Installing: /home/asd/ros2_ws/install/simple_div/share/simple_div/package.dsv
[33.106s] -- Up-to-date: /home/asd/ros2_ws/install/simple_div/share/ament_index/resource_index/packages/simple_div
[33.106s] -- Up-to-date: /home/asd/ros2_ws/install/simple_div/share/simple_div/cmake/simple_divConfig.cmake
[33.107s] -- Up-to-date: /home/asd/ros2_ws/install/simple_div/share/simple_div/cmake/simple_divConfig-version.cmake
[33.107s] -- Up-to-date: /home/asd/ros2_ws/install/simple_div/share/simple_div/package.xml
[33.112s] Invoked command in '/home/asd/ros2_ws/build/simple_div' returned '0': CMAKE_PREFIX_PATH=/opt/ros/iron /usr/bin/cmake --install /home/asd/ros2_ws/build/simple_div
