[0.376s] DEBUG:colcon:Command line arguments: ['/usr/bin/colcon', 'build', '--packages-select', 'float_division']
[0.376s] DEBUG:colcon:Parsed command line arguments: Namespace(log_base=None, log_level=None, verb_name='build', build_base='build', install_base='install', merge_install=False, symlink_install=False, test_result_base=None, continue_on_error=False, executor='parallel', parallel_workers=4, event_handlers=None, ignore_user_meta=False, metas=['./colcon.meta'], base_paths=['.'], packages_ignore=None, packages_ignore_regex=None, paths=None, packages_up_to=None, packages_up_to_regex=None, packages_above=None, packages_above_and_dependencies=None, packages_above_depth=None, packages_select_by_dep=None, packages_skip_by_dep=None, packages_skip_up_to=None, packages_select_build_failed=False, packages_skip_build_finished=False, packages_select_test_failures=False, packages_skip_test_passed=False, packages_select=['float_division'], packages_skip=None, packages_select_regex=None, packages_skip_regex=None, packages_start=None, packages_end=None, allow_overriding=[], cmake_args=None, cmake_target=None, cmake_target_skip_unavailable=False, cmake_clean_cache=False, cmake_clean_first=False, cmake_force_configure=False, ament_cmake_args=None, catkin_cmake_args=None, catkin_skip_building_tests=False, verb_parser=<colcon_defaults.argument_parser.defaults.DefaultArgumentsDecorator object at 0x74012f038550>, verb_extension=<colcon_core.verb.build.BuildVerb object at 0x74012f038040>, main=<bound method BuildVerb.main of <colcon_core.verb.build.BuildVerb object at 0x74012f038040>>)
[1.016s] Level 1:colcon.colcon_core.package_discovery:discover_packages(colcon_meta) check parameters
[1.016s] Level 1:colcon.colcon_core.package_discovery:discover_packages(recursive) check parameters
[1.016s] Level 1:colcon.colcon_core.package_discovery:discover_packages(ignore) check parameters
[1.016s] Level 1:colcon.colcon_core.package_discovery:discover_packages(path) check parameters
[1.016s] Level 1:colcon.colcon_core.package_discovery:discover_packages(colcon_meta) discover
[1.016s] Level 1:colcon.colcon_core.package_discovery:discover_packages(recursive) discover
[1.017s] INFO:colcon.colcon_core.package_discovery:Crawling recursively for packages in '/home/asd/ros2_ws'
[1.017s] Level 1:colcon.colcon_core.package_identification:_identify(.) by extensions ['ignore', 'ignore_ament_install']
[1.017s] Level 1:colcon.colcon_core.package_identification:_identify(.) by extension 'ignore'
[1.017s] Level 1:colcon.colcon_core.package_identification:_identify(.) by extension 'ignore_ament_install'
[1.017s] Level 1:colcon.colcon_core.package_identification:_identify(.) by extensions ['colcon_pkg']
[1.018s] Level 1:colcon.colcon_core.package_identification:_identify(.) by extension 'colcon_pkg'
[1.018s] Level 1:colcon.colcon_core.package_identification:_identify(.) by extensions ['colcon_meta']
[1.018s] Level 1:colcon.colcon_core.package_identification:_identify(.) by extension 'colcon_meta'
[1.018s] Level 1:colcon.colcon_core.package_identification:_identify(.) by extensions ['ros']
[1.018s] Level 1:colcon.colcon_core.package_identification:_identify(.) by extension 'ros'
[1.058s] Level 1:colcon.colcon_core.package_identification:_identify(.) by extensions ['cmake', 'python']
[1.058s] Level 1:colcon.colcon_core.package_identification:_identify(.) by extension 'cmake'
[1.058s] Level 1:colcon.colcon_core.package_identification:_identify(.) by extension 'python'
[1.059s] Level 1:colcon.colcon_core.package_identification:_identify(.) by extensions ['python_setup_py']
[1.059s] Level 1:colcon.colcon_core.package_identification:_identify(.) by extension 'python_setup_py'
[1.059s] Level 1:colcon.colcon_core.package_identification:_identify(build) by extensions ['ignore', 'ignore_ament_install']
[1.059s] Level 1:colcon.colcon_core.package_identification:_identify(build) by extension 'ignore'
[1.060s] Level 1:colcon.colcon_core.package_identification:_identify(build) ignored
[1.060s] Level 1:colcon.colcon_core.package_identification:_identify(install) by extensions ['ignore', 'ignore_ament_install']
[1.060s] Level 1:colcon.colcon_core.package_identification:_identify(install) by extension 'ignore'
[1.060s] Level 1:colcon.colcon_core.package_identification:_identify(install) ignored
[1.061s] Level 1:colcon.colcon_core.package_identification:_identify(log) by extensions ['ignore', 'ignore_ament_install']
[1.061s] Level 1:colcon.colcon_core.package_identification:_identify(log) by extension 'ignore'
[1.061s] Level 1:colcon.colcon_core.package_identification:_identify(log) ignored
[1.062s] Level 1:colcon.colcon_core.package_identification:_identify(src) by extensions ['ignore', 'ignore_ament_install']
[1.062s] Level 1:colcon.colcon_core.package_identification:_identify(src) by extension 'ignore'
[1.062s] Level 1:colcon.colcon_core.package_identification:_identify(src) by extension 'ignore_ament_install'
[1.062s] Level 1:colcon.colcon_core.package_identification:_identify(src) by extensions ['colcon_pkg']
[1.062s] Level 1:colcon.colcon_core.package_identification:_identify(src) by extension 'colcon_pkg'
[1.063s] Level 1:colcon.colcon_core.package_identification:_identify(src) by extensions ['colcon_meta']
[1.063s] Level 1:colcon.colcon_core.package_identification:_identify(src) by extension 'colcon_meta'
[1.063s] Level 1:colcon.colcon_core.package_identification:_identify(src) by extensions ['ros']
[1.063s] Level 1:colcon.colcon_core.package_identification:_identify(src) by extension 'ros'
[1.063s] Level 1:colcon.colcon_core.package_identification:_identify(src) by extensions ['cmake', 'python']
[1.063s] Level 1:colcon.colcon_core.package_identification:_identify(src) by extension 'cmake'
[1.063s] Level 1:colcon.colcon_core.package_identification:_identify(src) by extension 'python'
[1.064s] Level 1:colcon.colcon_core.package_identification:_identify(src) by extensions ['python_setup_py']
[1.064s] Level 1:colcon.colcon_core.package_identification:_identify(src) by extension 'python_setup_py'
[1.064s] Level 1:colcon.colcon_core.package_identification:_identify(src/build) by extensions ['ignore', 'ignore_ament_install']
[1.064s] Level 1:colcon.colcon_core.package_identification:_identify(src/build) by extension 'ignore'
[1.064s] Level 1:colcon.colcon_core.package_identification:_identify(src/build) ignored
[1.065s] Level 1:colcon.colcon_core.package_identification:_identify(src/cpp_srvcli) by extensions ['ignore', 'ignore_ament_install']
[1.065s] Level 1:colcon.colcon_core.package_identification:_identify(src/cpp_srvcli) by extension 'ignore'
[1.065s] Level 1:colcon.colcon_core.package_identification:_identify(src/cpp_srvcli) by extension 'ignore_ament_install'
[1.065s] Level 1:colcon.colcon_core.package_identification:_identify(src/cpp_srvcli) by extensions ['colcon_pkg']
[1.065s] Level 1:colcon.colcon_core.package_identification:_identify(src/cpp_srvcli) by extension 'colcon_pkg'
[1.065s] Level 1:colcon.colcon_core.package_identification:_identify(src/cpp_srvcli) by extensions ['colcon_meta']
[1.066s] Level 1:colcon.colcon_core.package_identification:_identify(src/cpp_srvcli) by extension 'colcon_meta'
[1.066s] Level 1:colcon.colcon_core.package_identification:_identify(src/cpp_srvcli) by extensions ['ros']
[1.066s] Level 1:colcon.colcon_core.package_identification:_identify(src/cpp_srvcli) by extension 'ros'
[1.073s] DEBUG:colcon.colcon_core.package_identification:Package 'src/cpp_srvcli' with type 'ros.ament_cmake' and name 'cpp_srvcli'
[1.073s] Level 1:colcon.colcon_core.package_identification:_identify(src/div) by extensions ['ignore', 'ignore_ament_install']
[1.073s] Level 1:colcon.colcon_core.package_identification:_identify(src/div) by extension 'ignore'
[1.073s] Level 1:colcon.colcon_core.package_identification:_identify(src/div) by extension 'ignore_ament_install'
[1.074s] Level 1:colcon.colcon_core.package_identification:_identify(src/div) by extensions ['colcon_pkg']
[1.074s] Level 1:colcon.colcon_core.package_identification:_identify(src/div) by extension 'colcon_pkg'
[1.074s] Level 1:colcon.colcon_core.package_identification:_identify(src/div) by extensions ['colcon_meta']
[1.074s] Level 1:colcon.colcon_core.package_identification:_identify(src/div) by extension 'colcon_meta'
[1.074s] Level 1:colcon.colcon_core.package_identification:_identify(src/div) by extensions ['ros']
[1.074s] Level 1:colcon.colcon_core.package_identification:_identify(src/div) by extension 'ros'
[1.076s] DEBUG:colcon.colcon_core.package_identification:Package 'src/div' with type 'ros.ament_cmake' and name 'div'
[1.076s] Level 1:colcon.colcon_core.package_identification:_identify(src/float_division) by extensions ['ignore', 'ignore_ament_install']
[1.077s] Level 1:colcon.colcon_core.package_identification:_identify(src/float_division) by extension 'ignore'
[1.077s] Level 1:colcon.colcon_core.package_identification:_identify(src/float_division) by extension 'ignore_ament_install'
[1.077s] Level 1:colcon.colcon_core.package_identification:_identify(src/float_division) by extensions ['colcon_pkg']
[1.077s] Level 1:colcon.colcon_core.package_identification:_identify(src/float_division) by extension 'colcon_pkg'
[1.077s] Level 1:colcon.colcon_core.package_identification:_identify(src/float_division) by extensions ['colcon_meta']
[1.077s] Level 1:colcon.colcon_core.package_identification:_identify(src/float_division) by extension 'colcon_meta'
[1.077s] Level 1:colcon.colcon_core.package_identification:_identify(src/float_division) by extensions ['ros']
[1.078s] Level 1:colcon.colcon_core.package_identification:_identify(src/float_division) by extension 'ros'
[1.079s] DEBUG:colcon.colcon_core.package_identification:Package 'src/float_division' with type 'ros.ament_cmake' and name 'float_division'
[1.080s] Level 1:colcon.colcon_core.package_identification:_identify(src/input_numbers) by extensions ['ignore', 'ignore_ament_install']
[1.080s] Level 1:colcon.colcon_core.package_identification:_identify(src/input_numbers) by extension 'ignore'
[1.080s] Level 1:colcon.colcon_core.package_identification:_identify(src/input_numbers) by extension 'ignore_ament_install'
[1.080s] Level 1:colcon.colcon_core.package_identification:_identify(src/input_numbers) by extensions ['colcon_pkg']
[1.080s] Level 1:colcon.colcon_core.package_identification:_identify(src/input_numbers) by extension 'colcon_pkg'
[1.081s] Level 1:colcon.colcon_core.package_identification:_identify(src/input_numbers) by extensions ['colcon_meta']
[1.081s] Level 1:colcon.colcon_core.package_identification:_identify(src/input_numbers) by extension 'colcon_meta'
[1.081s] Level 1:colcon.colcon_core.package_identification:_identify(src/input_numbers) by extensions ['ros']
[1.081s] Level 1:colcon.colcon_core.package_identification:_identify(src/input_numbers) by extension 'ros'
[1.083s] DEBUG:colcon.colcon_core.package_identification:Package 'src/input_numbers' with type 'ros.ament_cmake' and name 'div'
[1.083s] Level 1:colcon.colcon_core.package_identification:_identify(src/install) by extensions ['ignore', 'ignore_ament_install']
[1.084s] Level 1:colcon.colcon_core.package_identification:_identify(src/install) by extension 'ignore'
[1.084s] Level 1:colcon.colcon_core.package_identification:_identify(src/install) ignored
[1.084s] Level 1:colcon.colcon_core.package_identification:_identify(src/log) by extensions ['ignore', 'ignore_ament_install']
[1.084s] Level 1:colcon.colcon_core.package_identification:_identify(src/log) by extension 'ignore'
[1.084s] Level 1:colcon.colcon_core.package_identification:_identify(src/log) ignored
[1.085s] Level 1:colcon.colcon_core.package_identification:_identify(src/my_package) by extensions ['ignore', 'ignore_ament_install']
[1.085s] Level 1:colcon.colcon_core.package_identification:_identify(src/my_package) by extension 'ignore'
[1.085s] Level 1:colcon.colcon_core.package_identification:_identify(src/my_package) by extension 'ignore_ament_install'
[1.085s] Level 1:colcon.colcon_core.package_identification:_identify(src/my_package) by extensions ['colcon_pkg']
[1.085s] Level 1:colcon.colcon_core.package_identification:_identify(src/my_package) by extension 'colcon_pkg'
[1.086s] Level 1:colcon.colcon_core.package_identification:_identify(src/my_package) by extensions ['colcon_meta']
[1.086s] Level 1:colcon.colcon_core.package_identification:_identify(src/my_package) by extension 'colcon_meta'
[1.086s] Level 1:colcon.colcon_core.package_identification:_identify(src/my_package) by extensions ['ros']
[1.086s] Level 1:colcon.colcon_core.package_identification:_identify(src/my_package) by extension 'ros'
[1.088s] DEBUG:colcon.colcon_core.package_identification:Package 'src/my_package' with type 'ros.ament_cmake' and name 'my_package'
[1.088s] Level 1:colcon.colcon_core.package_discovery:discover_packages(recursive) using defaults
[1.088s] Level 1:colcon.colcon_core.package_discovery:discover_packages(ignore) discover
[1.088s] Level 1:colcon.colcon_core.package_discovery:discover_packages(ignore) using defaults
[1.088s] Level 1:colcon.colcon_core.package_discovery:discover_packages(path) discover
[1.088s] Level 1:colcon.colcon_core.package_discovery:discover_packages(path) using defaults
[1.152s] INFO:colcon.colcon_core.package_selection:Skipping not selected package 'cpp_srvcli' in 'src/cpp_srvcli'
[1.152s] INFO:colcon.colcon_core.package_selection:Skipping not selected package 'my_package' in 'src/my_package'
[1.152s] INFO:colcon.colcon_core.package_selection:Skipping not selected package 'div' in 'src/div'
[1.152s] INFO:colcon.colcon_core.package_selection:Skipping not selected package 'div' in 'src/input_numbers'
[1.153s] Level 1:colcon.colcon_core.package_discovery:discover_packages(prefix_path) check parameters
[1.154s] Level 1:colcon.colcon_core.package_discovery:discover_packages(prefix_path) discover
[1.163s] DEBUG:colcon.colcon_installed_package_information.package_discovery:Found 281 installed packages in /opt/ros/iron
[1.194s] Level 1:colcon.colcon_core.package_discovery:discover_packages(prefix_path) using defaults
[1.367s] Level 5:colcon.colcon_core.verb:set package 'float_division' build argument 'cmake_args' from command line to 'None'
[1.367s] Level 5:colcon.colcon_core.verb:set package 'float_division' build argument 'cmake_target' from command line to 'None'
[1.367s] Level 5:colcon.colcon_core.verb:set package 'float_division' build argument 'cmake_target_skip_unavailable' from command line to 'False'
[1.367s] Level 5:colcon.colcon_core.verb:set package 'float_division' build argument 'cmake_clean_cache' from command line to 'False'
[1.367s] Level 5:colcon.colcon_core.verb:set package 'float_division' build argument 'cmake_clean_first' from command line to 'False'
[1.367s] Level 5:colcon.colcon_core.verb:set package 'float_division' build argument 'cmake_force_configure' from command line to 'False'
[1.367s] Level 5:colcon.colcon_core.verb:set package 'float_division' build argument 'ament_cmake_args' from command line to 'None'
[1.367s] Level 5:colcon.colcon_core.verb:set package 'float_division' build argument 'catkin_cmake_args' from command line to 'None'
[1.368s] Level 5:colcon.colcon_core.verb:set package 'float_division' build argument 'catkin_skip_building_tests' from command line to 'False'
[1.368s] DEBUG:colcon.colcon_core.verb:Building package 'float_division' with the following arguments: {'ament_cmake_args': None, 'build_base': '/home/asd/ros2_ws/build/float_division', 'catkin_cmake_args': None, 'catkin_skip_building_tests': False, 'cmake_args': None, 'cmake_clean_cache': False, 'cmake_clean_first': False, 'cmake_force_configure': False, 'cmake_target': None, 'cmake_target_skip_unavailable': False, 'install_base': '/home/asd/ros2_ws/install/float_division', 'merge_install': False, 'path': '/home/asd/ros2_ws/src/float_division', 'symlink_install': False, 'test_result_base': None}
[1.368s] INFO:colcon.colcon_core.executor:Executing jobs using 'parallel' executor
[1.371s] DEBUG:colcon.colcon_parallel_executor.executor.parallel:run_until_complete
[1.371s] INFO:colcon.colcon_ros.task.ament_cmake.build:Building ROS package in '/home/asd/ros2_ws/src/float_division' with build type 'ament_cmake'
[1.371s] INFO:colcon.colcon_cmake.task.cmake.build:Building CMake package in '/home/asd/ros2_ws/src/float_division'
[1.377s] INFO:colcon.colcon_core.plugin_system:Skipping extension 'colcon_core.shell.bat': Not used on non-Windows systems
[1.378s] INFO:colcon.colcon_core.shell:Skip shell extension 'powershell' for command environment: Not usable outside of PowerShell
[1.378s] DEBUG:colcon.colcon_core.shell:Skip shell extension 'dsv' for command environment
[1.418s] DEBUG:colcon.colcon_core.event_handler.log_command:Invoking command in '/home/asd/ros2_ws/build/float_division': AMENT_PREFIX_PATH=/home/asd/ros2_ws/install/my_package:${AMENT_PREFIX_PATH} CMAKE_PREFIX_PATH=/home/asd/ros2_ws/install/my_package:/opt/ros/iron LD_LIBRARY_PATH=/home/asd/ros2_ws/install/my_package/lib:${LD_LIBRARY_PATH} PYTHONPATH=/home/asd/ros2_ws/install/my_package/lib/python3.10/site-packages:${PYTHONPATH} /usr/bin/cmake --build /home/asd/ros2_ws/build/float_division -- -j4 -l4
[2.761s] DEBUG:colcon.colcon_core.event_handler.log_command:Invoked command in '/home/asd/ros2_ws/build/float_division' returned '2': AMENT_PREFIX_PATH=/home/asd/ros2_ws/install/my_package:${AMENT_PREFIX_PATH} CMAKE_PREFIX_PATH=/home/asd/ros2_ws/install/my_package:/opt/ros/iron LD_LIBRARY_PATH=/home/asd/ros2_ws/install/my_package/lib:${LD_LIBRARY_PATH} PYTHONPATH=/home/asd/ros2_ws/install/my_package/lib/python3.10/site-packages:${PYTHONPATH} /usr/bin/cmake --build /home/asd/ros2_ws/build/float_division -- -j4 -l4
[2.849s] Level 1:colcon.colcon_core.environment:create_environment_scripts_only(float_division)
[2.857s] Level 1:colcon.colcon_core.environment:checking '/home/asd/ros2_ws/install/float_division' for CMake module files
[2.858s] Level 1:colcon.colcon_core.environment:checking '/home/asd/ros2_ws/install/float_division' for CMake config files
[2.859s] Level 1:colcon.colcon_core.environment:checking '/home/asd/ros2_ws/install/float_division/bin'
[2.859s] Level 1:colcon.colcon_core.environment:checking '/home/asd/ros2_ws/install/float_division/lib/pkgconfig/float_division.pc'
[2.860s] Level 1:colcon.colcon_core.environment:checking '/home/asd/ros2_ws/install/float_division/lib/python3.10/site-packages'
[2.861s] Level 1:colcon.colcon_core.environment:checking '/home/asd/ros2_ws/install/float_division/bin'
[2.862s] INFO:colcon.colcon_core.shell:Creating package script '/home/asd/ros2_ws/install/float_division/share/float_division/package.ps1'
[2.864s] INFO:colcon.colcon_core.shell:Creating package descriptor '/home/asd/ros2_ws/install/float_division/share/float_division/package.dsv'
[2.866s] INFO:colcon.colcon_core.shell:Creating package script '/home/asd/ros2_ws/install/float_division/share/float_division/package.sh'
[2.869s] INFO:colcon.colcon_core.shell:Creating package script '/home/asd/ros2_ws/install/float_division/share/float_division/package.bash'
[2.872s] INFO:colcon.colcon_core.shell:Creating package script '/home/asd/ros2_ws/install/float_division/share/float_division/package.zsh'
[2.874s] Level 1:colcon.colcon_core.environment:create_file_with_runtime_dependencies(/home/asd/ros2_ws/install/float_division/share/colcon-core/packages/float_division)
[2.876s] DEBUG:colcon.colcon_parallel_executor.executor.parallel:closing loop
[2.877s] DEBUG:colcon.colcon_parallel_executor.executor.parallel:loop closed
[2.877s] DEBUG:colcon.colcon_parallel_executor.executor.parallel:run_until_complete finished with '2'
[2.877s] DEBUG:colcon.colcon_core.event_reactor:joining thread
[2.901s] INFO:colcon.colcon_core.plugin_system:Skipping extension 'colcon_notification.desktop_notification.terminal_notifier': Not used on non-Darwin systems
[2.901s] INFO:colcon.colcon_core.plugin_system:Skipping extension 'colcon_notification.desktop_notification.win32': Not used on non-Windows systems
[2.902s] INFO:colcon.colcon_notification.desktop_notification:Sending desktop notification using 'notify2'
[2.951s] DEBUG:colcon.colcon_core.event_reactor:joined thread
[2.952s] INFO:colcon.colcon_core.shell:Creating prefix script '/home/asd/ros2_ws/install/local_setup.ps1'
[2.955s] INFO:colcon.colcon_core.shell:Creating prefix util module '/home/asd/ros2_ws/install/_local_setup_util_ps1.py'
[2.960s] INFO:colcon.colcon_core.shell:Creating prefix chain script '/home/asd/ros2_ws/install/setup.ps1'
[2.962s] INFO:colcon.colcon_core.shell:Creating prefix script '/home/asd/ros2_ws/install/local_setup.sh'
[2.964s] INFO:colcon.colcon_core.shell:Creating prefix util module '/home/asd/ros2_ws/install/_local_setup_util_sh.py'
[2.966s] INFO:colcon.colcon_core.shell:Creating prefix chain script '/home/asd/ros2_ws/install/setup.sh'
[2.969s] INFO:colcon.colcon_core.shell:Creating prefix script '/home/asd/ros2_ws/install/local_setup.bash'
[2.970s] INFO:colcon.colcon_core.shell:Creating prefix chain script '/home/asd/ros2_ws/install/setup.bash'
[2.973s] INFO:colcon.colcon_core.shell:Creating prefix script '/home/asd/ros2_ws/install/local_setup.zsh'
[2.974s] INFO:colcon.colcon_core.shell:Creating prefix chain script '/home/asd/ros2_ws/install/setup.zsh'
