[0.037s] Invoking command in '/home/asd/ros2_ws/build/cpp_srvcli': CMAKE_PREFIX_PATH=/opt/ros/iron /usr/bin/cmake --build /home/asd/ros2_ws/build/cpp_srvcli -- -j4 -l4
[0.207s] [35m[1mConsolidate compiler generated dependencies of target client[0m
[0.247s] [ 25%] [32mBuilding CXX object CMakeFiles/server.dir/src/add_two_ints_server.cpp.o[0m
[0.290s] [ 50%] [32mBuilding CXX object CMakeFiles/client.dir/src/add_two_ints_client.cpp.o[0m
[11.032s] In file included from [01m[K/home/asd/ros2_ws/src/cpp_srvcli/src/add_two_ints_server.cpp:2[m[K:
[11.032s] [01m[K/opt/ros/iron/include/example_interfaces/example_interfaces/srv/add_two_ints.hpp:1:1:[m[K [01;31m[Kerror: [m[K‘[01m[Kfloat64[m[K’ does not name a type; did you mean ‘[01m[Kfloat_t[m[K’?
[11.032s]     1 | [01;31m[Kfloat64[m[K a
[11.033s]       | [01;31m[K^~~~~~~[m[K
[11.033s]       | [32m[Kfloat_t[m[K
[11.056s] [01m[K/home/asd/ros2_ws/src/cpp_srvcli/src/add_two_ints_server.cpp:[m[K In function ‘[01m[Kint main(int, char**)[m[K’:
[11.056s] [01m[K/home/asd/ros2_ws/src/cpp_srvcli/src/add_two_ints_server.cpp:24:21:[m[K [01;31m[Kerror: [m[K‘[01m[Kexample_interfaces[m[K’ was not declared in this scope; did you mean ‘[01m[Krcl_interfaces[m[K’?
[11.057s]    24 |     rclcpp::Service<[01;31m[Kexample_interfaces[m[K::srv::AddTwoInts>::SharedPtr service =
[11.057s]       |                     [01;31m[K^~~~~~~~~~~~~~~~~~[m[K
[11.057s]       |                     [32m[Krcl_interfaces[m[K
[11.058s] [01m[K/home/asd/ros2_ws/src/cpp_srvcli/src/add_two_ints_server.cpp:24:56:[m[K [01;31m[Kerror: [m[Ktemplate argument 1 is invalid
[11.058s]    24 |     rclcpp::Service<example_interfaces::srv::AddTwoInts[01;31m[K>[m[K::SharedPtr service =
[11.058s]       |                                                        [01;31m[K^[m[K
[11.058s] [01m[K/home/asd/ros2_ws/src/cpp_srvcli/src/add_two_ints_server.cpp:24:69:[m[K [01;31m[Kerror: [m[Kqualified-id in declaration before ‘[01m[Kservice[m[K’
[11.059s]    24 | lcpp::Service<example_interfaces::srv::AddTwoInts>::SharedPtr [01;31m[Kservice[m[K =
[11.059s]       |                                                               [01;31m[K^~~~~~~[m[K
[11.059s] 
[11.311s] In file included from [01m[K/home/asd/ros2_ws/src/cpp_srvcli/src/add_two_ints_client.cpp:2[m[K:
[11.312s] [01m[K/opt/ros/iron/include/example_interfaces/example_interfaces/srv/add_two_ints.hpp:1:1:[m[K [01;31m[Kerror: [m[K‘[01m[Kfloat64[m[K’ does not name a type; did you mean ‘[01m[Kfloat_t[m[K’?
[11.312s]     1 | [01;31m[Kfloat64[m[K a
[11.312s]       | [01;31m[K^~~~~~~[m[K
[11.313s]       | [32m[Kfloat_t[m[K
[11.340s] [01m[K/home/asd/ros2_ws/src/cpp_srvcli/src/add_two_ints_client.cpp:[m[K In function ‘[01m[Kint main(int, char**)[m[K’:
[11.340s] [01m[K/home/asd/ros2_ws/src/cpp_srvcli/src/add_two_ints_client.cpp:54:20:[m[K [01;31m[Kerror: [m[K‘[01m[Kexample_interfaces[m[K’ was not declared in this scope; did you mean ‘[01m[Krcl_interfaces[m[K’?
[11.340s]    54 |     rclcpp::Client<[01;31m[Kexample_interfaces[m[K::srv::AddTwoInts>::SharedPtr client =
[11.341s]       |                    [01;31m[K^~~~~~~~~~~~~~~~~~[m[K
[11.341s]       |                    [32m[Krcl_interfaces[m[K
[11.341s] [01m[K/home/asd/ros2_ws/src/cpp_srvcli/src/add_two_ints_client.cpp:54:55:[m[K [01;31m[Kerror: [m[Ktemplate argument 1 is invalid
[11.342s]    54 |     rclcpp::Client<example_interfaces::srv::AddTwoInts[01;31m[K>[m[K::SharedPtr client =
[11.342s]       |                                                       [01;31m[K^[m[K
[11.342s] [01m[K/home/asd/ros2_ws/src/cpp_srvcli/src/add_two_ints_client.cpp:54:68:[m[K [01;31m[Kerror: [m[Kqualified-id in declaration before ‘[01m[Kclient[m[K’
[11.342s]    54 |     rclcpp::Client<example_interfaces::srv::AddTwoInts>::SharedPtr [01;31m[Kclient[m[K =
[11.343s]       |                                                                    [01;31m[K^~~~~~[m[K
[11.343s] [01m[K/home/asd/ros2_ws/src/cpp_srvcli/src/add_two_ints_client.cpp:57:25:[m[K [01;31m[Kerror: [m[Kparse error in template argument list
[11.343s]    57 |     auto request = std::[01;31m[Kmake_shared<example_interfaces::srv::AddTwoInts::Request>[m[K();
[11.343s]       |                         [01;31m[K^~~~~~~~~~~~~~~~~~~~~~~~~~~~~~~~~~~~~~~~~~~~~~~~~~~~~~~~~[m[K
[11.344s] [01m[K/home/asd/ros2_ws/src/cpp_srvcli/src/add_two_ints_client.cpp:57:82:[m[K [01;31m[Kerror: [m[Kno matching function for call to ‘[01m[Kmake_shared<example_interfaces>()[m[K’
[11.344s]    57 |     auto request = [01;31m[Kstd::make_shared<example_interfaces::srv::AddTwoInts::Request>()[m[K;
[11.344s]       |                    [01;31m[K~~~~~~~~~~~~~~~~~~~~~~~~~~~~~~~~~~~~~~~~~~~~~~~~~~~~~~~~~~~~~~^~[m[K
[11.345s] In file included from [01m[K/usr/include/c++/11/memory:77[m[K,
[11.345s]                  from [01m[K/opt/ros/iron/include/rclcpp/rclcpp/rclcpp.hpp:165[m[K,
[11.345s]                  from [01m[K/home/asd/ros2_ws/src/cpp_srvcli/src/add_two_ints_client.cpp:1[m[K:
[11.345s] [01m[K/usr/include/c++/11/bits/shared_ptr.h:875:5:[m[K [01;36m[Knote: [m[Kcandidate: ‘[01m[Ktemplate<class _Tp, class ... _Args> std::shared_ptr<_Tp> std::make_shared(_Args&& ...)[m[K’
[11.346s]   875 |     [01;36m[Kmake_shared[m[K(_Args&&... __args)
[11.346s]       |     [01;36m[K^~~~~~~~~~~[m[K
[11.346s] [01m[K/usr/include/c++/11/bits/shared_ptr.h:875:5:[m[K [01;36m[Knote: [m[K  template argument deduction/substitution failed:
[11.354s] [01m[K/home/asd/ros2_ws/src/cpp_srvcli/src/add_two_ints_client.cpp:65:13:[m[K [01;31m[Kerror: [m[K‘[01m[Kclient[m[K’ was not declared in this scope
[11.354s]    65 |     while (![01;31m[Kclient[m[K->wait_for_service(1s)) {
[11.355s]       |             [01;31m[K^~~~~~[m[K
[11.355s] [01m[K/home/asd/ros2_ws/src/cpp_srvcli/src/add_two_ints_client.cpp:65:38:[m[K [01;31m[Kerror: [m[Kunable to find numeric literal operator ‘[01m[Koperator""s[m[K’
[11.355s]    65 |     while (!client->wait_for_service([01;31m[K1s[m[K)) {
[11.356s]       |                                      [01;31m[K^~[m[K
[11.367s] [01m[K/home/asd/ros2_ws/src/cpp_srvcli/src/add_two_ints_client.cpp:73:19:[m[K [01;31m[Kerror: [m[K‘[01m[Kclient[m[K’ was not declared in this scope
[11.367s]    73 |     auto result = [01;31m[Kclient[m[K->async_send_request(request);
[11.368s]       |                   [01;31m[K^~~~~~[m[K
[13.091s] gmake[2]: *** [CMakeFiles/server.dir/build.make:76: CMakeFiles/server.dir/src/add_two_ints_server.cpp.o] Error 1
[13.093s] gmake[1]: *** [CMakeFiles/Makefile2:139: CMakeFiles/server.dir/all] Error 2
[13.093s] gmake[1]: *** Waiting for unfinished jobs....
[13.585s] gmake[2]: *** [CMakeFiles/client.dir/build.make:76: CMakeFiles/client.dir/src/add_two_ints_client.cpp.o] Error 1
[13.585s] gmake[1]: *** [CMakeFiles/Makefile2:165: CMakeFiles/client.dir/all] Error 2
[13.586s] gmake: *** [Makefile:146: all] Error 2
[13.621s] Invoked command in '/home/asd/ros2_ws/build/cpp_srvcli' returned '2': CMAKE_PREFIX_PATH=/opt/ros/iron /usr/bin/cmake --build /home/asd/ros2_ws/build/cpp_srvcli -- -j4 -l4
