[01m[K/home/asd/ros2_ws/src/cpp_srvcli/src/add_two_ints_client.cpp:[m[K In function ‘[01m[Kint main(int, char**)[m[K’:
[01m[K/home/asd/ros2_ws/src/cpp_srvcli/src/add_two_ints_client.cpp:59:18:[m[K [01;31m[Kerror: [m[K‘[01m[Kstof[m[K’ was not declared in this scope; did you mean ‘[01m[Kstd::__cxx11::stof[m[K’?
   59 |     request->a = [01;31m[Kstof[m[K(argv[1]);
      |                  [01;31m[K^~~~[m[K
      |                  [32m[Kstd::__cxx11::stof[m[K
In file included from [01m[K/usr/include/c++/11/string:55[m[K,
                 from [01m[K/usr/include/c++/11/stdexcept:39[m[K,
                 from [01m[K/usr/include/c++/11/system_error:41[m[K,
                 from [01m[K/usr/include/c++/11/mutex:42[m[K,
                 from [01m[K/usr/include/c++/11/future:38[m[K,
                 from [01m[K/opt/ros/iron/include/rclcpp/rclcpp/executors.hpp:18[m[K,
                 from [01m[K/opt/ros/iron/include/rclcpp/rclcpp/rclcpp.hpp:167[m[K,
                 from [01m[K/home/asd/ros2_ws/src/cpp_srvcli/src/add_two_ints_client.cpp:1[m[K:
[01m[K/usr/include/c++/11/bits/basic_string.h:6776:3:[m[K [01;36m[Knote: [m[K‘[01m[Kstd::__cxx11::stof[m[K’ declared here
 6776 |   [01;36m[Kstof[m[K(const wstring& __str, size_t* __idx = 0)
      |   [01;36m[K^~~~[m[K
gmake[2]: *** [CMakeFiles/client.dir/build.make:76: CMakeFiles/client.dir/src/add_two_ints_client.cpp.o] Error 1
gmake[1]: *** [CMakeFiles/Makefile2:165: CMakeFiles/client.dir/all] Error 2
gmake[1]: *** Waiting for unfinished jobs....
gmake: *** [Makefile:146: all] Error 2
