[0.048s] Invoking command in '/home/asd/ros2_ws/build/cpp_srvcli': CMAKE_PREFIX_PATH=/opt/ros/iron /usr/bin/cmake --build /home/asd/ros2_ws/build/cpp_srvcli -- -j4 -l4
[0.262s] [35m[1mConsolidate compiler generated dependencies of target client[0m
[0.262s] [35m[1mConsolidate compiler generated dependencies of target server[0m
[0.332s] [ 25%] [32mBuilding CXX object CMakeFiles/server.dir/src/add_two_ints_server.cpp.o[0m
[0.354s] [ 50%] [32mBuilding CXX object CMakeFiles/client.dir/src/add_two_ints_client.cpp.o[0m
[14.046s] [01m[K/home/asd/ros2_ws/src/cpp_srvcli/src/add_two_ints_client.cpp:[m[K In function ‘[01m[Kint main(int, char**)[m[K’:
[14.047s] [01m[K/home/asd/ros2_ws/src/cpp_srvcli/src/add_two_ints_client.cpp:59:18:[m[K [01;31m[Kerror: [m[K‘[01m[Kstof[m[K’ was not declared in this scope; did you mean ‘[01m[Kstd::__cxx11::stof[m[K’?
[14.047s]    59 |     request->a = [01;31m[Kstof[m[K(argv[1]);
[14.048s]       |                  [01;31m[K^~~~[m[K
[14.048s]       |                  [32m[Kstd::__cxx11::stof[m[K
[14.048s] In file included from [01m[K/usr/include/c++/11/string:55[m[K,
[14.048s]                  from [01m[K/usr/include/c++/11/stdexcept:39[m[K,
[14.049s]                  from [01m[K/usr/include/c++/11/system_error:41[m[K,
[14.049s]                  from [01m[K/usr/include/c++/11/mutex:42[m[K,
[14.049s]                  from [01m[K/usr/include/c++/11/future:38[m[K,
[14.049s]                  from [01m[K/opt/ros/iron/include/rclcpp/rclcpp/executors.hpp:18[m[K,
[14.050s]                  from [01m[K/opt/ros/iron/include/rclcpp/rclcpp/rclcpp.hpp:167[m[K,
[14.050s]                  from [01m[K/home/asd/ros2_ws/src/cpp_srvcli/src/add_two_ints_client.cpp:1[m[K:
[14.050s] [01m[K/usr/include/c++/11/bits/basic_string.h:6776:3:[m[K [01;36m[Knote: [m[K‘[01m[Kstd::__cxx11::stof[m[K’ declared here
[14.050s]  6776 |   [01;36m[Kstof[m[K(const wstring& __str, size_t* __idx = 0)
[14.051s]       |   [01;36m[K^~~~[m[K
[18.420s] gmake[2]: *** [CMakeFiles/client.dir/build.make:76: CMakeFiles/client.dir/src/add_two_ints_client.cpp.o] Error 1
[18.420s] gmake[1]: *** [CMakeFiles/Makefile2:165: CMakeFiles/client.dir/all] Error 2
[18.421s] gmake[1]: *** Waiting for unfinished jobs....
[20.042s] [ 75%] [32m[1mLinking CXX executable server[0m
[20.871s] [ 75%] Built target server
[20.876s] gmake: *** [Makefile:146: all] Error 2
[20.879s] Invoked command in '/home/asd/ros2_ws/build/cpp_srvcli' returned '2': CMAKE_PREFIX_PATH=/opt/ros/iron /usr/bin/cmake --build /home/asd/ros2_ws/build/cpp_srvcli -- -j4 -l4
