[1.006s] DEBUG:colcon:Command line arguments: ['/usr/bin/colcon', 'build', '--packages-select', 'div']
[1.007s] DEBUG:colcon:Parsed command line arguments: Namespace(log_base=None, log_level=None, verb_name='build', build_base='build', install_base='install', merge_install=False, symlink_install=False, test_result_base=None, continue_on_error=False, executor='parallel', parallel_workers=4, event_handlers=None, ignore_user_meta=False, metas=['./colcon.meta'], base_paths=['.'], packages_ignore=None, packages_ignore_regex=None, paths=None, packages_up_to=None, packages_up_to_regex=None, packages_above=None, packages_above_and_dependencies=None, packages_above_depth=None, packages_select_by_dep=None, packages_skip_by_dep=None, packages_skip_up_to=None, packages_select_build_failed=False, packages_skip_build_finished=False, packages_select_test_failures=False, packages_skip_test_passed=False, packages_select=['div'], packages_skip=None, packages_select_regex=None, packages_skip_regex=None, packages_start=None, packages_end=None, allow_overriding=[], cmake_args=None, cmake_target=None, cmake_target_skip_unavailable=False, cmake_clean_cache=False, cmake_clean_first=False, cmake_force_configure=False, ament_cmake_args=None, catkin_cmake_args=None, catkin_skip_building_tests=False, verb_parser=<colcon_defaults.argument_parser.defaults.DefaultArgumentsDecorator object at 0x7703c6e38550>, verb_extension=<colcon_core.verb.build.BuildVerb object at 0x7703c6e38040>, main=<bound method BuildVerb.main of <colcon_core.verb.build.BuildVerb object at 0x7703c6e38040>>)
[3.469s] Level 1:colcon.colcon_core.package_discovery:discover_packages(colcon_meta) check parameters
[3.469s] Level 1:colcon.colcon_core.package_discovery:discover_packages(recursive) check parameters
[3.469s] Level 1:colcon.colcon_core.package_discovery:discover_packages(ignore) check parameters
[3.469s] Level 1:colcon.colcon_core.package_discovery:discover_packages(path) check parameters
[3.469s] Level 1:colcon.colcon_core.package_discovery:discover_packages(colcon_meta) discover
[3.469s] Level 1:colcon.colcon_core.package_discovery:discover_packages(recursive) discover
[3.470s] INFO:colcon.colcon_core.package_discovery:Crawling recursively for packages in '/home/asd/ros2_ws'
[3.470s] Level 1:colcon.colcon_core.package_identification:_identify(.) by extensions ['ignore', 'ignore_ament_install']
[3.470s] Level 1:colcon.colcon_core.package_identification:_identify(.) by extension 'ignore'
[3.470s] Level 1:colcon.colcon_core.package_identification:_identify(.) by extension 'ignore_ament_install'
[3.471s] Level 1:colcon.colcon_core.package_identification:_identify(.) by extensions ['colcon_pkg']
[3.471s] Level 1:colcon.colcon_core.package_identification:_identify(.) by extension 'colcon_pkg'
[3.471s] Level 1:colcon.colcon_core.package_identification:_identify(.) by extensions ['colcon_meta']
[3.471s] Level 1:colcon.colcon_core.package_identification:_identify(.) by extension 'colcon_meta'
[3.471s] Level 1:colcon.colcon_core.package_identification:_identify(.) by extensions ['ros']
[3.471s] Level 1:colcon.colcon_core.package_identification:_identify(.) by extension 'ros'
[3.531s] Level 1:colcon.colcon_core.package_identification:_identify(.) by extensions ['cmake', 'python']
[3.531s] Level 1:colcon.colcon_core.package_identification:_identify(.) by extension 'cmake'
[3.531s] Level 1:colcon.colcon_core.package_identification:_identify(.) by extension 'python'
[3.531s] Level 1:colcon.colcon_core.package_identification:_identify(.) by extensions ['python_setup_py']
[3.531s] Level 1:colcon.colcon_core.package_identification:_identify(.) by extension 'python_setup_py'
[3.532s] Level 1:colcon.colcon_core.package_identification:_identify(build) by extensions ['ignore', 'ignore_ament_install']
[3.532s] Level 1:colcon.colcon_core.package_identification:_identify(build) by extension 'ignore'
[3.532s] Level 1:colcon.colcon_core.package_identification:_identify(build) ignored
[3.532s] Level 1:colcon.colcon_core.package_identification:_identify(install) by extensions ['ignore', 'ignore_ament_install']
[3.532s] Level 1:colcon.colcon_core.package_identification:_identify(install) by extension 'ignore'
[3.533s] Level 1:colcon.colcon_core.package_identification:_identify(install) ignored
[3.533s] Level 1:colcon.colcon_core.package_identification:_identify(log) by extensions ['ignore', 'ignore_ament_install']
[3.533s] Level 1:colcon.colcon_core.package_identification:_identify(log) by extension 'ignore'
[3.533s] Level 1:colcon.colcon_core.package_identification:_identify(log) ignored
[3.534s] Level 1:colcon.colcon_core.package_identification:_identify(src) by extensions ['ignore', 'ignore_ament_install']
[3.534s] Level 1:colcon.colcon_core.package_identification:_identify(src) by extension 'ignore'
[3.534s] Level 1:colcon.colcon_core.package_identification:_identify(src) by extension 'ignore_ament_install'
[3.534s] Level 1:colcon.colcon_core.package_identification:_identify(src) by extensions ['colcon_pkg']
[3.535s] Level 1:colcon.colcon_core.package_identification:_identify(src) by extension 'colcon_pkg'
[3.535s] Level 1:colcon.colcon_core.package_identification:_identify(src) by extensions ['colcon_meta']
[3.535s] Level 1:colcon.colcon_core.package_identification:_identify(src) by extension 'colcon_meta'
[3.535s] Level 1:colcon.colcon_core.package_identification:_identify(src) by extensions ['ros']
[3.535s] Level 1:colcon.colcon_core.package_identification:_identify(src) by extension 'ros'
[3.535s] Level 1:colcon.colcon_core.package_identification:_identify(src) by extensions ['cmake', 'python']
[3.535s] Level 1:colcon.colcon_core.package_identification:_identify(src) by extension 'cmake'
[3.536s] Level 1:colcon.colcon_core.package_identification:_identify(src) by extension 'python'
[3.536s] Level 1:colcon.colcon_core.package_identification:_identify(src) by extensions ['python_setup_py']
[3.536s] Level 1:colcon.colcon_core.package_identification:_identify(src) by extension 'python_setup_py'
[3.536s] Level 1:colcon.colcon_core.package_identification:_identify(src/cpp_srvcli) by extensions ['ignore', 'ignore_ament_install']
[3.536s] Level 1:colcon.colcon_core.package_identification:_identify(src/cpp_srvcli) by extension 'ignore'
[3.537s] Level 1:colcon.colcon_core.package_identification:_identify(src/cpp_srvcli) by extension 'ignore_ament_install'
[3.537s] Level 1:colcon.colcon_core.package_identification:_identify(src/cpp_srvcli) by extensions ['colcon_pkg']
[3.537s] Level 1:colcon.colcon_core.package_identification:_identify(src/cpp_srvcli) by extension 'colcon_pkg'
[3.537s] Level 1:colcon.colcon_core.package_identification:_identify(src/cpp_srvcli) by extensions ['colcon_meta']
[3.537s] Level 1:colcon.colcon_core.package_identification:_identify(src/cpp_srvcli) by extension 'colcon_meta'
[3.537s] Level 1:colcon.colcon_core.package_identification:_identify(src/cpp_srvcli) by extensions ['ros']
[3.537s] Level 1:colcon.colcon_core.package_identification:_identify(src/cpp_srvcli) by extension 'ros'
[3.544s] DEBUG:colcon.colcon_core.package_identification:Package 'src/cpp_srvcli' with type 'ros.ament_cmake' and name 'cpp_srvcli'
[3.545s] Level 1:colcon.colcon_core.package_identification:_identify(src/div) by extensions ['ignore', 'ignore_ament_install']
[3.545s] Level 1:colcon.colcon_core.package_identification:_identify(src/div) by extension 'ignore'
[3.545s] Level 1:colcon.colcon_core.package_identification:_identify(src/div) by extension 'ignore_ament_install'
[3.545s] Level 1:colcon.colcon_core.package_identification:_identify(src/div) by extensions ['colcon_pkg']
[3.545s] Level 1:colcon.colcon_core.package_identification:_identify(src/div) by extension 'colcon_pkg'
[3.546s] Level 1:colcon.colcon_core.package_identification:_identify(src/div) by extensions ['colcon_meta']
[3.546s] Level 1:colcon.colcon_core.package_identification:_identify(src/div) by extension 'colcon_meta'
[3.546s] Level 1:colcon.colcon_core.package_identification:_identify(src/div) by extensions ['ros']
[3.546s] Level 1:colcon.colcon_core.package_identification:_identify(src/div) by extension 'ros'
[3.548s] DEBUG:colcon.colcon_core.package_identification:Package 'src/div' with type 'ros.ament_cmake' and name 'div'
[3.548s] Level 1:colcon.colcon_core.package_identification:_identify(src/my_package) by extensions ['ignore', 'ignore_ament_install']
[3.548s] Level 1:colcon.colcon_core.package_identification:_identify(src/my_package) by extension 'ignore'
[3.548s] Level 1:colcon.colcon_core.package_identification:_identify(src/my_package) by extension 'ignore_ament_install'
[3.549s] Level 1:colcon.colcon_core.package_identification:_identify(src/my_package) by extensions ['colcon_pkg']
[3.549s] Level 1:colcon.colcon_core.package_identification:_identify(src/my_package) by extension 'colcon_pkg'
[3.549s] Level 1:colcon.colcon_core.package_identification:_identify(src/my_package) by extensions ['colcon_meta']
[3.549s] Level 1:colcon.colcon_core.package_identification:_identify(src/my_package) by extension 'colcon_meta'
[3.549s] Level 1:colcon.colcon_core.package_identification:_identify(src/my_package) by extensions ['ros']
[3.549s] Level 1:colcon.colcon_core.package_identification:_identify(src/my_package) by extension 'ros'
[3.552s] DEBUG:colcon.colcon_core.package_identification:Package 'src/my_package' with type 'ros.ament_cmake' and name 'my_package'
[3.552s] Level 1:colcon.colcon_core.package_identification:_identify(src/my_robot_interfaces) by extensions ['ignore', 'ignore_ament_install']
[3.552s] Level 1:colcon.colcon_core.package_identification:_identify(src/my_robot_interfaces) by extension 'ignore'
[3.553s] Level 1:colcon.colcon_core.package_identification:_identify(src/my_robot_interfaces) by extension 'ignore_ament_install'
[3.553s] Level 1:colcon.colcon_core.package_identification:_identify(src/my_robot_interfaces) by extensions ['colcon_pkg']
[3.553s] Level 1:colcon.colcon_core.package_identification:_identify(src/my_robot_interfaces) by extension 'colcon_pkg'
[3.553s] Level 1:colcon.colcon_core.package_identification:_identify(src/my_robot_interfaces) by extensions ['colcon_meta']
[3.553s] Level 1:colcon.colcon_core.package_identification:_identify(src/my_robot_interfaces) by extension 'colcon_meta'
[3.553s] Level 1:colcon.colcon_core.package_identification:_identify(src/my_robot_interfaces) by extensions ['ros']
[3.553s] Level 1:colcon.colcon_core.package_identification:_identify(src/my_robot_interfaces) by extension 'ros'
[3.555s] DEBUG:colcon.colcon_core.package_identification:Package 'src/my_robot_interfaces' with type 'ros.ament_cmake' and name 'my_robot_interfaces'
[3.555s] Level 1:colcon.colcon_core.package_discovery:discover_packages(recursive) using defaults
[3.555s] Level 1:colcon.colcon_core.package_discovery:discover_packages(ignore) discover
[3.556s] Level 1:colcon.colcon_core.package_discovery:discover_packages(ignore) using defaults
[3.556s] Level 1:colcon.colcon_core.package_discovery:discover_packages(path) discover
[3.556s] Level 1:colcon.colcon_core.package_discovery:discover_packages(path) using defaults
[3.666s] INFO:colcon.colcon_core.package_selection:Skipping not selected package 'cpp_srvcli' in 'src/cpp_srvcli'
[3.666s] INFO:colcon.colcon_core.package_selection:Skipping not selected package 'my_package' in 'src/my_package'
[3.666s] INFO:colcon.colcon_core.package_selection:Skipping not selected package 'my_robot_interfaces' in 'src/my_robot_interfaces'
[3.667s] Level 1:colcon.colcon_core.package_discovery:discover_packages(prefix_path) check parameters
[3.668s] Level 1:colcon.colcon_core.package_discovery:discover_packages(prefix_path) discover
[3.715s] DEBUG:colcon.colcon_installed_package_information.package_discovery:Found 281 installed packages in /opt/ros/iron
[3.747s] Level 1:colcon.colcon_core.package_discovery:discover_packages(prefix_path) using defaults
[3.966s] Level 5:colcon.colcon_core.verb:set package 'div' build argument 'cmake_args' from command line to 'None'
[3.966s] Level 5:colcon.colcon_core.verb:set package 'div' build argument 'cmake_target' from command line to 'None'
[3.966s] Level 5:colcon.colcon_core.verb:set package 'div' build argument 'cmake_target_skip_unavailable' from command line to 'False'
[3.966s] Level 5:colcon.colcon_core.verb:set package 'div' build argument 'cmake_clean_cache' from command line to 'False'
[3.966s] Level 5:colcon.colcon_core.verb:set package 'div' build argument 'cmake_clean_first' from command line to 'False'
[3.966s] Level 5:colcon.colcon_core.verb:set package 'div' build argument 'cmake_force_configure' from command line to 'False'
[3.967s] Level 5:colcon.colcon_core.verb:set package 'div' build argument 'ament_cmake_args' from command line to 'None'
[3.967s] Level 5:colcon.colcon_core.verb:set package 'div' build argument 'catkin_cmake_args' from command line to 'None'
[3.967s] Level 5:colcon.colcon_core.verb:set package 'div' build argument 'catkin_skip_building_tests' from command line to 'False'
[3.967s] DEBUG:colcon.colcon_core.verb:Building package 'div' with the following arguments: {'ament_cmake_args': None, 'build_base': '/home/asd/ros2_ws/build/div', 'catkin_cmake_args': None, 'catkin_skip_building_tests': False, 'cmake_args': None, 'cmake_clean_cache': False, 'cmake_clean_first': False, 'cmake_force_configure': False, 'cmake_target': None, 'cmake_target_skip_unavailable': False, 'install_base': '/home/asd/ros2_ws/install/div', 'merge_install': False, 'path': '/home/asd/ros2_ws/src/div', 'symlink_install': False, 'test_result_base': None}
[3.967s] INFO:colcon.colcon_core.executor:Executing jobs using 'parallel' executor
[3.970s] DEBUG:colcon.colcon_parallel_executor.executor.parallel:run_until_complete
[3.971s] INFO:colcon.colcon_ros.task.ament_cmake.build:Building ROS package in '/home/asd/ros2_ws/src/div' with build type 'ament_cmake'
[3.971s] INFO:colcon.colcon_cmake.task.cmake.build:Building CMake package in '/home/asd/ros2_ws/src/div'
[3.978s] INFO:colcon.colcon_core.plugin_system:Skipping extension 'colcon_core.shell.bat': Not used on non-Windows systems
[3.978s] INFO:colcon.colcon_core.shell:Skip shell extension 'powershell' for command environment: Not usable outside of PowerShell
[3.978s] DEBUG:colcon.colcon_core.shell:Skip shell extension 'dsv' for command environment
[4.102s] DEBUG:colcon.colcon_core.event_handler.log_command:Invoking command in '/home/asd/ros2_ws/build/div': AMENT_PREFIX_PATH=/home/asd/ros2_ws/install/my_package:${AMENT_PREFIX_PATH} CMAKE_PREFIX_PATH=/home/asd/ros2_ws/install/my_package:/opt/ros/iron LD_LIBRARY_PATH=/home/asd/ros2_ws/install/my_package/lib:${LD_LIBRARY_PATH} PYTHONPATH=/home/asd/ros2_ws/install/my_package/lib/python3.10/site-packages:${PYTHONPATH} /usr/bin/cmake --build /home/asd/ros2_ws/build/div -- -j4 -l4
[22.619s] DEBUG:colcon.colcon_core.event_handler.log_command:Invoked command in '/home/asd/ros2_ws/build/div' returned '0': AMENT_PREFIX_PATH=/home/asd/ros2_ws/install/my_package:${AMENT_PREFIX_PATH} CMAKE_PREFIX_PATH=/home/asd/ros2_ws/install/my_package:/opt/ros/iron LD_LIBRARY_PATH=/home/asd/ros2_ws/install/my_package/lib:${LD_LIBRARY_PATH} PYTHONPATH=/home/asd/ros2_ws/install/my_package/lib/python3.10/site-packages:${PYTHONPATH} /usr/bin/cmake --build /home/asd/ros2_ws/build/div -- -j4 -l4
[22.736s] DEBUG:colcon.colcon_core.event_handler.log_command:Invoking command in '/home/asd/ros2_ws/build/div': AMENT_PREFIX_PATH=/home/asd/ros2_ws/install/my_package:${AMENT_PREFIX_PATH} CMAKE_PREFIX_PATH=/home/asd/ros2_ws/install/my_package:/opt/ros/iron LD_LIBRARY_PATH=/home/asd/ros2_ws/install/my_package/lib:${LD_LIBRARY_PATH} PYTHONPATH=/home/asd/ros2_ws/install/my_package/lib/python3.10/site-packages:${PYTHONPATH} /usr/bin/cmake --install /home/asd/ros2_ws/build/div
[22.774s] Level 1:colcon.colcon_core.environment:create_environment_scripts_only(div)
[22.776s] DEBUG:colcon.colcon_core.event_handler.log_command:Invoked command in '/home/asd/ros2_ws/build/div' returned '0': AMENT_PREFIX_PATH=/home/asd/ros2_ws/install/my_package:${AMENT_PREFIX_PATH} CMAKE_PREFIX_PATH=/home/asd/ros2_ws/install/my_package:/opt/ros/iron LD_LIBRARY_PATH=/home/asd/ros2_ws/install/my_package/lib:${LD_LIBRARY_PATH} PYTHONPATH=/home/asd/ros2_ws/install/my_package/lib/python3.10/site-packages:${PYTHONPATH} /usr/bin/cmake --install /home/asd/ros2_ws/build/div
[22.782s] Level 1:colcon.colcon_core.environment:checking '/home/asd/ros2_ws/install/div' for CMake module files
[22.785s] Level 1:colcon.colcon_core.environment:checking '/home/asd/ros2_ws/install/div' for CMake config files
[22.785s] Level 1:colcon.colcon_core.shell:create_environment_hook('div', 'cmake_prefix_path')
[22.786s] INFO:colcon.colcon_core.shell:Creating environment hook '/home/asd/ros2_ws/install/div/share/div/hook/cmake_prefix_path.ps1'
[22.788s] INFO:colcon.colcon_core.shell:Creating environment descriptor '/home/asd/ros2_ws/install/div/share/div/hook/cmake_prefix_path.dsv'
[22.789s] INFO:colcon.colcon_core.shell:Creating environment hook '/home/asd/ros2_ws/install/div/share/div/hook/cmake_prefix_path.sh'
[22.792s] Level 1:colcon.colcon_core.environment:checking '/home/asd/ros2_ws/install/div/lib'
[22.792s] Level 1:colcon.colcon_core.environment:checking '/home/asd/ros2_ws/install/div/bin'
[22.792s] Level 1:colcon.colcon_core.environment:checking '/home/asd/ros2_ws/install/div/lib/pkgconfig/div.pc'
[22.793s] Level 1:colcon.colcon_core.environment:checking '/home/asd/ros2_ws/install/div/lib/python3.10/site-packages'
[22.794s] Level 1:colcon.colcon_core.environment:checking '/home/asd/ros2_ws/install/div/bin'
[22.795s] INFO:colcon.colcon_core.shell:Creating package script '/home/asd/ros2_ws/install/div/share/div/package.ps1'
[22.797s] INFO:colcon.colcon_core.shell:Creating package descriptor '/home/asd/ros2_ws/install/div/share/div/package.dsv'
[22.799s] INFO:colcon.colcon_core.shell:Creating package script '/home/asd/ros2_ws/install/div/share/div/package.sh'
[22.801s] INFO:colcon.colcon_core.shell:Creating package script '/home/asd/ros2_ws/install/div/share/div/package.bash'
[22.804s] INFO:colcon.colcon_core.shell:Creating package script '/home/asd/ros2_ws/install/div/share/div/package.zsh'
[22.806s] Level 1:colcon.colcon_core.environment:create_file_with_runtime_dependencies(/home/asd/ros2_ws/install/div/share/colcon-core/packages/div)
[22.913s] Level 1:colcon.colcon_core.environment:create_environment_scripts_only(div)
[22.914s] Level 1:colcon.colcon_core.environment:checking '/home/asd/ros2_ws/install/div' for CMake module files
[22.916s] Level 1:colcon.colcon_core.environment:checking '/home/asd/ros2_ws/install/div' for CMake config files
[22.917s] Level 1:colcon.colcon_core.shell:create_environment_hook('div', 'cmake_prefix_path')
[22.918s] INFO:colcon.colcon_core.shell:Creating environment hook '/home/asd/ros2_ws/install/div/share/div/hook/cmake_prefix_path.ps1'
[22.919s] INFO:colcon.colcon_core.shell:Creating environment descriptor '/home/asd/ros2_ws/install/div/share/div/hook/cmake_prefix_path.dsv'
[22.920s] INFO:colcon.colcon_core.shell:Creating environment hook '/home/asd/ros2_ws/install/div/share/div/hook/cmake_prefix_path.sh'
[22.922s] Level 1:colcon.colcon_core.environment:checking '/home/asd/ros2_ws/install/div/lib'
[22.922s] Level 1:colcon.colcon_core.environment:checking '/home/asd/ros2_ws/install/div/bin'
[22.922s] Level 1:colcon.colcon_core.environment:checking '/home/asd/ros2_ws/install/div/lib/pkgconfig/div.pc'
[22.939s] Level 1:colcon.colcon_core.environment:checking '/home/asd/ros2_ws/install/div/lib/python3.10/site-packages'
[22.940s] Level 1:colcon.colcon_core.environment:checking '/home/asd/ros2_ws/install/div/bin'
[22.941s] INFO:colcon.colcon_core.shell:Creating package script '/home/asd/ros2_ws/install/div/share/div/package.ps1'
[22.942s] INFO:colcon.colcon_core.shell:Creating package descriptor '/home/asd/ros2_ws/install/div/share/div/package.dsv'
[22.944s] INFO:colcon.colcon_core.shell:Creating package script '/home/asd/ros2_ws/install/div/share/div/package.sh'
[22.945s] INFO:colcon.colcon_core.shell:Creating package script '/home/asd/ros2_ws/install/div/share/div/package.bash'
[22.946s] INFO:colcon.colcon_core.shell:Creating package script '/home/asd/ros2_ws/install/div/share/div/package.zsh'
[22.947s] Level 1:colcon.colcon_core.environment:create_file_with_runtime_dependencies(/home/asd/ros2_ws/install/div/share/colcon-core/packages/div)
[22.949s] DEBUG:colcon.colcon_parallel_executor.executor.parallel:closing loop
[22.949s] DEBUG:colcon.colcon_parallel_executor.executor.parallel:loop closed
[22.949s] DEBUG:colcon.colcon_parallel_executor.executor.parallel:run_until_complete finished with '0'
[22.950s] DEBUG:colcon.colcon_core.event_reactor:joining thread
[22.969s] INFO:colcon.colcon_core.plugin_system:Skipping extension 'colcon_notification.desktop_notification.terminal_notifier': Not used on non-Darwin systems
[22.969s] INFO:colcon.colcon_core.plugin_system:Skipping extension 'colcon_notification.desktop_notification.win32': Not used on non-Windows systems
[22.970s] INFO:colcon.colcon_notification.desktop_notification:Sending desktop notification using 'notify2'
[23.031s] DEBUG:colcon.colcon_core.event_reactor:joined thread
[23.032s] INFO:colcon.colcon_core.shell:Creating prefix script '/home/asd/ros2_ws/install/local_setup.ps1'
[23.035s] INFO:colcon.colcon_core.shell:Creating prefix util module '/home/asd/ros2_ws/install/_local_setup_util_ps1.py'
[23.040s] INFO:colcon.colcon_core.shell:Creating prefix chain script '/home/asd/ros2_ws/install/setup.ps1'
[23.043s] INFO:colcon.colcon_core.shell:Creating prefix script '/home/asd/ros2_ws/install/local_setup.sh'
[23.045s] INFO:colcon.colcon_core.shell:Creating prefix util module '/home/asd/ros2_ws/install/_local_setup_util_sh.py'
[23.046s] INFO:colcon.colcon_core.shell:Creating prefix chain script '/home/asd/ros2_ws/install/setup.sh'
[23.049s] INFO:colcon.colcon_core.shell:Creating prefix script '/home/asd/ros2_ws/install/local_setup.bash'
[23.051s] INFO:colcon.colcon_core.shell:Creating prefix chain script '/home/asd/ros2_ws/install/setup.bash'
[23.054s] INFO:colcon.colcon_core.shell:Creating prefix script '/home/asd/ros2_ws/install/local_setup.zsh'
[23.055s] INFO:colcon.colcon_core.shell:Creating prefix chain script '/home/asd/ros2_ws/install/setup.zsh'
