[35m[1mConsolidate compiler generated dependencies of target server[0m
[35m[1mConsolidate compiler generated dependencies of target client[0m
[ 75%] [32mBuilding CXX object CMakeFiles/server.dir/src/fl_div_server.cpp.o[0m
[ 75%] Built target client
[100%] [32m[1mLinking CXX executable server[0m
[100%] Built target server
-- Install configuration: ""
-- Installing: /home/asd/ros2_ws/install/fl_div/lib/fl_div/server
-- Set runtime path of "/home/asd/ros2_ws/install/fl_div/lib/fl_div/server" to ""
-- Installing: /home/asd/ros2_ws/install/fl_div/lib/fl_div/client
-- Set runtime path of "/home/asd/ros2_ws/install/fl_div/lib/fl_div/client" to ""
-- Up-to-date: /home/asd/ros2_ws/install/fl_div/share/ament_index/resource_index/package_run_dependencies/fl_div
-- Up-to-date: /home/asd/ros2_ws/install/fl_div/share/ament_index/resource_index/parent_prefix_path/fl_div
-- Up-to-date: /home/asd/ros2_ws/install/fl_div/share/fl_div/environment/ament_prefix_path.sh
-- Up-to-date: /home/asd/ros2_ws/install/fl_div/share/fl_div/environment/ament_prefix_path.dsv
-- Up-to-date: /home/asd/ros2_ws/install/fl_div/share/fl_div/environment/path.sh
-- Up-to-date: /home/asd/ros2_ws/install/fl_div/share/fl_div/environment/path.dsv
-- Up-to-date: /home/asd/ros2_ws/install/fl_div/share/fl_div/local_setup.bash
-- Up-to-date: /home/asd/ros2_ws/install/fl_div/share/fl_div/local_setup.sh
-- Up-to-date: /home/asd/ros2_ws/install/fl_div/share/fl_div/local_setup.zsh
-- Up-to-date: /home/asd/ros2_ws/install/fl_div/share/fl_div/local_setup.dsv
-- Installing: /home/asd/ros2_ws/install/fl_div/share/fl_div/package.dsv
-- Up-to-date: /home/asd/ros2_ws/install/fl_div/share/ament_index/resource_index/packages/fl_div
-- Up-to-date: /home/asd/ros2_ws/install/fl_div/share/fl_div/cmake/fl_divConfig.cmake
-- Up-to-date: /home/asd/ros2_ws/install/fl_div/share/fl_div/cmake/fl_divConfig-version.cmake
-- Up-to-date: /home/asd/ros2_ws/install/fl_div/share/fl_div/package.xml
