[0.134s] Invoking command in '/home/asd/ros2_ws/build/fl_div': AMENT_PREFIX_PATH=/home/asd/ros2_ws/install/my_package:${AMENT_PREFIX_PATH} CMAKE_PREFIX_PATH=/home/asd/ros2_ws/install/my_package:/opt/ros/iron LD_LIBRARY_PATH=/home/asd/ros2_ws/install/my_package/lib:${LD_LIBRARY_PATH} PYTHONPATH=/home/asd/ros2_ws/install/my_package/lib/python3.10/site-packages:${PYTHONPATH} /usr/bin/cmake --build /home/asd/ros2_ws/build/fl_div -- -j4 -l4
[0.307s] [35m[1mConsolidate compiler generated dependencies of target server[0m
[0.314s] [35m[1mConsolidate compiler generated dependencies of target client[0m
[0.387s] [ 75%] [32mBuilding CXX object CMakeFiles/server.dir/src/fl_div_server.cpp.o[0m
[0.387s] [ 75%] Built target client
[19.471s] [100%] [32m[1mLinking CXX executable server[0m
[20.452s] [100%] Built target server
[20.489s] Invoked command in '/home/asd/ros2_ws/build/fl_div' returned '0': AMENT_PREFIX_PATH=/home/asd/ros2_ws/install/my_package:${AMENT_PREFIX_PATH} CMAKE_PREFIX_PATH=/home/asd/ros2_ws/install/my_package:/opt/ros/iron LD_LIBRARY_PATH=/home/asd/ros2_ws/install/my_package/lib:${LD_LIBRARY_PATH} PYTHONPATH=/home/asd/ros2_ws/install/my_package/lib/python3.10/site-packages:${PYTHONPATH} /usr/bin/cmake --build /home/asd/ros2_ws/build/fl_div -- -j4 -l4
[20.629s] Invoking command in '/home/asd/ros2_ws/build/fl_div': AMENT_PREFIX_PATH=/home/asd/ros2_ws/install/my_package:${AMENT_PREFIX_PATH} CMAKE_PREFIX_PATH=/home/asd/ros2_ws/install/my_package:/opt/ros/iron LD_LIBRARY_PATH=/home/asd/ros2_ws/install/my_package/lib:${LD_LIBRARY_PATH} PYTHONPATH=/home/asd/ros2_ws/install/my_package/lib/python3.10/site-packages:${PYTHONPATH} /usr/bin/cmake --install /home/asd/ros2_ws/build/fl_div
[20.652s] -- Install configuration: ""
[20.697s] -- Installing: /home/asd/ros2_ws/install/fl_div/lib/fl_div/server
[20.704s] -- Set runtime path of "/home/asd/ros2_ws/install/fl_div/lib/fl_div/server" to ""
[20.714s] -- Installing: /home/asd/ros2_ws/install/fl_div/lib/fl_div/client
[20.719s] -- Set runtime path of "/home/asd/ros2_ws/install/fl_div/lib/fl_div/client" to ""
[20.738s] -- Up-to-date: /home/asd/ros2_ws/install/fl_div/share/ament_index/resource_index/package_run_dependencies/fl_div
[20.739s] -- Up-to-date: /home/asd/ros2_ws/install/fl_div/share/ament_index/resource_index/parent_prefix_path/fl_div
[20.739s] -- Up-to-date: /home/asd/ros2_ws/install/fl_div/share/fl_div/environment/ament_prefix_path.sh
[20.740s] -- Up-to-date: /home/asd/ros2_ws/install/fl_div/share/fl_div/environment/ament_prefix_path.dsv
[20.740s] -- Up-to-date: /home/asd/ros2_ws/install/fl_div/share/fl_div/environment/path.sh
[20.741s] -- Up-to-date: /home/asd/ros2_ws/install/fl_div/share/fl_div/environment/path.dsv
[20.741s] -- Up-to-date: /home/asd/ros2_ws/install/fl_div/share/fl_div/local_setup.bash
[20.741s] -- Up-to-date: /home/asd/ros2_ws/install/fl_div/share/fl_div/local_setup.sh
[20.742s] -- Up-to-date: /home/asd/ros2_ws/install/fl_div/share/fl_div/local_setup.zsh
[20.742s] -- Up-to-date: /home/asd/ros2_ws/install/fl_div/share/fl_div/local_setup.dsv
[20.742s] -- Installing: /home/asd/ros2_ws/install/fl_div/share/fl_div/package.dsv
[20.743s] -- Up-to-date: /home/asd/ros2_ws/install/fl_div/share/ament_index/resource_index/packages/fl_div
[20.743s] -- Up-to-date: /home/asd/ros2_ws/install/fl_div/share/fl_div/cmake/fl_divConfig.cmake
[20.743s] -- Up-to-date: /home/asd/ros2_ws/install/fl_div/share/fl_div/cmake/fl_divConfig-version.cmake
[20.744s] -- Up-to-date: /home/asd/ros2_ws/install/fl_div/share/fl_div/package.xml
[20.761s] Invoked command in '/home/asd/ros2_ws/build/fl_div' returned '0': AMENT_PREFIX_PATH=/home/asd/ros2_ws/install/my_package:${AMENT_PREFIX_PATH} CMAKE_PREFIX_PATH=/home/asd/ros2_ws/install/my_package:/opt/ros/iron LD_LIBRARY_PATH=/home/asd/ros2_ws/install/my_package/lib:${LD_LIBRARY_PATH} PYTHONPATH=/home/asd/ros2_ws/install/my_package/lib/python3.10/site-packages:${PYTHONPATH} /usr/bin/cmake --install /home/asd/ros2_ws/build/fl_div
