[35m[1mConsolidate compiler generated dependencies of target client[0m
[35m[1mConsolidate compiler generated dependencies of target server[0m
[ 75%] [32mBuilding CXX object CMakeFiles/client.dir/src/div_client.cpp.o[0m
[ 75%] Built target server
[100%] [32m[1mLinking CXX executable client[0m
[100%] Built target client
-- Install configuration: ""
-- Up-to-date: /home/asd/ros2_ws/install/div/lib/div/server
-- Installing: /home/asd/ros2_ws/install/div/lib/div/client
-- Set runtime path of "/home/asd/ros2_ws/install/div/lib/div/client" to ""
-- Up-to-date: /home/asd/ros2_ws/install/div/share/ament_index/resource_index/package_run_dependencies/div
-- Up-to-date: /home/asd/ros2_ws/install/div/share/ament_index/resource_index/parent_prefix_path/div
-- Up-to-date: /home/asd/ros2_ws/install/div/share/div/environment/ament_prefix_path.sh
-- Up-to-date: /home/asd/ros2_ws/install/div/share/div/environment/ament_prefix_path.dsv
-- Up-to-date: /home/asd/ros2_ws/install/div/share/div/environment/path.sh
-- Up-to-date: /home/asd/ros2_ws/install/div/share/div/environment/path.dsv
-- Up-to-date: /home/asd/ros2_ws/install/div/share/div/local_setup.bash
-- Up-to-date: /home/asd/ros2_ws/install/div/share/div/local_setup.sh
-- Up-to-date: /home/asd/ros2_ws/install/div/share/div/local_setup.zsh
-- Up-to-date: /home/asd/ros2_ws/install/div/share/div/local_setup.dsv
-- Installing: /home/asd/ros2_ws/install/div/share/div/package.dsv
-- Up-to-date: /home/asd/ros2_ws/install/div/share/ament_index/resource_index/packages/div
-- Up-to-date: /home/asd/ros2_ws/install/div/share/div/cmake/divConfig.cmake
-- Up-to-date: /home/asd/ros2_ws/install/div/share/div/cmake/divConfig-version.cmake
-- Up-to-date: /home/asd/ros2_ws/install/div/share/div/package.xml
