[0.129s] Invoking command in '/home/asd/ros2_ws/build/div': AMENT_PREFIX_PATH=/home/asd/ros2_ws/install/my_package:${AMENT_PREFIX_PATH} CMAKE_PREFIX_PATH=/home/asd/ros2_ws/install/my_package:/opt/ros/iron LD_LIBRARY_PATH=/home/asd/ros2_ws/install/my_package/lib:${LD_LIBRARY_PATH} PYTHONPATH=/home/asd/ros2_ws/install/my_package/lib/python3.10/site-packages:${PYTHONPATH} /usr/bin/cmake --build /home/asd/ros2_ws/build/div -- -j4 -l4
[0.307s] [35m[1mConsolidate compiler generated dependencies of target client[0m
[0.322s] [35m[1mConsolidate compiler generated dependencies of target server[0m
[0.452s] [ 75%] [32mBuilding CXX object CMakeFiles/client.dir/src/div_client.cpp.o[0m
[0.452s] [ 75%] Built target server
[17.796s] [100%] [32m[1mLinking CXX executable client[0m
[18.605s] [100%] Built target client
[18.646s] Invoked command in '/home/asd/ros2_ws/build/div' returned '0': AMENT_PREFIX_PATH=/home/asd/ros2_ws/install/my_package:${AMENT_PREFIX_PATH} CMAKE_PREFIX_PATH=/home/asd/ros2_ws/install/my_package:/opt/ros/iron LD_LIBRARY_PATH=/home/asd/ros2_ws/install/my_package/lib:${LD_LIBRARY_PATH} PYTHONPATH=/home/asd/ros2_ws/install/my_package/lib/python3.10/site-packages:${PYTHONPATH} /usr/bin/cmake --build /home/asd/ros2_ws/build/div -- -j4 -l4
[18.763s] Invoking command in '/home/asd/ros2_ws/build/div': AMENT_PREFIX_PATH=/home/asd/ros2_ws/install/my_package:${AMENT_PREFIX_PATH} CMAKE_PREFIX_PATH=/home/asd/ros2_ws/install/my_package:/opt/ros/iron LD_LIBRARY_PATH=/home/asd/ros2_ws/install/my_package/lib:${LD_LIBRARY_PATH} PYTHONPATH=/home/asd/ros2_ws/install/my_package/lib/python3.10/site-packages:${PYTHONPATH} /usr/bin/cmake --install /home/asd/ros2_ws/build/div
[18.787s] -- Install configuration: ""
[18.787s] -- Up-to-date: /home/asd/ros2_ws/install/div/lib/div/server
[18.788s] -- Installing: /home/asd/ros2_ws/install/div/lib/div/client
[18.794s] -- Set runtime path of "/home/asd/ros2_ws/install/div/lib/div/client" to ""
[18.795s] -- Up-to-date: /home/asd/ros2_ws/install/div/share/ament_index/resource_index/package_run_dependencies/div
[18.795s] -- Up-to-date: /home/asd/ros2_ws/install/div/share/ament_index/resource_index/parent_prefix_path/div
[18.795s] -- Up-to-date: /home/asd/ros2_ws/install/div/share/div/environment/ament_prefix_path.sh
[18.796s] -- Up-to-date: /home/asd/ros2_ws/install/div/share/div/environment/ament_prefix_path.dsv
[18.796s] -- Up-to-date: /home/asd/ros2_ws/install/div/share/div/environment/path.sh
[18.796s] -- Up-to-date: /home/asd/ros2_ws/install/div/share/div/environment/path.dsv
[18.797s] -- Up-to-date: /home/asd/ros2_ws/install/div/share/div/local_setup.bash
[18.797s] -- Up-to-date: /home/asd/ros2_ws/install/div/share/div/local_setup.sh
[18.798s] -- Up-to-date: /home/asd/ros2_ws/install/div/share/div/local_setup.zsh
[18.798s] -- Up-to-date: /home/asd/ros2_ws/install/div/share/div/local_setup.dsv
[18.798s] -- Installing: /home/asd/ros2_ws/install/div/share/div/package.dsv
[18.798s] -- Up-to-date: /home/asd/ros2_ws/install/div/share/ament_index/resource_index/packages/div
[18.799s] -- Up-to-date: /home/asd/ros2_ws/install/div/share/div/cmake/divConfig.cmake
[18.799s] -- Up-to-date: /home/asd/ros2_ws/install/div/share/div/cmake/divConfig-version.cmake
[18.799s] -- Up-to-date: /home/asd/ros2_ws/install/div/share/div/package.xml
[18.803s] Invoked command in '/home/asd/ros2_ws/build/div' returned '0': AMENT_PREFIX_PATH=/home/asd/ros2_ws/install/my_package:${AMENT_PREFIX_PATH} CMAKE_PREFIX_PATH=/home/asd/ros2_ws/install/my_package:/opt/ros/iron LD_LIBRARY_PATH=/home/asd/ros2_ws/install/my_package/lib:${LD_LIBRARY_PATH} PYTHONPATH=/home/asd/ros2_ws/install/my_package/lib/python3.10/site-packages:${PYTHONPATH} /usr/bin/cmake --install /home/asd/ros2_ws/build/div
