[0.406s] DEBUG:colcon:Command line arguments: ['/usr/bin/colcon', 'build', '--packages-select', 'my_package']
[0.407s] DEBUG:colcon:Parsed command line arguments: Namespace(log_base=None, log_level=None, verb_name='build', build_base='build', install_base='install', merge_install=False, symlink_install=False, test_result_base=None, continue_on_error=False, executor='parallel', parallel_workers=4, event_handlers=None, ignore_user_meta=False, metas=['./colcon.meta'], base_paths=['.'], packages_ignore=None, packages_ignore_regex=None, paths=None, packages_up_to=None, packages_up_to_regex=None, packages_above=None, packages_above_and_dependencies=None, packages_above_depth=None, packages_select_by_dep=None, packages_skip_by_dep=None, packages_skip_up_to=None, packages_select_build_failed=False, packages_skip_build_finished=False, packages_select_test_failures=False, packages_skip_test_passed=False, packages_select=['my_package'], packages_skip=None, packages_select_regex=None, packages_skip_regex=None, packages_start=None, packages_end=None, allow_overriding=[], cmake_args=None, cmake_target=None, cmake_target_skip_unavailable=False, cmake_clean_cache=False, cmake_clean_first=False, cmake_force_configure=False, ament_cmake_args=None, catkin_cmake_args=None, catkin_skip_building_tests=False, verb_parser=<colcon_defaults.argument_parser.defaults.DefaultArgumentsDecorator object at 0x7906b1d38550>, verb_extension=<colcon_core.verb.build.BuildVerb object at 0x7906b1d38040>, main=<bound method BuildVerb.main of <colcon_core.verb.build.BuildVerb object at 0x7906b1d38040>>)
[1.100s] Level 1:colcon.colcon_core.package_discovery:discover_packages(colcon_meta) check parameters
[1.101s] Level 1:colcon.colcon_core.package_discovery:discover_packages(recursive) check parameters
[1.101s] Level 1:colcon.colcon_core.package_discovery:discover_packages(ignore) check parameters
[1.101s] Level 1:colcon.colcon_core.package_discovery:discover_packages(path) check parameters
[1.101s] Level 1:colcon.colcon_core.package_discovery:discover_packages(colcon_meta) discover
[1.101s] Level 1:colcon.colcon_core.package_discovery:discover_packages(recursive) discover
[1.101s] INFO:colcon.colcon_core.package_discovery:Crawling recursively for packages in '/home/asd/ros2_ws'
[1.102s] Level 1:colcon.colcon_core.package_identification:_identify(.) by extensions ['ignore', 'ignore_ament_install']
[1.102s] Level 1:colcon.colcon_core.package_identification:_identify(.) by extension 'ignore'
[1.102s] Level 1:colcon.colcon_core.package_identification:_identify(.) by extension 'ignore_ament_install'
[1.102s] Level 1:colcon.colcon_core.package_identification:_identify(.) by extensions ['colcon_pkg']
[1.102s] Level 1:colcon.colcon_core.package_identification:_identify(.) by extension 'colcon_pkg'
[1.103s] Level 1:colcon.colcon_core.package_identification:_identify(.) by extensions ['colcon_meta']
[1.103s] Level 1:colcon.colcon_core.package_identification:_identify(.) by extension 'colcon_meta'
[1.103s] Level 1:colcon.colcon_core.package_identification:_identify(.) by extensions ['ros']
[1.103s] Level 1:colcon.colcon_core.package_identification:_identify(.) by extension 'ros'
[1.144s] Level 1:colcon.colcon_core.package_identification:_identify(.) by extensions ['cmake', 'python']
[1.145s] Level 1:colcon.colcon_core.package_identification:_identify(.) by extension 'cmake'
[1.145s] Level 1:colcon.colcon_core.package_identification:_identify(.) by extension 'python'
[1.145s] Level 1:colcon.colcon_core.package_identification:_identify(.) by extensions ['python_setup_py']
[1.145s] Level 1:colcon.colcon_core.package_identification:_identify(.) by extension 'python_setup_py'
[1.145s] Level 1:colcon.colcon_core.package_identification:_identify(build) by extensions ['ignore', 'ignore_ament_install']
[1.146s] Level 1:colcon.colcon_core.package_identification:_identify(build) by extension 'ignore'
[1.146s] Level 1:colcon.colcon_core.package_identification:_identify(build) ignored
[1.146s] Level 1:colcon.colcon_core.package_identification:_identify(install) by extensions ['ignore', 'ignore_ament_install']
[1.146s] Level 1:colcon.colcon_core.package_identification:_identify(install) by extension 'ignore'
[1.147s] Level 1:colcon.colcon_core.package_identification:_identify(install) ignored
[1.147s] Level 1:colcon.colcon_core.package_identification:_identify(log) by extensions ['ignore', 'ignore_ament_install']
[1.147s] Level 1:colcon.colcon_core.package_identification:_identify(log) by extension 'ignore'
[1.148s] Level 1:colcon.colcon_core.package_identification:_identify(log) ignored
[1.148s] Level 1:colcon.colcon_core.package_identification:_identify(src) by extensions ['ignore', 'ignore_ament_install']
[1.148s] Level 1:colcon.colcon_core.package_identification:_identify(src) by extension 'ignore'
[1.148s] Level 1:colcon.colcon_core.package_identification:_identify(src) by extension 'ignore_ament_install'
[1.152s] Level 1:colcon.colcon_core.package_identification:_identify(src) by extensions ['colcon_pkg']
[1.152s] Level 1:colcon.colcon_core.package_identification:_identify(src) by extension 'colcon_pkg'
[1.152s] Level 1:colcon.colcon_core.package_identification:_identify(src) by extensions ['colcon_meta']
[1.152s] Level 1:colcon.colcon_core.package_identification:_identify(src) by extension 'colcon_meta'
[1.152s] Level 1:colcon.colcon_core.package_identification:_identify(src) by extensions ['ros']
[1.152s] Level 1:colcon.colcon_core.package_identification:_identify(src) by extension 'ros'
[1.153s] Level 1:colcon.colcon_core.package_identification:_identify(src) by extensions ['cmake', 'python']
[1.153s] Level 1:colcon.colcon_core.package_identification:_identify(src) by extension 'cmake'
[1.153s] Level 1:colcon.colcon_core.package_identification:_identify(src) by extension 'python'
[1.153s] Level 1:colcon.colcon_core.package_identification:_identify(src) by extensions ['python_setup_py']
[1.153s] Level 1:colcon.colcon_core.package_identification:_identify(src) by extension 'python_setup_py'
[1.154s] Level 1:colcon.colcon_core.package_identification:_identify(src/build) by extensions ['ignore', 'ignore_ament_install']
[1.154s] Level 1:colcon.colcon_core.package_identification:_identify(src/build) by extension 'ignore'
[1.154s] Level 1:colcon.colcon_core.package_identification:_identify(src/build) ignored
[1.154s] Level 1:colcon.colcon_core.package_identification:_identify(src/cpp_srvcli) by extensions ['ignore', 'ignore_ament_install']
[1.154s] Level 1:colcon.colcon_core.package_identification:_identify(src/cpp_srvcli) by extension 'ignore'
[1.155s] Level 1:colcon.colcon_core.package_identification:_identify(src/cpp_srvcli) by extension 'ignore_ament_install'
[1.155s] Level 1:colcon.colcon_core.package_identification:_identify(src/cpp_srvcli) by extensions ['colcon_pkg']
[1.155s] Level 1:colcon.colcon_core.package_identification:_identify(src/cpp_srvcli) by extension 'colcon_pkg'
[1.155s] Level 1:colcon.colcon_core.package_identification:_identify(src/cpp_srvcli) by extensions ['colcon_meta']
[1.155s] Level 1:colcon.colcon_core.package_identification:_identify(src/cpp_srvcli) by extension 'colcon_meta'
[1.155s] Level 1:colcon.colcon_core.package_identification:_identify(src/cpp_srvcli) by extensions ['ros']
[1.155s] Level 1:colcon.colcon_core.package_identification:_identify(src/cpp_srvcli) by extension 'ros'
[1.163s] DEBUG:colcon.colcon_core.package_identification:Package 'src/cpp_srvcli' with type 'ros.ament_cmake' and name 'cpp_srvcli'
[1.163s] Level 1:colcon.colcon_core.package_identification:_identify(src/div) by extensions ['ignore', 'ignore_ament_install']
[1.163s] Level 1:colcon.colcon_core.package_identification:_identify(src/div) by extension 'ignore'
[1.163s] Level 1:colcon.colcon_core.package_identification:_identify(src/div) by extension 'ignore_ament_install'
[1.164s] Level 1:colcon.colcon_core.package_identification:_identify(src/div) by extensions ['colcon_pkg']
[1.164s] Level 1:colcon.colcon_core.package_identification:_identify(src/div) by extension 'colcon_pkg'
[1.164s] Level 1:colcon.colcon_core.package_identification:_identify(src/div) by extensions ['colcon_meta']
[1.164s] Level 1:colcon.colcon_core.package_identification:_identify(src/div) by extension 'colcon_meta'
[1.164s] Level 1:colcon.colcon_core.package_identification:_identify(src/div) by extensions ['ros']
[1.164s] Level 1:colcon.colcon_core.package_identification:_identify(src/div) by extension 'ros'
[1.167s] DEBUG:colcon.colcon_core.package_identification:Package 'src/div' with type 'ros.ament_cmake' and name 'div'
[1.167s] Level 1:colcon.colcon_core.package_identification:_identify(src/float_division) by extensions ['ignore', 'ignore_ament_install']
[1.167s] Level 1:colcon.colcon_core.package_identification:_identify(src/float_division) by extension 'ignore'
[1.167s] Level 1:colcon.colcon_core.package_identification:_identify(src/float_division) by extension 'ignore_ament_install'
[1.168s] Level 1:colcon.colcon_core.package_identification:_identify(src/float_division) by extensions ['colcon_pkg']
[1.168s] Level 1:colcon.colcon_core.package_identification:_identify(src/float_division) by extension 'colcon_pkg'
[1.168s] Level 1:colcon.colcon_core.package_identification:_identify(src/float_division) by extensions ['colcon_meta']
[1.168s] Level 1:colcon.colcon_core.package_identification:_identify(src/float_division) by extension 'colcon_meta'
[1.168s] Level 1:colcon.colcon_core.package_identification:_identify(src/float_division) by extensions ['ros']
[1.168s] Level 1:colcon.colcon_core.package_identification:_identify(src/float_division) by extension 'ros'
[1.170s] DEBUG:colcon.colcon_core.package_identification:Package 'src/float_division' with type 'ros.ament_cmake' and name 'float_division'
[1.171s] Level 1:colcon.colcon_core.package_identification:_identify(src/install) by extensions ['ignore', 'ignore_ament_install']
[1.171s] Level 1:colcon.colcon_core.package_identification:_identify(src/install) by extension 'ignore'
[1.171s] Level 1:colcon.colcon_core.package_identification:_identify(src/install) ignored
[1.171s] Level 1:colcon.colcon_core.package_identification:_identify(src/log) by extensions ['ignore', 'ignore_ament_install']
[1.172s] Level 1:colcon.colcon_core.package_identification:_identify(src/log) by extension 'ignore'
[1.172s] Level 1:colcon.colcon_core.package_identification:_identify(src/log) ignored
[1.173s] Level 1:colcon.colcon_core.package_identification:_identify(src/my_package) by extensions ['ignore', 'ignore_ament_install']
[1.173s] Level 1:colcon.colcon_core.package_identification:_identify(src/my_package) by extension 'ignore'
[1.173s] Level 1:colcon.colcon_core.package_identification:_identify(src/my_package) by extension 'ignore_ament_install'
[1.173s] Level 1:colcon.colcon_core.package_identification:_identify(src/my_package) by extensions ['colcon_pkg']
[1.173s] Level 1:colcon.colcon_core.package_identification:_identify(src/my_package) by extension 'colcon_pkg'
[1.174s] Level 1:colcon.colcon_core.package_identification:_identify(src/my_package) by extensions ['colcon_meta']
[1.174s] Level 1:colcon.colcon_core.package_identification:_identify(src/my_package) by extension 'colcon_meta'
[1.174s] Level 1:colcon.colcon_core.package_identification:_identify(src/my_package) by extensions ['ros']
[1.174s] Level 1:colcon.colcon_core.package_identification:_identify(src/my_package) by extension 'ros'
[1.176s] DEBUG:colcon.colcon_core.package_identification:Package 'src/my_package' with type 'ros.ament_cmake' and name 'my_package'
[1.176s] Level 1:colcon.colcon_core.package_discovery:discover_packages(recursive) using defaults
[1.177s] Level 1:colcon.colcon_core.package_discovery:discover_packages(ignore) discover
[1.177s] Level 1:colcon.colcon_core.package_discovery:discover_packages(ignore) using defaults
[1.177s] Level 1:colcon.colcon_core.package_discovery:discover_packages(path) discover
[1.177s] Level 1:colcon.colcon_core.package_discovery:discover_packages(path) using defaults
[1.246s] INFO:colcon.colcon_core.package_selection:Skipping not selected package 'cpp_srvcli' in 'src/cpp_srvcli'
[1.246s] INFO:colcon.colcon_core.package_selection:Skipping not selected package 'div' in 'src/div'
[1.246s] INFO:colcon.colcon_core.package_selection:Skipping not selected package 'float_division' in 'src/float_division'
[1.248s] Level 1:colcon.colcon_core.package_discovery:discover_packages(prefix_path) check parameters
[1.248s] Level 1:colcon.colcon_core.package_discovery:discover_packages(prefix_path) discover
[1.258s] DEBUG:colcon.colcon_installed_package_information.package_discovery:Found 281 installed packages in /opt/ros/iron
[1.291s] Level 1:colcon.colcon_core.package_discovery:discover_packages(prefix_path) using defaults
[1.491s] Level 5:colcon.colcon_core.verb:set package 'my_package' build argument 'cmake_args' from command line to 'None'
[1.491s] Level 5:colcon.colcon_core.verb:set package 'my_package' build argument 'cmake_target' from command line to 'None'
[1.491s] Level 5:colcon.colcon_core.verb:set package 'my_package' build argument 'cmake_target_skip_unavailable' from command line to 'False'
[1.491s] Level 5:colcon.colcon_core.verb:set package 'my_package' build argument 'cmake_clean_cache' from command line to 'False'
[1.491s] Level 5:colcon.colcon_core.verb:set package 'my_package' build argument 'cmake_clean_first' from command line to 'False'
[1.492s] Level 5:colcon.colcon_core.verb:set package 'my_package' build argument 'cmake_force_configure' from command line to 'False'
[1.492s] Level 5:colcon.colcon_core.verb:set package 'my_package' build argument 'ament_cmake_args' from command line to 'None'
[1.492s] Level 5:colcon.colcon_core.verb:set package 'my_package' build argument 'catkin_cmake_args' from command line to 'None'
[1.492s] Level 5:colcon.colcon_core.verb:set package 'my_package' build argument 'catkin_skip_building_tests' from command line to 'False'
[1.492s] DEBUG:colcon.colcon_core.verb:Building package 'my_package' with the following arguments: {'ament_cmake_args': None, 'build_base': '/home/asd/ros2_ws/build/my_package', 'catkin_cmake_args': None, 'catkin_skip_building_tests': False, 'cmake_args': None, 'cmake_clean_cache': False, 'cmake_clean_first': False, 'cmake_force_configure': False, 'cmake_target': None, 'cmake_target_skip_unavailable': False, 'install_base': '/home/asd/ros2_ws/install/my_package', 'merge_install': False, 'path': '/home/asd/ros2_ws/src/my_package', 'symlink_install': False, 'test_result_base': None}
[1.493s] INFO:colcon.colcon_core.executor:Executing jobs using 'parallel' executor
[1.495s] DEBUG:colcon.colcon_parallel_executor.executor.parallel:run_until_complete
[1.496s] INFO:colcon.colcon_ros.task.ament_cmake.build:Building ROS package in '/home/asd/ros2_ws/src/my_package' with build type 'ament_cmake'
[1.496s] INFO:colcon.colcon_cmake.task.cmake.build:Building CMake package in '/home/asd/ros2_ws/src/my_package'
[1.503s] INFO:colcon.colcon_core.plugin_system:Skipping extension 'colcon_core.shell.bat': Not used on non-Windows systems
[1.503s] INFO:colcon.colcon_core.shell:Skip shell extension 'powershell' for command environment: Not usable outside of PowerShell
[1.503s] DEBUG:colcon.colcon_core.shell:Skip shell extension 'dsv' for command environment
[1.538s] DEBUG:colcon.colcon_core.event_handler.log_command:Invoking command in '/home/asd/ros2_ws/build/my_package': CMAKE_PREFIX_PATH=/opt/ros/iron /usr/bin/cmake --build /home/asd/ros2_ws/build/my_package -- -j4 -l4
[26.886s] DEBUG:colcon.colcon_core.event_handler.log_command:Invoked command in '/home/asd/ros2_ws/build/my_package' returned '0': CMAKE_PREFIX_PATH=/opt/ros/iron /usr/bin/cmake --build /home/asd/ros2_ws/build/my_package -- -j4 -l4
[27.191s] DEBUG:colcon.colcon_core.event_handler.log_command:Invoking command in '/home/asd/ros2_ws/build/my_package': CMAKE_PREFIX_PATH=/opt/ros/iron /usr/bin/cmake --install /home/asd/ros2_ws/build/my_package
[27.470s] Level 1:colcon.colcon_core.environment:create_environment_scripts_only(my_package)
[27.472s] DEBUG:colcon.colcon_core.event_handler.log_command:Invoked command in '/home/asd/ros2_ws/build/my_package' returned '0': CMAKE_PREFIX_PATH=/opt/ros/iron /usr/bin/cmake --install /home/asd/ros2_ws/build/my_package
[27.478s] Level 1:colcon.colcon_core.environment:checking '/home/asd/ros2_ws/install/my_package' for CMake module files
[27.481s] Level 1:colcon.colcon_core.environment:checking '/home/asd/ros2_ws/install/my_package' for CMake config files
[27.482s] Level 1:colcon.colcon_core.shell:create_environment_hook('my_package', 'cmake_prefix_path')
[27.483s] INFO:colcon.colcon_core.shell:Creating environment hook '/home/asd/ros2_ws/install/my_package/share/my_package/hook/cmake_prefix_path.ps1'
[27.485s] INFO:colcon.colcon_core.shell:Creating environment descriptor '/home/asd/ros2_ws/install/my_package/share/my_package/hook/cmake_prefix_path.dsv'
[27.486s] INFO:colcon.colcon_core.shell:Creating environment hook '/home/asd/ros2_ws/install/my_package/share/my_package/hook/cmake_prefix_path.sh'
[27.489s] Level 1:colcon.colcon_core.environment:checking '/home/asd/ros2_ws/install/my_package/lib'
[27.489s] Level 1:colcon.colcon_core.shell:create_environment_hook('my_package', 'ld_library_path_lib')
[27.490s] INFO:colcon.colcon_core.shell:Creating environment hook '/home/asd/ros2_ws/install/my_package/share/my_package/hook/ld_library_path_lib.ps1'
[27.491s] INFO:colcon.colcon_core.shell:Creating environment descriptor '/home/asd/ros2_ws/install/my_package/share/my_package/hook/ld_library_path_lib.dsv'
[27.492s] INFO:colcon.colcon_core.shell:Creating environment hook '/home/asd/ros2_ws/install/my_package/share/my_package/hook/ld_library_path_lib.sh'
[27.493s] Level 1:colcon.colcon_core.environment:checking '/home/asd/ros2_ws/install/my_package/bin'
[27.493s] Level 1:colcon.colcon_core.environment:checking '/home/asd/ros2_ws/install/my_package/lib/pkgconfig/my_package.pc'
[27.494s] Level 1:colcon.colcon_core.environment:checking '/home/asd/ros2_ws/install/my_package/lib/python3.10/site-packages'
[27.495s] Level 1:colcon.colcon_core.shell:create_environment_hook('my_package', 'pythonpath')
[27.495s] INFO:colcon.colcon_core.shell:Creating environment hook '/home/asd/ros2_ws/install/my_package/share/my_package/hook/pythonpath.ps1'
[27.497s] INFO:colcon.colcon_core.shell:Creating environment descriptor '/home/asd/ros2_ws/install/my_package/share/my_package/hook/pythonpath.dsv'
[27.498s] INFO:colcon.colcon_core.shell:Creating environment hook '/home/asd/ros2_ws/install/my_package/share/my_package/hook/pythonpath.sh'
[27.499s] Level 1:colcon.colcon_core.environment:checking '/home/asd/ros2_ws/install/my_package/bin'
[27.503s] INFO:colcon.colcon_core.shell:Creating package script '/home/asd/ros2_ws/install/my_package/share/my_package/package.ps1'
[27.507s] INFO:colcon.colcon_core.shell:Creating package descriptor '/home/asd/ros2_ws/install/my_package/share/my_package/package.dsv'
[27.509s] INFO:colcon.colcon_core.shell:Creating package script '/home/asd/ros2_ws/install/my_package/share/my_package/package.sh'
[27.512s] INFO:colcon.colcon_core.shell:Creating package script '/home/asd/ros2_ws/install/my_package/share/my_package/package.bash'
[27.514s] INFO:colcon.colcon_core.shell:Creating package script '/home/asd/ros2_ws/install/my_package/share/my_package/package.zsh'
[27.517s] Level 1:colcon.colcon_core.environment:create_file_with_runtime_dependencies(/home/asd/ros2_ws/install/my_package/share/colcon-core/packages/my_package)
[27.782s] Level 1:colcon.colcon_core.environment:create_environment_scripts_only(my_package)
[27.783s] Level 1:colcon.colcon_core.environment:checking '/home/asd/ros2_ws/install/my_package' for CMake module files
[27.786s] Level 1:colcon.colcon_core.environment:checking '/home/asd/ros2_ws/install/my_package' for CMake config files
[27.787s] Level 1:colcon.colcon_core.shell:create_environment_hook('my_package', 'cmake_prefix_path')
[27.788s] INFO:colcon.colcon_core.shell:Creating environment hook '/home/asd/ros2_ws/install/my_package/share/my_package/hook/cmake_prefix_path.ps1'
[27.789s] INFO:colcon.colcon_core.shell:Creating environment descriptor '/home/asd/ros2_ws/install/my_package/share/my_package/hook/cmake_prefix_path.dsv'
[27.790s] INFO:colcon.colcon_core.shell:Creating environment hook '/home/asd/ros2_ws/install/my_package/share/my_package/hook/cmake_prefix_path.sh'
[27.791s] Level 1:colcon.colcon_core.environment:checking '/home/asd/ros2_ws/install/my_package/lib'
[27.792s] Level 1:colcon.colcon_core.shell:create_environment_hook('my_package', 'ld_library_path_lib')
[27.792s] INFO:colcon.colcon_core.shell:Creating environment hook '/home/asd/ros2_ws/install/my_package/share/my_package/hook/ld_library_path_lib.ps1'
[27.793s] INFO:colcon.colcon_core.shell:Creating environment descriptor '/home/asd/ros2_ws/install/my_package/share/my_package/hook/ld_library_path_lib.dsv'
[27.794s] INFO:colcon.colcon_core.shell:Creating environment hook '/home/asd/ros2_ws/install/my_package/share/my_package/hook/ld_library_path_lib.sh'
[27.795s] Level 1:colcon.colcon_core.environment:checking '/home/asd/ros2_ws/install/my_package/bin'
[27.796s] Level 1:colcon.colcon_core.environment:checking '/home/asd/ros2_ws/install/my_package/lib/pkgconfig/my_package.pc'
[27.797s] Level 1:colcon.colcon_core.environment:checking '/home/asd/ros2_ws/install/my_package/lib/python3.10/site-packages'
[27.797s] Level 1:colcon.colcon_core.shell:create_environment_hook('my_package', 'pythonpath')
[27.798s] INFO:colcon.colcon_core.shell:Creating environment hook '/home/asd/ros2_ws/install/my_package/share/my_package/hook/pythonpath.ps1'
[27.799s] INFO:colcon.colcon_core.shell:Creating environment descriptor '/home/asd/ros2_ws/install/my_package/share/my_package/hook/pythonpath.dsv'
[27.800s] INFO:colcon.colcon_core.shell:Creating environment hook '/home/asd/ros2_ws/install/my_package/share/my_package/hook/pythonpath.sh'
[27.804s] Level 1:colcon.colcon_core.environment:checking '/home/asd/ros2_ws/install/my_package/bin'
[27.806s] INFO:colcon.colcon_core.shell:Creating package script '/home/asd/ros2_ws/install/my_package/share/my_package/package.ps1'
[27.808s] INFO:colcon.colcon_core.shell:Creating package descriptor '/home/asd/ros2_ws/install/my_package/share/my_package/package.dsv'
[27.810s] INFO:colcon.colcon_core.shell:Creating package script '/home/asd/ros2_ws/install/my_package/share/my_package/package.sh'
[27.811s] INFO:colcon.colcon_core.shell:Creating package script '/home/asd/ros2_ws/install/my_package/share/my_package/package.bash'
[27.812s] INFO:colcon.colcon_core.shell:Creating package script '/home/asd/ros2_ws/install/my_package/share/my_package/package.zsh'
[27.813s] Level 1:colcon.colcon_core.environment:create_file_with_runtime_dependencies(/home/asd/ros2_ws/install/my_package/share/colcon-core/packages/my_package)
[27.815s] DEBUG:colcon.colcon_parallel_executor.executor.parallel:closing loop
[27.815s] DEBUG:colcon.colcon_parallel_executor.executor.parallel:loop closed
[27.816s] DEBUG:colcon.colcon_parallel_executor.executor.parallel:run_until_complete finished with '0'
[27.816s] DEBUG:colcon.colcon_core.event_reactor:joining thread
[27.831s] INFO:colcon.colcon_core.plugin_system:Skipping extension 'colcon_notification.desktop_notification.terminal_notifier': Not used on non-Darwin systems
[27.831s] INFO:colcon.colcon_core.plugin_system:Skipping extension 'colcon_notification.desktop_notification.win32': Not used on non-Windows systems
[27.831s] INFO:colcon.colcon_notification.desktop_notification:Sending desktop notification using 'notify2'
[27.870s] DEBUG:colcon.colcon_core.event_reactor:joined thread
[27.870s] INFO:colcon.colcon_core.shell:Creating prefix script '/home/asd/ros2_ws/install/local_setup.ps1'
[27.873s] INFO:colcon.colcon_core.shell:Creating prefix util module '/home/asd/ros2_ws/install/_local_setup_util_ps1.py'
[27.887s] INFO:colcon.colcon_core.shell:Creating prefix chain script '/home/asd/ros2_ws/install/setup.ps1'
[27.896s] INFO:colcon.colcon_core.shell:Creating prefix script '/home/asd/ros2_ws/install/local_setup.sh'
[27.898s] INFO:colcon.colcon_core.shell:Creating prefix util module '/home/asd/ros2_ws/install/_local_setup_util_sh.py'
[27.900s] INFO:colcon.colcon_core.shell:Creating prefix chain script '/home/asd/ros2_ws/install/setup.sh'
[27.903s] INFO:colcon.colcon_core.shell:Creating prefix script '/home/asd/ros2_ws/install/local_setup.bash'
[27.905s] INFO:colcon.colcon_core.shell:Creating prefix chain script '/home/asd/ros2_ws/install/setup.bash'
[27.908s] INFO:colcon.colcon_core.shell:Creating prefix script '/home/asd/ros2_ws/install/local_setup.zsh'
[27.910s] INFO:colcon.colcon_core.shell:Creating prefix chain script '/home/asd/ros2_ws/install/setup.zsh'
