[0.058s] Invoking command in '/home/asd/ros2_ws/build/simple_div': AMENT_PREFIX_PATH=/home/asd/ros2_ws/install/my_package:${AMENT_PREFIX_PATH} CMAKE_PREFIX_PATH=/home/asd/ros2_ws/install/my_package:/opt/ros/iron LD_LIBRARY_PATH=/home/asd/ros2_ws/install/my_package/lib:${LD_LIBRARY_PATH} PYTHONPATH=/home/asd/ros2_ws/install/my_package/lib/python3.10/site-packages:${PYTHONPATH} /usr/bin/cmake --build /home/asd/ros2_ws/build/simple_div -- -j4 -l4
[0.228s] [35m[1mConsolidate compiler generated dependencies of target server[0m
[0.314s] [ 50%] [32mBuilding CXX object CMakeFiles/server.dir/src/simple_div.cpp.o[0m
[27.177s] [100%] [32m[1mLinking CXX executable server[0m
[28.930s] [100%] Built target server
[28.971s] Invoked command in '/home/asd/ros2_ws/build/simple_div' returned '0': AMENT_PREFIX_PATH=/home/asd/ros2_ws/install/my_package:${AMENT_PREFIX_PATH} CMAKE_PREFIX_PATH=/home/asd/ros2_ws/install/my_package:/opt/ros/iron LD_LIBRARY_PATH=/home/asd/ros2_ws/install/my_package/lib:${LD_LIBRARY_PATH} PYTHONPATH=/home/asd/ros2_ws/install/my_package/lib/python3.10/site-packages:${PYTHONPATH} /usr/bin/cmake --build /home/asd/ros2_ws/build/simple_div -- -j4 -l4
[29.084s] Invoking command in '/home/asd/ros2_ws/build/simple_div': AMENT_PREFIX_PATH=/home/asd/ros2_ws/install/my_package:${AMENT_PREFIX_PATH} CMAKE_PREFIX_PATH=/home/asd/ros2_ws/install/my_package:/opt/ros/iron LD_LIBRARY_PATH=/home/asd/ros2_ws/install/my_package/lib:${LD_LIBRARY_PATH} PYTHONPATH=/home/asd/ros2_ws/install/my_package/lib/python3.10/site-packages:${PYTHONPATH} /usr/bin/cmake --install /home/asd/ros2_ws/build/simple_div
[29.115s] -- Install configuration: ""
[29.116s] -- Installing: /home/asd/ros2_ws/install/simple_div/lib/simple_div/server
[29.142s] -- Set runtime path of "/home/asd/ros2_ws/install/simple_div/lib/simple_div/server" to ""
[29.142s] -- Up-to-date: /home/asd/ros2_ws/install/simple_div/share/ament_index/resource_index/package_run_dependencies/simple_div
[29.142s] -- Up-to-date: /home/asd/ros2_ws/install/simple_div/share/ament_index/resource_index/parent_prefix_path/simple_div
[29.143s] -- Up-to-date: /home/asd/ros2_ws/install/simple_div/share/simple_div/environment/ament_prefix_path.sh
[29.143s] -- Up-to-date: /home/asd/ros2_ws/install/simple_div/share/simple_div/environment/ament_prefix_path.dsv
[29.144s] -- Up-to-date: /home/asd/ros2_ws/install/simple_div/share/simple_div/environment/path.sh
[29.144s] -- Up-to-date: /home/asd/ros2_ws/install/simple_div/share/simple_div/environment/path.dsv
[29.144s] -- Up-to-date: /home/asd/ros2_ws/install/simple_div/share/simple_div/local_setup.bash
[29.145s] -- Up-to-date: /home/asd/ros2_ws/install/simple_div/share/simple_div/local_setup.sh
[29.145s] -- Up-to-date: /home/asd/ros2_ws/install/simple_div/share/simple_div/local_setup.zsh
[29.145s] -- Up-to-date: /home/asd/ros2_ws/install/simple_div/share/simple_div/local_setup.dsv
[29.146s] -- Installing: /home/asd/ros2_ws/install/simple_div/share/simple_div/package.dsv
[29.147s] -- Up-to-date: /home/asd/ros2_ws/install/simple_div/share/ament_index/resource_index/packages/simple_div
[29.148s] -- Up-to-date: /home/asd/ros2_ws/install/simple_div/share/simple_div/cmake/simple_divConfig.cmake
[29.148s] -- Up-to-date: /home/asd/ros2_ws/install/simple_div/share/simple_div/cmake/simple_divConfig-version.cmake
[29.148s] -- Up-to-date: /home/asd/ros2_ws/install/simple_div/share/simple_div/package.xml
[29.149s] Invoked command in '/home/asd/ros2_ws/build/simple_div' returned '0': AMENT_PREFIX_PATH=/home/asd/ros2_ws/install/my_package:${AMENT_PREFIX_PATH} CMAKE_PREFIX_PATH=/home/asd/ros2_ws/install/my_package:/opt/ros/iron LD_LIBRARY_PATH=/home/asd/ros2_ws/install/my_package/lib:${LD_LIBRARY_PATH} PYTHONPATH=/home/asd/ros2_ws/install/my_package/lib/python3.10/site-packages:${PYTHONPATH} /usr/bin/cmake --install /home/asd/ros2_ws/build/simple_div
