[0.044s] Invoking command in '/home/asd/ros2_ws/build/div': AMENT_PREFIX_PATH=/home/asd/ros2_ws/install/my_package:${AMENT_PREFIX_PATH} CMAKE_PREFIX_PATH=/home/asd/ros2_ws/install/my_package:/opt/ros/iron LD_LIBRARY_PATH=/home/asd/ros2_ws/install/my_package/lib:${LD_LIBRARY_PATH} PYTHONPATH=/home/asd/ros2_ws/install/my_package/lib/python3.10/site-packages:${PYTHONPATH} /usr/bin/cmake --build /home/asd/ros2_ws/build/div -- -j4 -l4
[0.290s] [ 50%] Built target server
[0.302s] [ 75%] [32mBuilding CXX object CMakeFiles/client.dir/src/div_client.cpp.o[0m
[16.694s] [100%] [32m[1mLinking CXX executable client[0m
[17.439s] [100%] Built target client
[17.474s] Invoked command in '/home/asd/ros2_ws/build/div' returned '0': AMENT_PREFIX_PATH=/home/asd/ros2_ws/install/my_package:${AMENT_PREFIX_PATH} CMAKE_PREFIX_PATH=/home/asd/ros2_ws/install/my_package:/opt/ros/iron LD_LIBRARY_PATH=/home/asd/ros2_ws/install/my_package/lib:${LD_LIBRARY_PATH} PYTHONPATH=/home/asd/ros2_ws/install/my_package/lib/python3.10/site-packages:${PYTHONPATH} /usr/bin/cmake --build /home/asd/ros2_ws/build/div -- -j4 -l4
[17.612s] Invoking command in '/home/asd/ros2_ws/build/div': AMENT_PREFIX_PATH=/home/asd/ros2_ws/install/my_package:${AMENT_PREFIX_PATH} CMAKE_PREFIX_PATH=/home/asd/ros2_ws/install/my_package:/opt/ros/iron LD_LIBRARY_PATH=/home/asd/ros2_ws/install/my_package/lib:${LD_LIBRARY_PATH} PYTHONPATH=/home/asd/ros2_ws/install/my_package/lib/python3.10/site-packages:${PYTHONPATH} /usr/bin/cmake --install /home/asd/ros2_ws/build/div
[17.637s] -- Install configuration: ""
[17.640s] -- Up-to-date: /home/asd/ros2_ws/install/div/lib/div/server
[17.642s] -- Installing: /home/asd/ros2_ws/install/div/lib/div/client
[17.648s] -- Set runtime path of "/home/asd/ros2_ws/install/div/lib/div/client" to ""
[17.648s] -- Up-to-date: /home/asd/ros2_ws/install/div/share/ament_index/resource_index/package_run_dependencies/div
[17.649s] -- Up-to-date: /home/asd/ros2_ws/install/div/share/ament_index/resource_index/parent_prefix_path/div
[17.649s] -- Up-to-date: /home/asd/ros2_ws/install/div/share/div/environment/ament_prefix_path.sh
[17.650s] -- Up-to-date: /home/asd/ros2_ws/install/div/share/div/environment/ament_prefix_path.dsv
[17.650s] -- Up-to-date: /home/asd/ros2_ws/install/div/share/div/environment/path.sh
[17.658s] -- Up-to-date: /home/asd/ros2_ws/install/div/share/div/environment/path.dsv
[17.658s] -- Up-to-date: /home/asd/ros2_ws/install/div/share/div/local_setup.bash
[17.658s] -- Up-to-date: /home/asd/ros2_ws/install/div/share/div/local_setup.sh
[17.659s] -- Up-to-date: /home/asd/ros2_ws/install/div/share/div/local_setup.zsh
[17.659s] -- Up-to-date: /home/asd/ros2_ws/install/div/share/div/local_setup.dsv
[17.659s] -- Installing: /home/asd/ros2_ws/install/div/share/div/package.dsv
[17.660s] -- Up-to-date: /home/asd/ros2_ws/install/div/share/ament_index/resource_index/packages/div
[17.660s] -- Up-to-date: /home/asd/ros2_ws/install/div/share/div/cmake/divConfig.cmake
[17.660s] -- Up-to-date: /home/asd/ros2_ws/install/div/share/div/cmake/divConfig-version.cmake
[17.661s] -- Up-to-date: /home/asd/ros2_ws/install/div/share/div/package.xml
[17.665s] Invoked command in '/home/asd/ros2_ws/build/div' returned '0': AMENT_PREFIX_PATH=/home/asd/ros2_ws/install/my_package:${AMENT_PREFIX_PATH} CMAKE_PREFIX_PATH=/home/asd/ros2_ws/install/my_package:/opt/ros/iron LD_LIBRARY_PATH=/home/asd/ros2_ws/install/my_package/lib:${LD_LIBRARY_PATH} PYTHONPATH=/home/asd/ros2_ws/install/my_package/lib/python3.10/site-packages:${PYTHONPATH} /usr/bin/cmake --install /home/asd/ros2_ws/build/div
