[1.060s] DEBUG:colcon:Command line arguments: ['/usr/bin/colcon', 'build', '--packages-select', 'simple_div']
[1.060s] DEBUG:colcon:Parsed command line arguments: Namespace(log_base=None, log_level=None, verb_name='build', build_base='build', install_base='install', merge_install=False, symlink_install=False, test_result_base=None, continue_on_error=False, executor='parallel', parallel_workers=4, event_handlers=None, ignore_user_meta=False, metas=['./colcon.meta'], base_paths=['.'], packages_ignore=None, packages_ignore_regex=None, paths=None, packages_up_to=None, packages_up_to_regex=None, packages_above=None, packages_above_and_dependencies=None, packages_above_depth=None, packages_select_by_dep=None, packages_skip_by_dep=None, packages_skip_up_to=None, packages_select_build_failed=False, packages_skip_build_finished=False, packages_select_test_failures=False, packages_skip_test_passed=False, packages_select=['simple_div'], packages_skip=None, packages_select_regex=None, packages_skip_regex=None, packages_start=None, packages_end=None, allow_overriding=[], cmake_args=None, cmake_target=None, cmake_target_skip_unavailable=False, cmake_clean_cache=False, cmake_clean_first=False, cmake_force_configure=False, ament_cmake_args=None, catkin_cmake_args=None, catkin_skip_building_tests=False, verb_parser=<colcon_defaults.argument_parser.defaults.DefaultArgumentsDecorator object at 0x7838ddb24550>, verb_extension=<colcon_core.verb.build.BuildVerb object at 0x7838ddb24040>, main=<bound method BuildVerb.main of <colcon_core.verb.build.BuildVerb object at 0x7838ddb24040>>)
[6.503s] Level 1:colcon.colcon_core.package_discovery:discover_packages(colcon_meta) check parameters
[6.503s] Level 1:colcon.colcon_core.package_discovery:discover_packages(recursive) check parameters
[6.503s] Level 1:colcon.colcon_core.package_discovery:discover_packages(ignore) check parameters
[6.503s] Level 1:colcon.colcon_core.package_discovery:discover_packages(path) check parameters
[6.504s] Level 1:colcon.colcon_core.package_discovery:discover_packages(colcon_meta) discover
[6.504s] Level 1:colcon.colcon_core.package_discovery:discover_packages(recursive) discover
[6.504s] INFO:colcon.colcon_core.package_discovery:Crawling recursively for packages in '/home/asd/ros2_ws'
[6.504s] Level 1:colcon.colcon_core.package_identification:_identify(.) by extensions ['ignore', 'ignore_ament_install']
[6.504s] Level 1:colcon.colcon_core.package_identification:_identify(.) by extension 'ignore'
[6.504s] Level 1:colcon.colcon_core.package_identification:_identify(.) by extension 'ignore_ament_install'
[6.505s] Level 1:colcon.colcon_core.package_identification:_identify(.) by extensions ['colcon_pkg']
[6.505s] Level 1:colcon.colcon_core.package_identification:_identify(.) by extension 'colcon_pkg'
[6.505s] Level 1:colcon.colcon_core.package_identification:_identify(.) by extensions ['colcon_meta']
[6.505s] Level 1:colcon.colcon_core.package_identification:_identify(.) by extension 'colcon_meta'
[6.505s] Level 1:colcon.colcon_core.package_identification:_identify(.) by extensions ['ros']
[6.505s] Level 1:colcon.colcon_core.package_identification:_identify(.) by extension 'ros'
[6.635s] Level 1:colcon.colcon_core.package_identification:_identify(.) by extensions ['cmake', 'python']
[6.635s] Level 1:colcon.colcon_core.package_identification:_identify(.) by extension 'cmake'
[6.635s] Level 1:colcon.colcon_core.package_identification:_identify(.) by extension 'python'
[6.635s] Level 1:colcon.colcon_core.package_identification:_identify(.) by extensions ['python_setup_py']
[6.635s] Level 1:colcon.colcon_core.package_identification:_identify(.) by extension 'python_setup_py'
[6.636s] Level 1:colcon.colcon_core.package_identification:_identify(build) by extensions ['ignore', 'ignore_ament_install']
[6.636s] Level 1:colcon.colcon_core.package_identification:_identify(build) by extension 'ignore'
[6.636s] Level 1:colcon.colcon_core.package_identification:_identify(build) ignored
[6.637s] Level 1:colcon.colcon_core.package_identification:_identify(install) by extensions ['ignore', 'ignore_ament_install']
[6.637s] Level 1:colcon.colcon_core.package_identification:_identify(install) by extension 'ignore'
[6.637s] Level 1:colcon.colcon_core.package_identification:_identify(install) ignored
[6.638s] Level 1:colcon.colcon_core.package_identification:_identify(log) by extensions ['ignore', 'ignore_ament_install']
[6.638s] Level 1:colcon.colcon_core.package_identification:_identify(log) by extension 'ignore'
[6.638s] Level 1:colcon.colcon_core.package_identification:_identify(log) ignored
[6.639s] Level 1:colcon.colcon_core.package_identification:_identify(src) by extensions ['ignore', 'ignore_ament_install']
[6.639s] Level 1:colcon.colcon_core.package_identification:_identify(src) by extension 'ignore'
[6.639s] Level 1:colcon.colcon_core.package_identification:_identify(src) by extension 'ignore_ament_install'
[6.639s] Level 1:colcon.colcon_core.package_identification:_identify(src) by extensions ['colcon_pkg']
[6.639s] Level 1:colcon.colcon_core.package_identification:_identify(src) by extension 'colcon_pkg'
[6.639s] Level 1:colcon.colcon_core.package_identification:_identify(src) by extensions ['colcon_meta']
[6.640s] Level 1:colcon.colcon_core.package_identification:_identify(src) by extension 'colcon_meta'
[6.640s] Level 1:colcon.colcon_core.package_identification:_identify(src) by extensions ['ros']
[6.640s] Level 1:colcon.colcon_core.package_identification:_identify(src) by extension 'ros'
[6.640s] Level 1:colcon.colcon_core.package_identification:_identify(src) by extensions ['cmake', 'python']
[6.640s] Level 1:colcon.colcon_core.package_identification:_identify(src) by extension 'cmake'
[6.640s] Level 1:colcon.colcon_core.package_identification:_identify(src) by extension 'python'
[6.640s] Level 1:colcon.colcon_core.package_identification:_identify(src) by extensions ['python_setup_py']
[6.641s] Level 1:colcon.colcon_core.package_identification:_identify(src) by extension 'python_setup_py'
[6.641s] Level 1:colcon.colcon_core.package_identification:_identify(src/cpp_srvcli) by extensions ['ignore', 'ignore_ament_install']
[6.641s] Level 1:colcon.colcon_core.package_identification:_identify(src/cpp_srvcli) by extension 'ignore'
[6.641s] Level 1:colcon.colcon_core.package_identification:_identify(src/cpp_srvcli) by extension 'ignore_ament_install'
[6.641s] Level 1:colcon.colcon_core.package_identification:_identify(src/cpp_srvcli) by extensions ['colcon_pkg']
[6.642s] Level 1:colcon.colcon_core.package_identification:_identify(src/cpp_srvcli) by extension 'colcon_pkg'
[6.642s] Level 1:colcon.colcon_core.package_identification:_identify(src/cpp_srvcli) by extensions ['colcon_meta']
[6.642s] Level 1:colcon.colcon_core.package_identification:_identify(src/cpp_srvcli) by extension 'colcon_meta'
[6.642s] Level 1:colcon.colcon_core.package_identification:_identify(src/cpp_srvcli) by extensions ['ros']
[6.642s] Level 1:colcon.colcon_core.package_identification:_identify(src/cpp_srvcli) by extension 'ros'
[6.669s] DEBUG:colcon.colcon_core.package_identification:Package 'src/cpp_srvcli' with type 'ros.ament_cmake' and name 'cpp_srvcli'
[6.692s] Level 1:colcon.colcon_core.package_identification:_identify(src/d2f) by extensions ['ignore', 'ignore_ament_install']
[6.692s] Level 1:colcon.colcon_core.package_identification:_identify(src/d2f) by extension 'ignore'
[6.692s] Level 1:colcon.colcon_core.package_identification:_identify(src/d2f) by extension 'ignore_ament_install'
[6.693s] Level 1:colcon.colcon_core.package_identification:_identify(src/d2f) by extensions ['colcon_pkg']
[6.693s] Level 1:colcon.colcon_core.package_identification:_identify(src/d2f) by extension 'colcon_pkg'
[6.693s] Level 1:colcon.colcon_core.package_identification:_identify(src/d2f) by extensions ['colcon_meta']
[6.693s] Level 1:colcon.colcon_core.package_identification:_identify(src/d2f) by extension 'colcon_meta'
[6.693s] Level 1:colcon.colcon_core.package_identification:_identify(src/d2f) by extensions ['ros']
[6.693s] Level 1:colcon.colcon_core.package_identification:_identify(src/d2f) by extension 'ros'
[6.696s] DEBUG:colcon.colcon_core.package_identification:Package 'src/d2f' with type 'ros.ament_cmake' and name 'd2f'
[6.697s] Level 1:colcon.colcon_core.package_identification:_identify(src/div) by extensions ['ignore', 'ignore_ament_install']
[6.697s] Level 1:colcon.colcon_core.package_identification:_identify(src/div) by extension 'ignore'
[6.698s] Level 1:colcon.colcon_core.package_identification:_identify(src/div) by extension 'ignore_ament_install'
[6.698s] Level 1:colcon.colcon_core.package_identification:_identify(src/div) by extensions ['colcon_pkg']
[6.698s] Level 1:colcon.colcon_core.package_identification:_identify(src/div) by extension 'colcon_pkg'
[6.698s] Level 1:colcon.colcon_core.package_identification:_identify(src/div) by extensions ['colcon_meta']
[6.698s] Level 1:colcon.colcon_core.package_identification:_identify(src/div) by extension 'colcon_meta'
[6.699s] Level 1:colcon.colcon_core.package_identification:_identify(src/div) by extensions ['ros']
[6.699s] Level 1:colcon.colcon_core.package_identification:_identify(src/div) by extension 'ros'
[6.725s] DEBUG:colcon.colcon_core.package_identification:Package 'src/div' with type 'ros.ament_cmake' and name 'div'
[6.725s] Level 1:colcon.colcon_core.package_identification:_identify(src/fl_div) by extensions ['ignore', 'ignore_ament_install']
[6.726s] Level 1:colcon.colcon_core.package_identification:_identify(src/fl_div) by extension 'ignore'
[6.726s] Level 1:colcon.colcon_core.package_identification:_identify(src/fl_div) by extension 'ignore_ament_install'
[6.726s] Level 1:colcon.colcon_core.package_identification:_identify(src/fl_div) by extensions ['colcon_pkg']
[6.726s] Level 1:colcon.colcon_core.package_identification:_identify(src/fl_div) by extension 'colcon_pkg'
[6.727s] Level 1:colcon.colcon_core.package_identification:_identify(src/fl_div) by extensions ['colcon_meta']
[6.727s] Level 1:colcon.colcon_core.package_identification:_identify(src/fl_div) by extension 'colcon_meta'
[6.727s] Level 1:colcon.colcon_core.package_identification:_identify(src/fl_div) by extensions ['ros']
[6.727s] Level 1:colcon.colcon_core.package_identification:_identify(src/fl_div) by extension 'ros'
[6.738s] DEBUG:colcon.colcon_core.package_identification:Package 'src/fl_div' with type 'ros.ament_cmake' and name 'fl_div'
[6.738s] Level 1:colcon.colcon_core.package_identification:_identify(src/input_numbers) by extensions ['ignore', 'ignore_ament_install']
[6.738s] Level 1:colcon.colcon_core.package_identification:_identify(src/input_numbers) by extension 'ignore'
[6.739s] Level 1:colcon.colcon_core.package_identification:_identify(src/input_numbers) by extension 'ignore_ament_install'
[6.739s] Level 1:colcon.colcon_core.package_identification:_identify(src/input_numbers) by extensions ['colcon_pkg']
[6.739s] Level 1:colcon.colcon_core.package_identification:_identify(src/input_numbers) by extension 'colcon_pkg'
[6.739s] Level 1:colcon.colcon_core.package_identification:_identify(src/input_numbers) by extensions ['colcon_meta']
[6.739s] Level 1:colcon.colcon_core.package_identification:_identify(src/input_numbers) by extension 'colcon_meta'
[6.739s] Level 1:colcon.colcon_core.package_identification:_identify(src/input_numbers) by extensions ['ros']
[6.739s] Level 1:colcon.colcon_core.package_identification:_identify(src/input_numbers) by extension 'ros'
[6.760s] DEBUG:colcon.colcon_core.package_identification:Package 'src/input_numbers' with type 'ros.ament_cmake' and name 'div'
[6.761s] Level 1:colcon.colcon_core.package_identification:_identify(src/my_package) by extensions ['ignore', 'ignore_ament_install']
[6.761s] Level 1:colcon.colcon_core.package_identification:_identify(src/my_package) by extension 'ignore'
[6.761s] Level 1:colcon.colcon_core.package_identification:_identify(src/my_package) by extension 'ignore_ament_install'
[6.761s] Level 1:colcon.colcon_core.package_identification:_identify(src/my_package) by extensions ['colcon_pkg']
[6.761s] Level 1:colcon.colcon_core.package_identification:_identify(src/my_package) by extension 'colcon_pkg'
[6.761s] Level 1:colcon.colcon_core.package_identification:_identify(src/my_package) by extensions ['colcon_meta']
[6.762s] Level 1:colcon.colcon_core.package_identification:_identify(src/my_package) by extension 'colcon_meta'
[6.762s] Level 1:colcon.colcon_core.package_identification:_identify(src/my_package) by extensions ['ros']
[6.762s] Level 1:colcon.colcon_core.package_identification:_identify(src/my_package) by extension 'ros'
[6.764s] DEBUG:colcon.colcon_core.package_identification:Package 'src/my_package' with type 'ros.ament_cmake' and name 'my_package'
[6.764s] Level 1:colcon.colcon_core.package_identification:_identify(src/simple_div) by extensions ['ignore', 'ignore_ament_install']
[6.764s] Level 1:colcon.colcon_core.package_identification:_identify(src/simple_div) by extension 'ignore'
[6.765s] Level 1:colcon.colcon_core.package_identification:_identify(src/simple_div) by extension 'ignore_ament_install'
[6.765s] Level 1:colcon.colcon_core.package_identification:_identify(src/simple_div) by extensions ['colcon_pkg']
[6.765s] Level 1:colcon.colcon_core.package_identification:_identify(src/simple_div) by extension 'colcon_pkg'
[6.765s] Level 1:colcon.colcon_core.package_identification:_identify(src/simple_div) by extensions ['colcon_meta']
[6.765s] Level 1:colcon.colcon_core.package_identification:_identify(src/simple_div) by extension 'colcon_meta'
[6.765s] Level 1:colcon.colcon_core.package_identification:_identify(src/simple_div) by extensions ['ros']
[6.766s] Level 1:colcon.colcon_core.package_identification:_identify(src/simple_div) by extension 'ros'
[6.767s] DEBUG:colcon.colcon_core.package_identification:Package 'src/simple_div' with type 'ros.ament_cmake' and name 'simple_div'
[6.767s] Level 1:colcon.colcon_core.package_discovery:discover_packages(recursive) using defaults
[6.768s] Level 1:colcon.colcon_core.package_discovery:discover_packages(ignore) discover
[6.768s] Level 1:colcon.colcon_core.package_discovery:discover_packages(ignore) using defaults
[6.768s] Level 1:colcon.colcon_core.package_discovery:discover_packages(path) discover
[6.768s] Level 1:colcon.colcon_core.package_discovery:discover_packages(path) using defaults
[6.978s] INFO:colcon.colcon_core.package_selection:Skipping not selected package 'cpp_srvcli' in 'src/cpp_srvcli'
[6.978s] INFO:colcon.colcon_core.package_selection:Skipping not selected package 'd2f' in 'src/d2f'
[6.978s] INFO:colcon.colcon_core.package_selection:Skipping not selected package 'my_package' in 'src/my_package'
[6.979s] INFO:colcon.colcon_core.package_selection:Skipping not selected package 'div' in 'src/div'
[6.979s] INFO:colcon.colcon_core.package_selection:Skipping not selected package 'div' in 'src/input_numbers'
[6.979s] INFO:colcon.colcon_core.package_selection:Skipping not selected package 'fl_div' in 'src/fl_div'
[7.006s] Level 1:colcon.colcon_core.package_discovery:discover_packages(prefix_path) check parameters
[7.006s] Level 1:colcon.colcon_core.package_discovery:discover_packages(prefix_path) discover
[7.046s] DEBUG:colcon.colcon_installed_package_information.package_discovery:Found 281 installed packages in /opt/ros/iron
[7.053s] Level 1:colcon.colcon_core.package_discovery:discover_packages(prefix_path) using defaults
[7.252s] Level 5:colcon.colcon_core.verb:set package 'simple_div' build argument 'cmake_args' from command line to 'None'
[7.252s] Level 5:colcon.colcon_core.verb:set package 'simple_div' build argument 'cmake_target' from command line to 'None'
[7.252s] Level 5:colcon.colcon_core.verb:set package 'simple_div' build argument 'cmake_target_skip_unavailable' from command line to 'False'
[7.252s] Level 5:colcon.colcon_core.verb:set package 'simple_div' build argument 'cmake_clean_cache' from command line to 'False'
[7.253s] Level 5:colcon.colcon_core.verb:set package 'simple_div' build argument 'cmake_clean_first' from command line to 'False'
[7.253s] Level 5:colcon.colcon_core.verb:set package 'simple_div' build argument 'cmake_force_configure' from command line to 'False'
[7.253s] Level 5:colcon.colcon_core.verb:set package 'simple_div' build argument 'ament_cmake_args' from command line to 'None'
[7.253s] Level 5:colcon.colcon_core.verb:set package 'simple_div' build argument 'catkin_cmake_args' from command line to 'None'
[7.253s] Level 5:colcon.colcon_core.verb:set package 'simple_div' build argument 'catkin_skip_building_tests' from command line to 'False'
[7.253s] DEBUG:colcon.colcon_core.verb:Building package 'simple_div' with the following arguments: {'ament_cmake_args': None, 'build_base': '/home/asd/ros2_ws/build/simple_div', 'catkin_cmake_args': None, 'catkin_skip_building_tests': False, 'cmake_args': None, 'cmake_clean_cache': False, 'cmake_clean_first': False, 'cmake_force_configure': False, 'cmake_target': None, 'cmake_target_skip_unavailable': False, 'install_base': '/home/asd/ros2_ws/install/simple_div', 'merge_install': False, 'path': '/home/asd/ros2_ws/src/simple_div', 'symlink_install': False, 'test_result_base': None}
[7.254s] INFO:colcon.colcon_core.executor:Executing jobs using 'parallel' executor
[7.256s] DEBUG:colcon.colcon_parallel_executor.executor.parallel:run_until_complete
[7.257s] INFO:colcon.colcon_ros.task.ament_cmake.build:Building ROS package in '/home/asd/ros2_ws/src/simple_div' with build type 'ament_cmake'
[7.257s] INFO:colcon.colcon_cmake.task.cmake.build:Building CMake package in '/home/asd/ros2_ws/src/simple_div'
[7.285s] INFO:colcon.colcon_core.plugin_system:Skipping extension 'colcon_core.shell.bat': Not used on non-Windows systems
[7.285s] INFO:colcon.colcon_core.shell:Skip shell extension 'powershell' for command environment: Not usable outside of PowerShell
[7.286s] DEBUG:colcon.colcon_core.shell:Skip shell extension 'dsv' for command environment
[7.351s] DEBUG:colcon.colcon_core.event_handler.log_command:Invoking command in '/home/asd/ros2_ws/build/simple_div': CMAKE_PREFIX_PATH=/opt/ros/iron /usr/bin/cmake --build /home/asd/ros2_ws/build/simple_div -- -j4 -l4
[40.076s] DEBUG:colcon.colcon_core.event_handler.log_command:Invoked command in '/home/asd/ros2_ws/build/simple_div' returned '0': CMAKE_PREFIX_PATH=/opt/ros/iron /usr/bin/cmake --build /home/asd/ros2_ws/build/simple_div -- -j4 -l4
[40.256s] DEBUG:colcon.colcon_core.event_handler.log_command:Invoking command in '/home/asd/ros2_ws/build/simple_div': CMAKE_PREFIX_PATH=/opt/ros/iron /usr/bin/cmake --install /home/asd/ros2_ws/build/simple_div
[40.370s] Level 1:colcon.colcon_core.environment:create_environment_scripts_only(simple_div)
[40.371s] DEBUG:colcon.colcon_core.event_handler.log_command:Invoked command in '/home/asd/ros2_ws/build/simple_div' returned '0': CMAKE_PREFIX_PATH=/opt/ros/iron /usr/bin/cmake --install /home/asd/ros2_ws/build/simple_div
[40.437s] Level 1:colcon.colcon_core.environment:checking '/home/asd/ros2_ws/install/simple_div' for CMake module files
[40.440s] Level 1:colcon.colcon_core.environment:checking '/home/asd/ros2_ws/install/simple_div' for CMake config files
[40.447s] Level 1:colcon.colcon_core.shell:create_environment_hook('simple_div', 'cmake_prefix_path')
[40.448s] INFO:colcon.colcon_core.shell:Creating environment hook '/home/asd/ros2_ws/install/simple_div/share/simple_div/hook/cmake_prefix_path.ps1'
[40.465s] INFO:colcon.colcon_core.shell:Creating environment descriptor '/home/asd/ros2_ws/install/simple_div/share/simple_div/hook/cmake_prefix_path.dsv'
[40.471s] INFO:colcon.colcon_core.shell:Creating environment hook '/home/asd/ros2_ws/install/simple_div/share/simple_div/hook/cmake_prefix_path.sh'
[40.476s] Level 1:colcon.colcon_core.environment:checking '/home/asd/ros2_ws/install/simple_div/lib'
[40.477s] Level 1:colcon.colcon_core.environment:checking '/home/asd/ros2_ws/install/simple_div/bin'
[40.477s] Level 1:colcon.colcon_core.environment:checking '/home/asd/ros2_ws/install/simple_div/lib/pkgconfig/simple_div.pc'
[40.478s] Level 1:colcon.colcon_core.environment:checking '/home/asd/ros2_ws/install/simple_div/lib/python3.10/site-packages'
[40.479s] Level 1:colcon.colcon_core.environment:checking '/home/asd/ros2_ws/install/simple_div/bin'
[40.480s] INFO:colcon.colcon_core.shell:Creating package script '/home/asd/ros2_ws/install/simple_div/share/simple_div/package.ps1'
[40.483s] INFO:colcon.colcon_core.shell:Creating package descriptor '/home/asd/ros2_ws/install/simple_div/share/simple_div/package.dsv'
[40.484s] INFO:colcon.colcon_core.shell:Creating package script '/home/asd/ros2_ws/install/simple_div/share/simple_div/package.sh'
[40.487s] INFO:colcon.colcon_core.shell:Creating package script '/home/asd/ros2_ws/install/simple_div/share/simple_div/package.bash'
[40.510s] INFO:colcon.colcon_core.shell:Creating package script '/home/asd/ros2_ws/install/simple_div/share/simple_div/package.zsh'
[40.513s] Level 1:colcon.colcon_core.environment:create_file_with_runtime_dependencies(/home/asd/ros2_ws/install/simple_div/share/colcon-core/packages/simple_div)
[40.590s] Level 1:colcon.colcon_core.environment:create_environment_scripts_only(simple_div)
[40.591s] Level 1:colcon.colcon_core.environment:checking '/home/asd/ros2_ws/install/simple_div' for CMake module files
[40.593s] Level 1:colcon.colcon_core.environment:checking '/home/asd/ros2_ws/install/simple_div' for CMake config files
[40.594s] Level 1:colcon.colcon_core.shell:create_environment_hook('simple_div', 'cmake_prefix_path')
[40.595s] INFO:colcon.colcon_core.shell:Creating environment hook '/home/asd/ros2_ws/install/simple_div/share/simple_div/hook/cmake_prefix_path.ps1'
[40.596s] INFO:colcon.colcon_core.shell:Creating environment descriptor '/home/asd/ros2_ws/install/simple_div/share/simple_div/hook/cmake_prefix_path.dsv'
[40.597s] INFO:colcon.colcon_core.shell:Creating environment hook '/home/asd/ros2_ws/install/simple_div/share/simple_div/hook/cmake_prefix_path.sh'
[40.599s] Level 1:colcon.colcon_core.environment:checking '/home/asd/ros2_ws/install/simple_div/lib'
[40.599s] Level 1:colcon.colcon_core.environment:checking '/home/asd/ros2_ws/install/simple_div/bin'
[40.599s] Level 1:colcon.colcon_core.environment:checking '/home/asd/ros2_ws/install/simple_div/lib/pkgconfig/simple_div.pc'
[40.600s] Level 1:colcon.colcon_core.environment:checking '/home/asd/ros2_ws/install/simple_div/lib/python3.10/site-packages'
[40.601s] Level 1:colcon.colcon_core.environment:checking '/home/asd/ros2_ws/install/simple_div/bin'
[40.602s] INFO:colcon.colcon_core.shell:Creating package script '/home/asd/ros2_ws/install/simple_div/share/simple_div/package.ps1'
[40.603s] INFO:colcon.colcon_core.shell:Creating package descriptor '/home/asd/ros2_ws/install/simple_div/share/simple_div/package.dsv'
[40.605s] INFO:colcon.colcon_core.shell:Creating package script '/home/asd/ros2_ws/install/simple_div/share/simple_div/package.sh'
[40.606s] INFO:colcon.colcon_core.shell:Creating package script '/home/asd/ros2_ws/install/simple_div/share/simple_div/package.bash'
[40.607s] INFO:colcon.colcon_core.shell:Creating package script '/home/asd/ros2_ws/install/simple_div/share/simple_div/package.zsh'
[40.608s] Level 1:colcon.colcon_core.environment:create_file_with_runtime_dependencies(/home/asd/ros2_ws/install/simple_div/share/colcon-core/packages/simple_div)
[40.609s] DEBUG:colcon.colcon_parallel_executor.executor.parallel:closing loop
[40.610s] DEBUG:colcon.colcon_parallel_executor.executor.parallel:loop closed
[40.610s] DEBUG:colcon.colcon_parallel_executor.executor.parallel:run_until_complete finished with '0'
[40.610s] DEBUG:colcon.colcon_core.event_reactor:joining thread
[40.697s] INFO:colcon.colcon_core.plugin_system:Skipping extension 'colcon_notification.desktop_notification.terminal_notifier': Not used on non-Darwin systems
[40.697s] INFO:colcon.colcon_core.plugin_system:Skipping extension 'colcon_notification.desktop_notification.win32': Not used on non-Windows systems
[40.697s] INFO:colcon.colcon_notification.desktop_notification:Sending desktop notification using 'notify2'
[40.731s] DEBUG:colcon.colcon_core.event_reactor:joined thread
[40.732s] INFO:colcon.colcon_core.shell:Creating prefix script '/home/asd/ros2_ws/install/local_setup.ps1'
[40.757s] INFO:colcon.colcon_core.shell:Creating prefix util module '/home/asd/ros2_ws/install/_local_setup_util_ps1.py'
[40.764s] INFO:colcon.colcon_core.shell:Creating prefix chain script '/home/asd/ros2_ws/install/setup.ps1'
[40.791s] INFO:colcon.colcon_core.shell:Creating prefix script '/home/asd/ros2_ws/install/local_setup.sh'
[40.793s] INFO:colcon.colcon_core.shell:Creating prefix util module '/home/asd/ros2_ws/install/_local_setup_util_sh.py'
[40.794s] INFO:colcon.colcon_core.shell:Creating prefix chain script '/home/asd/ros2_ws/install/setup.sh'
[40.798s] INFO:colcon.colcon_core.shell:Creating prefix script '/home/asd/ros2_ws/install/local_setup.bash'
[40.800s] INFO:colcon.colcon_core.shell:Creating prefix chain script '/home/asd/ros2_ws/install/setup.bash'
[40.803s] INFO:colcon.colcon_core.shell:Creating prefix script '/home/asd/ros2_ws/install/local_setup.zsh'
[40.805s] INFO:colcon.colcon_core.shell:Creating prefix chain script '/home/asd/ros2_ws/install/setup.zsh'
