[0.025s] Invoking command in '/home/asd/ros2_ws/build/my_robot_interfaces': /usr/bin/cmake /home/asd/ros2_ws/src/my_robot_interfaces -DCMAKE_INSTALL_PREFIX=/home/asd/ros2_ws/install/my_robot_interfaces
[0.107s] [31mCMake Error at CMakeLists.txt:5 (find_package):
[0.108s]   By not providing "Findament_cmake.cmake" in CMAKE_MODULE_PATH this project
[0.108s]   has asked CMake to find a package configuration file provided by
[0.108s]   "ament_cmake", but CMake did not find one.
[0.109s] 
[0.109s]   Could not find a package configuration file provided by "ament_cmake" with
[0.109s]   any of the following names:
[0.109s] 
[0.110s]     ament_cmakeConfig.cmake
[0.110s]     ament_cmake-config.cmake
[0.110s] 
[0.111s]   Add the installation prefix of "ament_cmake" to CMAKE_PREFIX_PATH or set
[0.111s]   "ament_cmake_DIR" to a directory containing one of the above files.  If
[0.111s]   "ament_cmake" provides a separate development package or SDK, be sure it
[0.111s]   has been installed.
[0.112s] 
[0.112s] [0m
[0.113s] -- Configuring incomplete, errors occurred!
[0.113s] See also "/home/asd/ros2_ws/build/my_robot_interfaces/CMakeFiles/CMakeOutput.log".
[0.116s] Invoked command in '/home/asd/ros2_ws/build/my_robot_interfaces' returned '1': /usr/bin/cmake /home/asd/ros2_ws/src/my_robot_interfaces -DCMAKE_INSTALL_PREFIX=/home/asd/ros2_ws/install/my_robot_interfaces
