[ 50%] [32mBuilding CXX object CMakeFiles/input_numbers.dir/src/input_numbers.cpp.o[0m
[100%] [32m[1mLinking CXX executable input_numbers[0m
[100%] Built target input_numbers
-- Install configuration: ""
-- Installing: /home/asd/ros2_ws/install/simple_div/lib/simple_div/input_numbers
-- Set runtime path of "/home/asd/ros2_ws/install/simple_div/lib/simple_div/input_numbers" to ""
-- Up-to-date: /home/asd/ros2_ws/install/simple_div/share/simple_div//launch
-- Installing: /home/asd/ros2_ws/install/simple_div/share/simple_div/package.xml
-- Installing: /home/asd/ros2_ws/install/simple_div/share/ament_index/resource_index/package_run_dependencies/simple_div
-- Installing: /home/asd/ros2_ws/install/simple_div/share/ament_index/resource_index/parent_prefix_path/simple_div
-- Up-to-date: /home/asd/ros2_ws/install/simple_div/share/simple_div/environment/ament_prefix_path.sh
-- Up-to-date: /home/asd/ros2_ws/install/simple_div/share/simple_div/environment/ament_prefix_path.dsv
-- Up-to-date: /home/asd/ros2_ws/install/simple_div/share/simple_div/environment/path.sh
-- Up-to-date: /home/asd/ros2_ws/install/simple_div/share/simple_div/environment/path.dsv
-- Up-to-date: /home/asd/ros2_ws/install/simple_div/share/simple_div/local_setup.bash
-- Up-to-date: /home/asd/ros2_ws/install/simple_div/share/simple_div/local_setup.sh
-- Up-to-date: /home/asd/ros2_ws/install/simple_div/share/simple_div/local_setup.zsh
-- Up-to-date: /home/asd/ros2_ws/install/simple_div/share/simple_div/local_setup.dsv
-- Installing: /home/asd/ros2_ws/install/simple_div/share/simple_div/package.dsv
-- Up-to-date: /home/asd/ros2_ws/install/simple_div/share/ament_index/resource_index/packages/simple_div
-- Up-to-date: /home/asd/ros2_ws/install/simple_div/share/simple_div/cmake/simple_divConfig.cmake
-- Up-to-date: /home/asd/ros2_ws/install/simple_div/share/simple_div/cmake/simple_divConfig-version.cmake
-- Up-to-date: /home/asd/ros2_ws/install/simple_div/share/simple_div/package.xml
