[  2%] Built target my_package__rosidl_generator_type_description
[35m[1mConsolidate compiler generated dependencies of target my_package__rosidl_generator_c[0m
[  2%] Built target ament_cmake_python_copy_my_package
[  4%] Built target my_package__cpp
[ 22%] Built target my_package__rosidl_generator_c
[35m[1mConsolidate compiler generated dependencies of target my_package__rosidl_typesupport_cpp[0m
[35m[1mConsolidate compiler generated dependencies of target my_package__rosidl_typesupport_fastrtps_c[0m
[35m[1mConsolidate compiler generated dependencies of target my_package__rosidl_typesupport_fastrtps_cpp[0m
[ 31%] Built target my_package__rosidl_typesupport_cpp
[ 40%] Built target my_package__rosidl_typesupport_fastrtps_cpp
[ 50%] Built target my_package__rosidl_typesupport_fastrtps_c
[35m[1mConsolidate compiler generated dependencies of target my_package__rosidl_typesupport_introspection_c[0m
[35m[1mConsolidate compiler generated dependencies of target my_package__rosidl_typesupport_c[0m
[35m[1mConsolidate compiler generated dependencies of target my_package__rosidl_typesupport_introspection_cpp[0m
[ 59%] Built target my_package__rosidl_typesupport_introspection_c
[ 68%] Built target my_package__rosidl_typesupport_c
[ 77%] Built target my_package__rosidl_typesupport_introspection_cpp
[ 77%] Built target my_package
[ 79%] Built target my_package__py
[35m[1mConsolidate compiler generated dependencies of target my_package__rosidl_generator_py[0m
[ 86%] Built target my_package__rosidl_generator_py
[35m[1mConsolidate compiler generated dependencies of target my_package__rosidl_typesupport_introspection_c__pyext[0m
[35m[1mConsolidate compiler generated dependencies of target my_package__rosidl_typesupport_fastrtps_c__pyext[0m
[35m[1mConsolidate compiler generated dependencies of target my_package__rosidl_typesupport_c__pyext[0m
[ 90%] Built target my_package__rosidl_typesupport_introspection_c__pyext
[ 95%] Built target my_package__rosidl_typesupport_fastrtps_c__pyext
[100%] Built target my_package__rosidl_typesupport_c__pyext
running egg_info
writing my_package.egg-info/PKG-INFO
writing dependency_links to my_package.egg-info/dependency_links.txt
writing top-level names to my_package.egg-info/top_level.txt
reading manifest file 'my_package.egg-info/SOURCES.txt'
writing manifest file 'my_package.egg-info/SOURCES.txt'
[100%] Built target ament_cmake_python_build_my_package_egg
-- Install configuration: ""
-- Up-to-date: /home/asd/ros2_ws/install/my_package/share/ament_index/resource_index/rosidl_interfaces/my_package
-- Up-to-date: /home/asd/ros2_ws/install/my_package/share/my_package/msg/DivideTwoFloats.json
-- Up-to-date: /home/asd/ros2_ws/install/my_package/share/my_package/srv/DivideTwoFloats.json
-- Up-to-date: /home/asd/ros2_ws/install/my_package/include/my_package/my_package
-- Up-to-date: /home/asd/ros2_ws/install/my_package/include/my_package/my_package/msg
-- Up-to-date: /home/asd/ros2_ws/install/my_package/include/my_package/my_package/msg/detail
-- Up-to-date: /home/asd/ros2_ws/install/my_package/include/my_package/my_package/msg/detail/add_two_ints2__struct.h
-- Up-to-date: /home/asd/ros2_ws/install/my_package/include/my_package/my_package/msg/detail/divide_two_floats__functions.c
-- Installing: /home/asd/ros2_ws/install/my_package/include/my_package/my_package/msg/detail/divide_two_floats__type_support.c
-- Up-to-date: /home/asd/ros2_ws/install/my_package/include/my_package/my_package/msg/detail/divide_two_floats__description.c
-- Up-to-date: /home/asd/ros2_ws/install/my_package/include/my_package/my_package/msg/detail/add_two_ints2__functions.c
-- Up-to-date: /home/asd/ros2_ws/install/my_package/include/my_package/my_package/msg/detail/divide_two_floats__functions.h
-- Up-to-date: /home/asd/ros2_ws/install/my_package/include/my_package/my_package/msg/detail/divide_two_floats__struct.h
-- Up-to-date: /home/asd/ros2_ws/install/my_package/include/my_package/my_package/msg/detail/add_two_ints2__description.c
-- Up-to-date: /home/asd/ros2_ws/install/my_package/include/my_package/my_package/msg/detail/add_two_ints2__type_support.h
-- Up-to-date: /home/asd/ros2_ws/install/my_package/include/my_package/my_package/msg/detail/divide_two_floats__type_support.h
-- Installing: /home/asd/ros2_ws/install/my_package/include/my_package/my_package/msg/detail/add_two_ints2__type_support.c
-- Up-to-date: /home/asd/ros2_ws/install/my_package/include/my_package/my_package/msg/detail/add_two_ints2__functions.h
-- Up-to-date: /home/asd/ros2_ws/install/my_package/include/my_package/my_package/msg/add_two_ints2.h
-- Up-to-date: /home/asd/ros2_ws/install/my_package/include/my_package/my_package/msg/divide_two_floats.h
-- Up-to-date: /home/asd/ros2_ws/install/my_package/include/my_package/my_package/msg/rosidl_generator_c__visibility_control.h
-- Up-to-date: /home/asd/ros2_ws/install/my_package/include/my_package/my_package/srv
-- Up-to-date: /home/asd/ros2_ws/install/my_package/include/my_package/my_package/srv/detail
-- Up-to-date: /home/asd/ros2_ws/install/my_package/include/my_package/my_package/srv/detail/add_two_ints2__struct.h
-- Up-to-date: /home/asd/ros2_ws/install/my_package/include/my_package/my_package/srv/detail/divide_two_floats__functions.c
-- Installing: /home/asd/ros2_ws/install/my_package/include/my_package/my_package/srv/detail/divide_two_floats__type_support.c
-- Up-to-date: /home/asd/ros2_ws/install/my_package/include/my_package/my_package/srv/detail/divide_two_floats__description.c
-- Up-to-date: /home/asd/ros2_ws/install/my_package/include/my_package/my_package/srv/detail/add_two_ints2__functions.c
-- Up-to-date: /home/asd/ros2_ws/install/my_package/include/my_package/my_package/srv/detail/divide_two_floats__functions.h
-- Up-to-date: /home/asd/ros2_ws/install/my_package/include/my_package/my_package/srv/detail/divide_two_floats__struct.h
-- Up-to-date: /home/asd/ros2_ws/install/my_package/include/my_package/my_package/srv/detail/add_two_ints2__description.c
-- Up-to-date: /home/asd/ros2_ws/install/my_package/include/my_package/my_package/srv/detail/add_two_ints2__type_support.h
-- Up-to-date: /home/asd/ros2_ws/install/my_package/include/my_package/my_package/srv/detail/divide_two_floats__type_support.h
-- Installing: /home/asd/ros2_ws/install/my_package/include/my_package/my_package/srv/detail/add_two_ints2__type_support.c
-- Up-to-date: /home/asd/ros2_ws/install/my_package/include/my_package/my_package/srv/detail/add_two_ints2__functions.h
-- Up-to-date: /home/asd/ros2_ws/install/my_package/include/my_package/my_package/srv/add_two_ints2.h
-- Up-to-date: /home/asd/ros2_ws/install/my_package/include/my_package/my_package/srv/divide_two_floats.h
-- Up-to-date: /home/asd/ros2_ws/install/my_package/share/my_package/environment/library_path.sh
-- Up-to-date: /home/asd/ros2_ws/install/my_package/share/my_package/environment/library_path.dsv
-- Up-to-date: /home/asd/ros2_ws/install/my_package/lib/libmy_package__rosidl_generator_c.so
-- Up-to-date: /home/asd/ros2_ws/install/my_package/include/my_package/my_package
-- Up-to-date: /home/asd/ros2_ws/install/my_package/include/my_package/my_package/msg
-- Up-to-date: /home/asd/ros2_ws/install/my_package/include/my_package/my_package/msg/detail
-- Up-to-date: /home/asd/ros2_ws/install/my_package/include/my_package/my_package/msg/detail/divide_two_floats__rosidl_typesupport_fastrtps_c.h
-- Up-to-date: /home/asd/ros2_ws/install/my_package/include/my_package/my_package/msg/detail/add_two_ints2__rosidl_typesupport_fastrtps_c.h
-- Up-to-date: /home/asd/ros2_ws/install/my_package/include/my_package/my_package/msg/rosidl_typesupport_fastrtps_c__visibility_control.h
-- Up-to-date: /home/asd/ros2_ws/install/my_package/include/my_package/my_package/srv
-- Up-to-date: /home/asd/ros2_ws/install/my_package/include/my_package/my_package/srv/detail
-- Up-to-date: /home/asd/ros2_ws/install/my_package/include/my_package/my_package/srv/detail/divide_two_floats__rosidl_typesupport_fastrtps_c.h
-- Up-to-date: /home/asd/ros2_ws/install/my_package/include/my_package/my_package/srv/detail/add_two_ints2__rosidl_typesupport_fastrtps_c.h
-- Up-to-date: /home/asd/ros2_ws/install/my_package/lib/libmy_package__rosidl_typesupport_fastrtps_c.so
-- Up-to-date: /home/asd/ros2_ws/install/my_package/include/my_package/my_package
-- Up-to-date: /home/asd/ros2_ws/install/my_package/include/my_package/my_package/msg
-- Up-to-date: /home/asd/ros2_ws/install/my_package/include/my_package/my_package/msg/add_two_ints2.hpp
-- Up-to-date: /home/asd/ros2_ws/install/my_package/include/my_package/my_package/msg/detail
-- Up-to-date: /home/asd/ros2_ws/install/my_package/include/my_package/my_package/msg/detail/add_two_ints2__traits.hpp
-- Up-to-date: /home/asd/ros2_ws/install/my_package/include/my_package/my_package/msg/detail/add_two_ints2__builder.hpp
-- Up-to-date: /home/asd/ros2_ws/install/my_package/include/my_package/my_package/msg/detail/divide_two_floats__builder.hpp
-- Up-to-date: /home/asd/ros2_ws/install/my_package/include/my_package/my_package/msg/detail/add_two_ints2__struct.hpp
-- Up-to-date: /home/asd/ros2_ws/install/my_package/include/my_package/my_package/msg/detail/divide_two_floats__traits.hpp
-- Up-to-date: /home/asd/ros2_ws/install/my_package/include/my_package/my_package/msg/detail/divide_two_floats__struct.hpp
-- Up-to-date: /home/asd/ros2_ws/install/my_package/include/my_package/my_package/msg/divide_two_floats.hpp
-- Up-to-date: /home/asd/ros2_ws/install/my_package/include/my_package/my_package/srv
-- Up-to-date: /home/asd/ros2_ws/install/my_package/include/my_package/my_package/srv/add_two_ints2.hpp
-- Up-to-date: /home/asd/ros2_ws/install/my_package/include/my_package/my_package/srv/detail
-- Up-to-date: /home/asd/ros2_ws/install/my_package/include/my_package/my_package/srv/detail/add_two_ints2__traits.hpp
-- Up-to-date: /home/asd/ros2_ws/install/my_package/include/my_package/my_package/srv/detail/add_two_ints2__builder.hpp
-- Up-to-date: /home/asd/ros2_ws/install/my_package/include/my_package/my_package/srv/detail/divide_two_floats__builder.hpp
-- Up-to-date: /home/asd/ros2_ws/install/my_package/include/my_package/my_package/srv/detail/add_two_ints2__struct.hpp
-- Up-to-date: /home/asd/ros2_ws/install/my_package/include/my_package/my_package/srv/detail/divide_two_floats__traits.hpp
-- Up-to-date: /home/asd/ros2_ws/install/my_package/include/my_package/my_package/srv/detail/divide_two_floats__struct.hpp
-- Up-to-date: /home/asd/ros2_ws/install/my_package/include/my_package/my_package/srv/divide_two_floats.hpp
-- Up-to-date: /home/asd/ros2_ws/install/my_package/include/my_package/my_package
-- Up-to-date: /home/asd/ros2_ws/install/my_package/include/my_package/my_package/msg
-- Up-to-date: /home/asd/ros2_ws/install/my_package/include/my_package/my_package/msg/detail
-- Up-to-date: /home/asd/ros2_ws/install/my_package/include/my_package/my_package/msg/detail/add_two_ints2__rosidl_typesupport_fastrtps_cpp.hpp
-- Up-to-date: /home/asd/ros2_ws/install/my_package/include/my_package/my_package/msg/detail/divide_two_floats__rosidl_typesupport_fastrtps_cpp.hpp
-- Up-to-date: /home/asd/ros2_ws/install/my_package/include/my_package/my_package/msg/detail/dds_fastrtps
-- Up-to-date: /home/asd/ros2_ws/install/my_package/include/my_package/my_package/msg/rosidl_typesupport_fastrtps_cpp__visibility_control.h
-- Up-to-date: /home/asd/ros2_ws/install/my_package/include/my_package/my_package/srv
-- Up-to-date: /home/asd/ros2_ws/install/my_package/include/my_package/my_package/srv/detail
-- Up-to-date: /home/asd/ros2_ws/install/my_package/include/my_package/my_package/srv/detail/add_two_ints2__rosidl_typesupport_fastrtps_cpp.hpp
-- Up-to-date: /home/asd/ros2_ws/install/my_package/include/my_package/my_package/srv/detail/divide_two_floats__rosidl_typesupport_fastrtps_cpp.hpp
-- Up-to-date: /home/asd/ros2_ws/install/my_package/include/my_package/my_package/srv/detail/dds_fastrtps
-- Up-to-date: /home/asd/ros2_ws/install/my_package/lib/libmy_package__rosidl_typesupport_fastrtps_cpp.so
-- Up-to-date: /home/asd/ros2_ws/install/my_package/include/my_package/my_package
-- Up-to-date: /home/asd/ros2_ws/install/my_package/include/my_package/my_package/msg
-- Up-to-date: /home/asd/ros2_ws/install/my_package/include/my_package/my_package/msg/rosidl_typesupport_introspection_c__visibility_control.h
-- Up-to-date: /home/asd/ros2_ws/install/my_package/include/my_package/my_package/msg/detail
-- Up-to-date: /home/asd/ros2_ws/install/my_package/include/my_package/my_package/msg/detail/add_two_ints2__rosidl_typesupport_introspection_c.h
-- Installing: /home/asd/ros2_ws/install/my_package/include/my_package/my_package/msg/detail/divide_two_floats__type_support.c
-- Up-to-date: /home/asd/ros2_ws/install/my_package/include/my_package/my_package/msg/detail/divide_two_floats__rosidl_typesupport_introspection_c.h
-- Installing: /home/asd/ros2_ws/install/my_package/include/my_package/my_package/msg/detail/add_two_ints2__type_support.c
-- Up-to-date: /home/asd/ros2_ws/install/my_package/include/my_package/my_package/srv
-- Up-to-date: /home/asd/ros2_ws/install/my_package/include/my_package/my_package/srv/detail
-- Up-to-date: /home/asd/ros2_ws/install/my_package/include/my_package/my_package/srv/detail/add_two_ints2__rosidl_typesupport_introspection_c.h
-- Installing: /home/asd/ros2_ws/install/my_package/include/my_package/my_package/srv/detail/divide_two_floats__type_support.c
-- Up-to-date: /home/asd/ros2_ws/install/my_package/include/my_package/my_package/srv/detail/divide_two_floats__rosidl_typesupport_introspection_c.h
-- Installing: /home/asd/ros2_ws/install/my_package/include/my_package/my_package/srv/detail/add_two_ints2__type_support.c
-- Up-to-date: /home/asd/ros2_ws/install/my_package/lib/libmy_package__rosidl_typesupport_introspection_c.so
-- Up-to-date: /home/asd/ros2_ws/install/my_package/lib/libmy_package__rosidl_typesupport_c.so
-- Up-to-date: /home/asd/ros2_ws/install/my_package/include/my_package/my_package
-- Up-to-date: /home/asd/ros2_ws/install/my_package/include/my_package/my_package/msg
-- Up-to-date: /home/asd/ros2_ws/install/my_package/include/my_package/my_package/msg/detail
-- Up-to-date: /home/asd/ros2_ws/install/my_package/include/my_package/my_package/msg/detail/add_two_ints2__rosidl_typesupport_introspection_cpp.hpp
-- Up-to-date: /home/asd/ros2_ws/install/my_package/include/my_package/my_package/msg/detail/add_two_ints2__type_support.cpp
-- Up-to-date: /home/asd/ros2_ws/install/my_package/include/my_package/my_package/msg/detail/divide_two_floats__type_support.cpp
-- Up-to-date: /home/asd/ros2_ws/install/my_package/include/my_package/my_package/msg/detail/divide_two_floats__rosidl_typesupport_introspection_cpp.hpp
-- Up-to-date: /home/asd/ros2_ws/install/my_package/include/my_package/my_package/srv
-- Up-to-date: /home/asd/ros2_ws/install/my_package/include/my_package/my_package/srv/detail
-- Up-to-date: /home/asd/ros2_ws/install/my_package/include/my_package/my_package/srv/detail/add_two_ints2__rosidl_typesupport_introspection_cpp.hpp
-- Up-to-date: /home/asd/ros2_ws/install/my_package/include/my_package/my_package/srv/detail/add_two_ints2__type_support.cpp
-- Up-to-date: /home/asd/ros2_ws/install/my_package/include/my_package/my_package/srv/detail/divide_two_floats__type_support.cpp
-- Up-to-date: /home/asd/ros2_ws/install/my_package/include/my_package/my_package/srv/detail/divide_two_floats__rosidl_typesupport_introspection_cpp.hpp
-- Up-to-date: /home/asd/ros2_ws/install/my_package/lib/libmy_package__rosidl_typesupport_introspection_cpp.so
-- Up-to-date: /home/asd/ros2_ws/install/my_package/lib/libmy_package__rosidl_typesupport_cpp.so
-- Up-to-date: /home/asd/ros2_ws/install/my_package/share/my_package/environment/pythonpath.sh
-- Up-to-date: /home/asd/ros2_ws/install/my_package/share/my_package/environment/pythonpath.dsv
-- Up-to-date: /home/asd/ros2_ws/install/my_package/lib/python3.10/site-packages/my_package-0.0.0-py3.10.egg-info
-- Installing: /home/asd/ros2_ws/install/my_package/lib/python3.10/site-packages/my_package-0.0.0-py3.10.egg-info/SOURCES.txt
-- Installing: /home/asd/ros2_ws/install/my_package/lib/python3.10/site-packages/my_package-0.0.0-py3.10.egg-info/top_level.txt
-- Installing: /home/asd/ros2_ws/install/my_package/lib/python3.10/site-packages/my_package-0.0.0-py3.10.egg-info/PKG-INFO
-- Installing: /home/asd/ros2_ws/install/my_package/lib/python3.10/site-packages/my_package-0.0.0-py3.10.egg-info/dependency_links.txt
-- Up-to-date: /home/asd/ros2_ws/install/my_package/lib/python3.10/site-packages/my_package
-- Up-to-date: /home/asd/ros2_ws/install/my_package/lib/python3.10/site-packages/my_package/my_package_s__rosidl_typesupport_fastrtps_c.cpython-310-x86_64-linux-gnu.so
-- Up-to-date: /home/asd/ros2_ws/install/my_package/lib/python3.10/site-packages/my_package/msg
-- Up-to-date: /home/asd/ros2_ws/install/my_package/lib/python3.10/site-packages/my_package/msg/_divide_two_floats.py
-- Up-to-date: /home/asd/ros2_ws/install/my_package/lib/python3.10/site-packages/my_package/msg/_add_two_ints2_s.c
-- Up-to-date: /home/asd/ros2_ws/install/my_package/lib/python3.10/site-packages/my_package/msg/__init__.py
-- Up-to-date: /home/asd/ros2_ws/install/my_package/lib/python3.10/site-packages/my_package/msg/_add_two_ints2.py
-- Up-to-date: /home/asd/ros2_ws/install/my_package/lib/python3.10/site-packages/my_package/msg/_divide_two_floats_s.c
-- Up-to-date: /home/asd/ros2_ws/install/my_package/lib/python3.10/site-packages/my_package/my_package_s__rosidl_typesupport_introspection_c.cpython-310-x86_64-linux-gnu.so
-- Up-to-date: /home/asd/ros2_ws/install/my_package/lib/python3.10/site-packages/my_package/__init__.py
-- Up-to-date: /home/asd/ros2_ws/install/my_package/lib/python3.10/site-packages/my_package/_my_package_s.ep.rosidl_typesupport_introspection_c.c
-- Up-to-date: /home/asd/ros2_ws/install/my_package/lib/python3.10/site-packages/my_package/srv
-- Up-to-date: /home/asd/ros2_ws/install/my_package/lib/python3.10/site-packages/my_package/srv/_divide_two_floats.py
-- Up-to-date: /home/asd/ros2_ws/install/my_package/lib/python3.10/site-packages/my_package/srv/_add_two_ints2_s.c
-- Up-to-date: /home/asd/ros2_ws/install/my_package/lib/python3.10/site-packages/my_package/srv/__init__.py
-- Up-to-date: /home/asd/ros2_ws/install/my_package/lib/python3.10/site-packages/my_package/srv/_add_two_ints2.py
-- Up-to-date: /home/asd/ros2_ws/install/my_package/lib/python3.10/site-packages/my_package/srv/_divide_two_floats_s.c
-- Up-to-date: /home/asd/ros2_ws/install/my_package/lib/python3.10/site-packages/my_package/my_package_s__rosidl_typesupport_c.cpython-310-x86_64-linux-gnu.so
-- Up-to-date: /home/asd/ros2_ws/install/my_package/lib/python3.10/site-packages/my_package/libmy_package__rosidl_generator_py.so
-- Up-to-date: /home/asd/ros2_ws/install/my_package/lib/python3.10/site-packages/my_package/_my_package_s.ep.rosidl_typesupport_fastrtps_c.c
-- Up-to-date: /home/asd/ros2_ws/install/my_package/lib/python3.10/site-packages/my_package/_my_package_s.ep.rosidl_typesupport_c.c
Listing '/home/asd/ros2_ws/install/my_package/lib/python3.10/site-packages/my_package'...
Listing '/home/asd/ros2_ws/install/my_package/lib/python3.10/site-packages/my_package/msg'...
Listing '/home/asd/ros2_ws/install/my_package/lib/python3.10/site-packages/my_package/srv'...
-- Up-to-date: /home/asd/ros2_ws/install/my_package/lib/python3.10/site-packages/my_package/my_package_s__rosidl_typesupport_fastrtps_c.cpython-310-x86_64-linux-gnu.so
-- Up-to-date: /home/asd/ros2_ws/install/my_package/lib/python3.10/site-packages/my_package/my_package_s__rosidl_typesupport_introspection_c.cpython-310-x86_64-linux-gnu.so
-- Up-to-date: /home/asd/ros2_ws/install/my_package/lib/python3.10/site-packages/my_package/my_package_s__rosidl_typesupport_c.cpython-310-x86_64-linux-gnu.so
-- Up-to-date: /home/asd/ros2_ws/install/my_package/lib/libmy_package__rosidl_generator_py.so
-- Up-to-date: /home/asd/ros2_ws/install/my_package/share/my_package/msg/DivideTwoFloats.idl
-- Up-to-date: /home/asd/ros2_ws/install/my_package/share/my_package/srv/DivideTwoFloats.idl
-- Up-to-date: /home/asd/ros2_ws/install/my_package/share/my_package/msg/DivideTwoFloats.msg
-- Up-to-date: /home/asd/ros2_ws/install/my_package/share/my_package/srv/DivideTwoFloats.srv
-- Up-to-date: /home/asd/ros2_ws/install/my_package/share/my_package/srv/DivideTwoFloats_Request.msg
-- Up-to-date: /home/asd/ros2_ws/install/my_package/share/my_package/srv/DivideTwoFloats_Response.msg
-- Up-to-date: /home/asd/ros2_ws/install/my_package/share/ament_index/resource_index/package_run_dependencies/my_package
-- Up-to-date: /home/asd/ros2_ws/install/my_package/share/ament_index/resource_index/parent_prefix_path/my_package
-- Up-to-date: /home/asd/ros2_ws/install/my_package/share/my_package/environment/ament_prefix_path.sh
-- Up-to-date: /home/asd/ros2_ws/install/my_package/share/my_package/environment/ament_prefix_path.dsv
-- Up-to-date: /home/asd/ros2_ws/install/my_package/share/my_package/environment/path.sh
-- Up-to-date: /home/asd/ros2_ws/install/my_package/share/my_package/environment/path.dsv
-- Up-to-date: /home/asd/ros2_ws/install/my_package/share/my_package/local_setup.bash
-- Up-to-date: /home/asd/ros2_ws/install/my_package/share/my_package/local_setup.sh
-- Up-to-date: /home/asd/ros2_ws/install/my_package/share/my_package/local_setup.zsh
-- Up-to-date: /home/asd/ros2_ws/install/my_package/share/my_package/local_setup.dsv
-- Installing: /home/asd/ros2_ws/install/my_package/share/my_package/package.dsv
-- Up-to-date: /home/asd/ros2_ws/install/my_package/share/ament_index/resource_index/packages/my_package
-- Up-to-date: /home/asd/ros2_ws/install/my_package/share/my_package/cmake/export_my_package__rosidl_generator_cExport.cmake
-- Up-to-date: /home/asd/ros2_ws/install/my_package/share/my_package/cmake/export_my_package__rosidl_generator_cExport-noconfig.cmake
-- Up-to-date: /home/asd/ros2_ws/install/my_package/share/my_package/cmake/export_my_package__rosidl_typesupport_fastrtps_cExport.cmake
-- Up-to-date: /home/asd/ros2_ws/install/my_package/share/my_package/cmake/export_my_package__rosidl_typesupport_fastrtps_cExport-noconfig.cmake
-- Up-to-date: /home/asd/ros2_ws/install/my_package/share/my_package/cmake/export_my_package__rosidl_generator_cppExport.cmake
-- Up-to-date: /home/asd/ros2_ws/install/my_package/share/my_package/cmake/export_my_package__rosidl_typesupport_fastrtps_cppExport.cmake
-- Up-to-date: /home/asd/ros2_ws/install/my_package/share/my_package/cmake/export_my_package__rosidl_typesupport_fastrtps_cppExport-noconfig.cmake
-- Up-to-date: /home/asd/ros2_ws/install/my_package/share/my_package/cmake/my_package__rosidl_typesupport_introspection_cExport.cmake
-- Up-to-date: /home/asd/ros2_ws/install/my_package/share/my_package/cmake/my_package__rosidl_typesupport_introspection_cExport-noconfig.cmake
-- Up-to-date: /home/asd/ros2_ws/install/my_package/share/my_package/cmake/my_package__rosidl_typesupport_cExport.cmake
-- Up-to-date: /home/asd/ros2_ws/install/my_package/share/my_package/cmake/my_package__rosidl_typesupport_cExport-noconfig.cmake
-- Up-to-date: /home/asd/ros2_ws/install/my_package/share/my_package/cmake/my_package__rosidl_typesupport_introspection_cppExport.cmake
-- Up-to-date: /home/asd/ros2_ws/install/my_package/share/my_package/cmake/my_package__rosidl_typesupport_introspection_cppExport-noconfig.cmake
-- Up-to-date: /home/asd/ros2_ws/install/my_package/share/my_package/cmake/my_package__rosidl_typesupport_cppExport.cmake
-- Up-to-date: /home/asd/ros2_ws/install/my_package/share/my_package/cmake/my_package__rosidl_typesupport_cppExport-noconfig.cmake
-- Up-to-date: /home/asd/ros2_ws/install/my_package/share/my_package/cmake/export_my_package__rosidl_generator_pyExport.cmake
-- Up-to-date: /home/asd/ros2_ws/install/my_package/share/my_package/cmake/export_my_package__rosidl_generator_pyExport-noconfig.cmake
-- Up-to-date: /home/asd/ros2_ws/install/my_package/share/my_package/cmake/rosidl_cmake-extras.cmake
-- Up-to-date: /home/asd/ros2_ws/install/my_package/share/my_package/cmake/ament_cmake_export_dependencies-extras.cmake
-- Up-to-date: /home/asd/ros2_ws/install/my_package/share/my_package/cmake/ament_cmake_export_include_directories-extras.cmake
-- Up-to-date: /home/asd/ros2_ws/install/my_package/share/my_package/cmake/ament_cmake_export_libraries-extras.cmake
-- Up-to-date: /home/asd/ros2_ws/install/my_package/share/my_package/cmake/ament_cmake_export_targets-extras.cmake
-- Up-to-date: /home/asd/ros2_ws/install/my_package/share/my_package/cmake/rosidl_cmake_export_typesupport_targets-extras.cmake
-- Up-to-date: /home/asd/ros2_ws/install/my_package/share/my_package/cmake/rosidl_cmake_export_typesupport_libraries-extras.cmake
-- Up-to-date: /home/asd/ros2_ws/install/my_package/share/my_package/cmake/my_packageConfig.cmake
-- Up-to-date: /home/asd/ros2_ws/install/my_package/share/my_package/cmake/my_packageConfig-version.cmake
-- Up-to-date: /home/asd/ros2_ws/install/my_package/share/my_package/package.xml
