[0.040s] Invoking command in '/home/asd/ros2_ws/build/my_package': CMAKE_PREFIX_PATH=/opt/ros/iron /usr/bin/cmake --build /home/asd/ros2_ws/build/my_package -- -j4 -l4
[0.261s] [  2%] Built target my_package__rosidl_generator_type_description
[0.312s] [35m[1mConsolidate compiler generated dependencies of target my_package__rosidl_generator_c[0m
[0.315s] [  2%] Built target ament_cmake_python_copy_my_package
[0.349s] [  4%] Built target my_package__cpp
[0.364s] [ 22%] Built target my_package__rosidl_generator_c
[0.408s] [35m[1mConsolidate compiler generated dependencies of target my_package__rosidl_typesupport_cpp[0m
[0.413s] [35m[1mConsolidate compiler generated dependencies of target my_package__rosidl_typesupport_fastrtps_c[0m
[0.416s] [35m[1mConsolidate compiler generated dependencies of target my_package__rosidl_typesupport_fastrtps_cpp[0m
[0.469s] [ 31%] Built target my_package__rosidl_typesupport_cpp
[0.487s] [ 40%] Built target my_package__rosidl_typesupport_fastrtps_cpp
[0.487s] [ 50%] Built target my_package__rosidl_typesupport_fastrtps_c
[0.517s] [35m[1mConsolidate compiler generated dependencies of target my_package__rosidl_typesupport_introspection_c[0m
[0.527s] [35m[1mConsolidate compiler generated dependencies of target my_package__rosidl_typesupport_c[0m
[0.529s] [35m[1mConsolidate compiler generated dependencies of target my_package__rosidl_typesupport_introspection_cpp[0m
[0.565s] [ 59%] Built target my_package__rosidl_typesupport_introspection_c
[0.575s] [ 68%] Built target my_package__rosidl_typesupport_c
[0.591s] [ 77%] Built target my_package__rosidl_typesupport_introspection_cpp
[0.658s] [ 77%] Built target my_package
[0.723s] [ 79%] Built target my_package__py
[0.768s] [35m[1mConsolidate compiler generated dependencies of target my_package__rosidl_generator_py[0m
[0.821s] [ 86%] Built target my_package__rosidl_generator_py
[0.869s] [35m[1mConsolidate compiler generated dependencies of target my_package__rosidl_typesupport_introspection_c__pyext[0m
[0.872s] [35m[1mConsolidate compiler generated dependencies of target my_package__rosidl_typesupport_fastrtps_c__pyext[0m
[0.877s] [35m[1mConsolidate compiler generated dependencies of target my_package__rosidl_typesupport_c__pyext[0m
[0.920s] [ 90%] Built target my_package__rosidl_typesupport_introspection_c__pyext
[0.921s] [ 95%] Built target my_package__rosidl_typesupport_fastrtps_c__pyext
[0.925s] [100%] Built target my_package__rosidl_typesupport_c__pyext
[1.310s] running egg_info
[1.313s] writing my_package.egg-info/PKG-INFO
[1.314s] writing dependency_links to my_package.egg-info/dependency_links.txt
[1.315s] writing top-level names to my_package.egg-info/top_level.txt
[1.322s] reading manifest file 'my_package.egg-info/SOURCES.txt'
[1.325s] writing manifest file 'my_package.egg-info/SOURCES.txt'
[1.422s] [100%] Built target ament_cmake_python_build_my_package_egg
[1.459s] Invoked command in '/home/asd/ros2_ws/build/my_package' returned '0': CMAKE_PREFIX_PATH=/opt/ros/iron /usr/bin/cmake --build /home/asd/ros2_ws/build/my_package -- -j4 -l4
[1.766s] Invoking command in '/home/asd/ros2_ws/build/my_package': CMAKE_PREFIX_PATH=/opt/ros/iron /usr/bin/cmake --install /home/asd/ros2_ws/build/my_package
[1.791s] -- Install configuration: ""
[1.792s] -- Up-to-date: /home/asd/ros2_ws/install/my_package/share/ament_index/resource_index/rosidl_interfaces/my_package
[1.792s] -- Up-to-date: /home/asd/ros2_ws/install/my_package/share/my_package/msg/DivideTwoFloats.json
[1.793s] -- Up-to-date: /home/asd/ros2_ws/install/my_package/share/my_package/srv/DivideTwoFloats.json
[1.793s] -- Up-to-date: /home/asd/ros2_ws/install/my_package/include/my_package/my_package
[1.793s] -- Up-to-date: /home/asd/ros2_ws/install/my_package/include/my_package/my_package/msg
[1.794s] -- Up-to-date: /home/asd/ros2_ws/install/my_package/include/my_package/my_package/msg/detail
[1.794s] -- Up-to-date: /home/asd/ros2_ws/install/my_package/include/my_package/my_package/msg/detail/add_two_ints2__struct.h
[1.794s] -- Up-to-date: /home/asd/ros2_ws/install/my_package/include/my_package/my_package/msg/detail/divide_two_floats__functions.c
[1.795s] -- Installing: /home/asd/ros2_ws/install/my_package/include/my_package/my_package/msg/detail/divide_two_floats__type_support.c
[1.795s] -- Up-to-date: /home/asd/ros2_ws/install/my_package/include/my_package/my_package/msg/detail/divide_two_floats__description.c
[1.795s] -- Up-to-date: /home/asd/ros2_ws/install/my_package/include/my_package/my_package/msg/detail/add_two_ints2__functions.c
[1.796s] -- Up-to-date: /home/asd/ros2_ws/install/my_package/include/my_package/my_package/msg/detail/divide_two_floats__functions.h
[1.796s] -- Up-to-date: /home/asd/ros2_ws/install/my_package/include/my_package/my_package/msg/detail/divide_two_floats__struct.h
[1.796s] -- Up-to-date: /home/asd/ros2_ws/install/my_package/include/my_package/my_package/msg/detail/add_two_ints2__description.c
[1.797s] -- Up-to-date: /home/asd/ros2_ws/install/my_package/include/my_package/my_package/msg/detail/add_two_ints2__type_support.h
[1.797s] -- Up-to-date: /home/asd/ros2_ws/install/my_package/include/my_package/my_package/msg/detail/divide_two_floats__type_support.h
[1.798s] -- Installing: /home/asd/ros2_ws/install/my_package/include/my_package/my_package/msg/detail/add_two_ints2__type_support.c
[1.798s] -- Up-to-date: /home/asd/ros2_ws/install/my_package/include/my_package/my_package/msg/detail/add_two_ints2__functions.h
[1.798s] -- Up-to-date: /home/asd/ros2_ws/install/my_package/include/my_package/my_package/msg/add_two_ints2.h
[1.799s] -- Up-to-date: /home/asd/ros2_ws/install/my_package/include/my_package/my_package/msg/divide_two_floats.h
[1.799s] -- Up-to-date: /home/asd/ros2_ws/install/my_package/include/my_package/my_package/msg/rosidl_generator_c__visibility_control.h
[1.799s] -- Up-to-date: /home/asd/ros2_ws/install/my_package/include/my_package/my_package/srv
[1.800s] -- Up-to-date: /home/asd/ros2_ws/install/my_package/include/my_package/my_package/srv/detail
[1.800s] -- Up-to-date: /home/asd/ros2_ws/install/my_package/include/my_package/my_package/srv/detail/add_two_ints2__struct.h
[1.800s] -- Up-to-date: /home/asd/ros2_ws/install/my_package/include/my_package/my_package/srv/detail/divide_two_floats__functions.c
[1.801s] -- Installing: /home/asd/ros2_ws/install/my_package/include/my_package/my_package/srv/detail/divide_two_floats__type_support.c
[1.801s] -- Up-to-date: /home/asd/ros2_ws/install/my_package/include/my_package/my_package/srv/detail/divide_two_floats__description.c
[1.801s] -- Up-to-date: /home/asd/ros2_ws/install/my_package/include/my_package/my_package/srv/detail/add_two_ints2__functions.c
[1.802s] -- Up-to-date: /home/asd/ros2_ws/install/my_package/include/my_package/my_package/srv/detail/divide_two_floats__functions.h
[1.802s] -- Up-to-date: /home/asd/ros2_ws/install/my_package/include/my_package/my_package/srv/detail/divide_two_floats__struct.h
[1.802s] -- Up-to-date: /home/asd/ros2_ws/install/my_package/include/my_package/my_package/srv/detail/add_two_ints2__description.c
[1.803s] -- Up-to-date: /home/asd/ros2_ws/install/my_package/include/my_package/my_package/srv/detail/add_two_ints2__type_support.h
[1.803s] -- Up-to-date: /home/asd/ros2_ws/install/my_package/include/my_package/my_package/srv/detail/divide_two_floats__type_support.h
[1.803s] -- Installing: /home/asd/ros2_ws/install/my_package/include/my_package/my_package/srv/detail/add_two_ints2__type_support.c
[1.804s] -- Up-to-date: /home/asd/ros2_ws/install/my_package/include/my_package/my_package/srv/detail/add_two_ints2__functions.h
[1.804s] -- Up-to-date: /home/asd/ros2_ws/install/my_package/include/my_package/my_package/srv/add_two_ints2.h
[1.804s] -- Up-to-date: /home/asd/ros2_ws/install/my_package/include/my_package/my_package/srv/divide_two_floats.h
[1.805s] -- Up-to-date: /home/asd/ros2_ws/install/my_package/share/my_package/environment/library_path.sh
[1.805s] -- Up-to-date: /home/asd/ros2_ws/install/my_package/share/my_package/environment/library_path.dsv
[1.806s] -- Up-to-date: /home/asd/ros2_ws/install/my_package/lib/libmy_package__rosidl_generator_c.so
[1.806s] -- Up-to-date: /home/asd/ros2_ws/install/my_package/include/my_package/my_package
[1.806s] -- Up-to-date: /home/asd/ros2_ws/install/my_package/include/my_package/my_package/msg
[1.807s] -- Up-to-date: /home/asd/ros2_ws/install/my_package/include/my_package/my_package/msg/detail
[1.807s] -- Up-to-date: /home/asd/ros2_ws/install/my_package/include/my_package/my_package/msg/detail/divide_two_floats__rosidl_typesupport_fastrtps_c.h
[1.807s] -- Up-to-date: /home/asd/ros2_ws/install/my_package/include/my_package/my_package/msg/detail/add_two_ints2__rosidl_typesupport_fastrtps_c.h
[1.808s] -- Up-to-date: /home/asd/ros2_ws/install/my_package/include/my_package/my_package/msg/rosidl_typesupport_fastrtps_c__visibility_control.h
[1.808s] -- Up-to-date: /home/asd/ros2_ws/install/my_package/include/my_package/my_package/srv
[1.809s] -- Up-to-date: /home/asd/ros2_ws/install/my_package/include/my_package/my_package/srv/detail
[1.809s] -- Up-to-date: /home/asd/ros2_ws/install/my_package/include/my_package/my_package/srv/detail/divide_two_floats__rosidl_typesupport_fastrtps_c.h
[1.809s] -- Up-to-date: /home/asd/ros2_ws/install/my_package/include/my_package/my_package/srv/detail/add_two_ints2__rosidl_typesupport_fastrtps_c.h
[1.810s] -- Up-to-date: /home/asd/ros2_ws/install/my_package/lib/libmy_package__rosidl_typesupport_fastrtps_c.so
[1.810s] -- Up-to-date: /home/asd/ros2_ws/install/my_package/include/my_package/my_package
[1.811s] -- Up-to-date: /home/asd/ros2_ws/install/my_package/include/my_package/my_package/msg
[1.811s] -- Up-to-date: /home/asd/ros2_ws/install/my_package/include/my_package/my_package/msg/add_two_ints2.hpp
[1.811s] -- Up-to-date: /home/asd/ros2_ws/install/my_package/include/my_package/my_package/msg/detail
[1.812s] -- Up-to-date: /home/asd/ros2_ws/install/my_package/include/my_package/my_package/msg/detail/add_two_ints2__traits.hpp
[1.812s] -- Up-to-date: /home/asd/ros2_ws/install/my_package/include/my_package/my_package/msg/detail/add_two_ints2__builder.hpp
[1.812s] -- Up-to-date: /home/asd/ros2_ws/install/my_package/include/my_package/my_package/msg/detail/divide_two_floats__builder.hpp
[1.812s] -- Up-to-date: /home/asd/ros2_ws/install/my_package/include/my_package/my_package/msg/detail/add_two_ints2__struct.hpp
[1.813s] -- Up-to-date: /home/asd/ros2_ws/install/my_package/include/my_package/my_package/msg/detail/divide_two_floats__traits.hpp
[1.813s] -- Up-to-date: /home/asd/ros2_ws/install/my_package/include/my_package/my_package/msg/detail/divide_two_floats__struct.hpp
[1.813s] -- Up-to-date: /home/asd/ros2_ws/install/my_package/include/my_package/my_package/msg/divide_two_floats.hpp
[1.814s] -- Up-to-date: /home/asd/ros2_ws/install/my_package/include/my_package/my_package/srv
[1.814s] -- Up-to-date: /home/asd/ros2_ws/install/my_package/include/my_package/my_package/srv/add_two_ints2.hpp
[1.815s] -- Up-to-date: /home/asd/ros2_ws/install/my_package/include/my_package/my_package/srv/detail
[1.815s] -- Up-to-date: /home/asd/ros2_ws/install/my_package/include/my_package/my_package/srv/detail/add_two_ints2__traits.hpp
[1.815s] -- Up-to-date: /home/asd/ros2_ws/install/my_package/include/my_package/my_package/srv/detail/add_two_ints2__builder.hpp
[1.816s] -- Up-to-date: /home/asd/ros2_ws/install/my_package/include/my_package/my_package/srv/detail/divide_two_floats__builder.hpp
[1.816s] -- Up-to-date: /home/asd/ros2_ws/install/my_package/include/my_package/my_package/srv/detail/add_two_ints2__struct.hpp
[1.816s] -- Up-to-date: /home/asd/ros2_ws/install/my_package/include/my_package/my_package/srv/detail/divide_two_floats__traits.hpp
[1.816s] -- Up-to-date: /home/asd/ros2_ws/install/my_package/include/my_package/my_package/srv/detail/divide_two_floats__struct.hpp
[1.817s] -- Up-to-date: /home/asd/ros2_ws/install/my_package/include/my_package/my_package/srv/divide_two_floats.hpp
[1.817s] -- Up-to-date: /home/asd/ros2_ws/install/my_package/include/my_package/my_package
[1.817s] -- Up-to-date: /home/asd/ros2_ws/install/my_package/include/my_package/my_package/msg
[1.818s] -- Up-to-date: /home/asd/ros2_ws/install/my_package/include/my_package/my_package/msg/detail
[1.819s] -- Up-to-date: /home/asd/ros2_ws/install/my_package/include/my_package/my_package/msg/detail/add_two_ints2__rosidl_typesupport_fastrtps_cpp.hpp
[1.819s] -- Up-to-date: /home/asd/ros2_ws/install/my_package/include/my_package/my_package/msg/detail/divide_two_floats__rosidl_typesupport_fastrtps_cpp.hpp
[1.819s] -- Up-to-date: /home/asd/ros2_ws/install/my_package/include/my_package/my_package/msg/detail/dds_fastrtps
[1.820s] -- Up-to-date: /home/asd/ros2_ws/install/my_package/include/my_package/my_package/msg/rosidl_typesupport_fastrtps_cpp__visibility_control.h
[1.820s] -- Up-to-date: /home/asd/ros2_ws/install/my_package/include/my_package/my_package/srv
[1.820s] -- Up-to-date: /home/asd/ros2_ws/install/my_package/include/my_package/my_package/srv/detail
[1.821s] -- Up-to-date: /home/asd/ros2_ws/install/my_package/include/my_package/my_package/srv/detail/add_two_ints2__rosidl_typesupport_fastrtps_cpp.hpp
[1.821s] -- Up-to-date: /home/asd/ros2_ws/install/my_package/include/my_package/my_package/srv/detail/divide_two_floats__rosidl_typesupport_fastrtps_cpp.hpp
[1.821s] -- Up-to-date: /home/asd/ros2_ws/install/my_package/include/my_package/my_package/srv/detail/dds_fastrtps
[1.822s] -- Up-to-date: /home/asd/ros2_ws/install/my_package/lib/libmy_package__rosidl_typesupport_fastrtps_cpp.so
[1.822s] -- Up-to-date: /home/asd/ros2_ws/install/my_package/include/my_package/my_package
[1.822s] -- Up-to-date: /home/asd/ros2_ws/install/my_package/include/my_package/my_package/msg
[1.823s] -- Up-to-date: /home/asd/ros2_ws/install/my_package/include/my_package/my_package/msg/rosidl_typesupport_introspection_c__visibility_control.h
[1.823s] -- Up-to-date: /home/asd/ros2_ws/install/my_package/include/my_package/my_package/msg/detail
[1.823s] -- Up-to-date: /home/asd/ros2_ws/install/my_package/include/my_package/my_package/msg/detail/add_two_ints2__rosidl_typesupport_introspection_c.h
[1.824s] -- Installing: /home/asd/ros2_ws/install/my_package/include/my_package/my_package/msg/detail/divide_two_floats__type_support.c
[1.824s] -- Up-to-date: /home/asd/ros2_ws/install/my_package/include/my_package/my_package/msg/detail/divide_two_floats__rosidl_typesupport_introspection_c.h
[1.824s] -- Installing: /home/asd/ros2_ws/install/my_package/include/my_package/my_package/msg/detail/add_two_ints2__type_support.c
[1.824s] -- Up-to-date: /home/asd/ros2_ws/install/my_package/include/my_package/my_package/srv
[1.825s] -- Up-to-date: /home/asd/ros2_ws/install/my_package/include/my_package/my_package/srv/detail
[1.825s] -- Up-to-date: /home/asd/ros2_ws/install/my_package/include/my_package/my_package/srv/detail/add_two_ints2__rosidl_typesupport_introspection_c.h
[1.825s] -- Installing: /home/asd/ros2_ws/install/my_package/include/my_package/my_package/srv/detail/divide_two_floats__type_support.c
[1.825s] -- Up-to-date: /home/asd/ros2_ws/install/my_package/include/my_package/my_package/srv/detail/divide_two_floats__rosidl_typesupport_introspection_c.h
[1.826s] -- Installing: /home/asd/ros2_ws/install/my_package/include/my_package/my_package/srv/detail/add_two_ints2__type_support.c
[1.826s] -- Up-to-date: /home/asd/ros2_ws/install/my_package/lib/libmy_package__rosidl_typesupport_introspection_c.so
[1.826s] -- Up-to-date: /home/asd/ros2_ws/install/my_package/lib/libmy_package__rosidl_typesupport_c.so
[1.827s] -- Up-to-date: /home/asd/ros2_ws/install/my_package/include/my_package/my_package
[1.827s] -- Up-to-date: /home/asd/ros2_ws/install/my_package/include/my_package/my_package/msg
[1.827s] -- Up-to-date: /home/asd/ros2_ws/install/my_package/include/my_package/my_package/msg/detail
[1.827s] -- Up-to-date: /home/asd/ros2_ws/install/my_package/include/my_package/my_package/msg/detail/add_two_ints2__rosidl_typesupport_introspection_cpp.hpp
[1.828s] -- Up-to-date: /home/asd/ros2_ws/install/my_package/include/my_package/my_package/msg/detail/add_two_ints2__type_support.cpp
[1.828s] -- Up-to-date: /home/asd/ros2_ws/install/my_package/include/my_package/my_package/msg/detail/divide_two_floats__type_support.cpp
[1.828s] -- Up-to-date: /home/asd/ros2_ws/install/my_package/include/my_package/my_package/msg/detail/divide_two_floats__rosidl_typesupport_introspection_cpp.hpp
[1.828s] -- Up-to-date: /home/asd/ros2_ws/install/my_package/include/my_package/my_package/srv
[1.829s] -- Up-to-date: /home/asd/ros2_ws/install/my_package/include/my_package/my_package/srv/detail
[1.829s] -- Up-to-date: /home/asd/ros2_ws/install/my_package/include/my_package/my_package/srv/detail/add_two_ints2__rosidl_typesupport_introspection_cpp.hpp
[1.829s] -- Up-to-date: /home/asd/ros2_ws/install/my_package/include/my_package/my_package/srv/detail/add_two_ints2__type_support.cpp
[1.829s] -- Up-to-date: /home/asd/ros2_ws/install/my_package/include/my_package/my_package/srv/detail/divide_two_floats__type_support.cpp
[1.830s] -- Up-to-date: /home/asd/ros2_ws/install/my_package/include/my_package/my_package/srv/detail/divide_two_floats__rosidl_typesupport_introspection_cpp.hpp
[1.830s] -- Up-to-date: /home/asd/ros2_ws/install/my_package/lib/libmy_package__rosidl_typesupport_introspection_cpp.so
[1.830s] -- Up-to-date: /home/asd/ros2_ws/install/my_package/lib/libmy_package__rosidl_typesupport_cpp.so
[1.830s] -- Up-to-date: /home/asd/ros2_ws/install/my_package/share/my_package/environment/pythonpath.sh
[1.831s] -- Up-to-date: /home/asd/ros2_ws/install/my_package/share/my_package/environment/pythonpath.dsv
[1.831s] -- Up-to-date: /home/asd/ros2_ws/install/my_package/lib/python3.10/site-packages/my_package-0.0.0-py3.10.egg-info
[1.831s] -- Installing: /home/asd/ros2_ws/install/my_package/lib/python3.10/site-packages/my_package-0.0.0-py3.10.egg-info/SOURCES.txt
[1.831s] -- Installing: /home/asd/ros2_ws/install/my_package/lib/python3.10/site-packages/my_package-0.0.0-py3.10.egg-info/top_level.txt
[1.832s] -- Installing: /home/asd/ros2_ws/install/my_package/lib/python3.10/site-packages/my_package-0.0.0-py3.10.egg-info/PKG-INFO
[1.832s] -- Installing: /home/asd/ros2_ws/install/my_package/lib/python3.10/site-packages/my_package-0.0.0-py3.10.egg-info/dependency_links.txt
[1.832s] -- Up-to-date: /home/asd/ros2_ws/install/my_package/lib/python3.10/site-packages/my_package
[1.833s] -- Up-to-date: /home/asd/ros2_ws/install/my_package/lib/python3.10/site-packages/my_package/my_package_s__rosidl_typesupport_fastrtps_c.cpython-310-x86_64-linux-gnu.so
[1.833s] -- Up-to-date: /home/asd/ros2_ws/install/my_package/lib/python3.10/site-packages/my_package/msg
[1.833s] -- Up-to-date: /home/asd/ros2_ws/install/my_package/lib/python3.10/site-packages/my_package/msg/_divide_two_floats.py
[1.833s] -- Up-to-date: /home/asd/ros2_ws/install/my_package/lib/python3.10/site-packages/my_package/msg/_add_two_ints2_s.c
[1.834s] -- Up-to-date: /home/asd/ros2_ws/install/my_package/lib/python3.10/site-packages/my_package/msg/__init__.py
[1.834s] -- Up-to-date: /home/asd/ros2_ws/install/my_package/lib/python3.10/site-packages/my_package/msg/_add_two_ints2.py
[1.834s] -- Up-to-date: /home/asd/ros2_ws/install/my_package/lib/python3.10/site-packages/my_package/msg/_divide_two_floats_s.c
[1.834s] -- Up-to-date: /home/asd/ros2_ws/install/my_package/lib/python3.10/site-packages/my_package/my_package_s__rosidl_typesupport_introspection_c.cpython-310-x86_64-linux-gnu.so
[1.835s] -- Up-to-date: /home/asd/ros2_ws/install/my_package/lib/python3.10/site-packages/my_package/__init__.py
[1.835s] -- Up-to-date: /home/asd/ros2_ws/install/my_package/lib/python3.10/site-packages/my_package/_my_package_s.ep.rosidl_typesupport_introspection_c.c
[1.835s] -- Up-to-date: /home/asd/ros2_ws/install/my_package/lib/python3.10/site-packages/my_package/srv
[1.835s] -- Up-to-date: /home/asd/ros2_ws/install/my_package/lib/python3.10/site-packages/my_package/srv/_divide_two_floats.py
[1.836s] -- Up-to-date: /home/asd/ros2_ws/install/my_package/lib/python3.10/site-packages/my_package/srv/_add_two_ints2_s.c
[1.836s] -- Up-to-date: /home/asd/ros2_ws/install/my_package/lib/python3.10/site-packages/my_package/srv/__init__.py
[1.836s] -- Up-to-date: /home/asd/ros2_ws/install/my_package/lib/python3.10/site-packages/my_package/srv/_add_two_ints2.py
[1.837s] -- Up-to-date: /home/asd/ros2_ws/install/my_package/lib/python3.10/site-packages/my_package/srv/_divide_two_floats_s.c
[1.837s] -- Up-to-date: /home/asd/ros2_ws/install/my_package/lib/python3.10/site-packages/my_package/my_package_s__rosidl_typesupport_c.cpython-310-x86_64-linux-gnu.so
[1.837s] -- Up-to-date: /home/asd/ros2_ws/install/my_package/lib/python3.10/site-packages/my_package/libmy_package__rosidl_generator_py.so
[1.837s] -- Up-to-date: /home/asd/ros2_ws/install/my_package/lib/python3.10/site-packages/my_package/_my_package_s.ep.rosidl_typesupport_fastrtps_c.c
[1.838s] -- Up-to-date: /home/asd/ros2_ws/install/my_package/lib/python3.10/site-packages/my_package/_my_package_s.ep.rosidl_typesupport_c.c
[1.949s] Listing '/home/asd/ros2_ws/install/my_package/lib/python3.10/site-packages/my_package'...
[1.949s] Listing '/home/asd/ros2_ws/install/my_package/lib/python3.10/site-packages/my_package/msg'...
[1.949s] Listing '/home/asd/ros2_ws/install/my_package/lib/python3.10/site-packages/my_package/srv'...
[1.962s] -- Up-to-date: /home/asd/ros2_ws/install/my_package/lib/python3.10/site-packages/my_package/my_package_s__rosidl_typesupport_fastrtps_c.cpython-310-x86_64-linux-gnu.so
[1.964s] -- Up-to-date: /home/asd/ros2_ws/install/my_package/lib/python3.10/site-packages/my_package/my_package_s__rosidl_typesupport_introspection_c.cpython-310-x86_64-linux-gnu.so
[1.965s] -- Up-to-date: /home/asd/ros2_ws/install/my_package/lib/python3.10/site-packages/my_package/my_package_s__rosidl_typesupport_c.cpython-310-x86_64-linux-gnu.so
[1.966s] -- Up-to-date: /home/asd/ros2_ws/install/my_package/lib/libmy_package__rosidl_generator_py.so
[1.967s] -- Up-to-date: /home/asd/ros2_ws/install/my_package/share/my_package/msg/DivideTwoFloats.idl
[1.967s] -- Up-to-date: /home/asd/ros2_ws/install/my_package/share/my_package/srv/DivideTwoFloats.idl
[1.968s] -- Up-to-date: /home/asd/ros2_ws/install/my_package/share/my_package/msg/DivideTwoFloats.msg
[1.968s] -- Up-to-date: /home/asd/ros2_ws/install/my_package/share/my_package/srv/DivideTwoFloats.srv
[1.968s] -- Up-to-date: /home/asd/ros2_ws/install/my_package/share/my_package/srv/DivideTwoFloats_Request.msg
[1.969s] -- Up-to-date: /home/asd/ros2_ws/install/my_package/share/my_package/srv/DivideTwoFloats_Response.msg
[1.969s] -- Up-to-date: /home/asd/ros2_ws/install/my_package/share/ament_index/resource_index/package_run_dependencies/my_package
[1.970s] -- Up-to-date: /home/asd/ros2_ws/install/my_package/share/ament_index/resource_index/parent_prefix_path/my_package
[1.970s] -- Up-to-date: /home/asd/ros2_ws/install/my_package/share/my_package/environment/ament_prefix_path.sh
[1.970s] -- Up-to-date: /home/asd/ros2_ws/install/my_package/share/my_package/environment/ament_prefix_path.dsv
[1.971s] -- Up-to-date: /home/asd/ros2_ws/install/my_package/share/my_package/environment/path.sh
[1.971s] -- Up-to-date: /home/asd/ros2_ws/install/my_package/share/my_package/environment/path.dsv
[1.971s] -- Up-to-date: /home/asd/ros2_ws/install/my_package/share/my_package/local_setup.bash
[1.972s] -- Up-to-date: /home/asd/ros2_ws/install/my_package/share/my_package/local_setup.sh
[1.972s] -- Up-to-date: /home/asd/ros2_ws/install/my_package/share/my_package/local_setup.zsh
[1.972s] -- Up-to-date: /home/asd/ros2_ws/install/my_package/share/my_package/local_setup.dsv
[1.973s] -- Installing: /home/asd/ros2_ws/install/my_package/share/my_package/package.dsv
[1.973s] -- Up-to-date: /home/asd/ros2_ws/install/my_package/share/ament_index/resource_index/packages/my_package
[1.973s] -- Up-to-date: /home/asd/ros2_ws/install/my_package/share/my_package/cmake/export_my_package__rosidl_generator_cExport.cmake
[1.974s] -- Up-to-date: /home/asd/ros2_ws/install/my_package/share/my_package/cmake/export_my_package__rosidl_generator_cExport-noconfig.cmake
[1.974s] -- Up-to-date: /home/asd/ros2_ws/install/my_package/share/my_package/cmake/export_my_package__rosidl_typesupport_fastrtps_cExport.cmake
[1.974s] -- Up-to-date: /home/asd/ros2_ws/install/my_package/share/my_package/cmake/export_my_package__rosidl_typesupport_fastrtps_cExport-noconfig.cmake
[1.975s] -- Up-to-date: /home/asd/ros2_ws/install/my_package/share/my_package/cmake/export_my_package__rosidl_generator_cppExport.cmake
[1.975s] -- Up-to-date: /home/asd/ros2_ws/install/my_package/share/my_package/cmake/export_my_package__rosidl_typesupport_fastrtps_cppExport.cmake
[1.976s] -- Up-to-date: /home/asd/ros2_ws/install/my_package/share/my_package/cmake/export_my_package__rosidl_typesupport_fastrtps_cppExport-noconfig.cmake
[1.976s] -- Up-to-date: /home/asd/ros2_ws/install/my_package/share/my_package/cmake/my_package__rosidl_typesupport_introspection_cExport.cmake
[1.976s] -- Up-to-date: /home/asd/ros2_ws/install/my_package/share/my_package/cmake/my_package__rosidl_typesupport_introspection_cExport-noconfig.cmake
[1.977s] -- Up-to-date: /home/asd/ros2_ws/install/my_package/share/my_package/cmake/my_package__rosidl_typesupport_cExport.cmake
[1.977s] -- Up-to-date: /home/asd/ros2_ws/install/my_package/share/my_package/cmake/my_package__rosidl_typesupport_cExport-noconfig.cmake
[1.977s] -- Up-to-date: /home/asd/ros2_ws/install/my_package/share/my_package/cmake/my_package__rosidl_typesupport_introspection_cppExport.cmake
[1.977s] -- Up-to-date: /home/asd/ros2_ws/install/my_package/share/my_package/cmake/my_package__rosidl_typesupport_introspection_cppExport-noconfig.cmake
[1.978s] -- Up-to-date: /home/asd/ros2_ws/install/my_package/share/my_package/cmake/my_package__rosidl_typesupport_cppExport.cmake
[1.978s] -- Up-to-date: /home/asd/ros2_ws/install/my_package/share/my_package/cmake/my_package__rosidl_typesupport_cppExport-noconfig.cmake
[1.978s] -- Up-to-date: /home/asd/ros2_ws/install/my_package/share/my_package/cmake/export_my_package__rosidl_generator_pyExport.cmake
[1.979s] -- Up-to-date: /home/asd/ros2_ws/install/my_package/share/my_package/cmake/export_my_package__rosidl_generator_pyExport-noconfig.cmake
[1.979s] -- Up-to-date: /home/asd/ros2_ws/install/my_package/share/my_package/cmake/rosidl_cmake-extras.cmake
[1.980s] -- Up-to-date: /home/asd/ros2_ws/install/my_package/share/my_package/cmake/ament_cmake_export_dependencies-extras.cmake
[1.980s] -- Up-to-date: /home/asd/ros2_ws/install/my_package/share/my_package/cmake/ament_cmake_export_include_directories-extras.cmake
[1.980s] -- Up-to-date: /home/asd/ros2_ws/install/my_package/share/my_package/cmake/ament_cmake_export_libraries-extras.cmake
[1.980s] -- Up-to-date: /home/asd/ros2_ws/install/my_package/share/my_package/cmake/ament_cmake_export_targets-extras.cmake
[1.981s] -- Up-to-date: /home/asd/ros2_ws/install/my_package/share/my_package/cmake/rosidl_cmake_export_typesupport_targets-extras.cmake
[1.981s] -- Up-to-date: /home/asd/ros2_ws/install/my_package/share/my_package/cmake/rosidl_cmake_export_typesupport_libraries-extras.cmake
[1.981s] -- Up-to-date: /home/asd/ros2_ws/install/my_package/share/my_package/cmake/my_packageConfig.cmake
[1.981s] -- Up-to-date: /home/asd/ros2_ws/install/my_package/share/my_package/cmake/my_packageConfig-version.cmake
[1.982s] -- Up-to-date: /home/asd/ros2_ws/install/my_package/share/my_package/package.xml
[1.988s] Invoked command in '/home/asd/ros2_ws/build/my_package' returned '0': CMAKE_PREFIX_PATH=/opt/ros/iron /usr/bin/cmake --install /home/asd/ros2_ws/build/my_package
