[0.046s] Invoking command in '/home/asd/ros2_ws/build/simple_div': CMAKE_PREFIX_PATH=/opt/ros/iron /usr/bin/cmake --build /home/asd/ros2_ws/build/simple_div -- -j4 -l4
[0.149s] -- Found ament_cmake: 2.0.4 (/opt/ros/iron/share/ament_cmake/cmake)
[0.720s] -- Found rclcpp: 21.0.5 (/opt/ros/iron/share/rclcpp/cmake)
[0.870s] -- Found rosidl_generator_c: 4.0.1 (/opt/ros/iron/share/rosidl_generator_c/cmake)
[0.921s] -- Found rosidl_generator_cpp: 4.0.1 (/opt/ros/iron/share/rosidl_generator_cpp/cmake)
[0.993s] -- Using all available rosidl_typesupport_c: rosidl_typesupport_fastrtps_c;rosidl_typesupport_introspection_c
[1.099s] -- Using all available rosidl_typesupport_cpp: rosidl_typesupport_fastrtps_cpp;rosidl_typesupport_introspection_cpp
[2.401s] -- Found rmw_implementation_cmake: 7.1.0 (/opt/ros/iron/share/rmw_implementation_cmake/cmake)
[2.407s] -- Found rmw_fastrtps_cpp: 7.1.3 (/opt/ros/iron/share/rmw_fastrtps_cpp/cmake)
[3.023s] -- Using RMW implementation 'rmw_fastrtps_cpp' as default
[4.371s] -- Found std_msgs: 5.0.0 (/opt/ros/iron/share/std_msgs/cmake)
[4.604s] -- Found rosidl_default_generators: 1.5.0 (/opt/ros/iron/share/rosidl_default_generators/cmake)
[4.645s] -- Found rosidl_adapter: 4.0.1 (/opt/ros/iron/share/rosidl_adapter/cmake)
[5.299s] [31mCMake Error at /opt/ros/iron/share/rosidl_cmake/cmake/rosidl_generate_interfaces.cmake:259 (message):
[5.306s]   Packages installing interfaces must include
[5.307s]   '<member_of_group>rosidl_interface_packages</member_of_group>' in their
[5.314s]   package.xml
[5.314s] Call Stack (most recent call first):
[5.314s]   CMakeLists.txt:16 (rosidl_generate_interfaces)
[5.315s] 
[5.315s] [0m
[5.315s] -- Configuring incomplete, errors occurred!
[5.316s] See also "/home/asd/ros2_ws/build/simple_div/CMakeFiles/CMakeOutput.log".
[5.329s] gmake: *** [Makefile:267: cmake_check_build_system] Error 1
[5.333s] Invoked command in '/home/asd/ros2_ws/build/simple_div' returned '2': CMAKE_PREFIX_PATH=/opt/ros/iron /usr/bin/cmake --build /home/asd/ros2_ws/build/simple_div -- -j4 -l4
