[0.051s] Invoking command in '/home/asd/ros2_ws/build/div': AMENT_PREFIX_PATH=/home/asd/ros2_ws/install/my_package:${AMENT_PREFIX_PATH} CMAKE_PREFIX_PATH=/home/asd/ros2_ws/install/my_package:/opt/ros/iron LD_LIBRARY_PATH=/home/asd/ros2_ws/install/my_package/lib:${LD_LIBRARY_PATH} PYTHONPATH=/home/asd/ros2_ws/install/my_package/lib/python3.10/site-packages:${PYTHONPATH} /usr/bin/cmake --build /home/asd/ros2_ws/build/div -- -j4 -l4
[0.224s] [35m[1mConsolidate compiler generated dependencies of target client[0m
[0.274s] [ 50%] Built target server
[0.353s] [ 75%] [32mBuilding CXX object CMakeFiles/client.dir/src/div_client.cpp.o[0m
[15.134s] [100%] [32m[1mLinking CXX executable client[0m
[15.971s] [100%] Built target client
[16.005s] Invoked command in '/home/asd/ros2_ws/build/div' returned '0': AMENT_PREFIX_PATH=/home/asd/ros2_ws/install/my_package:${AMENT_PREFIX_PATH} CMAKE_PREFIX_PATH=/home/asd/ros2_ws/install/my_package:/opt/ros/iron LD_LIBRARY_PATH=/home/asd/ros2_ws/install/my_package/lib:${LD_LIBRARY_PATH} PYTHONPATH=/home/asd/ros2_ws/install/my_package/lib/python3.10/site-packages:${PYTHONPATH} /usr/bin/cmake --build /home/asd/ros2_ws/build/div -- -j4 -l4
[16.126s] Invoking command in '/home/asd/ros2_ws/build/div': AMENT_PREFIX_PATH=/home/asd/ros2_ws/install/my_package:${AMENT_PREFIX_PATH} CMAKE_PREFIX_PATH=/home/asd/ros2_ws/install/my_package:/opt/ros/iron LD_LIBRARY_PATH=/home/asd/ros2_ws/install/my_package/lib:${LD_LIBRARY_PATH} PYTHONPATH=/home/asd/ros2_ws/install/my_package/lib/python3.10/site-packages:${PYTHONPATH} /usr/bin/cmake --install /home/asd/ros2_ws/build/div
[16.150s] -- Install configuration: ""
[16.151s] -- Up-to-date: /home/asd/ros2_ws/install/div/lib/div/server
[16.152s] -- Installing: /home/asd/ros2_ws/install/div/lib/div/client
[16.158s] -- Set runtime path of "/home/asd/ros2_ws/install/div/lib/div/client" to ""
[16.159s] -- Up-to-date: /home/asd/ros2_ws/install/div/share/ament_index/resource_index/package_run_dependencies/div
[16.159s] -- Up-to-date: /home/asd/ros2_ws/install/div/share/ament_index/resource_index/parent_prefix_path/div
[16.159s] -- Up-to-date: /home/asd/ros2_ws/install/div/share/div/environment/ament_prefix_path.sh
[16.160s] -- Up-to-date: /home/asd/ros2_ws/install/div/share/div/environment/ament_prefix_path.dsv
[16.160s] -- Up-to-date: /home/asd/ros2_ws/install/div/share/div/environment/path.sh
[16.161s] -- Up-to-date: /home/asd/ros2_ws/install/div/share/div/environment/path.dsv
[16.161s] -- Up-to-date: /home/asd/ros2_ws/install/div/share/div/local_setup.bash
[16.162s] -- Up-to-date: /home/asd/ros2_ws/install/div/share/div/local_setup.sh
[16.162s] -- Up-to-date: /home/asd/ros2_ws/install/div/share/div/local_setup.zsh
[16.162s] -- Up-to-date: /home/asd/ros2_ws/install/div/share/div/local_setup.dsv
[16.163s] -- Installing: /home/asd/ros2_ws/install/div/share/div/package.dsv
[16.163s] -- Up-to-date: /home/asd/ros2_ws/install/div/share/ament_index/resource_index/packages/div
[16.163s] -- Up-to-date: /home/asd/ros2_ws/install/div/share/div/cmake/divConfig.cmake
[16.163s] -- Up-to-date: /home/asd/ros2_ws/install/div/share/div/cmake/divConfig-version.cmake
[16.164s] -- Up-to-date: /home/asd/ros2_ws/install/div/share/div/package.xml
[16.167s] Invoked command in '/home/asd/ros2_ws/build/div' returned '0': AMENT_PREFIX_PATH=/home/asd/ros2_ws/install/my_package:${AMENT_PREFIX_PATH} CMAKE_PREFIX_PATH=/home/asd/ros2_ws/install/my_package:/opt/ros/iron LD_LIBRARY_PATH=/home/asd/ros2_ws/install/my_package/lib:${LD_LIBRARY_PATH} PYTHONPATH=/home/asd/ros2_ws/install/my_package/lib/python3.10/site-packages:${PYTHONPATH} /usr/bin/cmake --install /home/asd/ros2_ws/build/div
