-- Found ament_cmake: 2.0.4 (/opt/ros/iron/share/ament_cmake/cmake)
-- Found example_interfaces: 0.10.2 (/opt/ros/iron/share/example_interfaces/cmake)
-- Found rosidl_generator_c: 4.0.1 (/opt/ros/iron/share/rosidl_generator_c/cmake)
-- Found rosidl_generator_cpp: 4.0.1 (/opt/ros/iron/share/rosidl_generator_cpp/cmake)
-- Using all available rosidl_typesupport_c: rosidl_typesupport_fastrtps_c;rosidl_typesupport_introspection_c
-- Using all available rosidl_typesupport_cpp: rosidl_typesupport_fastrtps_cpp;rosidl_typesupport_introspection_cpp
-- Found geometry_msgs: 5.0.0 (/opt/ros/iron/share/geometry_msgs/cmake)
-- Found rosidl_default_generators: 1.5.0 (/opt/ros/iron/share/rosidl_default_generators/cmake)
-- Found rosidl_adapter: 4.0.1 (/opt/ros/iron/share/rosidl_adapter/cmake)
-- Found ament_cmake_ros: 0.11.2 (/opt/ros/iron/share/ament_cmake_ros/cmake)
-- Using all available rosidl_typesupport_c: rosidl_typesupport_fastrtps_c;rosidl_typesupport_introspection_c
-- Using all available rosidl_typesupport_cpp: rosidl_typesupport_fastrtps_cpp;rosidl_typesupport_introspection_cpp
-- Found PythonInterp: /usr/bin/python3 (found suitable version "3.10.12", minimum required is "3.6") 
-- Found python_cmake_module: 0.10.2 (/opt/ros/iron/share/python_cmake_module/cmake)
-- Found PythonLibs: /usr/lib/x86_64-linux-gnu/libpython3.10.so (found suitable version "3.10.12", minimum required is "3.5") 
-- Using PYTHON_EXECUTABLE: /usr/bin/python3
-- Using PYTHON_INCLUDE_DIRS: /usr/include/python3.10
-- Using PYTHON_LIBRARIES: /usr/lib/x86_64-linux-gnu/libpython3.10.so
-- Found PythonExtra: .so  
-- Configuring done
-- Generating done
-- Build files have been written to: /home/asd/ros2_ws/build/d2f
[  2%] [34m[1mGenerating type hashes for ROS interfaces[0m
[  2%] Built target ament_cmake_python_copy_d2f
[  2%] Built target d2f__rosidl_generator_type_description
[  4%] [34m[1mGenerating C code for ROS interfaces[0m
[  6%] [34m[1mGenerating C++ code for ROS interfaces[0m
running egg_info
creating d2f.egg-info
writing d2f.egg-info/PKG-INFO
writing dependency_links to d2f.egg-info/dependency_links.txt
writing top-level names to d2f.egg-info/top_level.txt
writing manifest file 'd2f.egg-info/SOURCES.txt'
reading manifest file 'd2f.egg-info/SOURCES.txt'
writing manifest file 'd2f.egg-info/SOURCES.txt'
[  6%] Built target ament_cmake_python_build_d2f_egg
[  6%] Built target d2f__cpp
[  9%] [32mBuilding C object CMakeFiles/d2f__rosidl_generator_c.dir/rosidl_generator_c/d2f/msg/detail/div_two_floats__type_support.c.o[0m
[ 11%] [32mBuilding C object CMakeFiles/d2f__rosidl_generator_c.dir/rosidl_generator_c/d2f/msg/detail/div_two_floats__description.c.o[0m
[ 13%] [32mBuilding C object CMakeFiles/d2f__rosidl_generator_c.dir/rosidl_generator_c/d2f/msg/detail/div_two_floats__functions.c.o[0m
[ 15%] [32mBuilding C object CMakeFiles/d2f__rosidl_generator_c.dir/rosidl_generator_c/d2f/srv/detail/div_two_floats__description.c.o[0m
[ 18%] [32mBuilding C object CMakeFiles/d2f__rosidl_generator_c.dir/rosidl_generator_c/d2f/srv/detail/div_two_floats__functions.c.o[0m
[ 20%] [32mBuilding C object CMakeFiles/d2f__rosidl_generator_c.dir/rosidl_generator_c/d2f/srv/detail/div_two_floats__type_support.c.o[0m
[ 22%] [32m[1mLinking C shared library libd2f__rosidl_generator_c.so[0m
[ 22%] Built target d2f__rosidl_generator_c
[ 25%] [34m[1mGenerating C++ type support dispatch for ROS interfaces[0m
[ 29%] [34m[1mGenerating C type support for eProsima Fast-RTPS[0m
[ 29%] [34m[1mGenerating C++ type support for eProsima Fast-RTPS[0m
[ 31%] [34m[1mGenerating C introspection for ROS interfaces[0m
[ 34%] [32mBuilding CXX object CMakeFiles/d2f__rosidl_typesupport_cpp.dir/rosidl_typesupport_cpp/d2f/msg/div_two_floats__type_support.cpp.o[0m
[ 36%] [32mBuilding CXX object CMakeFiles/d2f__rosidl_typesupport_fastrtps_c.dir/rosidl_typesupport_fastrtps_c/d2f/msg/detail/div_two_floats__type_support_c.cpp.o[0m
[ 38%] [32mBuilding C object CMakeFiles/d2f__rosidl_typesupport_introspection_c.dir/rosidl_typesupport_introspection_c/d2f/msg/detail/div_two_floats__type_support.c.o[0m
[ 40%] [32mBuilding CXX object CMakeFiles/d2f__rosidl_typesupport_fastrtps_cpp.dir/rosidl_typesupport_fastrtps_cpp/d2f/msg/detail/dds_fastrtps/div_two_floats__type_support.cpp.o[0m
[ 43%] [32mBuilding C object CMakeFiles/d2f__rosidl_typesupport_introspection_c.dir/rosidl_typesupport_introspection_c/d2f/srv/detail/div_two_floats__type_support.c.o[0m
[ 45%] [32m[1mLinking C shared library libd2f__rosidl_typesupport_introspection_c.so[0m
[ 45%] Built target d2f__rosidl_typesupport_introspection_c
[ 47%] [34m[1mGenerating C type support dispatch for ROS interfaces[0m
[ 50%] [32mBuilding CXX object CMakeFiles/d2f__rosidl_typesupport_cpp.dir/rosidl_typesupport_cpp/d2f/srv/div_two_floats__type_support.cpp.o[0m
[ 52%] [32mBuilding CXX object CMakeFiles/d2f__rosidl_typesupport_fastrtps_c.dir/rosidl_typesupport_fastrtps_c/d2f/srv/detail/div_two_floats__type_support_c.cpp.o[0m
[ 54%] [32mBuilding CXX object CMakeFiles/d2f__rosidl_typesupport_c.dir/rosidl_typesupport_c/d2f/msg/div_two_floats__type_support.cpp.o[0m
[ 56%] [32mBuilding CXX object CMakeFiles/d2f__rosidl_typesupport_c.dir/rosidl_typesupport_c/d2f/srv/div_two_floats__type_support.cpp.o[0m
[ 59%] [32mBuilding CXX object CMakeFiles/d2f__rosidl_typesupport_fastrtps_cpp.dir/rosidl_typesupport_fastrtps_cpp/d2f/srv/detail/dds_fastrtps/div_two_floats__type_support.cpp.o[0m
[ 61%] [32m[1mLinking CXX shared library libd2f__rosidl_typesupport_c.so[0m
[ 61%] Built target d2f__rosidl_typesupport_c
[ 63%] [34m[1mGenerating C++ introspection for ROS interfaces[0m
[ 65%] [32m[1mLinking CXX shared library libd2f__rosidl_typesupport_fastrtps_c.so[0m
[ 68%] [32m[1mLinking CXX shared library libd2f__rosidl_typesupport_cpp.so[0m
[ 68%] Built target d2f__rosidl_typesupport_fastrtps_c
[ 68%] Built target d2f__rosidl_typesupport_cpp
[ 72%] [32mBuilding CXX object CMakeFiles/d2f__rosidl_typesupport_introspection_cpp.dir/rosidl_typesupport_introspection_cpp/d2f/srv/detail/div_two_floats__type_support.cpp.o[0m
[ 72%] [32mBuilding CXX object CMakeFiles/d2f__rosidl_typesupport_introspection_cpp.dir/rosidl_typesupport_introspection_cpp/d2f/msg/detail/div_two_floats__type_support.cpp.o[0m
[ 75%] [32m[1mLinking CXX shared library libd2f__rosidl_typesupport_fastrtps_cpp.so[0m
[ 75%] Built target d2f__rosidl_typesupport_fastrtps_cpp
[ 77%] [32m[1mLinking CXX shared library libd2f__rosidl_typesupport_introspection_cpp.so[0m
[ 77%] Built target d2f__rosidl_typesupport_introspection_cpp
[ 77%] Built target d2f
[ 79%] [34m[1mGenerating Python code for ROS interfaces[0m
[ 79%] Built target d2f__py
[ 84%] [32mBuilding C object CMakeFiles/d2f__rosidl_generator_py.dir/rosidl_generator_py/d2f/srv/_div_two_floats_s.c.o[0m
[ 84%] [32mBuilding C object CMakeFiles/d2f__rosidl_generator_py.dir/rosidl_generator_py/d2f/msg/_div_two_floats_s.c.o[0m
[ 86%] [32m[1mLinking C shared library rosidl_generator_py/d2f/libd2f__rosidl_generator_py.so[0m
[ 86%] Built target d2f__rosidl_generator_py
[ 88%] [32mBuilding C object CMakeFiles/d2f__rosidl_typesupport_c__pyext.dir/rosidl_generator_py/d2f/_d2f_s.ep.rosidl_typesupport_c.c.o[0m
[ 90%] [32mBuilding C object CMakeFiles/d2f__rosidl_typesupport_fastrtps_c__pyext.dir/rosidl_generator_py/d2f/_d2f_s.ep.rosidl_typesupport_fastrtps_c.c.o[0m
[ 93%] [32mBuilding C object CMakeFiles/d2f__rosidl_typesupport_introspection_c__pyext.dir/rosidl_generator_py/d2f/_d2f_s.ep.rosidl_typesupport_introspection_c.c.o[0m
[ 95%] [32m[1mLinking C shared library rosidl_generator_py/d2f/d2f_s__rosidl_typesupport_c.cpython-310-x86_64-linux-gnu.so[0m
[ 97%] [32m[1mLinking C shared library rosidl_generator_py/d2f/d2f_s__rosidl_typesupport_fastrtps_c.cpython-310-x86_64-linux-gnu.so[0m
[100%] [32m[1mLinking C shared library rosidl_generator_py/d2f/d2f_s__rosidl_typesupport_introspection_c.cpython-310-x86_64-linux-gnu.so[0m
[100%] Built target d2f__rosidl_typesupport_c__pyext
[100%] Built target d2f__rosidl_typesupport_fastrtps_c__pyext
[100%] Built target d2f__rosidl_typesupport_introspection_c__pyext
-- Install configuration: ""
-- Installing: /home/asd/ros2_ws/install/d2f/share/ament_index/resource_index/rosidl_interfaces/d2f
-- Installing: /home/asd/ros2_ws/install/d2f/share/d2f/msg/DivTwoFloats.json
-- Installing: /home/asd/ros2_ws/install/d2f/share/d2f/srv/DivTwoFloats.json
-- Installing: /home/asd/ros2_ws/install/d2f/include/d2f/d2f
-- Installing: /home/asd/ros2_ws/install/d2f/include/d2f/d2f/msg
-- Installing: /home/asd/ros2_ws/install/d2f/include/d2f/d2f/msg/detail
-- Installing: /home/asd/ros2_ws/install/d2f/include/d2f/d2f/msg/detail/div_two_floats__struct.h
-- Installing: /home/asd/ros2_ws/install/d2f/include/d2f/d2f/msg/detail/div_two_floats__description.c
-- Installing: /home/asd/ros2_ws/install/d2f/include/d2f/d2f/msg/detail/div_two_floats__type_support.c
-- Installing: /home/asd/ros2_ws/install/d2f/include/d2f/d2f/msg/detail/div_two_floats__type_support.h
-- Installing: /home/asd/ros2_ws/install/d2f/include/d2f/d2f/msg/detail/div_two_floats__functions.h
-- Installing: /home/asd/ros2_ws/install/d2f/include/d2f/d2f/msg/detail/div_two_floats__functions.c
-- Installing: /home/asd/ros2_ws/install/d2f/include/d2f/d2f/msg/div_two_floats.h
-- Installing: /home/asd/ros2_ws/install/d2f/include/d2f/d2f/msg/rosidl_generator_c__visibility_control.h
-- Installing: /home/asd/ros2_ws/install/d2f/include/d2f/d2f/srv
-- Installing: /home/asd/ros2_ws/install/d2f/include/d2f/d2f/srv/detail
-- Installing: /home/asd/ros2_ws/install/d2f/include/d2f/d2f/srv/detail/div_two_floats__struct.h
-- Installing: /home/asd/ros2_ws/install/d2f/include/d2f/d2f/srv/detail/div_two_floats__description.c
-- Installing: /home/asd/ros2_ws/install/d2f/include/d2f/d2f/srv/detail/div_two_floats__type_support.c
-- Installing: /home/asd/ros2_ws/install/d2f/include/d2f/d2f/srv/detail/div_two_floats__type_support.h
-- Installing: /home/asd/ros2_ws/install/d2f/include/d2f/d2f/srv/detail/div_two_floats__functions.h
-- Installing: /home/asd/ros2_ws/install/d2f/include/d2f/d2f/srv/detail/div_two_floats__functions.c
-- Installing: /home/asd/ros2_ws/install/d2f/include/d2f/d2f/srv/div_two_floats.h
-- Installing: /home/asd/ros2_ws/install/d2f/share/d2f/environment/library_path.sh
-- Installing: /home/asd/ros2_ws/install/d2f/share/d2f/environment/library_path.dsv
-- Installing: /home/asd/ros2_ws/install/d2f/lib/libd2f__rosidl_generator_c.so
-- Set runtime path of "/home/asd/ros2_ws/install/d2f/lib/libd2f__rosidl_generator_c.so" to ""
-- Up-to-date: /home/asd/ros2_ws/install/d2f/include/d2f/d2f
-- Up-to-date: /home/asd/ros2_ws/install/d2f/include/d2f/d2f/msg
-- Up-to-date: /home/asd/ros2_ws/install/d2f/include/d2f/d2f/msg/detail
-- Installing: /home/asd/ros2_ws/install/d2f/include/d2f/d2f/msg/detail/div_two_floats__rosidl_typesupport_fastrtps_c.h
-- Installing: /home/asd/ros2_ws/install/d2f/include/d2f/d2f/msg/rosidl_typesupport_fastrtps_c__visibility_control.h
-- Up-to-date: /home/asd/ros2_ws/install/d2f/include/d2f/d2f/srv
-- Up-to-date: /home/asd/ros2_ws/install/d2f/include/d2f/d2f/srv/detail
-- Installing: /home/asd/ros2_ws/install/d2f/include/d2f/d2f/srv/detail/div_two_floats__rosidl_typesupport_fastrtps_c.h
-- Installing: /home/asd/ros2_ws/install/d2f/lib/libd2f__rosidl_typesupport_fastrtps_c.so
-- Set runtime path of "/home/asd/ros2_ws/install/d2f/lib/libd2f__rosidl_typesupport_fastrtps_c.so" to ""
-- Up-to-date: /home/asd/ros2_ws/install/d2f/include/d2f/d2f
-- Up-to-date: /home/asd/ros2_ws/install/d2f/include/d2f/d2f/msg
-- Up-to-date: /home/asd/ros2_ws/install/d2f/include/d2f/d2f/msg/detail
-- Installing: /home/asd/ros2_ws/install/d2f/include/d2f/d2f/msg/detail/div_two_floats__struct.hpp
-- Installing: /home/asd/ros2_ws/install/d2f/include/d2f/d2f/msg/detail/div_two_floats__traits.hpp
-- Installing: /home/asd/ros2_ws/install/d2f/include/d2f/d2f/msg/detail/div_two_floats__builder.hpp
-- Installing: /home/asd/ros2_ws/install/d2f/include/d2f/d2f/msg/div_two_floats.hpp
-- Up-to-date: /home/asd/ros2_ws/install/d2f/include/d2f/d2f/srv
-- Up-to-date: /home/asd/ros2_ws/install/d2f/include/d2f/d2f/srv/detail
-- Installing: /home/asd/ros2_ws/install/d2f/include/d2f/d2f/srv/detail/div_two_floats__struct.hpp
-- Installing: /home/asd/ros2_ws/install/d2f/include/d2f/d2f/srv/detail/div_two_floats__traits.hpp
-- Installing: /home/asd/ros2_ws/install/d2f/include/d2f/d2f/srv/detail/div_two_floats__builder.hpp
-- Installing: /home/asd/ros2_ws/install/d2f/include/d2f/d2f/srv/div_two_floats.hpp
-- Up-to-date: /home/asd/ros2_ws/install/d2f/include/d2f/d2f
-- Up-to-date: /home/asd/ros2_ws/install/d2f/include/d2f/d2f/msg
-- Up-to-date: /home/asd/ros2_ws/install/d2f/include/d2f/d2f/msg/detail
-- Installing: /home/asd/ros2_ws/install/d2f/include/d2f/d2f/msg/detail/div_two_floats__rosidl_typesupport_fastrtps_cpp.hpp
-- Installing: /home/asd/ros2_ws/install/d2f/include/d2f/d2f/msg/detail/dds_fastrtps
-- Installing: /home/asd/ros2_ws/install/d2f/include/d2f/d2f/msg/rosidl_typesupport_fastrtps_cpp__visibility_control.h
-- Up-to-date: /home/asd/ros2_ws/install/d2f/include/d2f/d2f/srv
-- Up-to-date: /home/asd/ros2_ws/install/d2f/include/d2f/d2f/srv/detail
-- Installing: /home/asd/ros2_ws/install/d2f/include/d2f/d2f/srv/detail/div_two_floats__rosidl_typesupport_fastrtps_cpp.hpp
-- Installing: /home/asd/ros2_ws/install/d2f/include/d2f/d2f/srv/detail/dds_fastrtps
-- Installing: /home/asd/ros2_ws/install/d2f/lib/libd2f__rosidl_typesupport_fastrtps_cpp.so
-- Set runtime path of "/home/asd/ros2_ws/install/d2f/lib/libd2f__rosidl_typesupport_fastrtps_cpp.so" to ""
-- Up-to-date: /home/asd/ros2_ws/install/d2f/include/d2f/d2f
-- Up-to-date: /home/asd/ros2_ws/install/d2f/include/d2f/d2f/msg
-- Installing: /home/asd/ros2_ws/install/d2f/include/d2f/d2f/msg/rosidl_typesupport_introspection_c__visibility_control.h
-- Up-to-date: /home/asd/ros2_ws/install/d2f/include/d2f/d2f/msg/detail
-- Installing: /home/asd/ros2_ws/install/d2f/include/d2f/d2f/msg/detail/div_two_floats__rosidl_typesupport_introspection_c.h
-- Installing: /home/asd/ros2_ws/install/d2f/include/d2f/d2f/msg/detail/div_two_floats__type_support.c
-- Up-to-date: /home/asd/ros2_ws/install/d2f/include/d2f/d2f/srv
-- Up-to-date: /home/asd/ros2_ws/install/d2f/include/d2f/d2f/srv/detail
-- Installing: /home/asd/ros2_ws/install/d2f/include/d2f/d2f/srv/detail/div_two_floats__rosidl_typesupport_introspection_c.h
-- Installing: /home/asd/ros2_ws/install/d2f/include/d2f/d2f/srv/detail/div_two_floats__type_support.c
-- Installing: /home/asd/ros2_ws/install/d2f/lib/libd2f__rosidl_typesupport_introspection_c.so
-- Set runtime path of "/home/asd/ros2_ws/install/d2f/lib/libd2f__rosidl_typesupport_introspection_c.so" to ""
-- Installing: /home/asd/ros2_ws/install/d2f/lib/libd2f__rosidl_typesupport_c.so
-- Set runtime path of "/home/asd/ros2_ws/install/d2f/lib/libd2f__rosidl_typesupport_c.so" to ""
-- Up-to-date: /home/asd/ros2_ws/install/d2f/include/d2f/d2f
-- Up-to-date: /home/asd/ros2_ws/install/d2f/include/d2f/d2f/msg
-- Up-to-date: /home/asd/ros2_ws/install/d2f/include/d2f/d2f/msg/detail
-- Installing: /home/asd/ros2_ws/install/d2f/include/d2f/d2f/msg/detail/div_two_floats__rosidl_typesupport_introspection_cpp.hpp
-- Installing: /home/asd/ros2_ws/install/d2f/include/d2f/d2f/msg/detail/div_two_floats__type_support.cpp
-- Up-to-date: /home/asd/ros2_ws/install/d2f/include/d2f/d2f/srv
-- Up-to-date: /home/asd/ros2_ws/install/d2f/include/d2f/d2f/srv/detail
-- Installing: /home/asd/ros2_ws/install/d2f/include/d2f/d2f/srv/detail/div_two_floats__rosidl_typesupport_introspection_cpp.hpp
-- Installing: /home/asd/ros2_ws/install/d2f/include/d2f/d2f/srv/detail/div_two_floats__type_support.cpp
-- Installing: /home/asd/ros2_ws/install/d2f/lib/libd2f__rosidl_typesupport_introspection_cpp.so
-- Set runtime path of "/home/asd/ros2_ws/install/d2f/lib/libd2f__rosidl_typesupport_introspection_cpp.so" to ""
-- Installing: /home/asd/ros2_ws/install/d2f/lib/libd2f__rosidl_typesupport_cpp.so
-- Set runtime path of "/home/asd/ros2_ws/install/d2f/lib/libd2f__rosidl_typesupport_cpp.so" to ""
-- Installing: /home/asd/ros2_ws/install/d2f/share/d2f/environment/pythonpath.sh
-- Installing: /home/asd/ros2_ws/install/d2f/share/d2f/environment/pythonpath.dsv
-- Installing: /home/asd/ros2_ws/install/d2f/lib/python3.10/site-packages/d2f-0.0.0-py3.10.egg-info
-- Installing: /home/asd/ros2_ws/install/d2f/lib/python3.10/site-packages/d2f-0.0.0-py3.10.egg-info/SOURCES.txt
-- Installing: /home/asd/ros2_ws/install/d2f/lib/python3.10/site-packages/d2f-0.0.0-py3.10.egg-info/top_level.txt
-- Installing: /home/asd/ros2_ws/install/d2f/lib/python3.10/site-packages/d2f-0.0.0-py3.10.egg-info/PKG-INFO
-- Installing: /home/asd/ros2_ws/install/d2f/lib/python3.10/site-packages/d2f-0.0.0-py3.10.egg-info/dependency_links.txt
-- Installing: /home/asd/ros2_ws/install/d2f/lib/python3.10/site-packages/d2f
-- Installing: /home/asd/ros2_ws/install/d2f/lib/python3.10/site-packages/d2f/_d2f_s.ep.rosidl_typesupport_introspection_c.c
-- Installing: /home/asd/ros2_ws/install/d2f/lib/python3.10/site-packages/d2f/d2f_s__rosidl_typesupport_c.cpython-310-x86_64-linux-gnu.so
-- Installing: /home/asd/ros2_ws/install/d2f/lib/python3.10/site-packages/d2f/msg
-- Installing: /home/asd/ros2_ws/install/d2f/lib/python3.10/site-packages/d2f/msg/_div_two_floats_s.c
-- Installing: /home/asd/ros2_ws/install/d2f/lib/python3.10/site-packages/d2f/msg/_div_two_floats.py
-- Installing: /home/asd/ros2_ws/install/d2f/lib/python3.10/site-packages/d2f/msg/__init__.py
-- Installing: /home/asd/ros2_ws/install/d2f/lib/python3.10/site-packages/d2f/libd2f__rosidl_generator_py.so
-- Installing: /home/asd/ros2_ws/install/d2f/lib/python3.10/site-packages/d2f/__init__.py
-- Installing: /home/asd/ros2_ws/install/d2f/lib/python3.10/site-packages/d2f/_d2f_s.ep.rosidl_typesupport_c.c
-- Installing: /home/asd/ros2_ws/install/d2f/lib/python3.10/site-packages/d2f/d2f_s__rosidl_typesupport_fastrtps_c.cpython-310-x86_64-linux-gnu.so
-- Installing: /home/asd/ros2_ws/install/d2f/lib/python3.10/site-packages/d2f/srv
-- Installing: /home/asd/ros2_ws/install/d2f/lib/python3.10/site-packages/d2f/srv/_div_two_floats_s.c
-- Installing: /home/asd/ros2_ws/install/d2f/lib/python3.10/site-packages/d2f/srv/_div_two_floats.py
-- Installing: /home/asd/ros2_ws/install/d2f/lib/python3.10/site-packages/d2f/srv/__init__.py
-- Installing: /home/asd/ros2_ws/install/d2f/lib/python3.10/site-packages/d2f/_d2f_s.ep.rosidl_typesupport_fastrtps_c.c
-- Installing: /home/asd/ros2_ws/install/d2f/lib/python3.10/site-packages/d2f/d2f_s__rosidl_typesupport_introspection_c.cpython-310-x86_64-linux-gnu.so
Listing '/home/asd/ros2_ws/install/d2f/lib/python3.10/site-packages/d2f'...
Compiling '/home/asd/ros2_ws/install/d2f/lib/python3.10/site-packages/d2f/__init__.py'...
Listing '/home/asd/ros2_ws/install/d2f/lib/python3.10/site-packages/d2f/msg'...
Compiling '/home/asd/ros2_ws/install/d2f/lib/python3.10/site-packages/d2f/msg/__init__.py'...
Compiling '/home/asd/ros2_ws/install/d2f/lib/python3.10/site-packages/d2f/msg/_div_two_floats.py'...
Listing '/home/asd/ros2_ws/install/d2f/lib/python3.10/site-packages/d2f/srv'...
Compiling '/home/asd/ros2_ws/install/d2f/lib/python3.10/site-packages/d2f/srv/__init__.py'...
Compiling '/home/asd/ros2_ws/install/d2f/lib/python3.10/site-packages/d2f/srv/_div_two_floats.py'...
-- Installing: /home/asd/ros2_ws/install/d2f/lib/python3.10/site-packages/d2f/d2f_s__rosidl_typesupport_fastrtps_c.cpython-310-x86_64-linux-gnu.so
-- Set runtime path of "/home/asd/ros2_ws/install/d2f/lib/python3.10/site-packages/d2f/d2f_s__rosidl_typesupport_fastrtps_c.cpython-310-x86_64-linux-gnu.so" to ""
-- Installing: /home/asd/ros2_ws/install/d2f/lib/python3.10/site-packages/d2f/d2f_s__rosidl_typesupport_introspection_c.cpython-310-x86_64-linux-gnu.so
-- Set runtime path of "/home/asd/ros2_ws/install/d2f/lib/python3.10/site-packages/d2f/d2f_s__rosidl_typesupport_introspection_c.cpython-310-x86_64-linux-gnu.so" to ""
-- Installing: /home/asd/ros2_ws/install/d2f/lib/python3.10/site-packages/d2f/d2f_s__rosidl_typesupport_c.cpython-310-x86_64-linux-gnu.so
-- Set runtime path of "/home/asd/ros2_ws/install/d2f/lib/python3.10/site-packages/d2f/d2f_s__rosidl_typesupport_c.cpython-310-x86_64-linux-gnu.so" to ""
-- Installing: /home/asd/ros2_ws/install/d2f/lib/libd2f__rosidl_generator_py.so
-- Set runtime path of "/home/asd/ros2_ws/install/d2f/lib/libd2f__rosidl_generator_py.so" to ""
-- Installing: /home/asd/ros2_ws/install/d2f/share/d2f/msg/DivTwoFloats.idl
-- Installing: /home/asd/ros2_ws/install/d2f/share/d2f/srv/DivTwoFloats.idl
-- Installing: /home/asd/ros2_ws/install/d2f/share/d2f/msg/DivTwoFloats.msg
-- Installing: /home/asd/ros2_ws/install/d2f/share/d2f/srv/DivTwoFloats.srv
-- Installing: /home/asd/ros2_ws/install/d2f/share/d2f/srv/DivTwoFloats_Request.msg
-- Installing: /home/asd/ros2_ws/install/d2f/share/d2f/srv/DivTwoFloats_Response.msg
-- Installing: /home/asd/ros2_ws/install/d2f/share/ament_index/resource_index/package_run_dependencies/d2f
-- Up-to-date: /home/asd/ros2_ws/install/d2f/share/ament_index/resource_index/parent_prefix_path/d2f
-- Up-to-date: /home/asd/ros2_ws/install/d2f/share/d2f/environment/ament_prefix_path.sh
-- Up-to-date: /home/asd/ros2_ws/install/d2f/share/d2f/environment/ament_prefix_path.dsv
-- Up-to-date: /home/asd/ros2_ws/install/d2f/share/d2f/environment/path.sh
-- Up-to-date: /home/asd/ros2_ws/install/d2f/share/d2f/environment/path.dsv
-- Up-to-date: /home/asd/ros2_ws/install/d2f/share/d2f/local_setup.bash
-- Installing: /home/asd/ros2_ws/install/d2f/share/d2f/local_setup.sh
-- Up-to-date: /home/asd/ros2_ws/install/d2f/share/d2f/local_setup.zsh
-- Installing: /home/asd/ros2_ws/install/d2f/share/d2f/local_setup.dsv
-- Installing: /home/asd/ros2_ws/install/d2f/share/d2f/package.dsv
-- Up-to-date: /home/asd/ros2_ws/install/d2f/share/ament_index/resource_index/packages/d2f
-- Installing: /home/asd/ros2_ws/install/d2f/share/d2f/cmake/export_d2f__rosidl_generator_cExport.cmake
-- Installing: /home/asd/ros2_ws/install/d2f/share/d2f/cmake/export_d2f__rosidl_generator_cExport-noconfig.cmake
-- Installing: /home/asd/ros2_ws/install/d2f/share/d2f/cmake/export_d2f__rosidl_typesupport_fastrtps_cExport.cmake
-- Installing: /home/asd/ros2_ws/install/d2f/share/d2f/cmake/export_d2f__rosidl_typesupport_fastrtps_cExport-noconfig.cmake
-- Installing: /home/asd/ros2_ws/install/d2f/share/d2f/cmake/export_d2f__rosidl_generator_cppExport.cmake
-- Installing: /home/asd/ros2_ws/install/d2f/share/d2f/cmake/export_d2f__rosidl_typesupport_fastrtps_cppExport.cmake
-- Installing: /home/asd/ros2_ws/install/d2f/share/d2f/cmake/export_d2f__rosidl_typesupport_fastrtps_cppExport-noconfig.cmake
-- Installing: /home/asd/ros2_ws/install/d2f/share/d2f/cmake/d2f__rosidl_typesupport_introspection_cExport.cmake
-- Installing: /home/asd/ros2_ws/install/d2f/share/d2f/cmake/d2f__rosidl_typesupport_introspection_cExport-noconfig.cmake
-- Installing: /home/asd/ros2_ws/install/d2f/share/d2f/cmake/d2f__rosidl_typesupport_cExport.cmake
-- Installing: /home/asd/ros2_ws/install/d2f/share/d2f/cmake/d2f__rosidl_typesupport_cExport-noconfig.cmake
-- Installing: /home/asd/ros2_ws/install/d2f/share/d2f/cmake/d2f__rosidl_typesupport_introspection_cppExport.cmake
-- Installing: /home/asd/ros2_ws/install/d2f/share/d2f/cmake/d2f__rosidl_typesupport_introspection_cppExport-noconfig.cmake
-- Installing: /home/asd/ros2_ws/install/d2f/share/d2f/cmake/d2f__rosidl_typesupport_cppExport.cmake
-- Installing: /home/asd/ros2_ws/install/d2f/share/d2f/cmake/d2f__rosidl_typesupport_cppExport-noconfig.cmake
-- Installing: /home/asd/ros2_ws/install/d2f/share/d2f/cmake/export_d2f__rosidl_generator_pyExport.cmake
-- Installing: /home/asd/ros2_ws/install/d2f/share/d2f/cmake/export_d2f__rosidl_generator_pyExport-noconfig.cmake
-- Installing: /home/asd/ros2_ws/install/d2f/share/d2f/cmake/rosidl_cmake-extras.cmake
-- Installing: /home/asd/ros2_ws/install/d2f/share/d2f/cmake/ament_cmake_export_dependencies-extras.cmake
-- Installing: /home/asd/ros2_ws/install/d2f/share/d2f/cmake/ament_cmake_export_include_directories-extras.cmake
-- Installing: /home/asd/ros2_ws/install/d2f/share/d2f/cmake/ament_cmake_export_libraries-extras.cmake
-- Installing: /home/asd/ros2_ws/install/d2f/share/d2f/cmake/ament_cmake_export_targets-extras.cmake
-- Installing: /home/asd/ros2_ws/install/d2f/share/d2f/cmake/rosidl_cmake_export_typesupport_targets-extras.cmake
-- Installing: /home/asd/ros2_ws/install/d2f/share/d2f/cmake/rosidl_cmake_export_typesupport_libraries-extras.cmake
-- Installing: /home/asd/ros2_ws/install/d2f/share/d2f/cmake/d2fConfig.cmake
-- Up-to-date: /home/asd/ros2_ws/install/d2f/share/d2f/cmake/d2fConfig-version.cmake
-- Installing: /home/asd/ros2_ws/install/d2f/share/d2f/package.xml
