[0.053s] Invoking command in '/home/asd/ros2_ws/build/d2f': CMAKE_PREFIX_PATH=/opt/ros/iron /usr/bin/cmake --build /home/asd/ros2_ws/build/d2f -- -j4 -l4
[0.165s] -- Found ament_cmake: 2.0.4 (/opt/ros/iron/share/ament_cmake/cmake)
[0.675s] -- Found example_interfaces: 0.10.2 (/opt/ros/iron/share/example_interfaces/cmake)
[0.794s] -- Found rosidl_generator_c: 4.0.1 (/opt/ros/iron/share/rosidl_generator_c/cmake)
[0.855s] -- Found rosidl_generator_cpp: 4.0.1 (/opt/ros/iron/share/rosidl_generator_cpp/cmake)
[0.914s] -- Using all available rosidl_typesupport_c: rosidl_typesupport_fastrtps_c;rosidl_typesupport_introspection_c
[1.002s] -- Using all available rosidl_typesupport_cpp: rosidl_typesupport_fastrtps_cpp;rosidl_typesupport_introspection_cpp
[2.960s] -- Found geometry_msgs: 5.0.0 (/opt/ros/iron/share/geometry_msgs/cmake)
[3.646s] -- Found rosidl_default_generators: 1.5.0 (/opt/ros/iron/share/rosidl_default_generators/cmake)
[3.684s] -- Found rosidl_adapter: 4.0.1 (/opt/ros/iron/share/rosidl_adapter/cmake)
[5.234s] -- Found ament_cmake_ros: 0.11.2 (/opt/ros/iron/share/ament_cmake_ros/cmake)
[6.938s] -- Using all available rosidl_typesupport_c: rosidl_typesupport_fastrtps_c;rosidl_typesupport_introspection_c
[7.629s] -- Using all available rosidl_typesupport_cpp: rosidl_typesupport_fastrtps_cpp;rosidl_typesupport_introspection_cpp
[7.759s] -- Found PythonInterp: /usr/bin/python3 (found suitable version "3.10.12", minimum required is "3.6") 
[7.829s] -- Found python_cmake_module: 0.10.2 (/opt/ros/iron/share/python_cmake_module/cmake)
[8.099s] -- Found PythonLibs: /usr/lib/x86_64-linux-gnu/libpython3.10.so (found suitable version "3.10.12", minimum required is "3.5") 
[8.099s] -- Using PYTHON_EXECUTABLE: /usr/bin/python3
[8.100s] -- Using PYTHON_INCLUDE_DIRS: /usr/include/python3.10
[8.100s] -- Using PYTHON_LIBRARIES: /usr/lib/x86_64-linux-gnu/libpython3.10.so
[8.166s] -- Found PythonExtra: .so  
[8.563s] -- Configuring done
[8.754s] -- Generating done
[8.768s] -- Build files have been written to: /home/asd/ros2_ws/build/d2f
[8.899s] [  2%] [34m[1mGenerating type hashes for ROS interfaces[0m
[8.931s] [  2%] Built target ament_cmake_python_copy_d2f
[9.827s] [  2%] Built target d2f__rosidl_generator_type_description
[9.865s] [  4%] [34m[1mGenerating C code for ROS interfaces[0m
[9.932s] [  6%] [34m[1mGenerating C++ code for ROS interfaces[0m
[9.947s] running egg_info
[9.948s] creating d2f.egg-info
[9.949s] writing d2f.egg-info/PKG-INFO
[9.949s] writing dependency_links to d2f.egg-info/dependency_links.txt
[9.950s] writing top-level names to d2f.egg-info/top_level.txt
[9.950s] writing manifest file 'd2f.egg-info/SOURCES.txt'
[9.974s] reading manifest file 'd2f.egg-info/SOURCES.txt'
[9.975s] writing manifest file 'd2f.egg-info/SOURCES.txt'
[10.058s] [  6%] Built target ament_cmake_python_build_d2f_egg
[11.377s] [  6%] Built target d2f__cpp
[11.781s] [  9%] [32mBuilding C object CMakeFiles/d2f__rosidl_generator_c.dir/rosidl_generator_c/d2f/msg/detail/div_two_floats__type_support.c.o[0m
[11.781s] [ 11%] [32mBuilding C object CMakeFiles/d2f__rosidl_generator_c.dir/rosidl_generator_c/d2f/msg/detail/div_two_floats__description.c.o[0m
[11.782s] [ 13%] [32mBuilding C object CMakeFiles/d2f__rosidl_generator_c.dir/rosidl_generator_c/d2f/msg/detail/div_two_floats__functions.c.o[0m
[11.790s] [ 15%] [32mBuilding C object CMakeFiles/d2f__rosidl_generator_c.dir/rosidl_generator_c/d2f/srv/detail/div_two_floats__description.c.o[0m
[11.975s] [ 18%] [32mBuilding C object CMakeFiles/d2f__rosidl_generator_c.dir/rosidl_generator_c/d2f/srv/detail/div_two_floats__functions.c.o[0m
[12.067s] [ 20%] [32mBuilding C object CMakeFiles/d2f__rosidl_generator_c.dir/rosidl_generator_c/d2f/srv/detail/div_two_floats__type_support.c.o[0m
[12.277s] [ 22%] [32m[1mLinking C shared library libd2f__rosidl_generator_c.so[0m
[12.470s] [ 22%] Built target d2f__rosidl_generator_c
[12.504s] [ 25%] [34m[1mGenerating C++ type support dispatch for ROS interfaces[0m
[12.505s] [ 29%] [34m[1mGenerating C type support for eProsima Fast-RTPS[0m
[12.505s] [ 29%] [34m[1mGenerating C++ type support for eProsima Fast-RTPS[0m
[12.506s] [ 31%] [34m[1mGenerating C introspection for ROS interfaces[0m
[13.807s] [ 34%] [32mBuilding CXX object CMakeFiles/d2f__rosidl_typesupport_cpp.dir/rosidl_typesupport_cpp/d2f/msg/div_two_floats__type_support.cpp.o[0m
[14.032s] [ 36%] [32mBuilding CXX object CMakeFiles/d2f__rosidl_typesupport_fastrtps_c.dir/rosidl_typesupport_fastrtps_c/d2f/msg/detail/div_two_floats__type_support_c.cpp.o[0m
[14.133s] [ 38%] [32mBuilding C object CMakeFiles/d2f__rosidl_typesupport_introspection_c.dir/rosidl_typesupport_introspection_c/d2f/msg/detail/div_two_floats__type_support.c.o[0m
[14.161s] [ 40%] [32mBuilding CXX object CMakeFiles/d2f__rosidl_typesupport_fastrtps_cpp.dir/rosidl_typesupport_fastrtps_cpp/d2f/msg/detail/dds_fastrtps/div_two_floats__type_support.cpp.o[0m
[14.315s] [ 43%] [32mBuilding C object CMakeFiles/d2f__rosidl_typesupport_introspection_c.dir/rosidl_typesupport_introspection_c/d2f/srv/detail/div_two_floats__type_support.c.o[0m
[14.501s] [ 45%] [32m[1mLinking C shared library libd2f__rosidl_typesupport_introspection_c.so[0m
[14.699s] [ 45%] Built target d2f__rosidl_typesupport_introspection_c
[14.733s] [ 47%] [34m[1mGenerating C type support dispatch for ROS interfaces[0m
[15.445s] [ 50%] [32mBuilding CXX object CMakeFiles/d2f__rosidl_typesupport_cpp.dir/rosidl_typesupport_cpp/d2f/srv/div_two_floats__type_support.cpp.o[0m
[15.572s] [ 52%] [32mBuilding CXX object CMakeFiles/d2f__rosidl_typesupport_fastrtps_c.dir/rosidl_typesupport_fastrtps_c/d2f/srv/detail/div_two_floats__type_support_c.cpp.o[0m
[15.885s] [ 54%] [32mBuilding CXX object CMakeFiles/d2f__rosidl_typesupport_c.dir/rosidl_typesupport_c/d2f/msg/div_two_floats__type_support.cpp.o[0m
[16.074s] [ 56%] [32mBuilding CXX object CMakeFiles/d2f__rosidl_typesupport_c.dir/rosidl_typesupport_c/d2f/srv/div_two_floats__type_support.cpp.o[0m
[16.299s] [ 59%] [32mBuilding CXX object CMakeFiles/d2f__rosidl_typesupport_fastrtps_cpp.dir/rosidl_typesupport_fastrtps_cpp/d2f/srv/detail/dds_fastrtps/div_two_floats__type_support.cpp.o[0m
[16.316s] [ 61%] [32m[1mLinking CXX shared library libd2f__rosidl_typesupport_c.so[0m
[16.517s] [ 61%] Built target d2f__rosidl_typesupport_c
[16.561s] [ 63%] [34m[1mGenerating C++ introspection for ROS interfaces[0m
[17.075s] [ 65%] [32m[1mLinking CXX shared library libd2f__rosidl_typesupport_fastrtps_c.so[0m
[17.331s] [ 68%] [32m[1mLinking CXX shared library libd2f__rosidl_typesupport_cpp.so[0m
[17.404s] [ 68%] Built target d2f__rosidl_typesupport_fastrtps_c
[17.667s] [ 68%] Built target d2f__rosidl_typesupport_cpp
[17.873s] [ 72%] [32mBuilding CXX object CMakeFiles/d2f__rosidl_typesupport_introspection_cpp.dir/rosidl_typesupport_introspection_cpp/d2f/srv/detail/div_two_floats__type_support.cpp.o[0m
[17.874s] [ 72%] [32mBuilding CXX object CMakeFiles/d2f__rosidl_typesupport_introspection_cpp.dir/rosidl_typesupport_introspection_cpp/d2f/msg/detail/div_two_floats__type_support.cpp.o[0m
[18.932s] [ 75%] [32m[1mLinking CXX shared library libd2f__rosidl_typesupport_fastrtps_cpp.so[0m
[19.278s] [ 75%] Built target d2f__rosidl_typesupport_fastrtps_cpp
[19.770s] [ 77%] [32m[1mLinking CXX shared library libd2f__rosidl_typesupport_introspection_cpp.so[0m
[20.136s] [ 77%] Built target d2f__rosidl_typesupport_introspection_cpp
[20.199s] [ 77%] Built target d2f
[20.272s] [ 79%] [34m[1mGenerating Python code for ROS interfaces[0m
[22.440s] [ 79%] Built target d2f__py
[22.507s] [ 84%] [32mBuilding C object CMakeFiles/d2f__rosidl_generator_py.dir/rosidl_generator_py/d2f/srv/_div_two_floats_s.c.o[0m
[22.508s] [ 84%] [32mBuilding C object CMakeFiles/d2f__rosidl_generator_py.dir/rosidl_generator_py/d2f/msg/_div_two_floats_s.c.o[0m
[23.669s] [ 86%] [32m[1mLinking C shared library rosidl_generator_py/d2f/libd2f__rosidl_generator_py.so[0m
[23.881s] [ 86%] Built target d2f__rosidl_generator_py
[23.958s] [ 88%] [32mBuilding C object CMakeFiles/d2f__rosidl_typesupport_c__pyext.dir/rosidl_generator_py/d2f/_d2f_s.ep.rosidl_typesupport_c.c.o[0m
[23.960s] [ 90%] [32mBuilding C object CMakeFiles/d2f__rosidl_typesupport_fastrtps_c__pyext.dir/rosidl_generator_py/d2f/_d2f_s.ep.rosidl_typesupport_fastrtps_c.c.o[0m
[23.980s] [ 93%] [32mBuilding C object CMakeFiles/d2f__rosidl_typesupport_introspection_c__pyext.dir/rosidl_generator_py/d2f/_d2f_s.ep.rosidl_typesupport_introspection_c.c.o[0m
[24.448s] [ 95%] [32m[1mLinking C shared library rosidl_generator_py/d2f/d2f_s__rosidl_typesupport_c.cpython-310-x86_64-linux-gnu.so[0m
[24.474s] [ 97%] [32m[1mLinking C shared library rosidl_generator_py/d2f/d2f_s__rosidl_typesupport_fastrtps_c.cpython-310-x86_64-linux-gnu.so[0m
[24.514s] [100%] [32m[1mLinking C shared library rosidl_generator_py/d2f/d2f_s__rosidl_typesupport_introspection_c.cpython-310-x86_64-linux-gnu.so[0m
[24.646s] [100%] Built target d2f__rosidl_typesupport_c__pyext
[24.679s] [100%] Built target d2f__rosidl_typesupport_fastrtps_c__pyext
[24.729s] [100%] Built target d2f__rosidl_typesupport_introspection_c__pyext
[24.796s] Invoked command in '/home/asd/ros2_ws/build/d2f' returned '0': CMAKE_PREFIX_PATH=/opt/ros/iron /usr/bin/cmake --build /home/asd/ros2_ws/build/d2f -- -j4 -l4
[25.115s] Invoking command in '/home/asd/ros2_ws/build/d2f': CMAKE_PREFIX_PATH=/opt/ros/iron /usr/bin/cmake --install /home/asd/ros2_ws/build/d2f
[25.142s] -- Install configuration: ""
[25.142s] -- Installing: /home/asd/ros2_ws/install/d2f/share/ament_index/resource_index/rosidl_interfaces/d2f
[25.143s] -- Installing: /home/asd/ros2_ws/install/d2f/share/d2f/msg/DivTwoFloats.json
[25.143s] -- Installing: /home/asd/ros2_ws/install/d2f/share/d2f/srv/DivTwoFloats.json
[25.144s] -- Installing: /home/asd/ros2_ws/install/d2f/include/d2f/d2f
[25.151s] -- Installing: /home/asd/ros2_ws/install/d2f/include/d2f/d2f/msg
[25.151s] -- Installing: /home/asd/ros2_ws/install/d2f/include/d2f/d2f/msg/detail
[25.151s] -- Installing: /home/asd/ros2_ws/install/d2f/include/d2f/d2f/msg/detail/div_two_floats__struct.h
[25.152s] -- Installing: /home/asd/ros2_ws/install/d2f/include/d2f/d2f/msg/detail/div_two_floats__description.c
[25.152s] -- Installing: /home/asd/ros2_ws/install/d2f/include/d2f/d2f/msg/detail/div_two_floats__type_support.c
[25.153s] -- Installing: /home/asd/ros2_ws/install/d2f/include/d2f/d2f/msg/detail/div_two_floats__type_support.h
[25.153s] -- Installing: /home/asd/ros2_ws/install/d2f/include/d2f/d2f/msg/detail/div_two_floats__functions.h
[25.154s] -- Installing: /home/asd/ros2_ws/install/d2f/include/d2f/d2f/msg/detail/div_two_floats__functions.c
[25.154s] -- Installing: /home/asd/ros2_ws/install/d2f/include/d2f/d2f/msg/div_two_floats.h
[25.154s] -- Installing: /home/asd/ros2_ws/install/d2f/include/d2f/d2f/msg/rosidl_generator_c__visibility_control.h
[25.155s] -- Installing: /home/asd/ros2_ws/install/d2f/include/d2f/d2f/srv
[25.155s] -- Installing: /home/asd/ros2_ws/install/d2f/include/d2f/d2f/srv/detail
[25.155s] -- Installing: /home/asd/ros2_ws/install/d2f/include/d2f/d2f/srv/detail/div_two_floats__struct.h
[25.156s] -- Installing: /home/asd/ros2_ws/install/d2f/include/d2f/d2f/srv/detail/div_two_floats__description.c
[25.157s] -- Installing: /home/asd/ros2_ws/install/d2f/include/d2f/d2f/srv/detail/div_two_floats__type_support.c
[25.157s] -- Installing: /home/asd/ros2_ws/install/d2f/include/d2f/d2f/srv/detail/div_two_floats__type_support.h
[25.157s] -- Installing: /home/asd/ros2_ws/install/d2f/include/d2f/d2f/srv/detail/div_two_floats__functions.h
[25.158s] -- Installing: /home/asd/ros2_ws/install/d2f/include/d2f/d2f/srv/detail/div_two_floats__functions.c
[25.162s] -- Installing: /home/asd/ros2_ws/install/d2f/include/d2f/d2f/srv/div_two_floats.h
[25.163s] -- Installing: /home/asd/ros2_ws/install/d2f/share/d2f/environment/library_path.sh
[25.163s] -- Installing: /home/asd/ros2_ws/install/d2f/share/d2f/environment/library_path.dsv
[25.164s] -- Installing: /home/asd/ros2_ws/install/d2f/lib/libd2f__rosidl_generator_c.so
[25.164s] -- Set runtime path of "/home/asd/ros2_ws/install/d2f/lib/libd2f__rosidl_generator_c.so" to ""
[25.165s] -- Up-to-date: /home/asd/ros2_ws/install/d2f/include/d2f/d2f
[25.165s] -- Up-to-date: /home/asd/ros2_ws/install/d2f/include/d2f/d2f/msg
[25.165s] -- Up-to-date: /home/asd/ros2_ws/install/d2f/include/d2f/d2f/msg/detail
[25.166s] -- Installing: /home/asd/ros2_ws/install/d2f/include/d2f/d2f/msg/detail/div_two_floats__rosidl_typesupport_fastrtps_c.h
[25.166s] -- Installing: /home/asd/ros2_ws/install/d2f/include/d2f/d2f/msg/rosidl_typesupport_fastrtps_c__visibility_control.h
[25.167s] -- Up-to-date: /home/asd/ros2_ws/install/d2f/include/d2f/d2f/srv
[25.167s] -- Up-to-date: /home/asd/ros2_ws/install/d2f/include/d2f/d2f/srv/detail
[25.168s] -- Installing: /home/asd/ros2_ws/install/d2f/include/d2f/d2f/srv/detail/div_two_floats__rosidl_typesupport_fastrtps_c.h
[25.168s] -- Installing: /home/asd/ros2_ws/install/d2f/lib/libd2f__rosidl_typesupport_fastrtps_c.so
[25.169s] -- Set runtime path of "/home/asd/ros2_ws/install/d2f/lib/libd2f__rosidl_typesupport_fastrtps_c.so" to ""
[25.169s] -- Up-to-date: /home/asd/ros2_ws/install/d2f/include/d2f/d2f
[25.169s] -- Up-to-date: /home/asd/ros2_ws/install/d2f/include/d2f/d2f/msg
[25.170s] -- Up-to-date: /home/asd/ros2_ws/install/d2f/include/d2f/d2f/msg/detail
[25.170s] -- Installing: /home/asd/ros2_ws/install/d2f/include/d2f/d2f/msg/detail/div_two_floats__struct.hpp
[25.171s] -- Installing: /home/asd/ros2_ws/install/d2f/include/d2f/d2f/msg/detail/div_two_floats__traits.hpp
[25.171s] -- Installing: /home/asd/ros2_ws/install/d2f/include/d2f/d2f/msg/detail/div_two_floats__builder.hpp
[25.171s] -- Installing: /home/asd/ros2_ws/install/d2f/include/d2f/d2f/msg/div_two_floats.hpp
[25.172s] -- Up-to-date: /home/asd/ros2_ws/install/d2f/include/d2f/d2f/srv
[25.172s] -- Up-to-date: /home/asd/ros2_ws/install/d2f/include/d2f/d2f/srv/detail
[25.172s] -- Installing: /home/asd/ros2_ws/install/d2f/include/d2f/d2f/srv/detail/div_two_floats__struct.hpp
[25.173s] -- Installing: /home/asd/ros2_ws/install/d2f/include/d2f/d2f/srv/detail/div_two_floats__traits.hpp
[25.173s] -- Installing: /home/asd/ros2_ws/install/d2f/include/d2f/d2f/srv/detail/div_two_floats__builder.hpp
[25.173s] -- Installing: /home/asd/ros2_ws/install/d2f/include/d2f/d2f/srv/div_two_floats.hpp
[25.173s] -- Up-to-date: /home/asd/ros2_ws/install/d2f/include/d2f/d2f
[25.174s] -- Up-to-date: /home/asd/ros2_ws/install/d2f/include/d2f/d2f/msg
[25.174s] -- Up-to-date: /home/asd/ros2_ws/install/d2f/include/d2f/d2f/msg/detail
[25.174s] -- Installing: /home/asd/ros2_ws/install/d2f/include/d2f/d2f/msg/detail/div_two_floats__rosidl_typesupport_fastrtps_cpp.hpp
[25.175s] -- Installing: /home/asd/ros2_ws/install/d2f/include/d2f/d2f/msg/detail/dds_fastrtps
[25.175s] -- Installing: /home/asd/ros2_ws/install/d2f/include/d2f/d2f/msg/rosidl_typesupport_fastrtps_cpp__visibility_control.h
[25.175s] -- Up-to-date: /home/asd/ros2_ws/install/d2f/include/d2f/d2f/srv
[25.176s] -- Up-to-date: /home/asd/ros2_ws/install/d2f/include/d2f/d2f/srv/detail
[25.176s] -- Installing: /home/asd/ros2_ws/install/d2f/include/d2f/d2f/srv/detail/div_two_floats__rosidl_typesupport_fastrtps_cpp.hpp
[25.177s] -- Installing: /home/asd/ros2_ws/install/d2f/include/d2f/d2f/srv/detail/dds_fastrtps
[25.177s] -- Installing: /home/asd/ros2_ws/install/d2f/lib/libd2f__rosidl_typesupport_fastrtps_cpp.so
[25.177s] -- Set runtime path of "/home/asd/ros2_ws/install/d2f/lib/libd2f__rosidl_typesupport_fastrtps_cpp.so" to ""
[25.178s] -- Up-to-date: /home/asd/ros2_ws/install/d2f/include/d2f/d2f
[25.178s] -- Up-to-date: /home/asd/ros2_ws/install/d2f/include/d2f/d2f/msg
[25.178s] -- Installing: /home/asd/ros2_ws/install/d2f/include/d2f/d2f/msg/rosidl_typesupport_introspection_c__visibility_control.h
[25.179s] -- Up-to-date: /home/asd/ros2_ws/install/d2f/include/d2f/d2f/msg/detail
[25.179s] -- Installing: /home/asd/ros2_ws/install/d2f/include/d2f/d2f/msg/detail/div_two_floats__rosidl_typesupport_introspection_c.h
[25.179s] -- Installing: /home/asd/ros2_ws/install/d2f/include/d2f/d2f/msg/detail/div_two_floats__type_support.c
[25.180s] -- Up-to-date: /home/asd/ros2_ws/install/d2f/include/d2f/d2f/srv
[25.180s] -- Up-to-date: /home/asd/ros2_ws/install/d2f/include/d2f/d2f/srv/detail
[25.181s] -- Installing: /home/asd/ros2_ws/install/d2f/include/d2f/d2f/srv/detail/div_two_floats__rosidl_typesupport_introspection_c.h
[25.181s] -- Installing: /home/asd/ros2_ws/install/d2f/include/d2f/d2f/srv/detail/div_two_floats__type_support.c
[25.181s] -- Installing: /home/asd/ros2_ws/install/d2f/lib/libd2f__rosidl_typesupport_introspection_c.so
[25.182s] -- Set runtime path of "/home/asd/ros2_ws/install/d2f/lib/libd2f__rosidl_typesupport_introspection_c.so" to ""
[25.182s] -- Installing: /home/asd/ros2_ws/install/d2f/lib/libd2f__rosidl_typesupport_c.so
[25.182s] -- Set runtime path of "/home/asd/ros2_ws/install/d2f/lib/libd2f__rosidl_typesupport_c.so" to ""
[25.183s] -- Up-to-date: /home/asd/ros2_ws/install/d2f/include/d2f/d2f
[25.183s] -- Up-to-date: /home/asd/ros2_ws/install/d2f/include/d2f/d2f/msg
[25.183s] -- Up-to-date: /home/asd/ros2_ws/install/d2f/include/d2f/d2f/msg/detail
[25.183s] -- Installing: /home/asd/ros2_ws/install/d2f/include/d2f/d2f/msg/detail/div_two_floats__rosidl_typesupport_introspection_cpp.hpp
[25.184s] -- Installing: /home/asd/ros2_ws/install/d2f/include/d2f/d2f/msg/detail/div_two_floats__type_support.cpp
[25.184s] -- Up-to-date: /home/asd/ros2_ws/install/d2f/include/d2f/d2f/srv
[25.184s] -- Up-to-date: /home/asd/ros2_ws/install/d2f/include/d2f/d2f/srv/detail
[25.185s] -- Installing: /home/asd/ros2_ws/install/d2f/include/d2f/d2f/srv/detail/div_two_floats__rosidl_typesupport_introspection_cpp.hpp
[25.185s] -- Installing: /home/asd/ros2_ws/install/d2f/include/d2f/d2f/srv/detail/div_two_floats__type_support.cpp
[25.185s] -- Installing: /home/asd/ros2_ws/install/d2f/lib/libd2f__rosidl_typesupport_introspection_cpp.so
[25.186s] -- Set runtime path of "/home/asd/ros2_ws/install/d2f/lib/libd2f__rosidl_typesupport_introspection_cpp.so" to ""
[25.186s] -- Installing: /home/asd/ros2_ws/install/d2f/lib/libd2f__rosidl_typesupport_cpp.so
[25.188s] -- Set runtime path of "/home/asd/ros2_ws/install/d2f/lib/libd2f__rosidl_typesupport_cpp.so" to ""
[25.188s] -- Installing: /home/asd/ros2_ws/install/d2f/share/d2f/environment/pythonpath.sh
[25.189s] -- Installing: /home/asd/ros2_ws/install/d2f/share/d2f/environment/pythonpath.dsv
[25.189s] -- Installing: /home/asd/ros2_ws/install/d2f/lib/python3.10/site-packages/d2f-0.0.0-py3.10.egg-info
[25.190s] -- Installing: /home/asd/ros2_ws/install/d2f/lib/python3.10/site-packages/d2f-0.0.0-py3.10.egg-info/SOURCES.txt
[25.190s] -- Installing: /home/asd/ros2_ws/install/d2f/lib/python3.10/site-packages/d2f-0.0.0-py3.10.egg-info/top_level.txt
[25.191s] -- Installing: /home/asd/ros2_ws/install/d2f/lib/python3.10/site-packages/d2f-0.0.0-py3.10.egg-info/PKG-INFO
[25.191s] -- Installing: /home/asd/ros2_ws/install/d2f/lib/python3.10/site-packages/d2f-0.0.0-py3.10.egg-info/dependency_links.txt
[25.192s] -- Installing: /home/asd/ros2_ws/install/d2f/lib/python3.10/site-packages/d2f
[25.192s] -- Installing: /home/asd/ros2_ws/install/d2f/lib/python3.10/site-packages/d2f/_d2f_s.ep.rosidl_typesupport_introspection_c.c
[25.193s] -- Installing: /home/asd/ros2_ws/install/d2f/lib/python3.10/site-packages/d2f/d2f_s__rosidl_typesupport_c.cpython-310-x86_64-linux-gnu.so
[25.193s] -- Installing: /home/asd/ros2_ws/install/d2f/lib/python3.10/site-packages/d2f/msg
[25.193s] -- Installing: /home/asd/ros2_ws/install/d2f/lib/python3.10/site-packages/d2f/msg/_div_two_floats_s.c
[25.194s] -- Installing: /home/asd/ros2_ws/install/d2f/lib/python3.10/site-packages/d2f/msg/_div_two_floats.py
[25.194s] -- Installing: /home/asd/ros2_ws/install/d2f/lib/python3.10/site-packages/d2f/msg/__init__.py
[25.195s] -- Installing: /home/asd/ros2_ws/install/d2f/lib/python3.10/site-packages/d2f/libd2f__rosidl_generator_py.so
[25.195s] -- Installing: /home/asd/ros2_ws/install/d2f/lib/python3.10/site-packages/d2f/__init__.py
[25.195s] -- Installing: /home/asd/ros2_ws/install/d2f/lib/python3.10/site-packages/d2f/_d2f_s.ep.rosidl_typesupport_c.c
[25.196s] -- Installing: /home/asd/ros2_ws/install/d2f/lib/python3.10/site-packages/d2f/d2f_s__rosidl_typesupport_fastrtps_c.cpython-310-x86_64-linux-gnu.so
[25.196s] -- Installing: /home/asd/ros2_ws/install/d2f/lib/python3.10/site-packages/d2f/srv
[25.197s] -- Installing: /home/asd/ros2_ws/install/d2f/lib/python3.10/site-packages/d2f/srv/_div_two_floats_s.c
[25.197s] -- Installing: /home/asd/ros2_ws/install/d2f/lib/python3.10/site-packages/d2f/srv/_div_two_floats.py
[25.197s] -- Installing: /home/asd/ros2_ws/install/d2f/lib/python3.10/site-packages/d2f/srv/__init__.py
[25.198s] -- Installing: /home/asd/ros2_ws/install/d2f/lib/python3.10/site-packages/d2f/_d2f_s.ep.rosidl_typesupport_fastrtps_c.c
[25.198s] -- Installing: /home/asd/ros2_ws/install/d2f/lib/python3.10/site-packages/d2f/d2f_s__rosidl_typesupport_introspection_c.cpython-310-x86_64-linux-gnu.so
[25.374s] Listing '/home/asd/ros2_ws/install/d2f/lib/python3.10/site-packages/d2f'...
[25.375s] Compiling '/home/asd/ros2_ws/install/d2f/lib/python3.10/site-packages/d2f/__init__.py'...
[25.375s] Listing '/home/asd/ros2_ws/install/d2f/lib/python3.10/site-packages/d2f/msg'...
[25.375s] Compiling '/home/asd/ros2_ws/install/d2f/lib/python3.10/site-packages/d2f/msg/__init__.py'...
[25.376s] Compiling '/home/asd/ros2_ws/install/d2f/lib/python3.10/site-packages/d2f/msg/_div_two_floats.py'...
[25.376s] Listing '/home/asd/ros2_ws/install/d2f/lib/python3.10/site-packages/d2f/srv'...
[25.376s] Compiling '/home/asd/ros2_ws/install/d2f/lib/python3.10/site-packages/d2f/srv/__init__.py'...
[25.377s] Compiling '/home/asd/ros2_ws/install/d2f/lib/python3.10/site-packages/d2f/srv/_div_two_floats.py'...
[25.389s] -- Installing: /home/asd/ros2_ws/install/d2f/lib/python3.10/site-packages/d2f/d2f_s__rosidl_typesupport_fastrtps_c.cpython-310-x86_64-linux-gnu.so
[25.390s] -- Set runtime path of "/home/asd/ros2_ws/install/d2f/lib/python3.10/site-packages/d2f/d2f_s__rosidl_typesupport_fastrtps_c.cpython-310-x86_64-linux-gnu.so" to ""
[25.391s] -- Installing: /home/asd/ros2_ws/install/d2f/lib/python3.10/site-packages/d2f/d2f_s__rosidl_typesupport_introspection_c.cpython-310-x86_64-linux-gnu.so
[25.392s] -- Set runtime path of "/home/asd/ros2_ws/install/d2f/lib/python3.10/site-packages/d2f/d2f_s__rosidl_typesupport_introspection_c.cpython-310-x86_64-linux-gnu.so" to ""
[25.393s] -- Installing: /home/asd/ros2_ws/install/d2f/lib/python3.10/site-packages/d2f/d2f_s__rosidl_typesupport_c.cpython-310-x86_64-linux-gnu.so
[25.395s] -- Set runtime path of "/home/asd/ros2_ws/install/d2f/lib/python3.10/site-packages/d2f/d2f_s__rosidl_typesupport_c.cpython-310-x86_64-linux-gnu.so" to ""
[25.395s] -- Installing: /home/asd/ros2_ws/install/d2f/lib/libd2f__rosidl_generator_py.so
[25.397s] -- Set runtime path of "/home/asd/ros2_ws/install/d2f/lib/libd2f__rosidl_generator_py.so" to ""
[25.397s] -- Installing: /home/asd/ros2_ws/install/d2f/share/d2f/msg/DivTwoFloats.idl
[25.397s] -- Installing: /home/asd/ros2_ws/install/d2f/share/d2f/srv/DivTwoFloats.idl
[25.398s] -- Installing: /home/asd/ros2_ws/install/d2f/share/d2f/msg/DivTwoFloats.msg
[25.398s] -- Installing: /home/asd/ros2_ws/install/d2f/share/d2f/srv/DivTwoFloats.srv
[25.398s] -- Installing: /home/asd/ros2_ws/install/d2f/share/d2f/srv/DivTwoFloats_Request.msg
[25.399s] -- Installing: /home/asd/ros2_ws/install/d2f/share/d2f/srv/DivTwoFloats_Response.msg
[25.399s] -- Installing: /home/asd/ros2_ws/install/d2f/share/ament_index/resource_index/package_run_dependencies/d2f
[25.400s] -- Up-to-date: /home/asd/ros2_ws/install/d2f/share/ament_index/resource_index/parent_prefix_path/d2f
[25.401s] -- Up-to-date: /home/asd/ros2_ws/install/d2f/share/d2f/environment/ament_prefix_path.sh
[25.401s] -- Up-to-date: /home/asd/ros2_ws/install/d2f/share/d2f/environment/ament_prefix_path.dsv
[25.401s] -- Up-to-date: /home/asd/ros2_ws/install/d2f/share/d2f/environment/path.sh
[25.401s] -- Up-to-date: /home/asd/ros2_ws/install/d2f/share/d2f/environment/path.dsv
[25.402s] -- Up-to-date: /home/asd/ros2_ws/install/d2f/share/d2f/local_setup.bash
[25.402s] -- Installing: /home/asd/ros2_ws/install/d2f/share/d2f/local_setup.sh
[25.402s] -- Up-to-date: /home/asd/ros2_ws/install/d2f/share/d2f/local_setup.zsh
[25.403s] -- Installing: /home/asd/ros2_ws/install/d2f/share/d2f/local_setup.dsv
[25.403s] -- Installing: /home/asd/ros2_ws/install/d2f/share/d2f/package.dsv
[25.403s] -- Up-to-date: /home/asd/ros2_ws/install/d2f/share/ament_index/resource_index/packages/d2f
[25.404s] -- Installing: /home/asd/ros2_ws/install/d2f/share/d2f/cmake/export_d2f__rosidl_generator_cExport.cmake
[25.404s] -- Installing: /home/asd/ros2_ws/install/d2f/share/d2f/cmake/export_d2f__rosidl_generator_cExport-noconfig.cmake
[25.404s] -- Installing: /home/asd/ros2_ws/install/d2f/share/d2f/cmake/export_d2f__rosidl_typesupport_fastrtps_cExport.cmake
[25.405s] -- Installing: /home/asd/ros2_ws/install/d2f/share/d2f/cmake/export_d2f__rosidl_typesupport_fastrtps_cExport-noconfig.cmake
[25.405s] -- Installing: /home/asd/ros2_ws/install/d2f/share/d2f/cmake/export_d2f__rosidl_generator_cppExport.cmake
[25.406s] -- Installing: /home/asd/ros2_ws/install/d2f/share/d2f/cmake/export_d2f__rosidl_typesupport_fastrtps_cppExport.cmake
[25.406s] -- Installing: /home/asd/ros2_ws/install/d2f/share/d2f/cmake/export_d2f__rosidl_typesupport_fastrtps_cppExport-noconfig.cmake
[25.407s] -- Installing: /home/asd/ros2_ws/install/d2f/share/d2f/cmake/d2f__rosidl_typesupport_introspection_cExport.cmake
[25.407s] -- Installing: /home/asd/ros2_ws/install/d2f/share/d2f/cmake/d2f__rosidl_typesupport_introspection_cExport-noconfig.cmake
[25.408s] -- Installing: /home/asd/ros2_ws/install/d2f/share/d2f/cmake/d2f__rosidl_typesupport_cExport.cmake
[25.408s] -- Installing: /home/asd/ros2_ws/install/d2f/share/d2f/cmake/d2f__rosidl_typesupport_cExport-noconfig.cmake
[25.409s] -- Installing: /home/asd/ros2_ws/install/d2f/share/d2f/cmake/d2f__rosidl_typesupport_introspection_cppExport.cmake
[25.409s] -- Installing: /home/asd/ros2_ws/install/d2f/share/d2f/cmake/d2f__rosidl_typesupport_introspection_cppExport-noconfig.cmake
[25.410s] -- Installing: /home/asd/ros2_ws/install/d2f/share/d2f/cmake/d2f__rosidl_typesupport_cppExport.cmake
[25.410s] -- Installing: /home/asd/ros2_ws/install/d2f/share/d2f/cmake/d2f__rosidl_typesupport_cppExport-noconfig.cmake
[25.411s] -- Installing: /home/asd/ros2_ws/install/d2f/share/d2f/cmake/export_d2f__rosidl_generator_pyExport.cmake
[25.411s] -- Installing: /home/asd/ros2_ws/install/d2f/share/d2f/cmake/export_d2f__rosidl_generator_pyExport-noconfig.cmake
[25.412s] -- Installing: /home/asd/ros2_ws/install/d2f/share/d2f/cmake/rosidl_cmake-extras.cmake
[25.412s] -- Installing: /home/asd/ros2_ws/install/d2f/share/d2f/cmake/ament_cmake_export_dependencies-extras.cmake
[25.413s] -- Installing: /home/asd/ros2_ws/install/d2f/share/d2f/cmake/ament_cmake_export_include_directories-extras.cmake
[25.413s] -- Installing: /home/asd/ros2_ws/install/d2f/share/d2f/cmake/ament_cmake_export_libraries-extras.cmake
[25.414s] -- Installing: /home/asd/ros2_ws/install/d2f/share/d2f/cmake/ament_cmake_export_targets-extras.cmake
[25.414s] -- Installing: /home/asd/ros2_ws/install/d2f/share/d2f/cmake/rosidl_cmake_export_typesupport_targets-extras.cmake
[25.415s] -- Installing: /home/asd/ros2_ws/install/d2f/share/d2f/cmake/rosidl_cmake_export_typesupport_libraries-extras.cmake
[25.416s] -- Installing: /home/asd/ros2_ws/install/d2f/share/d2f/cmake/d2fConfig.cmake
[25.416s] -- Up-to-date: /home/asd/ros2_ws/install/d2f/share/d2f/cmake/d2fConfig-version.cmake
[25.416s] -- Installing: /home/asd/ros2_ws/install/d2f/share/d2f/package.xml
[25.423s] Invoked command in '/home/asd/ros2_ws/build/d2f' returned '0': CMAKE_PREFIX_PATH=/opt/ros/iron /usr/bin/cmake --install /home/asd/ros2_ws/build/d2f
