-- Found std_msgs: 5.0.0 (/opt/ros/iron/share/std_msgs/cmake)
-- Found rosidl_generator_c: 4.0.1 (/opt/ros/iron/share/rosidl_generator_c/cmake)
-- Found rosidl_generator_cpp: 4.0.1 (/opt/ros/iron/share/rosidl_generator_cpp/cmake)
-- Using all available rosidl_typesupport_c: rosidl_typesupport_fastrtps_c;rosidl_typesupport_introspection_c
-- Using all available rosidl_typesupport_cpp: rosidl_typesupport_fastrtps_cpp;rosidl_typesupport_introspection_cpp
-- Found rclcpp: 21.0.5 (/opt/ros/iron/share/rclcpp/cmake)
-- Found rmw_implementation_cmake: 7.1.0 (/opt/ros/iron/share/rmw_implementation_cmake/cmake)
-- Found rmw_fastrtps_cpp: 7.1.3 (/opt/ros/iron/share/rmw_fastrtps_cpp/cmake)
-- Using RMW implementation 'rmw_fastrtps_cpp' as default
-- Found my_package: 0.0.0 (/home/asd/ros2_ws/install/my_package/share/my_package/cmake)
-- Configuring done
-- Generating done
-- Build files have been written to: /home/asd/ros2_ws/build/fl_div
[35m[1mConsolidate compiler generated dependencies of target client[0m
[35m[1mConsolidate compiler generated dependencies of target server[0m
[ 25%] [32m[1mLinking CXX executable client[0m
[ 50%] [32mBuilding CXX object CMakeFiles/server.dir/src/fl_div_server.cpp.o[0m
[01m[K/home/asd/ros2_ws/src/fl_div/src/fl_div_server.cpp:3:10:[m[K [01;31m[Kfatal error: [m[Kstd_msgs/msg/Float64.hpp: No such file or directory
    3 | #include [01;31m[K"std_msgs/msg/Float64.hpp"[m[K // Importáljuk a std_msgs/Float64 üzenet típust
      |          [01;31m[K^~~~~~~~~~~~~~~~~~~~~~~~~~[m[K
compilation terminated.
gmake[2]: *** [CMakeFiles/server.dir/build.make:76: CMakeFiles/server.dir/src/fl_div_server.cpp.o] Error 1
gmake[1]: *** [CMakeFiles/Makefile2:139: CMakeFiles/server.dir/all] Error 2
gmake[1]: *** Waiting for unfinished jobs....
[ 75%] Built target client
gmake: *** [Makefile:146: all] Error 2
