[35m[1mConsolidate compiler generated dependencies of target client[0m
[ 50%] Built target server
[ 75%] [32mBuilding CXX object CMakeFiles/client.dir/src/add_two_ints_client.cpp.o[0m
[01m[K/home/asd/ros2_ws/src/cpp_srvcli/src/add_two_ints_client.cpp:[m[K In function ‘[01m[Kint main(int, char**)[m[K’:
[01m[K/home/asd/ros2_ws/src/cpp_srvcli/src/add_two_ints_client.cpp:14:33:[m[K [01;31m[Kerror: [m[Kno matching function for call to ‘[01m[Kisdigit(char*&)[m[K’
   14 |   if (argc != 3 || ![01;31m[Kstd::isdigit(argv[1])[m[K || !std::isdigit(argv[2])) {
      |                     [01;31m[K~~~~~~~~~~~~^~~~~~~~~[m[K
In file included from [01m[K/usr/include/c++/11/bits/basic_ios.h:37[m[K,
                 from [01m[K/usr/include/c++/11/ios:44[m[K,
                 from [01m[K/usr/include/c++/11/ostream:38[m[K,
                 from [01m[K/usr/include/c++/11/iostream:39[m[K,
                 from [01m[K/opt/ros/iron/include/rclcpp/rclcpp/executor.hpp:22[m[K,
                 from [01m[K/opt/ros/iron/include/rclcpp/rclcpp/executors/multi_threaded_executor.hpp:25[m[K,
                 from [01m[K/opt/ros/iron/include/rclcpp/rclcpp/executors.hpp:21[m[K,
                 from [01m[K/opt/ros/iron/include/rclcpp/rclcpp/rclcpp.hpp:167[m[K,
                 from [01m[K/home/asd/ros2_ws/src/cpp_srvcli/src/add_two_ints_client.cpp:1[m[K:
[01m[K/usr/include/c++/11/bits/locale_facets.h:2632:5:[m[K [01;36m[Knote: [m[Kcandidate: ‘[01m[Ktemplate<class _CharT> bool std::isdigit(_CharT, const std::locale&)[m[K’
 2632 |     [01;36m[Kisdigit[m[K(_CharT __c, const locale& __loc)
      |     [01;36m[K^~~~~~~[m[K
[01m[K/usr/include/c++/11/bits/locale_facets.h:2632:5:[m[K [01;36m[Knote: [m[K  template argument deduction/substitution failed:
[01m[K/home/asd/ros2_ws/src/cpp_srvcli/src/add_two_ints_client.cpp:14:33:[m[K [01;36m[Knote: [m[K  candidate expects 2 arguments, 1 provided
   14 |   if (argc != 3 || ![01;36m[Kstd::isdigit(argv[1])[m[K || !std::isdigit(argv[2])) {
      |                     [01;36m[K~~~~~~~~~~~~^~~~~~~~~[m[K
In file included from [01m[K/usr/include/c++/11/cctype:42[m[K,
                 from [01m[K/usr/include/c++/11/bits/localefwd.h:42[m[K,
                 from [01m[K/usr/include/c++/11/string:43[m[K,
                 from [01m[K/usr/include/c++/11/stdexcept:39[m[K,
                 from [01m[K/usr/include/c++/11/system_error:41[m[K,
                 from [01m[K/usr/include/c++/11/mutex:42[m[K,
                 from [01m[K/usr/include/c++/11/future:38[m[K,
                 from [01m[K/opt/ros/iron/include/rclcpp/rclcpp/executors.hpp:18[m[K,
                 from [01m[K/opt/ros/iron/include/rclcpp/rclcpp/rclcpp.hpp:167[m[K,
                 from [01m[K/home/asd/ros2_ws/src/cpp_srvcli/src/add_two_ints_client.cpp:1[m[K:
[01m[K/usr/include/ctype.h:111:1:[m[K [01;36m[Knote: [m[Kcandidate: ‘[01m[Kint isdigit(int)[m[K’ (near match)
  111 | [01;36m[K__exctype[m[K (isdigit);
      | [01;36m[K^~~~~~~~~[m[K
[01m[K/usr/include/ctype.h:111:1:[m[K [01;36m[Knote: [m[K  conversion of argument 1 would be ill-formed:
[01m[K/home/asd/ros2_ws/src/cpp_srvcli/src/add_two_ints_client.cpp:14:40:[m[K [01;31m[Kerror: [m[Kinvalid conversion from ‘[01m[Kchar*[m[K’ to ‘[01m[Kint[m[K’ [[01;31m[K]8;;https://gcc.gnu.org/onlinedocs/gcc/Warning-Options.html#index-fpermissive-fpermissive]8;;[m[K]
   14 |   if (argc != 3 || !std::isdigit([01;31m[Kargv[1][m[K) || !std::isdigit(argv[2])) {
      |                                  [01;31m[K~~~~~~^[m[K
      |                                        [01;31m[K|[m[K
      |                                        [01;31m[Kchar*[m[K
[01m[K/home/asd/ros2_ws/src/cpp_srvcli/src/add_two_ints_client.cpp:14:59:[m[K [01;31m[Kerror: [m[Kno matching function for call to ‘[01m[Kisdigit(char*&)[m[K’
   14 |   if (argc != 3 || !std::isdigit(argv[1]) || ![01;31m[Kstd::isdigit(argv[2])[m[K) {
      |                                               [01;31m[K~~~~~~~~~~~~^~~~~~~~~[m[K
In file included from [01m[K/usr/include/c++/11/bits/basic_ios.h:37[m[K,
                 from [01m[K/usr/include/c++/11/ios:44[m[K,
                 from [01m[K/usr/include/c++/11/ostream:38[m[K,
                 from [01m[K/usr/include/c++/11/iostream:39[m[K,
                 from [01m[K/opt/ros/iron/include/rclcpp/rclcpp/executor.hpp:22[m[K,
                 from [01m[K/opt/ros/iron/include/rclcpp/rclcpp/executors/multi_threaded_executor.hpp:25[m[K,
                 from [01m[K/opt/ros/iron/include/rclcpp/rclcpp/executors.hpp:21[m[K,
                 from [01m[K/opt/ros/iron/include/rclcpp/rclcpp/rclcpp.hpp:167[m[K,
                 from [01m[K/home/asd/ros2_ws/src/cpp_srvcli/src/add_two_ints_client.cpp:1[m[K:
[01m[K/usr/include/c++/11/bits/locale_facets.h:2632:5:[m[K [01;36m[Knote: [m[Kcandidate: ‘[01m[Ktemplate<class _CharT> bool std::isdigit(_CharT, const std::locale&)[m[K’
 2632 |     [01;36m[Kisdigit[m[K(_CharT __c, const locale& __loc)
      |     [01;36m[K^~~~~~~[m[K
[01m[K/usr/include/c++/11/bits/locale_facets.h:2632:5:[m[K [01;36m[Knote: [m[K  template argument deduction/substitution failed:
[01m[K/home/asd/ros2_ws/src/cpp_srvcli/src/add_two_ints_client.cpp:14:59:[m[K [01;36m[Knote: [m[K  candidate expects 2 arguments, 1 provided
   14 |   if (argc != 3 || !std::isdigit(argv[1]) || ![01;36m[Kstd::isdigit(argv[2])[m[K) {
      |                                               [01;36m[K~~~~~~~~~~~~^~~~~~~~~[m[K
In file included from [01m[K/usr/include/c++/11/cctype:42[m[K,
                 from [01m[K/usr/include/c++/11/bits/localefwd.h:42[m[K,
                 from [01m[K/usr/include/c++/11/string:43[m[K,
                 from [01m[K/usr/include/c++/11/stdexcept:39[m[K,
                 from [01m[K/usr/include/c++/11/system_error:41[m[K,
                 from [01m[K/usr/include/c++/11/mutex:42[m[K,
                 from [01m[K/usr/include/c++/11/future:38[m[K,
                 from [01m[K/opt/ros/iron/include/rclcpp/rclcpp/executors.hpp:18[m[K,
                 from [01m[K/opt/ros/iron/include/rclcpp/rclcpp/rclcpp.hpp:167[m[K,
                 from [01m[K/home/asd/ros2_ws/src/cpp_srvcli/src/add_two_ints_client.cpp:1[m[K:
[01m[K/usr/include/ctype.h:111:1:[m[K [01;36m[Knote: [m[Kcandidate: ‘[01m[Kint isdigit(int)[m[K’ (near match)
  111 | [01;36m[K__exctype[m[K (isdigit);
      | [01;36m[K^~~~~~~~~[m[K
[01m[K/usr/include/ctype.h:111:1:[m[K [01;36m[Knote: [m[K  conversion of argument 1 would be ill-formed:
[01m[K/home/asd/ros2_ws/src/cpp_srvcli/src/add_two_ints_client.cpp:14:66:[m[K [01;31m[Kerror: [m[Kinvalid conversion from ‘[01m[Kchar*[m[K’ to ‘[01m[Kint[m[K’ [[01;31m[K]8;;https://gcc.gnu.org/onlinedocs/gcc/Warning-Options.html#index-fpermissive-fpermissive]8;;[m[K]
   14 |   if (argc != 3 || !std::isdigit(argv[1]) || !std::isdigit([01;31m[Kargv[2][m[K)) {
      |                                                            [01;31m[K~~~~~~^[m[K
      |                                                                  [01;31m[K|[m[K
      |                                                                  [01;31m[Kchar*[m[K
gmake[2]: *** [CMakeFiles/client.dir/build.make:76: CMakeFiles/client.dir/src/add_two_ints_client.cpp.o] Error 1
gmake[1]: *** [CMakeFiles/Makefile2:165: CMakeFiles/client.dir/all] Error 2
gmake: *** [Makefile:146: all] Error 2
