[0.134s] Invoking command in '/home/asd/ros2_ws/build/simple_div': CMAKE_PREFIX_PATH=/opt/ros/iron /usr/bin/cmake --build /home/asd/ros2_ws/build/simple_div -- -j4 -l4
[1.184s] -- Found ament_cmake: 2.0.4 (/opt/ros/iron/share/ament_cmake/cmake)
[2.001s] -- Found rclcpp: 21.0.5 (/opt/ros/iron/share/rclcpp/cmake)
[2.254s] -- Found rosidl_generator_c: 4.0.1 (/opt/ros/iron/share/rosidl_generator_c/cmake)
[2.306s] -- Found rosidl_generator_cpp: 4.0.1 (/opt/ros/iron/share/rosidl_generator_cpp/cmake)
[2.420s] -- Using all available rosidl_typesupport_c: rosidl_typesupport_fastrtps_c;rosidl_typesupport_introspection_c
[2.530s] -- Using all available rosidl_typesupport_cpp: rosidl_typesupport_fastrtps_cpp;rosidl_typesupport_introspection_cpp
[3.919s] -- Found rmw_implementation_cmake: 7.1.0 (/opt/ros/iron/share/rmw_implementation_cmake/cmake)
[3.947s] -- Found rmw_fastrtps_cpp: 7.1.3 (/opt/ros/iron/share/rmw_fastrtps_cpp/cmake)
[4.819s] -- Using RMW implementation 'rmw_fastrtps_cpp' as default
[6.354s] -- Found std_msgs: 5.0.0 (/opt/ros/iron/share/std_msgs/cmake)
[6.597s] -- Found rosidl_default_generators: 1.5.0 (/opt/ros/iron/share/rosidl_default_generators/cmake)
[6.715s] -- Found rosidl_adapter: 4.0.1 (/opt/ros/iron/share/rosidl_adapter/cmake)
[7.468s] [31mCMake Error at /opt/ros/iron/share/rosidl_cmake/cmake/rosidl_generate_interfaces.cmake:259 (message):
[7.468s]   Packages installing interfaces must include
[7.469s]   '<member_of_group>rosidl_interface_packages</member_of_group>' in their
[7.469s]   package.xml
[7.470s] Call Stack (most recent call first):
[7.470s]   CMakeLists.txt:16 (rosidl_generate_interfaces)
[7.470s] 
[7.471s] [0m
[7.471s] -- Configuring incomplete, errors occurred!
[7.471s] See also "/home/asd/ros2_ws/build/simple_div/CMakeFiles/CMakeOutput.log".
[7.551s] gmake: *** [Makefile:267: cmake_check_build_system] Error 1
[7.561s] Invoked command in '/home/asd/ros2_ws/build/simple_div' returned '2': CMAKE_PREFIX_PATH=/opt/ros/iron /usr/bin/cmake --build /home/asd/ros2_ws/build/simple_div -- -j4 -l4
