[35m[1mConsolidate compiler generated dependencies of target server[0m
[ 50%] [32mBuilding CXX object CMakeFiles/server.dir/src/simple_div.cpp.o[0m
[01m[K/home/asd/ros2_ws/src/simple_div/src/simple_div.cpp:[m[K In member function ‘[01m[Kvoid SimpleDiv::div_callback(my_package::msg::TwoFloats_<std::allocator<void> >::SharedPtr) const[m[K’:
[01m[K/home/asd/ros2_ws/src/simple_div/src/simple_div.cpp:33:38:[m[K [01;31m[Kerror: [m[Kno matching function for call to ‘[01m[Kstof(my_package::msg::TwoFloats_<std::allocator<void> >::_second_number_type&)[m[K’
   33 |             second_number = [01;31m[Kstd::stof(msg->second_number)[m[K;
      |                             [01;31m[K~~~~~~~~~^~~~~~~~~~~~~~~~~~~~[m[K
In file included from [01m[K/usr/include/c++/11/string:55[m[K,
                 from [01m[K/usr/include/c++/11/stdexcept:39[m[K,
                 from [01m[K/usr/include/c++/11/system_error:41[m[K,
                 from [01m[K/usr/include/c++/11/mutex:42[m[K,
                 from [01m[K/usr/include/c++/11/future:38[m[K,
                 from [01m[K/opt/ros/iron/include/rclcpp/rclcpp/executors.hpp:18[m[K,
                 from [01m[K/opt/ros/iron/include/rclcpp/rclcpp/rclcpp.hpp:167[m[K,
                 from [01m[K/home/asd/ros2_ws/src/simple_div/src/simple_div.cpp:1[m[K:
[01m[K/usr/include/c++/11/bits/basic_string.h:6645:3:[m[K [01;36m[Knote: [m[Kcandidate: ‘[01m[Kfloat std::__cxx11::stof(const string&, std::size_t*)[m[K’
 6645 |   [01;36m[Kstof[m[K(const string& __str, size_t* __idx = 0)
      |   [01;36m[K^~~~[m[K
[01m[K/usr/include/c++/11/bits/basic_string.h:6645:22:[m[K [01;36m[Knote: [m[K  no known conversion for argument 1 from ‘[01m[Kmy_package::msg::TwoFloats_<std::allocator<void> >::_second_number_type[m[K’ {aka ‘[01m[Kdouble[m[K’} to ‘[01m[Kconst string&[m[K’ {aka ‘[01m[Kconst std::__cxx11::basic_string<char>&[m[K’}
 6645 |   stof([01;36m[Kconst string& __str[m[K, size_t* __idx = 0)
      |        [01;36m[K~~~~~~~~~~~~~~^~~~~[m[K
[01m[K/usr/include/c++/11/bits/basic_string.h:6776:3:[m[K [01;36m[Knote: [m[Kcandidate: ‘[01m[Kfloat std::__cxx11::stof(const wstring&, std::size_t*)[m[K’
 6776 |   [01;36m[Kstof[m[K(const wstring& __str, size_t* __idx = 0)
      |   [01;36m[K^~~~[m[K
[01m[K/usr/include/c++/11/bits/basic_string.h:6776:23:[m[K [01;36m[Knote: [m[K  no known conversion for argument 1 from ‘[01m[Kmy_package::msg::TwoFloats_<std::allocator<void> >::_second_number_type[m[K’ {aka ‘[01m[Kdouble[m[K’} to ‘[01m[Kconst wstring&[m[K’ {aka ‘[01m[Kconst std::__cxx11::basic_string<wchar_t>&[m[K’}
 6776 |   stof([01;36m[Kconst wstring& __str[m[K, size_t* __idx = 0)
      |        [01;36m[K~~~~~~~~~~~~~~~^~~~~[m[K
In file included from [01m[K/opt/ros/iron/include/rclcpp/rclcpp/logging.hpp:24[m[K,
                 from [01m[K/opt/ros/iron/include/rclcpp/rclcpp/client.hpp:43[m[K,
                 from [01m[K/opt/ros/iron/include/rclcpp/rclcpp/callback_group.hpp:24[m[K,
                 from [01m[K/opt/ros/iron/include/rclcpp/rclcpp/any_executable.hpp:20[m[K,
                 from [01m[K/opt/ros/iron/include/rclcpp/rclcpp/memory_strategy.hpp:25[m[K,
                 from [01m[K/opt/ros/iron/include/rclcpp/rclcpp/memory_strategies.hpp:18[m[K,
                 from [01m[K/opt/ros/iron/include/rclcpp/rclcpp/executor_options.hpp:20[m[K,
                 from [01m[K/opt/ros/iron/include/rclcpp/rclcpp/executor.hpp:37[m[K,
                 from [01m[K/opt/ros/iron/include/rclcpp/rclcpp/executors/multi_threaded_executor.hpp:25[m[K,
                 from [01m[K/opt/ros/iron/include/rclcpp/rclcpp/executors.hpp:21[m[K,
                 from [01m[K/opt/ros/iron/include/rclcpp/rclcpp/rclcpp.hpp:167[m[K,
                 from [01m[K/home/asd/ros2_ws/src/simple_div/src/simple_div.cpp:1[m[K:
[01m[K/home/asd/ros2_ws/src/simple_div/src/simple_div.cpp:37:104:[m[K [01;31m[Kerror: [m[Krequest for member ‘[01m[Kc_str[m[K’ in ‘[01m[K((const std::__shared_ptr_access<my_package::msg::TwoFloats_<std::allocator<void> >, __gnu_cxx::_S_atomic, false, false>*)(& msg))->std::__shared_ptr_access<my_package::msg::TwoFloats_<std::allocator<void> >, __gnu_cxx::_S_atomic, false, false>::operator->()->my_package::msg::TwoFloats_<std::allocator<void> >::second_number[m[K’, which is of non-class type ‘[01m[Kmy_package::msg::TwoFloats_<std::allocator<void> >::_second_number_type[m[K’ {aka ‘[01m[Kdouble[m[K’}
   37 | (), "Invalid value for second_number: %s", msg->second_number.[01;31m[Kc_str[m[K());
      |                                                               [01;31m[K^~~~~[m[K

[01m[K/home/asd/ros2_ws/src/simple_div/src/simple_div.cpp:42:112:[m[K [01;31m[Kerror: [m[Krequest for member ‘[01m[Kc_str[m[K’ in ‘[01m[K((const std::__shared_ptr_access<my_package::msg::TwoFloats_<std::allocator<void> >, __gnu_cxx::_S_atomic, false, false>*)(& msg))->std::__shared_ptr_access<my_package::msg::TwoFloats_<std::allocator<void> >, __gnu_cxx::_S_atomic, false, false>::operator->()->my_package::msg::TwoFloats_<std::allocator<void> >::second_number[m[K’, which is of non-class type ‘[01m[Kmy_package::msg::TwoFloats_<std::allocator<void> >::_second_number_type[m[K’ {aka ‘[01m[Kdouble[m[K’}
   42 | ue for second_number is out of range: %s", msg->second_number.[01;31m[Kc_str[m[K());
      |                                                               [01;31m[K^~~~~[m[K

gmake[2]: *** [CMakeFiles/server.dir/build.make:76: CMakeFiles/server.dir/src/simple_div.cpp.o] Error 1
gmake[1]: *** [CMakeFiles/Makefile2:137: CMakeFiles/server.dir/all] Error 2
gmake: *** [Makefile:146: all] Error 2
