[0.033s] Invoking command in '/home/asd/ros2_ws/build/my_robot_interfaces': CMAKE_PREFIX_PATH=/opt/ros/iron /usr/bin/cmake /home/asd/ros2_ws/src/my_robot_interfaces -DCMAKE_INSTALL_PREFIX=/home/asd/ros2_ws/install/my_robot_interfaces
[0.104s] -- Found ament_cmake: 2.0.4 (/opt/ros/iron/share/ament_cmake/cmake)
[0.671s] -- Found geometry_msgs: 5.0.0 (/opt/ros/iron/share/geometry_msgs/cmake)
[0.826s] -- Found rosidl_generator_c: 4.0.1 (/opt/ros/iron/share/rosidl_generator_c/cmake)
[0.879s] -- Found rosidl_generator_cpp: 4.0.1 (/opt/ros/iron/share/rosidl_generator_cpp/cmake)
[0.958s] -- Using all available rosidl_typesupport_c: rosidl_typesupport_fastrtps_c;rosidl_typesupport_introspection_c
[1.064s] -- Using all available rosidl_typesupport_cpp: rosidl_typesupport_fastrtps_cpp;rosidl_typesupport_introspection_cpp
[1.946s] -- Found rosidl_default_generators: 1.5.0 (/opt/ros/iron/share/rosidl_default_generators/cmake)
[2.003s] -- Found rosidl_adapter: 4.0.1 (/opt/ros/iron/share/rosidl_adapter/cmake)
[3.948s] -- Found ament_cmake_ros: 0.11.2 (/opt/ros/iron/share/ament_cmake_ros/cmake)
[6.211s] -- Using all available rosidl_typesupport_c: rosidl_typesupport_fastrtps_c;rosidl_typesupport_introspection_c
[7.056s] -- Using all available rosidl_typesupport_cpp: rosidl_typesupport_fastrtps_cpp;rosidl_typesupport_introspection_cpp
[7.156s] -- Found PythonInterp: /usr/bin/python3 (found suitable version "3.10.12", minimum required is "3.6") 
[7.192s] -- Found python_cmake_module: 0.10.2 (/opt/ros/iron/share/python_cmake_module/cmake)
[7.456s] -- Found PythonLibs: /usr/lib/x86_64-linux-gnu/libpython3.10.so (found suitable version "3.10.12", minimum required is "3.5") 
[7.456s] -- Using PYTHON_EXECUTABLE: /usr/bin/python3
[7.456s] -- Using PYTHON_INCLUDE_DIRS: /usr/include/python3.10
[7.457s] -- Using PYTHON_LIBRARIES: /usr/lib/x86_64-linux-gnu/libpython3.10.so
[7.527s] -- Found PythonExtra: .so  
[8.024s] -- Configuring done
[8.208s] -- Generating done
[8.224s] -- Build files have been written to: /home/asd/ros2_ws/build/my_robot_interfaces
[8.249s] Invoked command in '/home/asd/ros2_ws/build/my_robot_interfaces' returned '0': CMAKE_PREFIX_PATH=/opt/ros/iron /usr/bin/cmake /home/asd/ros2_ws/src/my_robot_interfaces -DCMAKE_INSTALL_PREFIX=/home/asd/ros2_ws/install/my_robot_interfaces
[8.257s] Invoking command in '/home/asd/ros2_ws/build/my_robot_interfaces': CMAKE_PREFIX_PATH=/opt/ros/iron /usr/bin/cmake --build /home/asd/ros2_ws/build/my_robot_interfaces -- -j4 -l4
[8.456s] [  2%] [34m[1mGenerating type hashes for ROS interfaces[0m
[8.485s] [  2%] Built target ament_cmake_python_copy_my_robot_interfaces
[9.741s] [  2%] Built target my_robot_interfaces__rosidl_generator_type_description
[9.782s] [  5%] [34m[1mGenerating C code for ROS interfaces[0m
[9.802s] running egg_info
[9.804s] creating my_robot_interfaces.egg-info
[9.805s] writing my_robot_interfaces.egg-info/PKG-INFO
[9.805s] writing dependency_links to my_robot_interfaces.egg-info/dependency_links.txt
[9.806s] writing top-level names to my_robot_interfaces.egg-info/top_level.txt
[9.807s] writing manifest file 'my_robot_interfaces.egg-info/SOURCES.txt'
[9.818s] reading manifest file 'my_robot_interfaces.egg-info/SOURCES.txt'
[9.818s] writing manifest file 'my_robot_interfaces.egg-info/SOURCES.txt'
[9.825s] [  8%] [34m[1mGenerating C++ code for ROS interfaces[0m
[9.907s] [  8%] Built target ament_cmake_python_build_my_robot_interfaces_egg
[11.037s] [  8%] Built target my_robot_interfaces__cpp
[11.154s] [ 11%] [32mBuilding C object CMakeFiles/my_robot_interfaces__rosidl_generator_c.dir/rosidl_generator_c/my_robot_interfaces/msg/detail/target_coordinates__description.c.o[0m
[11.154s] [ 14%] [32mBuilding C object CMakeFiles/my_robot_interfaces__rosidl_generator_c.dir/rosidl_generator_c/my_robot_interfaces/msg/detail/target_coordinates__functions.c.o[0m
[11.155s] [ 17%] [32mBuilding C object CMakeFiles/my_robot_interfaces__rosidl_generator_c.dir/rosidl_generator_c/my_robot_interfaces/msg/detail/target_coordinates__type_support.c.o[0m
[11.564s] [ 20%] [32m[1mLinking C shared library libmy_robot_interfaces__rosidl_generator_c.so[0m
[11.792s] [ 20%] Built target my_robot_interfaces__rosidl_generator_c
[11.829s] [ 23%] [34m[1mGenerating C type support for eProsima Fast-RTPS[0m
[11.831s] [ 26%] [34m[1mGenerating C++ type support for eProsima Fast-RTPS[0m
[11.840s] [ 32%] [34m[1mGenerating C++ type support dispatch for ROS interfaces[0m
[11.840s] [ 32%] [34m[1mGenerating C introspection for ROS interfaces[0m
[13.054s] [ 35%] [32mBuilding CXX object CMakeFiles/my_robot_interfaces__rosidl_typesupport_cpp.dir/rosidl_typesupport_cpp/my_robot_interfaces/msg/target_coordinates__type_support.cpp.o[0m
[13.142s] [ 38%] [32mBuilding C object CMakeFiles/my_robot_interfaces__rosidl_typesupport_introspection_c.dir/rosidl_typesupport_introspection_c/my_robot_interfaces/msg/detail/target_coordinates__type_support.c.o[0m
[13.149s] [ 41%] [32mBuilding CXX object CMakeFiles/my_robot_interfaces__rosidl_typesupport_fastrtps_cpp.dir/rosidl_typesupport_fastrtps_cpp/my_robot_interfaces/msg/detail/dds_fastrtps/target_coordinates__type_support.cpp.o[0m
[13.245s] [ 44%] [32mBuilding CXX object CMakeFiles/my_robot_interfaces__rosidl_typesupport_fastrtps_c.dir/rosidl_typesupport_fastrtps_c/my_robot_interfaces/msg/detail/target_coordinates__type_support_c.cpp.o[0m
[13.357s] [ 47%] [32m[1mLinking C shared library libmy_robot_interfaces__rosidl_typesupport_introspection_c.so[0m
[13.567s] [ 47%] Built target my_robot_interfaces__rosidl_typesupport_introspection_c
[13.622s] [ 50%] [34m[1mGenerating C type support dispatch for ROS interfaces[0m
[14.917s] [ 52%] [32mBuilding CXX object CMakeFiles/my_robot_interfaces__rosidl_typesupport_c.dir/rosidl_typesupport_c/my_robot_interfaces/msg/target_coordinates__type_support.cpp.o[0m
[14.958s] [ 55%] [32m[1mLinking CXX shared library libmy_robot_interfaces__rosidl_typesupport_cpp.so[0m
[15.053s] [ 58%] [32m[1mLinking CXX shared library libmy_robot_interfaces__rosidl_typesupport_fastrtps_c.so[0m
[15.169s] [ 61%] [32m[1mLinking CXX shared library libmy_robot_interfaces__rosidl_typesupport_c.so[0m
[15.272s] [ 61%] Built target my_robot_interfaces__rosidl_typesupport_cpp
[15.327s] [ 64%] [34m[1mGenerating C++ introspection for ROS interfaces[0m
[15.401s] [ 64%] Built target my_robot_interfaces__rosidl_typesupport_c
[15.467s] [ 64%] Built target my_robot_interfaces__rosidl_typesupport_fastrtps_c
[15.748s] [ 67%] [32m[1mLinking CXX shared library libmy_robot_interfaces__rosidl_typesupport_fastrtps_cpp.so[0m
[16.102s] [ 67%] Built target my_robot_interfaces__rosidl_typesupport_fastrtps_cpp
[16.476s] [ 70%] [32mBuilding CXX object CMakeFiles/my_robot_interfaces__rosidl_typesupport_introspection_cpp.dir/rosidl_typesupport_introspection_cpp/my_robot_interfaces/msg/detail/target_coordinates__type_support.cpp.o[0m
[18.127s] [ 73%] [32m[1mLinking CXX shared library libmy_robot_interfaces__rosidl_typesupport_introspection_cpp.so[0m
[18.416s] [ 73%] Built target my_robot_interfaces__rosidl_typesupport_introspection_cpp
[18.489s] [ 73%] Built target my_robot_interfaces
[18.565s] [ 76%] [34m[1mGenerating Python code for ROS interfaces[0m
[20.010s] [ 76%] Built target my_robot_interfaces__py
[20.078s] [ 79%] [32mBuilding C object CMakeFiles/my_robot_interfaces__rosidl_generator_py.dir/rosidl_generator_py/my_robot_interfaces/msg/_target_coordinates_s.c.o[0m
[21.229s] [ 82%] [32m[1mLinking C shared library rosidl_generator_py/my_robot_interfaces/libmy_robot_interfaces__rosidl_generator_py.so[0m
[21.409s] [ 82%] Built target my_robot_interfaces__rosidl_generator_py
[21.483s] [ 85%] [32mBuilding C object CMakeFiles/my_robot_interfaces__rosidl_typesupport_fastrtps_c__pyext.dir/rosidl_generator_py/my_robot_interfaces/_my_robot_interfaces_s.ep.rosidl_typesupport_fastrtps_c.c.o[0m
[21.490s] [ 91%] [32mBuilding C object CMakeFiles/my_robot_interfaces__rosidl_typesupport_c__pyext.dir/rosidl_generator_py/my_robot_interfaces/_my_robot_interfaces_s.ep.rosidl_typesupport_c.c.o[0m
[21.491s] [ 91%] [32mBuilding C object CMakeFiles/my_robot_interfaces__rosidl_typesupport_introspection_c__pyext.dir/rosidl_generator_py/my_robot_interfaces/_my_robot_interfaces_s.ep.rosidl_typesupport_introspection_c.c.o[0m
[22.029s] [ 94%] [32m[1mLinking C shared library rosidl_generator_py/my_robot_interfaces/my_robot_interfaces_s__rosidl_typesupport_fastrtps_c.cpython-310-x86_64-linux-gnu.so[0m
[22.067s] [ 97%] [32m[1mLinking C shared library rosidl_generator_py/my_robot_interfaces/my_robot_interfaces_s__rosidl_typesupport_introspection_c.cpython-310-x86_64-linux-gnu.so[0m
[22.068s] [100%] [32m[1mLinking C shared library rosidl_generator_py/my_robot_interfaces/my_robot_interfaces_s__rosidl_typesupport_c.cpython-310-x86_64-linux-gnu.so[0m
[22.224s] [100%] Built target my_robot_interfaces__rosidl_typesupport_fastrtps_c__pyext
[22.248s] [100%] Built target my_robot_interfaces__rosidl_typesupport_c__pyext
[22.248s] [100%] Built target my_robot_interfaces__rosidl_typesupport_introspection_c__pyext
[22.303s] Invoked command in '/home/asd/ros2_ws/build/my_robot_interfaces' returned '0': CMAKE_PREFIX_PATH=/opt/ros/iron /usr/bin/cmake --build /home/asd/ros2_ws/build/my_robot_interfaces -- -j4 -l4
[22.548s] Invoking command in '/home/asd/ros2_ws/build/my_robot_interfaces': CMAKE_PREFIX_PATH=/opt/ros/iron /usr/bin/cmake --install /home/asd/ros2_ws/build/my_robot_interfaces
[22.578s] -- Install configuration: ""
[22.579s] -- Installing: /home/asd/ros2_ws/install/my_robot_interfaces/share/ament_index/resource_index/rosidl_interfaces/my_robot_interfaces
[22.583s] -- Installing: /home/asd/ros2_ws/install/my_robot_interfaces/share/my_robot_interfaces/msg/TargetCoordinates.json
[22.584s] -- Installing: /home/asd/ros2_ws/install/my_robot_interfaces/include/my_robot_interfaces/my_robot_interfaces
[22.585s] -- Installing: /home/asd/ros2_ws/install/my_robot_interfaces/include/my_robot_interfaces/my_robot_interfaces/msg
[22.585s] -- Installing: /home/asd/ros2_ws/install/my_robot_interfaces/include/my_robot_interfaces/my_robot_interfaces/msg/detail
[22.586s] -- Installing: /home/asd/ros2_ws/install/my_robot_interfaces/include/my_robot_interfaces/my_robot_interfaces/msg/detail/target_coordinates__type_support.c
[22.587s] -- Installing: /home/asd/ros2_ws/install/my_robot_interfaces/include/my_robot_interfaces/my_robot_interfaces/msg/detail/target_coordinates__description.c
[22.588s] -- Installing: /home/asd/ros2_ws/install/my_robot_interfaces/include/my_robot_interfaces/my_robot_interfaces/msg/detail/target_coordinates__type_support.h
[22.588s] -- Installing: /home/asd/ros2_ws/install/my_robot_interfaces/include/my_robot_interfaces/my_robot_interfaces/msg/detail/target_coordinates__functions.c
[22.589s] -- Installing: /home/asd/ros2_ws/install/my_robot_interfaces/include/my_robot_interfaces/my_robot_interfaces/msg/detail/target_coordinates__functions.h
[22.589s] -- Installing: /home/asd/ros2_ws/install/my_robot_interfaces/include/my_robot_interfaces/my_robot_interfaces/msg/detail/target_coordinates__struct.h
[22.590s] -- Installing: /home/asd/ros2_ws/install/my_robot_interfaces/include/my_robot_interfaces/my_robot_interfaces/msg/rosidl_generator_c__visibility_control.h
[22.590s] -- Installing: /home/asd/ros2_ws/install/my_robot_interfaces/include/my_robot_interfaces/my_robot_interfaces/msg/target_coordinates.h
[22.591s] -- Installing: /home/asd/ros2_ws/install/my_robot_interfaces/share/my_robot_interfaces/environment/library_path.sh
[22.592s] -- Installing: /home/asd/ros2_ws/install/my_robot_interfaces/share/my_robot_interfaces/environment/library_path.dsv
[22.593s] -- Installing: /home/asd/ros2_ws/install/my_robot_interfaces/lib/libmy_robot_interfaces__rosidl_generator_c.so
[22.594s] -- Set runtime path of "/home/asd/ros2_ws/install/my_robot_interfaces/lib/libmy_robot_interfaces__rosidl_generator_c.so" to ""
[22.595s] -- Up-to-date: /home/asd/ros2_ws/install/my_robot_interfaces/include/my_robot_interfaces/my_robot_interfaces
[22.595s] -- Up-to-date: /home/asd/ros2_ws/install/my_robot_interfaces/include/my_robot_interfaces/my_robot_interfaces/msg
[22.596s] -- Up-to-date: /home/asd/ros2_ws/install/my_robot_interfaces/include/my_robot_interfaces/my_robot_interfaces/msg/detail
[22.596s] -- Installing: /home/asd/ros2_ws/install/my_robot_interfaces/include/my_robot_interfaces/my_robot_interfaces/msg/detail/target_coordinates__rosidl_typesupport_fastrtps_c.h
[22.596s] -- Installing: /home/asd/ros2_ws/install/my_robot_interfaces/include/my_robot_interfaces/my_robot_interfaces/msg/rosidl_typesupport_fastrtps_c__visibility_control.h
[22.597s] -- Installing: /home/asd/ros2_ws/install/my_robot_interfaces/lib/libmy_robot_interfaces__rosidl_typesupport_fastrtps_c.so
[22.598s] -- Set runtime path of "/home/asd/ros2_ws/install/my_robot_interfaces/lib/libmy_robot_interfaces__rosidl_typesupport_fastrtps_c.so" to ""
[22.599s] -- Up-to-date: /home/asd/ros2_ws/install/my_robot_interfaces/include/my_robot_interfaces/my_robot_interfaces
[22.599s] -- Up-to-date: /home/asd/ros2_ws/install/my_robot_interfaces/include/my_robot_interfaces/my_robot_interfaces/msg
[22.601s] -- Installing: /home/asd/ros2_ws/install/my_robot_interfaces/include/my_robot_interfaces/my_robot_interfaces/msg/target_coordinates.hpp
[22.601s] -- Up-to-date: /home/asd/ros2_ws/install/my_robot_interfaces/include/my_robot_interfaces/my_robot_interfaces/msg/detail
[22.602s] -- Installing: /home/asd/ros2_ws/install/my_robot_interfaces/include/my_robot_interfaces/my_robot_interfaces/msg/detail/target_coordinates__builder.hpp
[22.603s] -- Installing: /home/asd/ros2_ws/install/my_robot_interfaces/include/my_robot_interfaces/my_robot_interfaces/msg/detail/target_coordinates__struct.hpp
[22.611s] -- Installing: /home/asd/ros2_ws/install/my_robot_interfaces/include/my_robot_interfaces/my_robot_interfaces/msg/detail/target_coordinates__traits.hpp
[22.612s] -- Up-to-date: /home/asd/ros2_ws/install/my_robot_interfaces/include/my_robot_interfaces/my_robot_interfaces
[22.612s] -- Up-to-date: /home/asd/ros2_ws/install/my_robot_interfaces/include/my_robot_interfaces/my_robot_interfaces/msg
[22.612s] -- Up-to-date: /home/asd/ros2_ws/install/my_robot_interfaces/include/my_robot_interfaces/my_robot_interfaces/msg/detail
[22.613s] -- Installing: /home/asd/ros2_ws/install/my_robot_interfaces/include/my_robot_interfaces/my_robot_interfaces/msg/detail/target_coordinates__rosidl_typesupport_fastrtps_cpp.hpp
[22.613s] -- Installing: /home/asd/ros2_ws/install/my_robot_interfaces/include/my_robot_interfaces/my_robot_interfaces/msg/detail/dds_fastrtps
[22.613s] -- Installing: /home/asd/ros2_ws/install/my_robot_interfaces/include/my_robot_interfaces/my_robot_interfaces/msg/rosidl_typesupport_fastrtps_cpp__visibility_control.h
[22.614s] -- Installing: /home/asd/ros2_ws/install/my_robot_interfaces/lib/libmy_robot_interfaces__rosidl_typesupport_fastrtps_cpp.so
[22.614s] -- Set runtime path of "/home/asd/ros2_ws/install/my_robot_interfaces/lib/libmy_robot_interfaces__rosidl_typesupport_fastrtps_cpp.so" to ""
[22.615s] -- Up-to-date: /home/asd/ros2_ws/install/my_robot_interfaces/include/my_robot_interfaces/my_robot_interfaces
[22.615s] -- Up-to-date: /home/asd/ros2_ws/install/my_robot_interfaces/include/my_robot_interfaces/my_robot_interfaces/msg
[22.615s] -- Installing: /home/asd/ros2_ws/install/my_robot_interfaces/include/my_robot_interfaces/my_robot_interfaces/msg/rosidl_typesupport_introspection_c__visibility_control.h
[22.615s] -- Up-to-date: /home/asd/ros2_ws/install/my_robot_interfaces/include/my_robot_interfaces/my_robot_interfaces/msg/detail
[22.616s] -- Installing: /home/asd/ros2_ws/install/my_robot_interfaces/include/my_robot_interfaces/my_robot_interfaces/msg/detail/target_coordinates__type_support.c
[22.616s] -- Installing: /home/asd/ros2_ws/install/my_robot_interfaces/include/my_robot_interfaces/my_robot_interfaces/msg/detail/target_coordinates__rosidl_typesupport_introspection_c.h
[22.616s] -- Installing: /home/asd/ros2_ws/install/my_robot_interfaces/lib/libmy_robot_interfaces__rosidl_typesupport_introspection_c.so
[22.617s] -- Set runtime path of "/home/asd/ros2_ws/install/my_robot_interfaces/lib/libmy_robot_interfaces__rosidl_typesupport_introspection_c.so" to ""
[22.617s] -- Installing: /home/asd/ros2_ws/install/my_robot_interfaces/lib/libmy_robot_interfaces__rosidl_typesupport_c.so
[22.618s] -- Set runtime path of "/home/asd/ros2_ws/install/my_robot_interfaces/lib/libmy_robot_interfaces__rosidl_typesupport_c.so" to ""
[22.619s] -- Up-to-date: /home/asd/ros2_ws/install/my_robot_interfaces/include/my_robot_interfaces/my_robot_interfaces
[22.619s] -- Up-to-date: /home/asd/ros2_ws/install/my_robot_interfaces/include/my_robot_interfaces/my_robot_interfaces/msg
[22.620s] -- Up-to-date: /home/asd/ros2_ws/install/my_robot_interfaces/include/my_robot_interfaces/my_robot_interfaces/msg/detail
[22.620s] -- Installing: /home/asd/ros2_ws/install/my_robot_interfaces/include/my_robot_interfaces/my_robot_interfaces/msg/detail/target_coordinates__type_support.cpp
[22.630s] -- Installing: /home/asd/ros2_ws/install/my_robot_interfaces/include/my_robot_interfaces/my_robot_interfaces/msg/detail/target_coordinates__rosidl_typesupport_introspection_cpp.hpp
[22.630s] -- Installing: /home/asd/ros2_ws/install/my_robot_interfaces/lib/libmy_robot_interfaces__rosidl_typesupport_introspection_cpp.so
[22.630s] -- Set runtime path of "/home/asd/ros2_ws/install/my_robot_interfaces/lib/libmy_robot_interfaces__rosidl_typesupport_introspection_cpp.so" to ""
[22.631s] -- Installing: /home/asd/ros2_ws/install/my_robot_interfaces/lib/libmy_robot_interfaces__rosidl_typesupport_cpp.so
[22.631s] -- Set runtime path of "/home/asd/ros2_ws/install/my_robot_interfaces/lib/libmy_robot_interfaces__rosidl_typesupport_cpp.so" to ""
[22.632s] -- Installing: /home/asd/ros2_ws/install/my_robot_interfaces/share/my_robot_interfaces/environment/pythonpath.sh
[22.632s] -- Installing: /home/asd/ros2_ws/install/my_robot_interfaces/share/my_robot_interfaces/environment/pythonpath.dsv
[22.632s] -- Installing: /home/asd/ros2_ws/install/my_robot_interfaces/lib/python3.10/site-packages/my_robot_interfaces-0.0.0-py3.10.egg-info
[22.632s] -- Installing: /home/asd/ros2_ws/install/my_robot_interfaces/lib/python3.10/site-packages/my_robot_interfaces-0.0.0-py3.10.egg-info/SOURCES.txt
[22.633s] -- Installing: /home/asd/ros2_ws/install/my_robot_interfaces/lib/python3.10/site-packages/my_robot_interfaces-0.0.0-py3.10.egg-info/top_level.txt
[22.633s] -- Installing: /home/asd/ros2_ws/install/my_robot_interfaces/lib/python3.10/site-packages/my_robot_interfaces-0.0.0-py3.10.egg-info/PKG-INFO
[22.634s] -- Installing: /home/asd/ros2_ws/install/my_robot_interfaces/lib/python3.10/site-packages/my_robot_interfaces-0.0.0-py3.10.egg-info/dependency_links.txt
[22.634s] -- Installing: /home/asd/ros2_ws/install/my_robot_interfaces/lib/python3.10/site-packages/my_robot_interfaces
[22.634s] -- Installing: /home/asd/ros2_ws/install/my_robot_interfaces/lib/python3.10/site-packages/my_robot_interfaces/_my_robot_interfaces_s.ep.rosidl_typesupport_fastrtps_c.c
[22.635s] -- Installing: /home/asd/ros2_ws/install/my_robot_interfaces/lib/python3.10/site-packages/my_robot_interfaces/_my_robot_interfaces_s.ep.rosidl_typesupport_c.c
[22.635s] -- Installing: /home/asd/ros2_ws/install/my_robot_interfaces/lib/python3.10/site-packages/my_robot_interfaces/_my_robot_interfaces_s.ep.rosidl_typesupport_introspection_c.c
[22.635s] -- Installing: /home/asd/ros2_ws/install/my_robot_interfaces/lib/python3.10/site-packages/my_robot_interfaces/msg
[22.636s] -- Installing: /home/asd/ros2_ws/install/my_robot_interfaces/lib/python3.10/site-packages/my_robot_interfaces/msg/_target_coordinates.py
[22.636s] -- Installing: /home/asd/ros2_ws/install/my_robot_interfaces/lib/python3.10/site-packages/my_robot_interfaces/msg/__init__.py
[22.637s] -- Installing: /home/asd/ros2_ws/install/my_robot_interfaces/lib/python3.10/site-packages/my_robot_interfaces/msg/_target_coordinates_s.c
[22.637s] -- Installing: /home/asd/ros2_ws/install/my_robot_interfaces/lib/python3.10/site-packages/my_robot_interfaces/my_robot_interfaces_s__rosidl_typesupport_c.cpython-310-x86_64-linux-gnu.so
[22.638s] -- Installing: /home/asd/ros2_ws/install/my_robot_interfaces/lib/python3.10/site-packages/my_robot_interfaces/libmy_robot_interfaces__rosidl_generator_py.so
[22.638s] -- Installing: /home/asd/ros2_ws/install/my_robot_interfaces/lib/python3.10/site-packages/my_robot_interfaces/my_robot_interfaces_s__rosidl_typesupport_fastrtps_c.cpython-310-x86_64-linux-gnu.so
[22.638s] -- Installing: /home/asd/ros2_ws/install/my_robot_interfaces/lib/python3.10/site-packages/my_robot_interfaces/__init__.py
[22.639s] -- Installing: /home/asd/ros2_ws/install/my_robot_interfaces/lib/python3.10/site-packages/my_robot_interfaces/my_robot_interfaces_s__rosidl_typesupport_introspection_c.cpython-310-x86_64-linux-gnu.so
[22.837s] Listing '/home/asd/ros2_ws/install/my_robot_interfaces/lib/python3.10/site-packages/my_robot_interfaces'...
[22.837s] Compiling '/home/asd/ros2_ws/install/my_robot_interfaces/lib/python3.10/site-packages/my_robot_interfaces/__init__.py'...
[22.838s] Listing '/home/asd/ros2_ws/install/my_robot_interfaces/lib/python3.10/site-packages/my_robot_interfaces/msg'...
[22.838s] Compiling '/home/asd/ros2_ws/install/my_robot_interfaces/lib/python3.10/site-packages/my_robot_interfaces/msg/__init__.py'...
[22.838s] Compiling '/home/asd/ros2_ws/install/my_robot_interfaces/lib/python3.10/site-packages/my_robot_interfaces/msg/_target_coordinates.py'...
[22.854s] -- Installing: /home/asd/ros2_ws/install/my_robot_interfaces/lib/python3.10/site-packages/my_robot_interfaces/my_robot_interfaces_s__rosidl_typesupport_fastrtps_c.cpython-310-x86_64-linux-gnu.so
[22.855s] -- Set runtime path of "/home/asd/ros2_ws/install/my_robot_interfaces/lib/python3.10/site-packages/my_robot_interfaces/my_robot_interfaces_s__rosidl_typesupport_fastrtps_c.cpython-310-x86_64-linux-gnu.so" to ""
[22.856s] -- Installing: /home/asd/ros2_ws/install/my_robot_interfaces/lib/python3.10/site-packages/my_robot_interfaces/my_robot_interfaces_s__rosidl_typesupport_introspection_c.cpython-310-x86_64-linux-gnu.so
[22.858s] -- Set runtime path of "/home/asd/ros2_ws/install/my_robot_interfaces/lib/python3.10/site-packages/my_robot_interfaces/my_robot_interfaces_s__rosidl_typesupport_introspection_c.cpython-310-x86_64-linux-gnu.so" to ""
[22.859s] -- Installing: /home/asd/ros2_ws/install/my_robot_interfaces/lib/python3.10/site-packages/my_robot_interfaces/my_robot_interfaces_s__rosidl_typesupport_c.cpython-310-x86_64-linux-gnu.so
[22.860s] -- Set runtime path of "/home/asd/ros2_ws/install/my_robot_interfaces/lib/python3.10/site-packages/my_robot_interfaces/my_robot_interfaces_s__rosidl_typesupport_c.cpython-310-x86_64-linux-gnu.so" to ""
[22.862s] -- Installing: /home/asd/ros2_ws/install/my_robot_interfaces/lib/libmy_robot_interfaces__rosidl_generator_py.so
[22.863s] -- Set runtime path of "/home/asd/ros2_ws/install/my_robot_interfaces/lib/libmy_robot_interfaces__rosidl_generator_py.so" to ""
[22.863s] -- Installing: /home/asd/ros2_ws/install/my_robot_interfaces/share/my_robot_interfaces/msg/TargetCoordinates.idl
[22.863s] -- Installing: /home/asd/ros2_ws/install/my_robot_interfaces/share/my_robot_interfaces/msg/TargetCoordinates.msg
[22.864s] -- Installing: /home/asd/ros2_ws/install/my_robot_interfaces/share/ament_index/resource_index/package_run_dependencies/my_robot_interfaces
[22.865s] -- Installing: /home/asd/ros2_ws/install/my_robot_interfaces/share/ament_index/resource_index/parent_prefix_path/my_robot_interfaces
[22.865s] -- Installing: /home/asd/ros2_ws/install/my_robot_interfaces/share/my_robot_interfaces/environment/ament_prefix_path.sh
[22.866s] -- Installing: /home/asd/ros2_ws/install/my_robot_interfaces/share/my_robot_interfaces/environment/ament_prefix_path.dsv
[22.866s] -- Installing: /home/asd/ros2_ws/install/my_robot_interfaces/share/my_robot_interfaces/environment/path.sh
[22.867s] -- Installing: /home/asd/ros2_ws/install/my_robot_interfaces/share/my_robot_interfaces/environment/path.dsv
[22.868s] -- Installing: /home/asd/ros2_ws/install/my_robot_interfaces/share/my_robot_interfaces/local_setup.bash
[22.868s] -- Installing: /home/asd/ros2_ws/install/my_robot_interfaces/share/my_robot_interfaces/local_setup.sh
[22.869s] -- Installing: /home/asd/ros2_ws/install/my_robot_interfaces/share/my_robot_interfaces/local_setup.zsh
[22.870s] -- Installing: /home/asd/ros2_ws/install/my_robot_interfaces/share/my_robot_interfaces/local_setup.dsv
[22.871s] -- Installing: /home/asd/ros2_ws/install/my_robot_interfaces/share/my_robot_interfaces/package.dsv
[22.872s] -- Installing: /home/asd/ros2_ws/install/my_robot_interfaces/share/ament_index/resource_index/packages/my_robot_interfaces
[22.873s] -- Installing: /home/asd/ros2_ws/install/my_robot_interfaces/share/my_robot_interfaces/cmake/export_my_robot_interfaces__rosidl_generator_cExport.cmake
[22.873s] -- Installing: /home/asd/ros2_ws/install/my_robot_interfaces/share/my_robot_interfaces/cmake/export_my_robot_interfaces__rosidl_generator_cExport-noconfig.cmake
[22.874s] -- Installing: /home/asd/ros2_ws/install/my_robot_interfaces/share/my_robot_interfaces/cmake/export_my_robot_interfaces__rosidl_typesupport_fastrtps_cExport.cmake
[22.875s] -- Installing: /home/asd/ros2_ws/install/my_robot_interfaces/share/my_robot_interfaces/cmake/export_my_robot_interfaces__rosidl_typesupport_fastrtps_cExport-noconfig.cmake
[22.875s] -- Installing: /home/asd/ros2_ws/install/my_robot_interfaces/share/my_robot_interfaces/cmake/export_my_robot_interfaces__rosidl_generator_cppExport.cmake
[22.876s] -- Installing: /home/asd/ros2_ws/install/my_robot_interfaces/share/my_robot_interfaces/cmake/export_my_robot_interfaces__rosidl_typesupport_fastrtps_cppExport.cmake
[22.877s] -- Installing: /home/asd/ros2_ws/install/my_robot_interfaces/share/my_robot_interfaces/cmake/export_my_robot_interfaces__rosidl_typesupport_fastrtps_cppExport-noconfig.cmake
[22.881s] -- Installing: /home/asd/ros2_ws/install/my_robot_interfaces/share/my_robot_interfaces/cmake/my_robot_interfaces__rosidl_typesupport_introspection_cExport.cmake
[22.894s] -- Installing: /home/asd/ros2_ws/install/my_robot_interfaces/share/my_robot_interfaces/cmake/my_robot_interfaces__rosidl_typesupport_introspection_cExport-noconfig.cmake
[22.895s] -- Installing: /home/asd/ros2_ws/install/my_robot_interfaces/share/my_robot_interfaces/cmake/my_robot_interfaces__rosidl_typesupport_cExport.cmake
[22.895s] -- Installing: /home/asd/ros2_ws/install/my_robot_interfaces/share/my_robot_interfaces/cmake/my_robot_interfaces__rosidl_typesupport_cExport-noconfig.cmake
[22.896s] -- Installing: /home/asd/ros2_ws/install/my_robot_interfaces/share/my_robot_interfaces/cmake/my_robot_interfaces__rosidl_typesupport_introspection_cppExport.cmake
[22.897s] -- Installing: /home/asd/ros2_ws/install/my_robot_interfaces/share/my_robot_interfaces/cmake/my_robot_interfaces__rosidl_typesupport_introspection_cppExport-noconfig.cmake
[22.897s] -- Installing: /home/asd/ros2_ws/install/my_robot_interfaces/share/my_robot_interfaces/cmake/my_robot_interfaces__rosidl_typesupport_cppExport.cmake
[22.898s] -- Installing: /home/asd/ros2_ws/install/my_robot_interfaces/share/my_robot_interfaces/cmake/my_robot_interfaces__rosidl_typesupport_cppExport-noconfig.cmake
[22.899s] -- Installing: /home/asd/ros2_ws/install/my_robot_interfaces/share/my_robot_interfaces/cmake/export_my_robot_interfaces__rosidl_generator_pyExport.cmake
[22.899s] -- Installing: /home/asd/ros2_ws/install/my_robot_interfaces/share/my_robot_interfaces/cmake/export_my_robot_interfaces__rosidl_generator_pyExport-noconfig.cmake
[22.900s] -- Installing: /home/asd/ros2_ws/install/my_robot_interfaces/share/my_robot_interfaces/cmake/rosidl_cmake-extras.cmake
[22.900s] -- Installing: /home/asd/ros2_ws/install/my_robot_interfaces/share/my_robot_interfaces/cmake/ament_cmake_export_dependencies-extras.cmake
[22.901s] -- Installing: /home/asd/ros2_ws/install/my_robot_interfaces/share/my_robot_interfaces/cmake/ament_cmake_export_include_directories-extras.cmake
[22.903s] -- Installing: /home/asd/ros2_ws/install/my_robot_interfaces/share/my_robot_interfaces/cmake/ament_cmake_export_libraries-extras.cmake
[22.904s] -- Installing: /home/asd/ros2_ws/install/my_robot_interfaces/share/my_robot_interfaces/cmake/ament_cmake_export_targets-extras.cmake
[22.904s] -- Installing: /home/asd/ros2_ws/install/my_robot_interfaces/share/my_robot_interfaces/cmake/rosidl_cmake_export_typesupport_targets-extras.cmake
[22.905s] -- Installing: /home/asd/ros2_ws/install/my_robot_interfaces/share/my_robot_interfaces/cmake/rosidl_cmake_export_typesupport_libraries-extras.cmake
[22.905s] -- Installing: /home/asd/ros2_ws/install/my_robot_interfaces/share/my_robot_interfaces/cmake/my_robot_interfacesConfig.cmake
[22.906s] -- Installing: /home/asd/ros2_ws/install/my_robot_interfaces/share/my_robot_interfaces/cmake/my_robot_interfacesConfig-version.cmake
[22.907s] -- Installing: /home/asd/ros2_ws/install/my_robot_interfaces/share/my_robot_interfaces/package.xml
[22.917s] Invoked command in '/home/asd/ros2_ws/build/my_robot_interfaces' returned '0': CMAKE_PREFIX_PATH=/opt/ros/iron /usr/bin/cmake --install /home/asd/ros2_ws/build/my_robot_interfaces
