[0.034s] Invoking command in '/home/asd/ros2_ws/build/my_robot_interfaces': CMAKE_PREFIX_PATH=/opt/ros/iron /usr/bin/cmake /home/asd/ros2_ws/src/my_robot_interfaces -DCMAKE_INSTALL_PREFIX=/home/asd/ros2_ws/install/my_robot_interfaces
[0.087s] -- Found ament_cmake: 2.0.4 (/opt/ros/iron/share/ament_cmake/cmake)
[0.683s] -- Found geometry_msgs: 5.0.0 (/opt/ros/iron/share/geometry_msgs/cmake)
[0.837s] -- Found rosidl_generator_c: 4.0.1 (/opt/ros/iron/share/rosidl_generator_c/cmake)
[0.899s] -- Found rosidl_generator_cpp: 4.0.1 (/opt/ros/iron/share/rosidl_generator_cpp/cmake)
[0.997s] -- Using all available rosidl_typesupport_c: rosidl_typesupport_fastrtps_c;rosidl_typesupport_introspection_c
[1.098s] -- Using all available rosidl_typesupport_cpp: rosidl_typesupport_fastrtps_cpp;rosidl_typesupport_introspection_cpp
[1.900s] -- Found rosidl_default_generators: 1.5.0 (/opt/ros/iron/share/rosidl_default_generators/cmake)
[1.940s] -- Found rosidl_adapter: 4.0.1 (/opt/ros/iron/share/rosidl_adapter/cmake)
[2.594s] [31mCMake Error at /opt/ros/iron/share/rosidl_adapter/cmake/rosidl_adapt_interfaces.cmake:57 (message):
[2.595s]   execute_process(/usr/bin/python3.10 -m rosidl_adapter --package-name
[2.595s]   my_robot_interfaces --arguments-file
[2.595s]   /home/asd/ros2_ws/build/my_robot_interfaces/rosidl_adapter__arguments__my_robot_interfaces.json
[2.596s]   --output-dir
[2.596s]   /home/asd/ros2_ws/build/my_robot_interfaces/rosidl_adapter/my_robot_interfaces
[2.596s]   --output-file
[2.597s]   /home/asd/ros2_ws/build/my_robot_interfaces/rosidl_adapter/my_robot_interfaces.idls)
[2.597s]   returned error code 1:
[2.597s] 
[2.597s]   Error processing '//float64 a' of 'my_robot_interfaces/TargetCoordinates':
[2.598s]   '//float64'
[2.598s] 
[2.598s]   Traceback (most recent call last):
[2.599s] 
[2.599s]     File "/usr/lib/python3.10/runpy.py", line 196, in _run_module_as_main
[2.599s]       return _run_code(code, main_globals, None,
[2.600s]     File "/usr/lib/python3.10/runpy.py", line 86, in _run_code
[2.600s]       exec(code, run_globals)
[2.600s]     File "/opt/ros/iron/lib/python3.10/site-packages/rosidl_adapter/__main__.py", line 19, in <module>
[2.601s]       sys.exit(main())
[2.601s]     File "/opt/ros/iron/lib/python3.10/site-packages/rosidl_adapter/main.py", line 53, in main
[2.601s]       abs_idl_file = convert_to_idl(
[2.601s]     File "/opt/ros/iron/lib/python3.10/site-packages/rosidl_adapter/__init__.py", line 19, in convert_to_idl
[2.602s]       return convert_msg_to_idl(
[2.602s]     File "/opt/ros/iron/lib/python3.10/site-packages/rosidl_adapter/msg/__init__.py", line 28, in convert_msg_to_idl
[2.602s]       msg = parse_message_string(package_name, input_file.stem, content)
[2.602s]     File "/opt/ros/iron/lib/python3.10/site-packages/rosidl_adapter/parser.py", line 521, in parse_message_string
[2.603s]       Type(type_string, context_package_name=pkg_name),
[2.603s]     File "/opt/ros/iron/lib/python3.10/site-packages/rosidl_adapter/parser.py", line 278, in __init__
[2.603s]       super(Type, self).__init__(
[2.604s]     File "/opt/ros/iron/lib/python3.10/site-packages/rosidl_adapter/parser.py", line 191, in __init__
[2.604s]       raise InvalidResourceName(type_string)
[2.604s] 
[2.605s]   rosidl_adapter.parser.InvalidResourceName: //float64
[2.605s] 
[2.605s] Call Stack (most recent call first):
[2.605s]   /opt/ros/iron/share/rosidl_cmake/cmake/rosidl_generate_interfaces.cmake:132 (rosidl_adapt_interfaces)
[2.606s]   CMakeLists.txt:9 (rosidl_generate_interfaces)
[2.606s] 
[2.606s] [0m
[2.606s] -- Configuring incomplete, errors occurred!
[2.607s] See also "/home/asd/ros2_ws/build/my_robot_interfaces/CMakeFiles/CMakeOutput.log".
[2.625s] Invoked command in '/home/asd/ros2_ws/build/my_robot_interfaces' returned '1': CMAKE_PREFIX_PATH=/opt/ros/iron /usr/bin/cmake /home/asd/ros2_ws/src/my_robot_interfaces -DCMAKE_INSTALL_PREFIX=/home/asd/ros2_ws/install/my_robot_interfaces
