[0.133s] Invoking command in '/home/asd/ros2_ws/build/fl_div': AMENT_PREFIX_PATH=/home/asd/ros2_ws/install/my_package:${AMENT_PREFIX_PATH} CMAKE_PREFIX_PATH=/home/asd/ros2_ws/install/my_package:/opt/ros/iron LD_LIBRARY_PATH=/home/asd/ros2_ws/install/my_package/lib:${LD_LIBRARY_PATH} PYTHONPATH=/home/asd/ros2_ws/install/my_package/lib/python3.10/site-packages:${PYTHONPATH} /usr/bin/cmake --build /home/asd/ros2_ws/build/fl_div -- -j4 -l4
[0.316s] [35m[1mConsolidate compiler generated dependencies of target server[0m
[0.318s] [35m[1mConsolidate compiler generated dependencies of target client[0m
[0.403s] [ 25%] [32mBuilding CXX object CMakeFiles/server.dir/src/fl_div_server.cpp.o[0m
[0.409s] [ 50%] [32mBuilding CXX object CMakeFiles/client.dir/src/fl_div_client.cpp.o[0m
[15.418s] [ 75%] [32m[1mLinking CXX executable server[0m
[16.133s] [ 75%] Built target server
[16.360s] [100%] [32m[1mLinking CXX executable client[0m
[17.098s] [100%] Built target client
[17.138s] Invoked command in '/home/asd/ros2_ws/build/fl_div' returned '0': AMENT_PREFIX_PATH=/home/asd/ros2_ws/install/my_package:${AMENT_PREFIX_PATH} CMAKE_PREFIX_PATH=/home/asd/ros2_ws/install/my_package:/opt/ros/iron LD_LIBRARY_PATH=/home/asd/ros2_ws/install/my_package/lib:${LD_LIBRARY_PATH} PYTHONPATH=/home/asd/ros2_ws/install/my_package/lib/python3.10/site-packages:${PYTHONPATH} /usr/bin/cmake --build /home/asd/ros2_ws/build/fl_div -- -j4 -l4
[17.250s] Invoking command in '/home/asd/ros2_ws/build/fl_div': AMENT_PREFIX_PATH=/home/asd/ros2_ws/install/my_package:${AMENT_PREFIX_PATH} CMAKE_PREFIX_PATH=/home/asd/ros2_ws/install/my_package:/opt/ros/iron LD_LIBRARY_PATH=/home/asd/ros2_ws/install/my_package/lib:${LD_LIBRARY_PATH} PYTHONPATH=/home/asd/ros2_ws/install/my_package/lib/python3.10/site-packages:${PYTHONPATH} /usr/bin/cmake --install /home/asd/ros2_ws/build/fl_div
[17.275s] -- Install configuration: ""
[17.275s] -- Installing: /home/asd/ros2_ws/install/fl_div/lib/fl_div/server
[17.280s] -- Set runtime path of "/home/asd/ros2_ws/install/fl_div/lib/fl_div/server" to ""
[17.281s] -- Installing: /home/asd/ros2_ws/install/fl_div/lib/fl_div/client
[17.287s] -- Set runtime path of "/home/asd/ros2_ws/install/fl_div/lib/fl_div/client" to ""
[17.287s] -- Up-to-date: /home/asd/ros2_ws/install/fl_div/share/ament_index/resource_index/package_run_dependencies/fl_div
[17.288s] -- Up-to-date: /home/asd/ros2_ws/install/fl_div/share/ament_index/resource_index/parent_prefix_path/fl_div
[17.288s] -- Up-to-date: /home/asd/ros2_ws/install/fl_div/share/fl_div/environment/ament_prefix_path.sh
[17.289s] -- Up-to-date: /home/asd/ros2_ws/install/fl_div/share/fl_div/environment/ament_prefix_path.dsv
[17.289s] -- Up-to-date: /home/asd/ros2_ws/install/fl_div/share/fl_div/environment/path.sh
[17.290s] -- Up-to-date: /home/asd/ros2_ws/install/fl_div/share/fl_div/environment/path.dsv
[17.290s] -- Up-to-date: /home/asd/ros2_ws/install/fl_div/share/fl_div/local_setup.bash
[17.290s] -- Up-to-date: /home/asd/ros2_ws/install/fl_div/share/fl_div/local_setup.sh
[17.291s] -- Up-to-date: /home/asd/ros2_ws/install/fl_div/share/fl_div/local_setup.zsh
[17.291s] -- Up-to-date: /home/asd/ros2_ws/install/fl_div/share/fl_div/local_setup.dsv
[17.291s] -- Installing: /home/asd/ros2_ws/install/fl_div/share/fl_div/package.dsv
[17.291s] -- Up-to-date: /home/asd/ros2_ws/install/fl_div/share/ament_index/resource_index/packages/fl_div
[17.292s] -- Up-to-date: /home/asd/ros2_ws/install/fl_div/share/fl_div/cmake/fl_divConfig.cmake
[17.292s] -- Up-to-date: /home/asd/ros2_ws/install/fl_div/share/fl_div/cmake/fl_divConfig-version.cmake
[17.292s] -- Up-to-date: /home/asd/ros2_ws/install/fl_div/share/fl_div/package.xml
[17.295s] Invoked command in '/home/asd/ros2_ws/build/fl_div' returned '0': AMENT_PREFIX_PATH=/home/asd/ros2_ws/install/my_package:${AMENT_PREFIX_PATH} CMAKE_PREFIX_PATH=/home/asd/ros2_ws/install/my_package:/opt/ros/iron LD_LIBRARY_PATH=/home/asd/ros2_ws/install/my_package/lib:${LD_LIBRARY_PATH} PYTHONPATH=/home/asd/ros2_ws/install/my_package/lib/python3.10/site-packages:${PYTHONPATH} /usr/bin/cmake --install /home/asd/ros2_ws/build/fl_div
