[0.041s] Invoking command in '/home/asd/ros2_ws/build/my_robot_interfaces': /usr/bin/cmake /home/asd/ros2_ws/src/my_robot_interfaces -DCMAKE_INSTALL_PREFIX=/home/asd/ros2_ws/install/my_robot_interfaces
[0.127s] [31mCMake Error at CMakeLists.txt:5 (find_package):
[0.127s]   By not providing "Findexample_interfaces.cmake" in CMAKE_MODULE_PATH this
[0.127s]   project has asked CMake to find a package configuration file provided by
[0.128s]   "example_interfaces", but CMake did not find one.
[0.128s] 
[0.128s]   Could not find a package configuration file provided by
[0.129s]   "example_interfaces" with any of the following names:
[0.142s] 
[0.142s]     example_interfacesConfig.cmake
[0.142s]     example_interfaces-config.cmake
[0.143s] 
[0.152s]   Add the installation prefix of "example_interfaces" to CMAKE_PREFIX_PATH or
[0.153s]   set "example_interfaces_DIR" to a directory containing one of the above
[0.153s]   files.  If "example_interfaces" provides a separate development package or
[0.153s]   SDK, be sure it has been installed.
[0.154s] 
[0.154s] [0m
[0.155s] -- Configuring incomplete, errors occurred!
[0.155s] See also "/home/asd/ros2_ws/build/my_robot_interfaces/CMakeFiles/CMakeOutput.log".
[0.156s] Invoked command in '/home/asd/ros2_ws/build/my_robot_interfaces' returned '1': /usr/bin/cmake /home/asd/ros2_ws/src/my_robot_interfaces -DCMAKE_INSTALL_PREFIX=/home/asd/ros2_ws/install/my_robot_interfaces
