[0.351s] DEBUG:colcon:Command line arguments: ['/usr/bin/colcon', 'build', '--packages-select', 'input_numbers']
[0.351s] DEBUG:colcon:Parsed command line arguments: Namespace(log_base=None, log_level=None, verb_name='build', build_base='build', install_base='install', merge_install=False, symlink_install=False, test_result_base=None, continue_on_error=False, executor='parallel', parallel_workers=4, event_handlers=None, ignore_user_meta=False, metas=['./colcon.meta'], base_paths=['.'], packages_ignore=None, packages_ignore_regex=None, paths=None, packages_up_to=None, packages_up_to_regex=None, packages_above=None, packages_above_and_dependencies=None, packages_above_depth=None, packages_select_by_dep=None, packages_skip_by_dep=None, packages_skip_up_to=None, packages_select_build_failed=False, packages_skip_build_finished=False, packages_select_test_failures=False, packages_skip_test_passed=False, packages_select=['input_numbers'], packages_skip=None, packages_select_regex=None, packages_skip_regex=None, packages_start=None, packages_end=None, allow_overriding=[], cmake_args=None, cmake_target=None, cmake_target_skip_unavailable=False, cmake_clean_cache=False, cmake_clean_first=False, cmake_force_configure=False, ament_cmake_args=None, catkin_cmake_args=None, catkin_skip_building_tests=False, verb_parser=<colcon_defaults.argument_parser.defaults.DefaultArgumentsDecorator object at 0x74e84db00550>, verb_extension=<colcon_core.verb.build.BuildVerb object at 0x74e84db00040>, main=<bound method BuildVerb.main of <colcon_core.verb.build.BuildVerb object at 0x74e84db00040>>)
[0.975s] Level 1:colcon.colcon_core.package_discovery:discover_packages(colcon_meta) check parameters
[0.976s] Level 1:colcon.colcon_core.package_discovery:discover_packages(recursive) check parameters
[0.976s] Level 1:colcon.colcon_core.package_discovery:discover_packages(ignore) check parameters
[0.976s] Level 1:colcon.colcon_core.package_discovery:discover_packages(path) check parameters
[0.976s] Level 1:colcon.colcon_core.package_discovery:discover_packages(colcon_meta) discover
[0.976s] Level 1:colcon.colcon_core.package_discovery:discover_packages(recursive) discover
[0.976s] INFO:colcon.colcon_core.package_discovery:Crawling recursively for packages in '/home/asd/ros2_ws'
[0.977s] Level 1:colcon.colcon_core.package_identification:_identify(.) by extensions ['ignore', 'ignore_ament_install']
[0.977s] Level 1:colcon.colcon_core.package_identification:_identify(.) by extension 'ignore'
[0.977s] Level 1:colcon.colcon_core.package_identification:_identify(.) by extension 'ignore_ament_install'
[0.978s] Level 1:colcon.colcon_core.package_identification:_identify(.) by extensions ['colcon_pkg']
[0.978s] Level 1:colcon.colcon_core.package_identification:_identify(.) by extension 'colcon_pkg'
[0.978s] Level 1:colcon.colcon_core.package_identification:_identify(.) by extensions ['colcon_meta']
[0.978s] Level 1:colcon.colcon_core.package_identification:_identify(.) by extension 'colcon_meta'
[0.978s] Level 1:colcon.colcon_core.package_identification:_identify(.) by extensions ['ros']
[0.978s] Level 1:colcon.colcon_core.package_identification:_identify(.) by extension 'ros'
[1.020s] Level 1:colcon.colcon_core.package_identification:_identify(.) by extensions ['cmake', 'python']
[1.021s] Level 1:colcon.colcon_core.package_identification:_identify(.) by extension 'cmake'
[1.021s] Level 1:colcon.colcon_core.package_identification:_identify(.) by extension 'python'
[1.021s] Level 1:colcon.colcon_core.package_identification:_identify(.) by extensions ['python_setup_py']
[1.021s] Level 1:colcon.colcon_core.package_identification:_identify(.) by extension 'python_setup_py'
[1.021s] Level 1:colcon.colcon_core.package_identification:_identify(build) by extensions ['ignore', 'ignore_ament_install']
[1.022s] Level 1:colcon.colcon_core.package_identification:_identify(build) by extension 'ignore'
[1.022s] Level 1:colcon.colcon_core.package_identification:_identify(build) ignored
[1.022s] Level 1:colcon.colcon_core.package_identification:_identify(install) by extensions ['ignore', 'ignore_ament_install']
[1.022s] Level 1:colcon.colcon_core.package_identification:_identify(install) by extension 'ignore'
[1.023s] Level 1:colcon.colcon_core.package_identification:_identify(install) ignored
[1.023s] Level 1:colcon.colcon_core.package_identification:_identify(log) by extensions ['ignore', 'ignore_ament_install']
[1.023s] Level 1:colcon.colcon_core.package_identification:_identify(log) by extension 'ignore'
[1.023s] Level 1:colcon.colcon_core.package_identification:_identify(log) ignored
[1.024s] Level 1:colcon.colcon_core.package_identification:_identify(src) by extensions ['ignore', 'ignore_ament_install']
[1.024s] Level 1:colcon.colcon_core.package_identification:_identify(src) by extension 'ignore'
[1.024s] Level 1:colcon.colcon_core.package_identification:_identify(src) by extension 'ignore_ament_install'
[1.024s] Level 1:colcon.colcon_core.package_identification:_identify(src) by extensions ['colcon_pkg']
[1.024s] Level 1:colcon.colcon_core.package_identification:_identify(src) by extension 'colcon_pkg'
[1.025s] Level 1:colcon.colcon_core.package_identification:_identify(src) by extensions ['colcon_meta']
[1.025s] Level 1:colcon.colcon_core.package_identification:_identify(src) by extension 'colcon_meta'
[1.025s] Level 1:colcon.colcon_core.package_identification:_identify(src) by extensions ['ros']
[1.025s] Level 1:colcon.colcon_core.package_identification:_identify(src) by extension 'ros'
[1.025s] Level 1:colcon.colcon_core.package_identification:_identify(src) by extensions ['cmake', 'python']
[1.026s] Level 1:colcon.colcon_core.package_identification:_identify(src) by extension 'cmake'
[1.026s] Level 1:colcon.colcon_core.package_identification:_identify(src) by extension 'python'
[1.026s] Level 1:colcon.colcon_core.package_identification:_identify(src) by extensions ['python_setup_py']
[1.026s] Level 1:colcon.colcon_core.package_identification:_identify(src) by extension 'python_setup_py'
[1.027s] Level 1:colcon.colcon_core.package_identification:_identify(src/build) by extensions ['ignore', 'ignore_ament_install']
[1.027s] Level 1:colcon.colcon_core.package_identification:_identify(src/build) by extension 'ignore'
[1.027s] Level 1:colcon.colcon_core.package_identification:_identify(src/build) ignored
[1.027s] Level 1:colcon.colcon_core.package_identification:_identify(src/cpp_srvcli) by extensions ['ignore', 'ignore_ament_install']
[1.028s] Level 1:colcon.colcon_core.package_identification:_identify(src/cpp_srvcli) by extension 'ignore'
[1.028s] Level 1:colcon.colcon_core.package_identification:_identify(src/cpp_srvcli) by extension 'ignore_ament_install'
[1.028s] Level 1:colcon.colcon_core.package_identification:_identify(src/cpp_srvcli) by extensions ['colcon_pkg']
[1.028s] Level 1:colcon.colcon_core.package_identification:_identify(src/cpp_srvcli) by extension 'colcon_pkg'
[1.028s] Level 1:colcon.colcon_core.package_identification:_identify(src/cpp_srvcli) by extensions ['colcon_meta']
[1.028s] Level 1:colcon.colcon_core.package_identification:_identify(src/cpp_srvcli) by extension 'colcon_meta'
[1.029s] Level 1:colcon.colcon_core.package_identification:_identify(src/cpp_srvcli) by extensions ['ros']
[1.029s] Level 1:colcon.colcon_core.package_identification:_identify(src/cpp_srvcli) by extension 'ros'
[1.036s] DEBUG:colcon.colcon_core.package_identification:Package 'src/cpp_srvcli' with type 'ros.ament_cmake' and name 'cpp_srvcli'
[1.036s] Level 1:colcon.colcon_core.package_identification:_identify(src/div) by extensions ['ignore', 'ignore_ament_install']
[1.037s] Level 1:colcon.colcon_core.package_identification:_identify(src/div) by extension 'ignore'
[1.037s] Level 1:colcon.colcon_core.package_identification:_identify(src/div) by extension 'ignore_ament_install'
[1.037s] Level 1:colcon.colcon_core.package_identification:_identify(src/div) by extensions ['colcon_pkg']
[1.037s] Level 1:colcon.colcon_core.package_identification:_identify(src/div) by extension 'colcon_pkg'
[1.037s] Level 1:colcon.colcon_core.package_identification:_identify(src/div) by extensions ['colcon_meta']
[1.037s] Level 1:colcon.colcon_core.package_identification:_identify(src/div) by extension 'colcon_meta'
[1.037s] Level 1:colcon.colcon_core.package_identification:_identify(src/div) by extensions ['ros']
[1.038s] Level 1:colcon.colcon_core.package_identification:_identify(src/div) by extension 'ros'
[1.039s] DEBUG:colcon.colcon_core.package_identification:Package 'src/div' with type 'ros.ament_cmake' and name 'div'
[1.040s] Level 1:colcon.colcon_core.package_identification:_identify(src/input_numbers) by extensions ['ignore', 'ignore_ament_install']
[1.040s] Level 1:colcon.colcon_core.package_identification:_identify(src/input_numbers) by extension 'ignore'
[1.040s] Level 1:colcon.colcon_core.package_identification:_identify(src/input_numbers) by extension 'ignore_ament_install'
[1.040s] Level 1:colcon.colcon_core.package_identification:_identify(src/input_numbers) by extensions ['colcon_pkg']
[1.041s] Level 1:colcon.colcon_core.package_identification:_identify(src/input_numbers) by extension 'colcon_pkg'
[1.041s] Level 1:colcon.colcon_core.package_identification:_identify(src/input_numbers) by extensions ['colcon_meta']
[1.041s] Level 1:colcon.colcon_core.package_identification:_identify(src/input_numbers) by extension 'colcon_meta'
[1.041s] Level 1:colcon.colcon_core.package_identification:_identify(src/input_numbers) by extensions ['ros']
[1.042s] Level 1:colcon.colcon_core.package_identification:_identify(src/input_numbers) by extension 'ros'
[1.045s] DEBUG:colcon.colcon_core.package_identification:Failed to parse potential ROS package manifest in'src/input_numbers': Error(s) in package 'src/input_numbers/package.xml':
Error(s):
- The generic dependency on 'rclcpp' is redundant with: exec_depend
- The generic dependency on 'std_msgs' is redundant with: exec_depend
[1.046s] Level 1:colcon.colcon_core.package_identification:_identify(src/input_numbers) by extensions ['cmake', 'python']
[1.046s] Level 1:colcon.colcon_core.package_identification:_identify(src/input_numbers) by extension 'cmake'
[1.050s] Level 1:colcon.colcon_core.package_identification:_identify(src/input_numbers) by extension 'python'
[1.050s] DEBUG:colcon.colcon_core.package_identification:Package 'src/input_numbers' with type 'cmake' and name 'input_numbers'
[1.051s] Level 1:colcon.colcon_core.package_identification:_identify(src/install) by extensions ['ignore', 'ignore_ament_install']
[1.051s] Level 1:colcon.colcon_core.package_identification:_identify(src/install) by extension 'ignore'
[1.051s] Level 1:colcon.colcon_core.package_identification:_identify(src/install) ignored
[1.051s] Level 1:colcon.colcon_core.package_identification:_identify(src/log) by extensions ['ignore', 'ignore_ament_install']
[1.052s] Level 1:colcon.colcon_core.package_identification:_identify(src/log) by extension 'ignore'
[1.052s] Level 1:colcon.colcon_core.package_identification:_identify(src/log) ignored
[1.052s] Level 1:colcon.colcon_core.package_identification:_identify(src/my_package) by extensions ['ignore', 'ignore_ament_install']
[1.052s] Level 1:colcon.colcon_core.package_identification:_identify(src/my_package) by extension 'ignore'
[1.053s] Level 1:colcon.colcon_core.package_identification:_identify(src/my_package) by extension 'ignore_ament_install'
[1.053s] Level 1:colcon.colcon_core.package_identification:_identify(src/my_package) by extensions ['colcon_pkg']
[1.053s] Level 1:colcon.colcon_core.package_identification:_identify(src/my_package) by extension 'colcon_pkg'
[1.053s] Level 1:colcon.colcon_core.package_identification:_identify(src/my_package) by extensions ['colcon_meta']
[1.053s] Level 1:colcon.colcon_core.package_identification:_identify(src/my_package) by extension 'colcon_meta'
[1.053s] Level 1:colcon.colcon_core.package_identification:_identify(src/my_package) by extensions ['ros']
[1.053s] Level 1:colcon.colcon_core.package_identification:_identify(src/my_package) by extension 'ros'
[1.055s] DEBUG:colcon.colcon_core.package_identification:Package 'src/my_package' with type 'ros.ament_cmake' and name 'my_package'
[1.056s] Level 1:colcon.colcon_core.package_identification:_identify(src/my_robot_interfaces) by extensions ['ignore', 'ignore_ament_install']
[1.056s] Level 1:colcon.colcon_core.package_identification:_identify(src/my_robot_interfaces) by extension 'ignore'
[1.056s] Level 1:colcon.colcon_core.package_identification:_identify(src/my_robot_interfaces) by extension 'ignore_ament_install'
[1.056s] Level 1:colcon.colcon_core.package_identification:_identify(src/my_robot_interfaces) by extensions ['colcon_pkg']
[1.056s] Level 1:colcon.colcon_core.package_identification:_identify(src/my_robot_interfaces) by extension 'colcon_pkg'
[1.057s] Level 1:colcon.colcon_core.package_identification:_identify(src/my_robot_interfaces) by extensions ['colcon_meta']
[1.057s] Level 1:colcon.colcon_core.package_identification:_identify(src/my_robot_interfaces) by extension 'colcon_meta'
[1.057s] Level 1:colcon.colcon_core.package_identification:_identify(src/my_robot_interfaces) by extensions ['ros']
[1.057s] Level 1:colcon.colcon_core.package_identification:_identify(src/my_robot_interfaces) by extension 'ros'
[1.060s] DEBUG:colcon.colcon_core.package_identification:Package 'src/my_robot_interfaces' with type 'ros.ament_cmake' and name 'my_robot_interfaces'
[1.060s] Level 1:colcon.colcon_core.package_discovery:discover_packages(recursive) using defaults
[1.060s] Level 1:colcon.colcon_core.package_discovery:discover_packages(ignore) discover
[1.060s] Level 1:colcon.colcon_core.package_discovery:discover_packages(ignore) using defaults
[1.060s] Level 1:colcon.colcon_core.package_discovery:discover_packages(path) discover
[1.060s] Level 1:colcon.colcon_core.package_discovery:discover_packages(path) using defaults
[1.133s] INFO:colcon.colcon_core.package_selection:Skipping not selected package 'cpp_srvcli' in 'src/cpp_srvcli'
[1.133s] INFO:colcon.colcon_core.package_selection:Skipping not selected package 'my_package' in 'src/my_package'
[1.133s] INFO:colcon.colcon_core.package_selection:Skipping not selected package 'my_robot_interfaces' in 'src/my_robot_interfaces'
[1.133s] INFO:colcon.colcon_core.package_selection:Skipping not selected package 'div' in 'src/div'
[1.134s] Level 1:colcon.colcon_core.package_discovery:discover_packages(prefix_path) check parameters
[1.134s] Level 1:colcon.colcon_core.package_discovery:discover_packages(prefix_path) discover
[1.144s] DEBUG:colcon.colcon_installed_package_information.package_discovery:Found 281 installed packages in /opt/ros/iron
[1.174s] Level 1:colcon.colcon_core.package_discovery:discover_packages(prefix_path) using defaults
[1.356s] Level 5:colcon.colcon_core.verb:set package 'input_numbers' build argument 'cmake_args' from command line to 'None'
[1.356s] Level 5:colcon.colcon_core.verb:set package 'input_numbers' build argument 'cmake_target' from command line to 'None'
[1.356s] Level 5:colcon.colcon_core.verb:set package 'input_numbers' build argument 'cmake_target_skip_unavailable' from command line to 'False'
[1.356s] Level 5:colcon.colcon_core.verb:set package 'input_numbers' build argument 'cmake_clean_cache' from command line to 'False'
[1.356s] Level 5:colcon.colcon_core.verb:set package 'input_numbers' build argument 'cmake_clean_first' from command line to 'False'
[1.356s] Level 5:colcon.colcon_core.verb:set package 'input_numbers' build argument 'cmake_force_configure' from command line to 'False'
[1.356s] Level 5:colcon.colcon_core.verb:set package 'input_numbers' build argument 'ament_cmake_args' from command line to 'None'
[1.356s] Level 5:colcon.colcon_core.verb:set package 'input_numbers' build argument 'catkin_cmake_args' from command line to 'None'
[1.357s] Level 5:colcon.colcon_core.verb:set package 'input_numbers' build argument 'catkin_skip_building_tests' from command line to 'False'
[1.357s] DEBUG:colcon.colcon_core.verb:Building package 'input_numbers' with the following arguments: {'ament_cmake_args': None, 'build_base': '/home/asd/ros2_ws/build/input_numbers', 'catkin_cmake_args': None, 'catkin_skip_building_tests': False, 'cmake_args': None, 'cmake_clean_cache': False, 'cmake_clean_first': False, 'cmake_force_configure': False, 'cmake_target': None, 'cmake_target_skip_unavailable': False, 'install_base': '/home/asd/ros2_ws/install/input_numbers', 'merge_install': False, 'path': '/home/asd/ros2_ws/src/input_numbers', 'symlink_install': False, 'test_result_base': None}
[1.357s] INFO:colcon.colcon_core.executor:Executing jobs using 'parallel' executor
[1.360s] DEBUG:colcon.colcon_parallel_executor.executor.parallel:run_until_complete
[1.360s] INFO:colcon.colcon_cmake.task.cmake.build:Building CMake package in '/home/asd/ros2_ws/src/input_numbers'
[1.366s] INFO:colcon.colcon_core.plugin_system:Skipping extension 'colcon_core.shell.bat': Not used on non-Windows systems
[1.366s] INFO:colcon.colcon_core.shell:Skip shell extension 'powershell' for command environment: Not usable outside of PowerShell
[1.367s] DEBUG:colcon.colcon_core.shell:Skip shell extension 'dsv' for command environment
[1.392s] DEBUG:colcon.colcon_core.event_handler.log_command:Invoking command in '/home/asd/ros2_ws/build/input_numbers': /usr/bin/cmake /home/asd/ros2_ws/src/input_numbers -DCMAKE_INSTALL_PREFIX=/home/asd/ros2_ws/install/input_numbers
[6.194s] DEBUG:colcon.colcon_core.event_handler.log_command:Invoked command in '/home/asd/ros2_ws/build/input_numbers' returned '1': /usr/bin/cmake /home/asd/ros2_ws/src/input_numbers -DCMAKE_INSTALL_PREFIX=/home/asd/ros2_ws/install/input_numbers
[6.206s] DEBUG:colcon.colcon_parallel_executor.executor.parallel:closing loop
[6.206s] DEBUG:colcon.colcon_parallel_executor.executor.parallel:loop closed
[6.209s] DEBUG:colcon.colcon_parallel_executor.executor.parallel:run_until_complete finished with '1'
[6.209s] DEBUG:colcon.colcon_core.event_reactor:joining thread
[6.224s] INFO:colcon.colcon_core.plugin_system:Skipping extension 'colcon_notification.desktop_notification.terminal_notifier': Not used on non-Darwin systems
[6.224s] INFO:colcon.colcon_core.plugin_system:Skipping extension 'colcon_notification.desktop_notification.win32': Not used on non-Windows systems
[6.224s] INFO:colcon.colcon_notification.desktop_notification:Sending desktop notification using 'notify2'
[6.263s] DEBUG:colcon.colcon_core.event_reactor:joined thread
[6.263s] INFO:colcon.colcon_core.shell:Creating prefix script '/home/asd/ros2_ws/install/local_setup.ps1'
[6.267s] INFO:colcon.colcon_core.shell:Creating prefix util module '/home/asd/ros2_ws/install/_local_setup_util_ps1.py'
[6.272s] INFO:colcon.colcon_core.shell:Creating prefix chain script '/home/asd/ros2_ws/install/setup.ps1'
[6.275s] INFO:colcon.colcon_core.shell:Creating prefix script '/home/asd/ros2_ws/install/local_setup.sh'
[6.276s] INFO:colcon.colcon_core.shell:Creating prefix util module '/home/asd/ros2_ws/install/_local_setup_util_sh.py'
[6.278s] INFO:colcon.colcon_core.shell:Creating prefix chain script '/home/asd/ros2_ws/install/setup.sh'
[6.281s] INFO:colcon.colcon_core.shell:Creating prefix script '/home/asd/ros2_ws/install/local_setup.bash'
[6.283s] INFO:colcon.colcon_core.shell:Creating prefix chain script '/home/asd/ros2_ws/install/setup.bash'
[6.286s] INFO:colcon.colcon_core.shell:Creating prefix script '/home/asd/ros2_ws/install/local_setup.zsh'
[6.287s] INFO:colcon.colcon_core.shell:Creating prefix chain script '/home/asd/ros2_ws/install/setup.zsh'
