[0.361s] Invoking command in '/home/asd/ros2_ws/build/my_package': CMAKE_PREFIX_PATH=/opt/ros/iron /usr/bin/cmake --build /home/asd/ros2_ws/build/my_package -- -j4 -l4
[0.574s] -- Found ament_cmake: 2.0.4 (/opt/ros/iron/share/ament_cmake/cmake)
[1.138s] -- Found example_interfaces: 0.10.2 (/opt/ros/iron/share/example_interfaces/cmake)
[1.263s] -- Found rosidl_generator_c: 4.0.1 (/opt/ros/iron/share/rosidl_generator_c/cmake)
[1.312s] -- Found rosidl_generator_cpp: 4.0.1 (/opt/ros/iron/share/rosidl_generator_cpp/cmake)
[1.395s] -- Using all available rosidl_typesupport_c: rosidl_typesupport_fastrtps_c;rosidl_typesupport_introspection_c
[1.487s] -- Using all available rosidl_typesupport_cpp: rosidl_typesupport_fastrtps_cpp;rosidl_typesupport_introspection_cpp
[3.910s] -- Found geometry_msgs: 5.0.0 (/opt/ros/iron/share/geometry_msgs/cmake)
[4.634s] -- Found rosidl_default_generators: 1.5.0 (/opt/ros/iron/share/rosidl_default_generators/cmake)
[4.684s] -- Found rosidl_adapter: 4.0.1 (/opt/ros/iron/share/rosidl_adapter/cmake)
[6.327s] -- Found ament_cmake_ros: 0.11.2 (/opt/ros/iron/share/ament_cmake_ros/cmake)
[8.019s] -- Using all available rosidl_typesupport_c: rosidl_typesupport_fastrtps_c;rosidl_typesupport_introspection_c
[8.669s] -- Using all available rosidl_typesupport_cpp: rosidl_typesupport_fastrtps_cpp;rosidl_typesupport_introspection_cpp
[8.746s] -- Found python_cmake_module: 0.10.2 (/opt/ros/iron/share/python_cmake_module/cmake)
[8.823s] -- Using PYTHON_EXECUTABLE: /usr/bin/python3
[8.824s] -- Using PYTHON_INCLUDE_DIRS: /usr/include/python3.10
[8.824s] -- Using PYTHON_LIBRARIES: /usr/lib/x86_64-linux-gnu/libpython3.10.so
[9.072s] -- Configuring done
[9.447s] -- Generating done
[9.466s] -- Build files have been written to: /home/asd/ros2_ws/build/my_package
[9.616s] [  1%] [34m[1mGenerating type hashes for ROS interfaces[0m
[9.687s] [  1%] Built target ament_cmake_python_copy_my_package
[10.669s] [  1%] Built target my_package__rosidl_generator_type_description
[10.711s] [  3%] [34m[1mGenerating C code for ROS interfaces[0m
[10.747s] [  5%] [34m[1mGenerating C++ code for ROS interfaces[0m
[10.829s] running egg_info
[10.831s] writing my_package.egg-info/PKG-INFO
[10.832s] writing dependency_links to my_package.egg-info/dependency_links.txt
[10.833s] writing top-level names to my_package.egg-info/top_level.txt
[10.841s] reading manifest file 'my_package.egg-info/SOURCES.txt'
[10.844s] writing manifest file 'my_package.egg-info/SOURCES.txt'
[10.929s] [  5%] Built target ament_cmake_python_build_my_package_egg
[12.533s] [  5%] Built target my_package__cpp
[13.009s] [35m[1mConsolidate compiler generated dependencies of target my_package__rosidl_generator_c[0m
[13.065s] [  7%] [32mBuilding C object CMakeFiles/my_package__rosidl_generator_c.dir/rosidl_generator_c/my_package/msg/detail/add_two_ints2__description.c.o[0m
[13.071s] [  9%] [32mBuilding C object CMakeFiles/my_package__rosidl_generator_c.dir/rosidl_generator_c/my_package/msg/detail/add_two_ints2__functions.c.o[0m
[13.074s] [ 11%] [32mBuilding C object CMakeFiles/my_package__rosidl_generator_c.dir/rosidl_generator_c/my_package/msg/detail/add_two_ints2__type_support.c.o[0m
[13.078s] [ 12%] [32mBuilding C object CMakeFiles/my_package__rosidl_generator_c.dir/rosidl_generator_c/my_package/msg/detail/two_floats__description.c.o[0m
[13.217s] [ 14%] [32mBuilding C object CMakeFiles/my_package__rosidl_generator_c.dir/rosidl_generator_c/my_package/msg/detail/two_floats__functions.c.o[0m
[13.240s] [ 16%] [32mBuilding C object CMakeFiles/my_package__rosidl_generator_c.dir/rosidl_generator_c/my_package/msg/detail/two_floats__type_support.c.o[0m
[13.254s] [ 18%] [32mBuilding C object CMakeFiles/my_package__rosidl_generator_c.dir/rosidl_generator_c/my_package/srv/detail/add_two_ints2__description.c.o[0m
[13.293s] [ 20%] [32mBuilding C object CMakeFiles/my_package__rosidl_generator_c.dir/rosidl_generator_c/my_package/srv/detail/add_two_ints2__functions.c.o[0m
[13.367s] [ 22%] [32mBuilding C object CMakeFiles/my_package__rosidl_generator_c.dir/rosidl_generator_c/my_package/srv/detail/add_two_ints2__type_support.c.o[0m
[13.584s] [ 24%] [32m[1mLinking C shared library libmy_package__rosidl_generator_c.so[0m
[13.810s] [ 24%] Built target my_package__rosidl_generator_c
[13.849s] [ 25%] [34m[1mGenerating C introspection for ROS interfaces[0m
[13.851s] [ 27%] [34m[1mGenerating C++ type support for eProsima Fast-RTPS[0m
[13.852s] [ 29%] [34m[1mGenerating C++ type support dispatch for ROS interfaces[0m
[13.859s] [ 31%] [34m[1mGenerating C type support for eProsima Fast-RTPS[0m
[15.275s] [35m[1mConsolidate compiler generated dependencies of target my_package__rosidl_typesupport_cpp[0m
[15.335s] [ 33%] [32mBuilding CXX object CMakeFiles/my_package__rosidl_typesupport_cpp.dir/rosidl_typesupport_cpp/my_package/msg/add_two_ints2__type_support.cpp.o[0m
[15.565s] [35m[1mConsolidate compiler generated dependencies of target my_package__rosidl_typesupport_introspection_c[0m
[15.630s] [ 35%] [32mBuilding C object CMakeFiles/my_package__rosidl_typesupport_introspection_c.dir/rosidl_typesupport_introspection_c/my_package/msg/detail/add_two_ints2__type_support.c.o[0m
[15.688s] [35m[1mConsolidate compiler generated dependencies of target my_package__rosidl_typesupport_fastrtps_cpp[0m
[15.694s] [35m[1mConsolidate compiler generated dependencies of target my_package__rosidl_typesupport_fastrtps_c[0m
[15.762s] [ 37%] [32mBuilding CXX object CMakeFiles/my_package__rosidl_typesupport_fastrtps_c.dir/rosidl_typesupport_fastrtps_c/my_package/msg/detail/add_two_ints2__type_support_c.cpp.o[0m
[15.763s] [ 38%] [32mBuilding CXX object CMakeFiles/my_package__rosidl_typesupport_fastrtps_cpp.dir/rosidl_typesupport_fastrtps_cpp/my_package/msg/detail/dds_fastrtps/add_two_ints2__type_support.cpp.o[0m
[15.786s] [ 40%] [32mBuilding C object CMakeFiles/my_package__rosidl_typesupport_introspection_c.dir/rosidl_typesupport_introspection_c/my_package/msg/detail/two_floats__type_support.c.o[0m
[15.970s] [ 42%] [32mBuilding C object CMakeFiles/my_package__rosidl_typesupport_introspection_c.dir/rosidl_typesupport_introspection_c/my_package/srv/detail/add_two_ints2__type_support.c.o[0m
[16.204s] [ 44%] [32m[1mLinking C shared library libmy_package__rosidl_typesupport_introspection_c.so[0m
[16.390s] [ 44%] Built target my_package__rosidl_typesupport_introspection_c
[16.436s] [ 46%] [34m[1mGenerating C type support dispatch for ROS interfaces[0m
[17.032s] [ 48%] [32mBuilding CXX object CMakeFiles/my_package__rosidl_typesupport_cpp.dir/rosidl_typesupport_cpp/my_package/msg/two_floats__type_support.cpp.o[0m
[17.289s] [ 50%] [32mBuilding CXX object CMakeFiles/my_package__rosidl_typesupport_fastrtps_c.dir/rosidl_typesupport_fastrtps_c/my_package/msg/detail/two_floats__type_support_c.cpp.o[0m
[17.820s] [35m[1mConsolidate compiler generated dependencies of target my_package__rosidl_typesupport_c[0m
[17.881s] [ 51%] [32mBuilding CXX object CMakeFiles/my_package__rosidl_typesupport_c.dir/rosidl_typesupport_c/my_package/msg/add_two_ints2__type_support.cpp.o[0m
[17.964s] [ 53%] [32mBuilding CXX object CMakeFiles/my_package__rosidl_typesupport_fastrtps_cpp.dir/rosidl_typesupport_fastrtps_cpp/my_package/msg/detail/dds_fastrtps/two_floats__type_support.cpp.o[0m
[18.078s] [ 55%] [32mBuilding CXX object CMakeFiles/my_package__rosidl_typesupport_c.dir/rosidl_typesupport_c/my_package/msg/two_floats__type_support.cpp.o[0m
[18.293s] [ 57%] [32mBuilding CXX object CMakeFiles/my_package__rosidl_typesupport_c.dir/rosidl_typesupport_c/my_package/srv/add_two_ints2__type_support.cpp.o[0m
[18.511s] [ 59%] [32m[1mLinking CXX shared library libmy_package__rosidl_typesupport_c.so[0m
[18.670s] [ 61%] [32mBuilding CXX object CMakeFiles/my_package__rosidl_typesupport_cpp.dir/rosidl_typesupport_cpp/my_package/srv/add_two_ints2__type_support.cpp.o[0m
[18.761s] [ 61%] Built target my_package__rosidl_typesupport_c
[18.770s] [ 62%] [32mBuilding CXX object CMakeFiles/my_package__rosidl_typesupport_fastrtps_c.dir/rosidl_typesupport_fastrtps_c/my_package/srv/detail/add_two_ints2__type_support_c.cpp.o[0m
[18.796s] [ 64%] [34m[1mGenerating C++ introspection for ROS interfaces[0m
[20.199s] [ 66%] [32mBuilding CXX object CMakeFiles/my_package__rosidl_typesupport_fastrtps_cpp.dir/rosidl_typesupport_fastrtps_cpp/my_package/srv/detail/dds_fastrtps/add_two_ints2__type_support.cpp.o[0m
[20.432s] [ 68%] [32m[1mLinking CXX shared library libmy_package__rosidl_typesupport_fastrtps_c.so[0m
[20.561s] [35m[1mConsolidate compiler generated dependencies of target my_package__rosidl_typesupport_introspection_cpp[0m
[20.639s] [ 70%] [32mBuilding CXX object CMakeFiles/my_package__rosidl_typesupport_introspection_cpp.dir/rosidl_typesupport_introspection_cpp/my_package/msg/detail/add_two_ints2__type_support.cpp.o[0m
[20.699s] [ 72%] [32m[1mLinking CXX shared library libmy_package__rosidl_typesupport_cpp.so[0m
[20.868s] [ 72%] Built target my_package__rosidl_typesupport_fastrtps_c
[20.910s] [ 74%] [32mBuilding CXX object CMakeFiles/my_package__rosidl_typesupport_introspection_cpp.dir/rosidl_typesupport_introspection_cpp/my_package/msg/detail/two_floats__type_support.cpp.o[0m
[21.049s] [ 74%] Built target my_package__rosidl_typesupport_cpp
[21.078s] [ 75%] [32mBuilding CXX object CMakeFiles/my_package__rosidl_typesupport_introspection_cpp.dir/rosidl_typesupport_introspection_cpp/my_package/srv/detail/add_two_ints2__type_support.cpp.o[0m
[22.922s] [ 77%] [32m[1mLinking CXX shared library libmy_package__rosidl_typesupport_fastrtps_cpp.so[0m
[23.113s] [ 79%] [32m[1mLinking CXX shared library libmy_package__rosidl_typesupport_introspection_cpp.so[0m
[23.284s] [ 79%] Built target my_package__rosidl_typesupport_fastrtps_cpp
[23.487s] [ 79%] Built target my_package__rosidl_typesupport_introspection_cpp
[23.606s] [ 79%] Built target my_package
[23.692s] [ 81%] [34m[1mGenerating Python code for ROS interfaces[0m
[27.774s] Segmentation fault (core dumped)
[27.775s] gmake[2]: *** [my_package__py/CMakeFiles/my_package__py.dir/build.make:138: rosidl_generator_py/my_package/_my_package_s.ep.rosidl_typesupport_fastrtps_c.c] Error 139
[27.775s] gmake[2]: *** Deleting file 'rosidl_generator_py/my_package/_my_package_s.ep.rosidl_typesupport_fastrtps_c.c'
[27.775s] gmake[1]: *** [CMakeFiles/Makefile2:621: my_package__py/CMakeFiles/my_package__py.dir/all] Error 2
[27.776s] gmake: *** [Makefile:146: all] Error 2
[27.782s] Invoked command in '/home/asd/ros2_ws/build/my_package' returned '2': CMAKE_PREFIX_PATH=/opt/ros/iron /usr/bin/cmake --build /home/asd/ros2_ws/build/my_package -- -j4 -l4
