[35m[1mConsolidate compiler generated dependencies of target simple_div[0m
[ 50%] [32mBuilding CXX object CMakeFiles/simple_div.dir/src/simple_div.cpp.o[0m
In file included from [01m[K/opt/ros/iron/include/rclcpp/rclcpp/logging.hpp:24[m[K,
                 from [01m[K/opt/ros/iron/include/rclcpp/rclcpp/client.hpp:43[m[K,
                 from [01m[K/opt/ros/iron/include/rclcpp/rclcpp/callback_group.hpp:24[m[K,
                 from [01m[K/opt/ros/iron/include/rclcpp/rclcpp/any_executable.hpp:20[m[K,
                 from [01m[K/opt/ros/iron/include/rclcpp/rclcpp/memory_strategy.hpp:25[m[K,
                 from [01m[K/opt/ros/iron/include/rclcpp/rclcpp/memory_strategies.hpp:18[m[K,
                 from [01m[K/opt/ros/iron/include/rclcpp/rclcpp/executor_options.hpp:20[m[K,
                 from [01m[K/opt/ros/iron/include/rclcpp/rclcpp/executor.hpp:37[m[K,
                 from [01m[K/opt/ros/iron/include/rclcpp/rclcpp/executors/multi_threaded_executor.hpp:25[m[K,
                 from [01m[K/opt/ros/iron/include/rclcpp/rclcpp/executors.hpp:21[m[K,
                 from [01m[K/opt/ros/iron/include/rclcpp/rclcpp/rclcpp.hpp:167[m[K,
                 from [01m[K/home/asd/ros2_ws/src/simple_div/src/simple_div.cpp:1[m[K:
[01m[K/home/asd/ros2_ws/src/simple_div/src/simple_div.cpp:[m[K In lambda function:
[01m[K/home/asd/ros2_ws/src/simple_div/src/simple_div.cpp:16:49:[m[K [01;35m[Kwarning: [m[Kformat ‘[01m[K%d[m[K’ expects argument of type ‘[01m[Kint[m[K’, but argument 5 has type ‘[01m[Kexample_interfaces::srv::AddTwoInts_Request_<std::allocator<void> >::_a_type[m[K’ {aka ‘[01m[Klong int[m[K’} [[01;35m[K]8;;https://gcc.gnu.org/onlinedocs/gcc/Warning-Options.html#index-Wformat=-Wformat=]8;;[m[K]
   16 |                 RCLCPP_INFO(this->get_logger(), [01;35m[K"Received request to divide %d by %d"[m[K, [32m[Kmsg->a[m[K, msg->b);
      |                                                 [01;35m[K^~~~~~~~~~~~~~~~~~~~~~~~~~~~~~~~~~~~~[m[K  [32m[K~~~~~~[m[K
      |                                                                                             [32m[K|[m[K
      |                                                                                             [32m[Kexample_interfaces::srv::AddTwoInts_Request_<std::allocator<void> >::_a_type {aka long int}[m[K
[01m[K/home/asd/ros2_ws/src/simple_div/src/simple_div.cpp:16:78:[m[K [01;36m[Knote: [m[Kformat string is defined here
   16 | CLCPP_INFO(this->get_logger(), "Received request to divide [01;36m[K%d[m[K by %d", msg->a, msg->b);
      |                                                            [01;36m[K~^[m[K
      |                                                             [01;36m[K|[m[K
      |                                                             [01;36m[Kint[m[K
      |                                                            [32m[K%ld[m[K
In file included from [01m[K/opt/ros/iron/include/rclcpp/rclcpp/logging.hpp:24[m[K,
                 from [01m[K/opt/ros/iron/include/rclcpp/rclcpp/client.hpp:43[m[K,
                 from [01m[K/opt/ros/iron/include/rclcpp/rclcpp/callback_group.hpp:24[m[K,
                 from [01m[K/opt/ros/iron/include/rclcpp/rclcpp/any_executable.hpp:20[m[K,
                 from [01m[K/opt/ros/iron/include/rclcpp/rclcpp/memory_strategy.hpp:25[m[K,
                 from [01m[K/opt/ros/iron/include/rclcpp/rclcpp/memory_strategies.hpp:18[m[K,
                 from [01m[K/opt/ros/iron/include/rclcpp/rclcpp/executor_options.hpp:20[m[K,
                 from [01m[K/opt/ros/iron/include/rclcpp/rclcpp/executor.hpp:37[m[K,
                 from [01m[K/opt/ros/iron/include/rclcpp/rclcpp/executors/multi_threaded_executor.hpp:25[m[K,
                 from [01m[K/opt/ros/iron/include/rclcpp/rclcpp/executors.hpp:21[m[K,
                 from [01m[K/opt/ros/iron/include/rclcpp/rclcpp/rclcpp.hpp:167[m[K,
                 from [01m[K/home/asd/ros2_ws/src/simple_div/src/simple_div.cpp:1[m[K:
[01m[K/home/asd/ros2_ws/src/simple_div/src/simple_div.cpp:16:49:[m[K [01;35m[Kwarning: [m[Kformat ‘[01m[K%d[m[K’ expects argument of type ‘[01m[Kint[m[K’, but argument 6 has type ‘[01m[Kexample_interfaces::srv::AddTwoInts_Request_<std::allocator<void> >::_b_type[m[K’ {aka ‘[01m[Klong int[m[K’} [[01;35m[K]8;;https://gcc.gnu.org/onlinedocs/gcc/Warning-Options.html#index-Wformat=-Wformat=]8;;[m[K]
   16 |                 RCLCPP_INFO(this->get_logger(), [01;35m[K"Received request to divide %d by %d"[m[K, msg->a, [32m[Kmsg->b[m[K);
      |                                                 [01;35m[K^~~~~~~~~~~~~~~~~~~~~~~~~~~~~~~~~~~~~[m[K          [32m[K~~~~~~[m[K
      |                                                                                                     [32m[K|[m[K
      |                                                                                                     [32m[Kexample_interfaces::srv::AddTwoInts_Request_<std::allocator<void> >::_b_type {aka long int}[m[K
[01m[K/home/asd/ros2_ws/src/simple_div/src/simple_div.cpp:16:84:[m[K [01;36m[Knote: [m[Kformat string is defined here
   16 | INFO(this->get_logger(), "Received request to divide %d by [01;36m[K%d[m[K", msg->a, msg->b);
      |                                                            [01;36m[K~^[m[K
      |                                                             [01;36m[K|[m[K
      |                                                             [01;36m[Kint[m[K
      |                                                            [32m[K%ld[m[K
[01m[K/home/asd/ros2_ws/src/simple_div/src/simple_div.cpp:[m[K In function ‘[01m[Kint main(int, char**)[m[K’:
[01m[K/home/asd/ros2_ws/src/simple_div/src/simple_div.cpp:61:21:[m[K [01;31m[Kerror: [m[K‘[01m[Kservice_exists[m[K’ is not a member of ‘[01m[Krclcpp[m[K’
   61 |     while (!rclcpp::[01;31m[Kservice_exists[m[K<example_interfaces::srv::AddTwoInts>("input_numbers")) {
      |                     [01;31m[K^~~~~~~~~~~~~~[m[K
[01m[K/home/asd/ros2_ws/src/simple_div/src/simple_div.cpp:61:71:[m[K [01;31m[Kerror: [m[Kexpected primary-expression before ‘[01m[K>[m[K’ token
   61 | (!rclcpp::service_exists<example_interfaces::srv::AddTwoInts[01;31m[K>[m[K("input_numbers")) {
      |                                                             [01;31m[K^[m[K

gmake[2]: *** [CMakeFiles/simple_div.dir/build.make:76: CMakeFiles/simple_div.dir/src/simple_div.cpp.o] Error 1
gmake[1]: *** [CMakeFiles/Makefile2:137: CMakeFiles/simple_div.dir/all] Error 2
gmake: *** [Makefile:146: all] Error 2
