[0.080s] Invoking command in '/home/asd/ros2_ws/build/simple_div': CMAKE_PREFIX_PATH=/opt/ros/iron /usr/bin/cmake --build /home/asd/ros2_ws/build/simple_div -- -j4 -l4
[0.253s] [35m[1mConsolidate compiler generated dependencies of target simple_div[0m
[0.333s] [ 50%] [32mBuilding CXX object CMakeFiles/simple_div.dir/src/simple_div.cpp.o[0m
[11.438s] In file included from [01m[K/opt/ros/iron/include/rclcpp/rclcpp/logging.hpp:24[m[K,
[11.438s]                  from [01m[K/opt/ros/iron/include/rclcpp/rclcpp/client.hpp:43[m[K,
[11.439s]                  from [01m[K/opt/ros/iron/include/rclcpp/rclcpp/callback_group.hpp:24[m[K,
[11.439s]                  from [01m[K/opt/ros/iron/include/rclcpp/rclcpp/any_executable.hpp:20[m[K,
[11.439s]                  from [01m[K/opt/ros/iron/include/rclcpp/rclcpp/memory_strategy.hpp:25[m[K,
[11.439s]                  from [01m[K/opt/ros/iron/include/rclcpp/rclcpp/memory_strategies.hpp:18[m[K,
[11.440s]                  from [01m[K/opt/ros/iron/include/rclcpp/rclcpp/executor_options.hpp:20[m[K,
[11.440s]                  from [01m[K/opt/ros/iron/include/rclcpp/rclcpp/executor.hpp:37[m[K,
[11.440s]                  from [01m[K/opt/ros/iron/include/rclcpp/rclcpp/executors/multi_threaded_executor.hpp:25[m[K,
[11.440s]                  from [01m[K/opt/ros/iron/include/rclcpp/rclcpp/executors.hpp:21[m[K,
[11.441s]                  from [01m[K/opt/ros/iron/include/rclcpp/rclcpp/rclcpp.hpp:167[m[K,
[11.441s]                  from [01m[K/home/asd/ros2_ws/src/simple_div/src/simple_div.cpp:1[m[K:
[11.441s] [01m[K/home/asd/ros2_ws/src/simple_div/src/simple_div.cpp:[m[K In lambda function:
[11.442s] [01m[K/home/asd/ros2_ws/src/simple_div/src/simple_div.cpp:16:49:[m[K [01;35m[Kwarning: [m[Kformat ‘[01m[K%d[m[K’ expects argument of type ‘[01m[Kint[m[K’, but argument 5 has type ‘[01m[Kexample_interfaces::srv::AddTwoInts_Request_<std::allocator<void> >::_a_type[m[K’ {aka ‘[01m[Klong int[m[K’} [[01;35m[K]8;;https://gcc.gnu.org/onlinedocs/gcc/Warning-Options.html#index-Wformat=-Wformat=]8;;[m[K]
[11.442s]    16 |                 RCLCPP_INFO(this->get_logger(), [01;35m[K"Received request to divide %d by %d"[m[K, [32m[Kmsg->a[m[K, msg->b);
[11.442s]       |                                                 [01;35m[K^~~~~~~~~~~~~~~~~~~~~~~~~~~~~~~~~~~~~[m[K  [32m[K~~~~~~[m[K
[11.442s]       |                                                                                             [32m[K|[m[K
[11.443s]       |                                                                                             [32m[Kexample_interfaces::srv::AddTwoInts_Request_<std::allocator<void> >::_a_type {aka long int}[m[K
[11.443s] [01m[K/home/asd/ros2_ws/src/simple_div/src/simple_div.cpp:16:78:[m[K [01;36m[Knote: [m[Kformat string is defined here
[11.443s]    16 | CLCPP_INFO(this->get_logger(), "Received request to divide [01;36m[K%d[m[K by %d", msg->a, msg->b);
[11.443s]       |                                                            [01;36m[K~^[m[K
[11.444s]       |                                                             [01;36m[K|[m[K
[11.444s]       |                                                             [01;36m[Kint[m[K
[11.444s]       |                                                            [32m[K%ld[m[K
[11.444s] In file included from [01m[K/opt/ros/iron/include/rclcpp/rclcpp/logging.hpp:24[m[K,
[11.445s]                  from [01m[K/opt/ros/iron/include/rclcpp/rclcpp/client.hpp:43[m[K,
[11.445s]                  from [01m[K/opt/ros/iron/include/rclcpp/rclcpp/callback_group.hpp:24[m[K,
[11.445s]                  from [01m[K/opt/ros/iron/include/rclcpp/rclcpp/any_executable.hpp:20[m[K,
[11.445s]                  from [01m[K/opt/ros/iron/include/rclcpp/rclcpp/memory_strategy.hpp:25[m[K,
[11.446s]                  from [01m[K/opt/ros/iron/include/rclcpp/rclcpp/memory_strategies.hpp:18[m[K,
[11.446s]                  from [01m[K/opt/ros/iron/include/rclcpp/rclcpp/executor_options.hpp:20[m[K,
[11.446s]                  from [01m[K/opt/ros/iron/include/rclcpp/rclcpp/executor.hpp:37[m[K,
[11.446s]                  from [01m[K/opt/ros/iron/include/rclcpp/rclcpp/executors/multi_threaded_executor.hpp:25[m[K,
[11.447s]                  from [01m[K/opt/ros/iron/include/rclcpp/rclcpp/executors.hpp:21[m[K,
[11.447s]                  from [01m[K/opt/ros/iron/include/rclcpp/rclcpp/rclcpp.hpp:167[m[K,
[11.447s]                  from [01m[K/home/asd/ros2_ws/src/simple_div/src/simple_div.cpp:1[m[K:
[11.448s] [01m[K/home/asd/ros2_ws/src/simple_div/src/simple_div.cpp:16:49:[m[K [01;35m[Kwarning: [m[Kformat ‘[01m[K%d[m[K’ expects argument of type ‘[01m[Kint[m[K’, but argument 6 has type ‘[01m[Kexample_interfaces::srv::AddTwoInts_Request_<std::allocator<void> >::_b_type[m[K’ {aka ‘[01m[Klong int[m[K’} [[01;35m[K]8;;https://gcc.gnu.org/onlinedocs/gcc/Warning-Options.html#index-Wformat=-Wformat=]8;;[m[K]
[11.451s]    16 |                 RCLCPP_INFO(this->get_logger(), [01;35m[K"Received request to divide %d by %d"[m[K, msg->a, [32m[Kmsg->b[m[K);
[11.451s]       |                                                 [01;35m[K^~~~~~~~~~~~~~~~~~~~~~~~~~~~~~~~~~~~~[m[K          [32m[K~~~~~~[m[K
[11.451s]       |                                                                                                     [32m[K|[m[K
[11.452s]       |                                                                                                     [32m[Kexample_interfaces::srv::AddTwoInts_Request_<std::allocator<void> >::_b_type {aka long int}[m[K
[11.452s] [01m[K/home/asd/ros2_ws/src/simple_div/src/simple_div.cpp:16:84:[m[K [01;36m[Knote: [m[Kformat string is defined here
[11.452s]    16 | INFO(this->get_logger(), "Received request to divide %d by [01;36m[K%d[m[K", msg->a, msg->b);
[11.452s]       |                                                            [01;36m[K~^[m[K
[11.453s]       |                                                             [01;36m[K|[m[K
[11.453s]       |                                                             [01;36m[Kint[m[K
[11.453s]       |                                                            [32m[K%ld[m[K
[11.480s] [01m[K/home/asd/ros2_ws/src/simple_div/src/simple_div.cpp:[m[K In function ‘[01m[Kint main(int, char**)[m[K’:
[11.480s] [01m[K/home/asd/ros2_ws/src/simple_div/src/simple_div.cpp:61:21:[m[K [01;31m[Kerror: [m[K‘[01m[Kservice_exists[m[K’ is not a member of ‘[01m[Krclcpp[m[K’
[11.480s]    61 |     while (!rclcpp::[01;31m[Kservice_exists[m[K<example_interfaces::srv::AddTwoInts>("input_numbers")) {
[11.481s]       |                     [01;31m[K^~~~~~~~~~~~~~[m[K
[11.481s] [01m[K/home/asd/ros2_ws/src/simple_div/src/simple_div.cpp:61:71:[m[K [01;31m[Kerror: [m[Kexpected primary-expression before ‘[01m[K>[m[K’ token
[11.481s]    61 | (!rclcpp::service_exists<example_interfaces::srv::AddTwoInts[01;31m[K>[m[K("input_numbers")) {
[11.481s]       |                                                             [01;31m[K^[m[K
[11.482s] 
[18.260s] gmake[2]: *** [CMakeFiles/simple_div.dir/build.make:76: CMakeFiles/simple_div.dir/src/simple_div.cpp.o] Error 1
[18.260s] gmake[1]: *** [CMakeFiles/Makefile2:137: CMakeFiles/simple_div.dir/all] Error 2
[18.261s] gmake: *** [Makefile:146: all] Error 2
[18.266s] Invoked command in '/home/asd/ros2_ws/build/simple_div' returned '2': CMAKE_PREFIX_PATH=/opt/ros/iron /usr/bin/cmake --build /home/asd/ros2_ws/build/simple_div -- -j4 -l4
