[0.041s] Invoking command in '/home/asd/ros2_ws/build/cpp_srvcli': CMAKE_PREFIX_PATH=/opt/ros/iron /usr/bin/cmake --build /home/asd/ros2_ws/build/cpp_srvcli -- -j4 -l4
[0.192s] [35m[1mConsolidate compiler generated dependencies of target client[0m
[0.192s] [35m[1mConsolidate compiler generated dependencies of target server[0m
[0.272s] [ 50%] Built target server
[0.284s] [ 75%] [32mBuilding CXX object CMakeFiles/client.dir/src/add_two_ints_client.cpp.o[0m
[15.179s] [100%] [32m[1mLinking CXX executable client[0m
[15.984s] [100%] Built target client
[16.018s] Invoked command in '/home/asd/ros2_ws/build/cpp_srvcli' returned '0': CMAKE_PREFIX_PATH=/opt/ros/iron /usr/bin/cmake --build /home/asd/ros2_ws/build/cpp_srvcli -- -j4 -l4
[16.149s] Invoking command in '/home/asd/ros2_ws/build/cpp_srvcli': CMAKE_PREFIX_PATH=/opt/ros/iron /usr/bin/cmake --install /home/asd/ros2_ws/build/cpp_srvcli
[16.184s] -- Install configuration: ""
[16.220s] -- Installing: /home/asd/ros2_ws/install/cpp_srvcli/lib/cpp_srvcli/server
[16.224s] -- Set runtime path of "/home/asd/ros2_ws/install/cpp_srvcli/lib/cpp_srvcli/server" to ""
[16.233s] -- Installing: /home/asd/ros2_ws/install/cpp_srvcli/lib/cpp_srvcli/client
[16.240s] -- Set runtime path of "/home/asd/ros2_ws/install/cpp_srvcli/lib/cpp_srvcli/client" to ""
[16.241s] -- Up-to-date: /home/asd/ros2_ws/install/cpp_srvcli/share/ament_index/resource_index/package_run_dependencies/cpp_srvcli
[16.241s] -- Up-to-date: /home/asd/ros2_ws/install/cpp_srvcli/share/ament_index/resource_index/parent_prefix_path/cpp_srvcli
[16.242s] -- Up-to-date: /home/asd/ros2_ws/install/cpp_srvcli/share/cpp_srvcli/environment/ament_prefix_path.sh
[16.242s] -- Up-to-date: /home/asd/ros2_ws/install/cpp_srvcli/share/cpp_srvcli/environment/ament_prefix_path.dsv
[16.243s] -- Up-to-date: /home/asd/ros2_ws/install/cpp_srvcli/share/cpp_srvcli/environment/path.sh
[16.243s] -- Up-to-date: /home/asd/ros2_ws/install/cpp_srvcli/share/cpp_srvcli/environment/path.dsv
[16.244s] -- Up-to-date: /home/asd/ros2_ws/install/cpp_srvcli/share/cpp_srvcli/local_setup.bash
[16.244s] -- Up-to-date: /home/asd/ros2_ws/install/cpp_srvcli/share/cpp_srvcli/local_setup.sh
[16.244s] -- Up-to-date: /home/asd/ros2_ws/install/cpp_srvcli/share/cpp_srvcli/local_setup.zsh
[16.245s] -- Up-to-date: /home/asd/ros2_ws/install/cpp_srvcli/share/cpp_srvcli/local_setup.dsv
[16.245s] -- Installing: /home/asd/ros2_ws/install/cpp_srvcli/share/cpp_srvcli/package.dsv
[16.262s] -- Up-to-date: /home/asd/ros2_ws/install/cpp_srvcli/share/ament_index/resource_index/packages/cpp_srvcli
[16.263s] -- Up-to-date: /home/asd/ros2_ws/install/cpp_srvcli/share/cpp_srvcli/cmake/cpp_srvcliConfig.cmake
[16.263s] -- Up-to-date: /home/asd/ros2_ws/install/cpp_srvcli/share/cpp_srvcli/cmake/cpp_srvcliConfig-version.cmake
[16.263s] -- Up-to-date: /home/asd/ros2_ws/install/cpp_srvcli/share/cpp_srvcli/package.xml
[16.268s] Invoked command in '/home/asd/ros2_ws/build/cpp_srvcli' returned '0': CMAKE_PREFIX_PATH=/opt/ros/iron /usr/bin/cmake --install /home/asd/ros2_ws/build/cpp_srvcli
