[0.045s] Invoking command in '/home/asd/ros2_ws/build/fl_div': AMENT_PREFIX_PATH=/home/asd/ros2_ws/install/my_package:${AMENT_PREFIX_PATH} CMAKE_PREFIX_PATH=/home/asd/ros2_ws/install/my_package:/opt/ros/iron LD_LIBRARY_PATH=/home/asd/ros2_ws/install/my_package/lib:${LD_LIBRARY_PATH} PYTHONPATH=/home/asd/ros2_ws/install/my_package/lib/python3.10/site-packages:${PYTHONPATH} /usr/bin/cmake --build /home/asd/ros2_ws/build/fl_div -- -j4 -l4
[0.212s] [35m[1mConsolidate compiler generated dependencies of target client[0m
[0.262s] [ 50%] Built target server
[0.299s] [ 75%] [32mBuilding CXX object CMakeFiles/client.dir/src/fl_div_client.cpp.o[0m
[18.317s] [100%] [32m[1mLinking CXX executable client[0m
[19.296s] [100%] Built target client
[19.330s] Invoked command in '/home/asd/ros2_ws/build/fl_div' returned '0': AMENT_PREFIX_PATH=/home/asd/ros2_ws/install/my_package:${AMENT_PREFIX_PATH} CMAKE_PREFIX_PATH=/home/asd/ros2_ws/install/my_package:/opt/ros/iron LD_LIBRARY_PATH=/home/asd/ros2_ws/install/my_package/lib:${LD_LIBRARY_PATH} PYTHONPATH=/home/asd/ros2_ws/install/my_package/lib/python3.10/site-packages:${PYTHONPATH} /usr/bin/cmake --build /home/asd/ros2_ws/build/fl_div -- -j4 -l4
[19.456s] Invoking command in '/home/asd/ros2_ws/build/fl_div': AMENT_PREFIX_PATH=/home/asd/ros2_ws/install/my_package:${AMENT_PREFIX_PATH} CMAKE_PREFIX_PATH=/home/asd/ros2_ws/install/my_package:/opt/ros/iron LD_LIBRARY_PATH=/home/asd/ros2_ws/install/my_package/lib:${LD_LIBRARY_PATH} PYTHONPATH=/home/asd/ros2_ws/install/my_package/lib/python3.10/site-packages:${PYTHONPATH} /usr/bin/cmake --install /home/asd/ros2_ws/build/fl_div
[19.482s] -- Install configuration: ""
[19.490s] -- Up-to-date: /home/asd/ros2_ws/install/fl_div/lib/fl_div/server
[19.491s] -- Installing: /home/asd/ros2_ws/install/fl_div/lib/fl_div/client
[19.494s] -- Set runtime path of "/home/asd/ros2_ws/install/fl_div/lib/fl_div/client" to ""
[19.495s] -- Up-to-date: /home/asd/ros2_ws/install/fl_div/share/ament_index/resource_index/package_run_dependencies/fl_div
[19.495s] -- Up-to-date: /home/asd/ros2_ws/install/fl_div/share/ament_index/resource_index/parent_prefix_path/fl_div
[19.496s] -- Up-to-date: /home/asd/ros2_ws/install/fl_div/share/fl_div/environment/ament_prefix_path.sh
[19.496s] -- Up-to-date: /home/asd/ros2_ws/install/fl_div/share/fl_div/environment/ament_prefix_path.dsv
[19.497s] -- Up-to-date: /home/asd/ros2_ws/install/fl_div/share/fl_div/environment/path.sh
[19.497s] -- Up-to-date: /home/asd/ros2_ws/install/fl_div/share/fl_div/environment/path.dsv
[19.497s] -- Up-to-date: /home/asd/ros2_ws/install/fl_div/share/fl_div/local_setup.bash
[19.498s] -- Up-to-date: /home/asd/ros2_ws/install/fl_div/share/fl_div/local_setup.sh
[19.498s] -- Up-to-date: /home/asd/ros2_ws/install/fl_div/share/fl_div/local_setup.zsh
[19.499s] -- Up-to-date: /home/asd/ros2_ws/install/fl_div/share/fl_div/local_setup.dsv
[19.499s] -- Installing: /home/asd/ros2_ws/install/fl_div/share/fl_div/package.dsv
[19.500s] -- Up-to-date: /home/asd/ros2_ws/install/fl_div/share/ament_index/resource_index/packages/fl_div
[19.500s] -- Up-to-date: /home/asd/ros2_ws/install/fl_div/share/fl_div/cmake/fl_divConfig.cmake
[19.501s] -- Up-to-date: /home/asd/ros2_ws/install/fl_div/share/fl_div/cmake/fl_divConfig-version.cmake
[19.501s] -- Up-to-date: /home/asd/ros2_ws/install/fl_div/share/fl_div/package.xml
[19.507s] Invoked command in '/home/asd/ros2_ws/build/fl_div' returned '0': AMENT_PREFIX_PATH=/home/asd/ros2_ws/install/my_package:${AMENT_PREFIX_PATH} CMAKE_PREFIX_PATH=/home/asd/ros2_ws/install/my_package:/opt/ros/iron LD_LIBRARY_PATH=/home/asd/ros2_ws/install/my_package/lib:${LD_LIBRARY_PATH} PYTHONPATH=/home/asd/ros2_ws/install/my_package/lib/python3.10/site-packages:${PYTHONPATH} /usr/bin/cmake --install /home/asd/ros2_ws/build/fl_div
