[0.384s] DEBUG:colcon:Command line arguments: ['/usr/bin/colcon', 'build', '--packages-select', 'div']
[0.384s] DEBUG:colcon:Parsed command line arguments: Namespace(log_base=None, log_level=None, verb_name='build', build_base='build', install_base='install', merge_install=False, symlink_install=False, test_result_base=None, continue_on_error=False, executor='parallel', parallel_workers=4, event_handlers=None, ignore_user_meta=False, metas=['./colcon.meta'], base_paths=['.'], packages_ignore=None, packages_ignore_regex=None, paths=None, packages_up_to=None, packages_up_to_regex=None, packages_above=None, packages_above_and_dependencies=None, packages_above_depth=None, packages_select_by_dep=None, packages_skip_by_dep=None, packages_skip_up_to=None, packages_select_build_failed=False, packages_skip_build_finished=False, packages_select_test_failures=False, packages_skip_test_passed=False, packages_select=['div'], packages_skip=None, packages_select_regex=None, packages_skip_regex=None, packages_start=None, packages_end=None, allow_overriding=[], cmake_args=None, cmake_target=None, cmake_target_skip_unavailable=False, cmake_clean_cache=False, cmake_clean_first=False, cmake_force_configure=False, ament_cmake_args=None, catkin_cmake_args=None, catkin_skip_building_tests=False, verb_parser=<colcon_defaults.argument_parser.defaults.DefaultArgumentsDecorator object at 0x761f06538550>, verb_extension=<colcon_core.verb.build.BuildVerb object at 0x761f06538040>, main=<bound method BuildVerb.main of <colcon_core.verb.build.BuildVerb object at 0x761f06538040>>)
[1.032s] Level 1:colcon.colcon_core.package_discovery:discover_packages(colcon_meta) check parameters
[1.032s] Level 1:colcon.colcon_core.package_discovery:discover_packages(recursive) check parameters
[1.032s] Level 1:colcon.colcon_core.package_discovery:discover_packages(ignore) check parameters
[1.033s] Level 1:colcon.colcon_core.package_discovery:discover_packages(path) check parameters
[1.033s] Level 1:colcon.colcon_core.package_discovery:discover_packages(colcon_meta) discover
[1.033s] Level 1:colcon.colcon_core.package_discovery:discover_packages(recursive) discover
[1.033s] INFO:colcon.colcon_core.package_discovery:Crawling recursively for packages in '/home/asd/ros2_ws'
[1.033s] Level 1:colcon.colcon_core.package_identification:_identify(.) by extensions ['ignore', 'ignore_ament_install']
[1.033s] Level 1:colcon.colcon_core.package_identification:_identify(.) by extension 'ignore'
[1.034s] Level 1:colcon.colcon_core.package_identification:_identify(.) by extension 'ignore_ament_install'
[1.034s] Level 1:colcon.colcon_core.package_identification:_identify(.) by extensions ['colcon_pkg']
[1.034s] Level 1:colcon.colcon_core.package_identification:_identify(.) by extension 'colcon_pkg'
[1.034s] Level 1:colcon.colcon_core.package_identification:_identify(.) by extensions ['colcon_meta']
[1.034s] Level 1:colcon.colcon_core.package_identification:_identify(.) by extension 'colcon_meta'
[1.034s] Level 1:colcon.colcon_core.package_identification:_identify(.) by extensions ['ros']
[1.034s] Level 1:colcon.colcon_core.package_identification:_identify(.) by extension 'ros'
[1.074s] Level 1:colcon.colcon_core.package_identification:_identify(.) by extensions ['cmake', 'python']
[1.074s] Level 1:colcon.colcon_core.package_identification:_identify(.) by extension 'cmake'
[1.074s] Level 1:colcon.colcon_core.package_identification:_identify(.) by extension 'python'
[1.075s] Level 1:colcon.colcon_core.package_identification:_identify(.) by extensions ['python_setup_py']
[1.075s] Level 1:colcon.colcon_core.package_identification:_identify(.) by extension 'python_setup_py'
[1.075s] Level 1:colcon.colcon_core.package_identification:_identify(build) by extensions ['ignore', 'ignore_ament_install']
[1.075s] Level 1:colcon.colcon_core.package_identification:_identify(build) by extension 'ignore'
[1.076s] Level 1:colcon.colcon_core.package_identification:_identify(build) ignored
[1.076s] Level 1:colcon.colcon_core.package_identification:_identify(install) by extensions ['ignore', 'ignore_ament_install']
[1.076s] Level 1:colcon.colcon_core.package_identification:_identify(install) by extension 'ignore'
[1.076s] Level 1:colcon.colcon_core.package_identification:_identify(install) ignored
[1.077s] Level 1:colcon.colcon_core.package_identification:_identify(log) by extensions ['ignore', 'ignore_ament_install']
[1.077s] Level 1:colcon.colcon_core.package_identification:_identify(log) by extension 'ignore'
[1.077s] Level 1:colcon.colcon_core.package_identification:_identify(log) ignored
[1.077s] Level 1:colcon.colcon_core.package_identification:_identify(src) by extensions ['ignore', 'ignore_ament_install']
[1.078s] Level 1:colcon.colcon_core.package_identification:_identify(src) by extension 'ignore'
[1.078s] Level 1:colcon.colcon_core.package_identification:_identify(src) by extension 'ignore_ament_install'
[1.078s] Level 1:colcon.colcon_core.package_identification:_identify(src) by extensions ['colcon_pkg']
[1.078s] Level 1:colcon.colcon_core.package_identification:_identify(src) by extension 'colcon_pkg'
[1.078s] Level 1:colcon.colcon_core.package_identification:_identify(src) by extensions ['colcon_meta']
[1.078s] Level 1:colcon.colcon_core.package_identification:_identify(src) by extension 'colcon_meta'
[1.079s] Level 1:colcon.colcon_core.package_identification:_identify(src) by extensions ['ros']
[1.079s] Level 1:colcon.colcon_core.package_identification:_identify(src) by extension 'ros'
[1.079s] Level 1:colcon.colcon_core.package_identification:_identify(src) by extensions ['cmake', 'python']
[1.079s] Level 1:colcon.colcon_core.package_identification:_identify(src) by extension 'cmake'
[1.079s] Level 1:colcon.colcon_core.package_identification:_identify(src) by extension 'python'
[1.079s] Level 1:colcon.colcon_core.package_identification:_identify(src) by extensions ['python_setup_py']
[1.080s] Level 1:colcon.colcon_core.package_identification:_identify(src) by extension 'python_setup_py'
[1.080s] Level 1:colcon.colcon_core.package_identification:_identify(src/cpp_srvcli) by extensions ['ignore', 'ignore_ament_install']
[1.080s] Level 1:colcon.colcon_core.package_identification:_identify(src/cpp_srvcli) by extension 'ignore'
[1.080s] Level 1:colcon.colcon_core.package_identification:_identify(src/cpp_srvcli) by extension 'ignore_ament_install'
[1.080s] Level 1:colcon.colcon_core.package_identification:_identify(src/cpp_srvcli) by extensions ['colcon_pkg']
[1.080s] Level 1:colcon.colcon_core.package_identification:_identify(src/cpp_srvcli) by extension 'colcon_pkg'
[1.081s] Level 1:colcon.colcon_core.package_identification:_identify(src/cpp_srvcli) by extensions ['colcon_meta']
[1.081s] Level 1:colcon.colcon_core.package_identification:_identify(src/cpp_srvcli) by extension 'colcon_meta'
[1.081s] Level 1:colcon.colcon_core.package_identification:_identify(src/cpp_srvcli) by extensions ['ros']
[1.081s] Level 1:colcon.colcon_core.package_identification:_identify(src/cpp_srvcli) by extension 'ros'
[1.088s] DEBUG:colcon.colcon_core.package_identification:Package 'src/cpp_srvcli' with type 'ros.ament_cmake' and name 'cpp_srvcli'
[1.089s] Level 1:colcon.colcon_core.package_identification:_identify(src/div) by extensions ['ignore', 'ignore_ament_install']
[1.089s] Level 1:colcon.colcon_core.package_identification:_identify(src/div) by extension 'ignore'
[1.089s] Level 1:colcon.colcon_core.package_identification:_identify(src/div) by extension 'ignore_ament_install'
[1.089s] Level 1:colcon.colcon_core.package_identification:_identify(src/div) by extensions ['colcon_pkg']
[1.089s] Level 1:colcon.colcon_core.package_identification:_identify(src/div) by extension 'colcon_pkg'
[1.090s] Level 1:colcon.colcon_core.package_identification:_identify(src/div) by extensions ['colcon_meta']
[1.090s] Level 1:colcon.colcon_core.package_identification:_identify(src/div) by extension 'colcon_meta'
[1.090s] Level 1:colcon.colcon_core.package_identification:_identify(src/div) by extensions ['ros']
[1.090s] Level 1:colcon.colcon_core.package_identification:_identify(src/div) by extension 'ros'
[1.092s] DEBUG:colcon.colcon_core.package_identification:Package 'src/div' with type 'ros.ament_cmake' and name 'div'
[1.092s] Level 1:colcon.colcon_core.package_identification:_identify(src/my_package) by extensions ['ignore', 'ignore_ament_install']
[1.092s] Level 1:colcon.colcon_core.package_identification:_identify(src/my_package) by extension 'ignore'
[1.093s] Level 1:colcon.colcon_core.package_identification:_identify(src/my_package) by extension 'ignore_ament_install'
[1.093s] Level 1:colcon.colcon_core.package_identification:_identify(src/my_package) by extensions ['colcon_pkg']
[1.093s] Level 1:colcon.colcon_core.package_identification:_identify(src/my_package) by extension 'colcon_pkg'
[1.093s] Level 1:colcon.colcon_core.package_identification:_identify(src/my_package) by extensions ['colcon_meta']
[1.093s] Level 1:colcon.colcon_core.package_identification:_identify(src/my_package) by extension 'colcon_meta'
[1.093s] Level 1:colcon.colcon_core.package_identification:_identify(src/my_package) by extensions ['ros']
[1.094s] Level 1:colcon.colcon_core.package_identification:_identify(src/my_package) by extension 'ros'
[1.096s] DEBUG:colcon.colcon_core.package_identification:Package 'src/my_package' with type 'ros.ament_cmake' and name 'my_package'
[1.096s] Level 1:colcon.colcon_core.package_identification:_identify(src/my_robot_interfaces) by extensions ['ignore', 'ignore_ament_install']
[1.097s] Level 1:colcon.colcon_core.package_identification:_identify(src/my_robot_interfaces) by extension 'ignore'
[1.097s] Level 1:colcon.colcon_core.package_identification:_identify(src/my_robot_interfaces) by extension 'ignore_ament_install'
[1.097s] Level 1:colcon.colcon_core.package_identification:_identify(src/my_robot_interfaces) by extensions ['colcon_pkg']
[1.097s] Level 1:colcon.colcon_core.package_identification:_identify(src/my_robot_interfaces) by extension 'colcon_pkg'
[1.097s] Level 1:colcon.colcon_core.package_identification:_identify(src/my_robot_interfaces) by extensions ['colcon_meta']
[1.097s] Level 1:colcon.colcon_core.package_identification:_identify(src/my_robot_interfaces) by extension 'colcon_meta'
[1.097s] Level 1:colcon.colcon_core.package_identification:_identify(src/my_robot_interfaces) by extensions ['ros']
[1.098s] Level 1:colcon.colcon_core.package_identification:_identify(src/my_robot_interfaces) by extension 'ros'
[1.099s] DEBUG:colcon.colcon_core.package_identification:Package 'src/my_robot_interfaces' with type 'ros.ament_cmake' and name 'my_robot_interfaces'
[1.099s] Level 1:colcon.colcon_core.package_discovery:discover_packages(recursive) using defaults
[1.100s] Level 1:colcon.colcon_core.package_discovery:discover_packages(ignore) discover
[1.100s] Level 1:colcon.colcon_core.package_discovery:discover_packages(ignore) using defaults
[1.100s] Level 1:colcon.colcon_core.package_discovery:discover_packages(path) discover
[1.100s] Level 1:colcon.colcon_core.package_discovery:discover_packages(path) using defaults
[1.164s] INFO:colcon.colcon_core.package_selection:Skipping not selected package 'cpp_srvcli' in 'src/cpp_srvcli'
[1.164s] INFO:colcon.colcon_core.package_selection:Skipping not selected package 'my_package' in 'src/my_package'
[1.164s] INFO:colcon.colcon_core.package_selection:Skipping not selected package 'my_robot_interfaces' in 'src/my_robot_interfaces'
[1.165s] Level 1:colcon.colcon_core.package_discovery:discover_packages(prefix_path) check parameters
[1.166s] Level 1:colcon.colcon_core.package_discovery:discover_packages(prefix_path) discover
[1.175s] DEBUG:colcon.colcon_installed_package_information.package_discovery:Found 281 installed packages in /opt/ros/iron
[1.204s] Level 1:colcon.colcon_core.package_discovery:discover_packages(prefix_path) using defaults
[1.385s] Level 5:colcon.colcon_core.verb:set package 'div' build argument 'cmake_args' from command line to 'None'
[1.385s] Level 5:colcon.colcon_core.verb:set package 'div' build argument 'cmake_target' from command line to 'None'
[1.385s] Level 5:colcon.colcon_core.verb:set package 'div' build argument 'cmake_target_skip_unavailable' from command line to 'False'
[1.386s] Level 5:colcon.colcon_core.verb:set package 'div' build argument 'cmake_clean_cache' from command line to 'False'
[1.386s] Level 5:colcon.colcon_core.verb:set package 'div' build argument 'cmake_clean_first' from command line to 'False'
[1.386s] Level 5:colcon.colcon_core.verb:set package 'div' build argument 'cmake_force_configure' from command line to 'False'
[1.386s] Level 5:colcon.colcon_core.verb:set package 'div' build argument 'ament_cmake_args' from command line to 'None'
[1.386s] Level 5:colcon.colcon_core.verb:set package 'div' build argument 'catkin_cmake_args' from command line to 'None'
[1.386s] Level 5:colcon.colcon_core.verb:set package 'div' build argument 'catkin_skip_building_tests' from command line to 'False'
[1.386s] DEBUG:colcon.colcon_core.verb:Building package 'div' with the following arguments: {'ament_cmake_args': None, 'build_base': '/home/asd/ros2_ws/build/div', 'catkin_cmake_args': None, 'catkin_skip_building_tests': False, 'cmake_args': None, 'cmake_clean_cache': False, 'cmake_clean_first': False, 'cmake_force_configure': False, 'cmake_target': None, 'cmake_target_skip_unavailable': False, 'install_base': '/home/asd/ros2_ws/install/div', 'merge_install': False, 'path': '/home/asd/ros2_ws/src/div', 'symlink_install': False, 'test_result_base': None}
[1.387s] INFO:colcon.colcon_core.executor:Executing jobs using 'parallel' executor
[1.389s] DEBUG:colcon.colcon_parallel_executor.executor.parallel:run_until_complete
[1.390s] INFO:colcon.colcon_ros.task.ament_cmake.build:Building ROS package in '/home/asd/ros2_ws/src/div' with build type 'ament_cmake'
[1.390s] INFO:colcon.colcon_cmake.task.cmake.build:Building CMake package in '/home/asd/ros2_ws/src/div'
[1.396s] INFO:colcon.colcon_core.plugin_system:Skipping extension 'colcon_core.shell.bat': Not used on non-Windows systems
[1.397s] INFO:colcon.colcon_core.shell:Skip shell extension 'powershell' for command environment: Not usable outside of PowerShell
[1.397s] DEBUG:colcon.colcon_core.shell:Skip shell extension 'dsv' for command environment
[1.441s] DEBUG:colcon.colcon_core.event_handler.log_command:Invoking command in '/home/asd/ros2_ws/build/div': AMENT_PREFIX_PATH=/home/asd/ros2_ws/install/my_package:${AMENT_PREFIX_PATH} CMAKE_PREFIX_PATH=/home/asd/ros2_ws/install/my_package:/opt/ros/iron LD_LIBRARY_PATH=/home/asd/ros2_ws/install/my_package/lib:${LD_LIBRARY_PATH} PYTHONPATH=/home/asd/ros2_ws/install/my_package/lib/python3.10/site-packages:${PYTHONPATH} /usr/bin/cmake --build /home/asd/ros2_ws/build/div -- -j4 -l4
[17.765s] DEBUG:colcon.colcon_core.event_handler.log_command:Invoked command in '/home/asd/ros2_ws/build/div' returned '0': AMENT_PREFIX_PATH=/home/asd/ros2_ws/install/my_package:${AMENT_PREFIX_PATH} CMAKE_PREFIX_PATH=/home/asd/ros2_ws/install/my_package:/opt/ros/iron LD_LIBRARY_PATH=/home/asd/ros2_ws/install/my_package/lib:${LD_LIBRARY_PATH} PYTHONPATH=/home/asd/ros2_ws/install/my_package/lib/python3.10/site-packages:${PYTHONPATH} /usr/bin/cmake --build /home/asd/ros2_ws/build/div -- -j4 -l4
[17.875s] DEBUG:colcon.colcon_core.event_handler.log_command:Invoking command in '/home/asd/ros2_ws/build/div': AMENT_PREFIX_PATH=/home/asd/ros2_ws/install/my_package:${AMENT_PREFIX_PATH} CMAKE_PREFIX_PATH=/home/asd/ros2_ws/install/my_package:/opt/ros/iron LD_LIBRARY_PATH=/home/asd/ros2_ws/install/my_package/lib:${LD_LIBRARY_PATH} PYTHONPATH=/home/asd/ros2_ws/install/my_package/lib/python3.10/site-packages:${PYTHONPATH} /usr/bin/cmake --install /home/asd/ros2_ws/build/div
[17.914s] Level 1:colcon.colcon_core.environment:create_environment_scripts_only(div)
[17.916s] DEBUG:colcon.colcon_core.event_handler.log_command:Invoked command in '/home/asd/ros2_ws/build/div' returned '0': AMENT_PREFIX_PATH=/home/asd/ros2_ws/install/my_package:${AMENT_PREFIX_PATH} CMAKE_PREFIX_PATH=/home/asd/ros2_ws/install/my_package:/opt/ros/iron LD_LIBRARY_PATH=/home/asd/ros2_ws/install/my_package/lib:${LD_LIBRARY_PATH} PYTHONPATH=/home/asd/ros2_ws/install/my_package/lib/python3.10/site-packages:${PYTHONPATH} /usr/bin/cmake --install /home/asd/ros2_ws/build/div
[17.923s] Level 1:colcon.colcon_core.environment:checking '/home/asd/ros2_ws/install/div' for CMake module files
[17.925s] Level 1:colcon.colcon_core.environment:checking '/home/asd/ros2_ws/install/div' for CMake config files
[17.925s] Level 1:colcon.colcon_core.shell:create_environment_hook('div', 'cmake_prefix_path')
[17.926s] INFO:colcon.colcon_core.shell:Creating environment hook '/home/asd/ros2_ws/install/div/share/div/hook/cmake_prefix_path.ps1'
[17.928s] INFO:colcon.colcon_core.shell:Creating environment descriptor '/home/asd/ros2_ws/install/div/share/div/hook/cmake_prefix_path.dsv'
[17.929s] INFO:colcon.colcon_core.shell:Creating environment hook '/home/asd/ros2_ws/install/div/share/div/hook/cmake_prefix_path.sh'
[17.933s] Level 1:colcon.colcon_core.environment:checking '/home/asd/ros2_ws/install/div/lib'
[17.933s] Level 1:colcon.colcon_core.environment:checking '/home/asd/ros2_ws/install/div/bin'
[17.933s] Level 1:colcon.colcon_core.environment:checking '/home/asd/ros2_ws/install/div/lib/pkgconfig/div.pc'
[17.934s] Level 1:colcon.colcon_core.environment:checking '/home/asd/ros2_ws/install/div/lib/python3.10/site-packages'
[17.935s] Level 1:colcon.colcon_core.environment:checking '/home/asd/ros2_ws/install/div/bin'
[17.936s] INFO:colcon.colcon_core.shell:Creating package script '/home/asd/ros2_ws/install/div/share/div/package.ps1'
[17.938s] INFO:colcon.colcon_core.shell:Creating package descriptor '/home/asd/ros2_ws/install/div/share/div/package.dsv'
[17.940s] INFO:colcon.colcon_core.shell:Creating package script '/home/asd/ros2_ws/install/div/share/div/package.sh'
[17.942s] INFO:colcon.colcon_core.shell:Creating package script '/home/asd/ros2_ws/install/div/share/div/package.bash'
[17.945s] INFO:colcon.colcon_core.shell:Creating package script '/home/asd/ros2_ws/install/div/share/div/package.zsh'
[17.947s] Level 1:colcon.colcon_core.environment:create_file_with_runtime_dependencies(/home/asd/ros2_ws/install/div/share/colcon-core/packages/div)
[18.061s] Level 1:colcon.colcon_core.environment:create_environment_scripts_only(div)
[18.062s] Level 1:colcon.colcon_core.environment:checking '/home/asd/ros2_ws/install/div' for CMake module files
[18.064s] Level 1:colcon.colcon_core.environment:checking '/home/asd/ros2_ws/install/div' for CMake config files
[18.065s] Level 1:colcon.colcon_core.shell:create_environment_hook('div', 'cmake_prefix_path')
[18.066s] INFO:colcon.colcon_core.shell:Creating environment hook '/home/asd/ros2_ws/install/div/share/div/hook/cmake_prefix_path.ps1'
[18.067s] INFO:colcon.colcon_core.shell:Creating environment descriptor '/home/asd/ros2_ws/install/div/share/div/hook/cmake_prefix_path.dsv'
[18.068s] INFO:colcon.colcon_core.shell:Creating environment hook '/home/asd/ros2_ws/install/div/share/div/hook/cmake_prefix_path.sh'
[18.070s] Level 1:colcon.colcon_core.environment:checking '/home/asd/ros2_ws/install/div/lib'
[18.070s] Level 1:colcon.colcon_core.environment:checking '/home/asd/ros2_ws/install/div/bin'
[18.070s] Level 1:colcon.colcon_core.environment:checking '/home/asd/ros2_ws/install/div/lib/pkgconfig/div.pc'
[18.071s] Level 1:colcon.colcon_core.environment:checking '/home/asd/ros2_ws/install/div/lib/python3.10/site-packages'
[18.072s] Level 1:colcon.colcon_core.environment:checking '/home/asd/ros2_ws/install/div/bin'
[18.073s] INFO:colcon.colcon_core.shell:Creating package script '/home/asd/ros2_ws/install/div/share/div/package.ps1'
[18.074s] INFO:colcon.colcon_core.shell:Creating package descriptor '/home/asd/ros2_ws/install/div/share/div/package.dsv'
[18.076s] INFO:colcon.colcon_core.shell:Creating package script '/home/asd/ros2_ws/install/div/share/div/package.sh'
[18.077s] INFO:colcon.colcon_core.shell:Creating package script '/home/asd/ros2_ws/install/div/share/div/package.bash'
[18.079s] INFO:colcon.colcon_core.shell:Creating package script '/home/asd/ros2_ws/install/div/share/div/package.zsh'
[18.080s] Level 1:colcon.colcon_core.environment:create_file_with_runtime_dependencies(/home/asd/ros2_ws/install/div/share/colcon-core/packages/div)
[18.081s] DEBUG:colcon.colcon_parallel_executor.executor.parallel:closing loop
[18.082s] DEBUG:colcon.colcon_parallel_executor.executor.parallel:loop closed
[18.082s] DEBUG:colcon.colcon_parallel_executor.executor.parallel:run_until_complete finished with '0'
[18.082s] DEBUG:colcon.colcon_core.event_reactor:joining thread
[18.114s] INFO:colcon.colcon_core.plugin_system:Skipping extension 'colcon_notification.desktop_notification.terminal_notifier': Not used on non-Darwin systems
[18.114s] INFO:colcon.colcon_core.plugin_system:Skipping extension 'colcon_notification.desktop_notification.win32': Not used on non-Windows systems
[18.114s] INFO:colcon.colcon_notification.desktop_notification:Sending desktop notification using 'notify2'
[18.164s] DEBUG:colcon.colcon_core.event_reactor:joined thread
[18.165s] INFO:colcon.colcon_core.shell:Creating prefix script '/home/asd/ros2_ws/install/local_setup.ps1'
[18.168s] INFO:colcon.colcon_core.shell:Creating prefix util module '/home/asd/ros2_ws/install/_local_setup_util_ps1.py'
[18.172s] INFO:colcon.colcon_core.shell:Creating prefix chain script '/home/asd/ros2_ws/install/setup.ps1'
[18.176s] INFO:colcon.colcon_core.shell:Creating prefix script '/home/asd/ros2_ws/install/local_setup.sh'
[18.177s] INFO:colcon.colcon_core.shell:Creating prefix util module '/home/asd/ros2_ws/install/_local_setup_util_sh.py'
[18.179s] INFO:colcon.colcon_core.shell:Creating prefix chain script '/home/asd/ros2_ws/install/setup.sh'
[18.182s] INFO:colcon.colcon_core.shell:Creating prefix script '/home/asd/ros2_ws/install/local_setup.bash'
[18.183s] INFO:colcon.colcon_core.shell:Creating prefix chain script '/home/asd/ros2_ws/install/setup.bash'
[18.186s] INFO:colcon.colcon_core.shell:Creating prefix script '/home/asd/ros2_ws/install/local_setup.zsh'
[18.188s] INFO:colcon.colcon_core.shell:Creating prefix chain script '/home/asd/ros2_ws/install/setup.zsh'
