[0.404s] DEBUG:colcon:Command line arguments: ['/usr/bin/colcon', 'build', '--packages-select', 'simple_div']
[0.405s] DEBUG:colcon:Parsed command line arguments: Namespace(log_base=None, log_level=None, verb_name='build', build_base='build', install_base='install', merge_install=False, symlink_install=False, test_result_base=None, continue_on_error=False, executor='parallel', parallel_workers=4, event_handlers=None, ignore_user_meta=False, metas=['./colcon.meta'], base_paths=['.'], packages_ignore=None, packages_ignore_regex=None, paths=None, packages_up_to=None, packages_up_to_regex=None, packages_above=None, packages_above_and_dependencies=None, packages_above_depth=None, packages_select_by_dep=None, packages_skip_by_dep=None, packages_skip_up_to=None, packages_select_build_failed=False, packages_skip_build_finished=False, packages_select_test_failures=False, packages_skip_test_passed=False, packages_select=['simple_div'], packages_skip=None, packages_select_regex=None, packages_skip_regex=None, packages_start=None, packages_end=None, allow_overriding=[], cmake_args=None, cmake_target=None, cmake_target_skip_unavailable=False, cmake_clean_cache=False, cmake_clean_first=False, cmake_force_configure=False, ament_cmake_args=None, catkin_cmake_args=None, catkin_skip_building_tests=False, verb_parser=<colcon_defaults.argument_parser.defaults.DefaultArgumentsDecorator object at 0x7c6624434550>, verb_extension=<colcon_core.verb.build.BuildVerb object at 0x7c6624434040>, main=<bound method BuildVerb.main of <colcon_core.verb.build.BuildVerb object at 0x7c6624434040>>)
[1.076s] Level 1:colcon.colcon_core.package_discovery:discover_packages(colcon_meta) check parameters
[1.076s] Level 1:colcon.colcon_core.package_discovery:discover_packages(recursive) check parameters
[1.076s] Level 1:colcon.colcon_core.package_discovery:discover_packages(ignore) check parameters
[1.076s] Level 1:colcon.colcon_core.package_discovery:discover_packages(path) check parameters
[1.076s] Level 1:colcon.colcon_core.package_discovery:discover_packages(colcon_meta) discover
[1.077s] Level 1:colcon.colcon_core.package_discovery:discover_packages(recursive) discover
[1.077s] INFO:colcon.colcon_core.package_discovery:Crawling recursively for packages in '/home/asd/ros2_ws'
[1.077s] Level 1:colcon.colcon_core.package_identification:_identify(.) by extensions ['ignore', 'ignore_ament_install']
[1.077s] Level 1:colcon.colcon_core.package_identification:_identify(.) by extension 'ignore'
[1.077s] Level 1:colcon.colcon_core.package_identification:_identify(.) by extension 'ignore_ament_install'
[1.078s] Level 1:colcon.colcon_core.package_identification:_identify(.) by extensions ['colcon_pkg']
[1.078s] Level 1:colcon.colcon_core.package_identification:_identify(.) by extension 'colcon_pkg'
[1.078s] Level 1:colcon.colcon_core.package_identification:_identify(.) by extensions ['colcon_meta']
[1.078s] Level 1:colcon.colcon_core.package_identification:_identify(.) by extension 'colcon_meta'
[1.078s] Level 1:colcon.colcon_core.package_identification:_identify(.) by extensions ['ros']
[1.078s] Level 1:colcon.colcon_core.package_identification:_identify(.) by extension 'ros'
[1.118s] Level 1:colcon.colcon_core.package_identification:_identify(.) by extensions ['cmake', 'python']
[1.118s] Level 1:colcon.colcon_core.package_identification:_identify(.) by extension 'cmake'
[1.118s] Level 1:colcon.colcon_core.package_identification:_identify(.) by extension 'python'
[1.118s] Level 1:colcon.colcon_core.package_identification:_identify(.) by extensions ['python_setup_py']
[1.119s] Level 1:colcon.colcon_core.package_identification:_identify(.) by extension 'python_setup_py'
[1.119s] Level 1:colcon.colcon_core.package_identification:_identify(build) by extensions ['ignore', 'ignore_ament_install']
[1.119s] Level 1:colcon.colcon_core.package_identification:_identify(build) by extension 'ignore'
[1.119s] Level 1:colcon.colcon_core.package_identification:_identify(build) ignored
[1.120s] Level 1:colcon.colcon_core.package_identification:_identify(install) by extensions ['ignore', 'ignore_ament_install']
[1.120s] Level 1:colcon.colcon_core.package_identification:_identify(install) by extension 'ignore'
[1.120s] Level 1:colcon.colcon_core.package_identification:_identify(install) ignored
[1.121s] Level 1:colcon.colcon_core.package_identification:_identify(log) by extensions ['ignore', 'ignore_ament_install']
[1.121s] Level 1:colcon.colcon_core.package_identification:_identify(log) by extension 'ignore'
[1.121s] Level 1:colcon.colcon_core.package_identification:_identify(log) ignored
[1.122s] Level 1:colcon.colcon_core.package_identification:_identify(src) by extensions ['ignore', 'ignore_ament_install']
[1.122s] Level 1:colcon.colcon_core.package_identification:_identify(src) by extension 'ignore'
[1.122s] Level 1:colcon.colcon_core.package_identification:_identify(src) by extension 'ignore_ament_install'
[1.122s] Level 1:colcon.colcon_core.package_identification:_identify(src) by extensions ['colcon_pkg']
[1.122s] Level 1:colcon.colcon_core.package_identification:_identify(src) by extension 'colcon_pkg'
[1.123s] Level 1:colcon.colcon_core.package_identification:_identify(src) by extensions ['colcon_meta']
[1.123s] Level 1:colcon.colcon_core.package_identification:_identify(src) by extension 'colcon_meta'
[1.123s] Level 1:colcon.colcon_core.package_identification:_identify(src) by extensions ['ros']
[1.123s] Level 1:colcon.colcon_core.package_identification:_identify(src) by extension 'ros'
[1.123s] Level 1:colcon.colcon_core.package_identification:_identify(src) by extensions ['cmake', 'python']
[1.123s] Level 1:colcon.colcon_core.package_identification:_identify(src) by extension 'cmake'
[1.124s] Level 1:colcon.colcon_core.package_identification:_identify(src) by extension 'python'
[1.124s] Level 1:colcon.colcon_core.package_identification:_identify(src) by extensions ['python_setup_py']
[1.124s] Level 1:colcon.colcon_core.package_identification:_identify(src) by extension 'python_setup_py'
[1.124s] Level 1:colcon.colcon_core.package_identification:_identify(src/cpp_srvcli) by extensions ['ignore', 'ignore_ament_install']
[1.124s] Level 1:colcon.colcon_core.package_identification:_identify(src/cpp_srvcli) by extension 'ignore'
[1.125s] Level 1:colcon.colcon_core.package_identification:_identify(src/cpp_srvcli) by extension 'ignore_ament_install'
[1.125s] Level 1:colcon.colcon_core.package_identification:_identify(src/cpp_srvcli) by extensions ['colcon_pkg']
[1.125s] Level 1:colcon.colcon_core.package_identification:_identify(src/cpp_srvcli) by extension 'colcon_pkg'
[1.125s] Level 1:colcon.colcon_core.package_identification:_identify(src/cpp_srvcli) by extensions ['colcon_meta']
[1.125s] Level 1:colcon.colcon_core.package_identification:_identify(src/cpp_srvcli) by extension 'colcon_meta'
[1.125s] Level 1:colcon.colcon_core.package_identification:_identify(src/cpp_srvcli) by extensions ['ros']
[1.126s] Level 1:colcon.colcon_core.package_identification:_identify(src/cpp_srvcli) by extension 'ros'
[1.133s] DEBUG:colcon.colcon_core.package_identification:Package 'src/cpp_srvcli' with type 'ros.ament_cmake' and name 'cpp_srvcli'
[1.133s] Level 1:colcon.colcon_core.package_identification:_identify(src/div) by extensions ['ignore', 'ignore_ament_install']
[1.134s] Level 1:colcon.colcon_core.package_identification:_identify(src/div) by extension 'ignore'
[1.134s] Level 1:colcon.colcon_core.package_identification:_identify(src/div) by extension 'ignore_ament_install'
[1.134s] Level 1:colcon.colcon_core.package_identification:_identify(src/div) by extensions ['colcon_pkg']
[1.134s] Level 1:colcon.colcon_core.package_identification:_identify(src/div) by extension 'colcon_pkg'
[1.134s] Level 1:colcon.colcon_core.package_identification:_identify(src/div) by extensions ['colcon_meta']
[1.135s] Level 1:colcon.colcon_core.package_identification:_identify(src/div) by extension 'colcon_meta'
[1.135s] Level 1:colcon.colcon_core.package_identification:_identify(src/div) by extensions ['ros']
[1.135s] Level 1:colcon.colcon_core.package_identification:_identify(src/div) by extension 'ros'
[1.137s] DEBUG:colcon.colcon_core.package_identification:Package 'src/div' with type 'ros.ament_cmake' and name 'div'
[1.137s] Level 1:colcon.colcon_core.package_identification:_identify(src/fl_div) by extensions ['ignore', 'ignore_ament_install']
[1.138s] Level 1:colcon.colcon_core.package_identification:_identify(src/fl_div) by extension 'ignore'
[1.138s] Level 1:colcon.colcon_core.package_identification:_identify(src/fl_div) by extension 'ignore_ament_install'
[1.138s] Level 1:colcon.colcon_core.package_identification:_identify(src/fl_div) by extensions ['colcon_pkg']
[1.138s] Level 1:colcon.colcon_core.package_identification:_identify(src/fl_div) by extension 'colcon_pkg'
[1.138s] Level 1:colcon.colcon_core.package_identification:_identify(src/fl_div) by extensions ['colcon_meta']
[1.138s] Level 1:colcon.colcon_core.package_identification:_identify(src/fl_div) by extension 'colcon_meta'
[1.139s] Level 1:colcon.colcon_core.package_identification:_identify(src/fl_div) by extensions ['ros']
[1.139s] Level 1:colcon.colcon_core.package_identification:_identify(src/fl_div) by extension 'ros'
[1.141s] DEBUG:colcon.colcon_core.package_identification:Package 'src/fl_div' with type 'ros.ament_cmake' and name 'fl_div'
[1.141s] Level 1:colcon.colcon_core.package_identification:_identify(src/input_numbers) by extensions ['ignore', 'ignore_ament_install']
[1.141s] Level 1:colcon.colcon_core.package_identification:_identify(src/input_numbers) by extension 'ignore'
[1.142s] Level 1:colcon.colcon_core.package_identification:_identify(src/input_numbers) by extension 'ignore_ament_install'
[1.142s] Level 1:colcon.colcon_core.package_identification:_identify(src/input_numbers) by extensions ['colcon_pkg']
[1.142s] Level 1:colcon.colcon_core.package_identification:_identify(src/input_numbers) by extension 'colcon_pkg'
[1.142s] Level 1:colcon.colcon_core.package_identification:_identify(src/input_numbers) by extensions ['colcon_meta']
[1.142s] Level 1:colcon.colcon_core.package_identification:_identify(src/input_numbers) by extension 'colcon_meta'
[1.142s] Level 1:colcon.colcon_core.package_identification:_identify(src/input_numbers) by extensions ['ros']
[1.142s] Level 1:colcon.colcon_core.package_identification:_identify(src/input_numbers) by extension 'ros'
[1.145s] DEBUG:colcon.colcon_core.package_identification:Package 'src/input_numbers' with type 'ros.ament_cmake' and name 'div'
[1.146s] Level 1:colcon.colcon_core.package_identification:_identify(src/my_package) by extensions ['ignore', 'ignore_ament_install']
[1.146s] Level 1:colcon.colcon_core.package_identification:_identify(src/my_package) by extension 'ignore'
[1.146s] Level 1:colcon.colcon_core.package_identification:_identify(src/my_package) by extension 'ignore_ament_install'
[1.146s] Level 1:colcon.colcon_core.package_identification:_identify(src/my_package) by extensions ['colcon_pkg']
[1.146s] Level 1:colcon.colcon_core.package_identification:_identify(src/my_package) by extension 'colcon_pkg'
[1.147s] Level 1:colcon.colcon_core.package_identification:_identify(src/my_package) by extensions ['colcon_meta']
[1.147s] Level 1:colcon.colcon_core.package_identification:_identify(src/my_package) by extension 'colcon_meta'
[1.147s] Level 1:colcon.colcon_core.package_identification:_identify(src/my_package) by extensions ['ros']
[1.147s] Level 1:colcon.colcon_core.package_identification:_identify(src/my_package) by extension 'ros'
[1.149s] DEBUG:colcon.colcon_core.package_identification:Package 'src/my_package' with type 'ros.ament_cmake' and name 'my_package'
[1.150s] Level 1:colcon.colcon_core.package_identification:_identify(src/simple_div) by extensions ['ignore', 'ignore_ament_install']
[1.150s] Level 1:colcon.colcon_core.package_identification:_identify(src/simple_div) by extension 'ignore'
[1.150s] Level 1:colcon.colcon_core.package_identification:_identify(src/simple_div) by extension 'ignore_ament_install'
[1.150s] Level 1:colcon.colcon_core.package_identification:_identify(src/simple_div) by extensions ['colcon_pkg']
[1.150s] Level 1:colcon.colcon_core.package_identification:_identify(src/simple_div) by extension 'colcon_pkg'
[1.150s] Level 1:colcon.colcon_core.package_identification:_identify(src/simple_div) by extensions ['colcon_meta']
[1.151s] Level 1:colcon.colcon_core.package_identification:_identify(src/simple_div) by extension 'colcon_meta'
[1.151s] Level 1:colcon.colcon_core.package_identification:_identify(src/simple_div) by extensions ['ros']
[1.151s] Level 1:colcon.colcon_core.package_identification:_identify(src/simple_div) by extension 'ros'
[1.153s] DEBUG:colcon.colcon_core.package_identification:Package 'src/simple_div' with type 'ros.ament_cmake' and name 'simple_div'
[1.153s] Level 1:colcon.colcon_core.package_discovery:discover_packages(recursive) using defaults
[1.153s] Level 1:colcon.colcon_core.package_discovery:discover_packages(ignore) discover
[1.153s] Level 1:colcon.colcon_core.package_discovery:discover_packages(ignore) using defaults
[1.153s] Level 1:colcon.colcon_core.package_discovery:discover_packages(path) discover
[1.153s] Level 1:colcon.colcon_core.package_discovery:discover_packages(path) using defaults
[1.223s] INFO:colcon.colcon_core.package_selection:Skipping not selected package 'cpp_srvcli' in 'src/cpp_srvcli'
[1.223s] INFO:colcon.colcon_core.package_selection:Skipping not selected package 'my_package' in 'src/my_package'
[1.223s] INFO:colcon.colcon_core.package_selection:Skipping not selected package 'div' in 'src/div'
[1.223s] INFO:colcon.colcon_core.package_selection:Skipping not selected package 'div' in 'src/input_numbers'
[1.223s] INFO:colcon.colcon_core.package_selection:Skipping not selected package 'fl_div' in 'src/fl_div'
[1.224s] Level 1:colcon.colcon_core.package_discovery:discover_packages(prefix_path) check parameters
[1.224s] Level 1:colcon.colcon_core.package_discovery:discover_packages(prefix_path) discover
[1.234s] DEBUG:colcon.colcon_installed_package_information.package_discovery:Found 281 installed packages in /opt/ros/iron
[1.263s] Level 1:colcon.colcon_core.package_discovery:discover_packages(prefix_path) using defaults
[1.501s] Level 5:colcon.colcon_core.verb:set package 'simple_div' build argument 'cmake_args' from command line to 'None'
[1.501s] Level 5:colcon.colcon_core.verb:set package 'simple_div' build argument 'cmake_target' from command line to 'None'
[1.501s] Level 5:colcon.colcon_core.verb:set package 'simple_div' build argument 'cmake_target_skip_unavailable' from command line to 'False'
[1.501s] Level 5:colcon.colcon_core.verb:set package 'simple_div' build argument 'cmake_clean_cache' from command line to 'False'
[1.502s] Level 5:colcon.colcon_core.verb:set package 'simple_div' build argument 'cmake_clean_first' from command line to 'False'
[1.502s] Level 5:colcon.colcon_core.verb:set package 'simple_div' build argument 'cmake_force_configure' from command line to 'False'
[1.502s] Level 5:colcon.colcon_core.verb:set package 'simple_div' build argument 'ament_cmake_args' from command line to 'None'
[1.502s] Level 5:colcon.colcon_core.verb:set package 'simple_div' build argument 'catkin_cmake_args' from command line to 'None'
[1.502s] Level 5:colcon.colcon_core.verb:set package 'simple_div' build argument 'catkin_skip_building_tests' from command line to 'False'
[1.502s] DEBUG:colcon.colcon_core.verb:Building package 'simple_div' with the following arguments: {'ament_cmake_args': None, 'build_base': '/home/asd/ros2_ws/build/simple_div', 'catkin_cmake_args': None, 'catkin_skip_building_tests': False, 'cmake_args': None, 'cmake_clean_cache': False, 'cmake_clean_first': False, 'cmake_force_configure': False, 'cmake_target': None, 'cmake_target_skip_unavailable': False, 'install_base': '/home/asd/ros2_ws/install/simple_div', 'merge_install': False, 'path': '/home/asd/ros2_ws/src/simple_div', 'symlink_install': False, 'test_result_base': None}
[1.503s] INFO:colcon.colcon_core.executor:Executing jobs using 'parallel' executor
[1.506s] DEBUG:colcon.colcon_parallel_executor.executor.parallel:run_until_complete
[1.506s] INFO:colcon.colcon_ros.task.ament_cmake.build:Building ROS package in '/home/asd/ros2_ws/src/simple_div' with build type 'ament_cmake'
[1.507s] INFO:colcon.colcon_cmake.task.cmake.build:Building CMake package in '/home/asd/ros2_ws/src/simple_div'
[1.512s] INFO:colcon.colcon_core.plugin_system:Skipping extension 'colcon_core.shell.bat': Not used on non-Windows systems
[1.513s] INFO:colcon.colcon_core.shell:Skip shell extension 'powershell' for command environment: Not usable outside of PowerShell
[1.513s] DEBUG:colcon.colcon_core.shell:Skip shell extension 'dsv' for command environment
[1.543s] DEBUG:colcon.colcon_core.event_handler.log_command:Invoking command in '/home/asd/ros2_ws/build/simple_div': CMAKE_PREFIX_PATH=/opt/ros/iron /usr/bin/cmake --build /home/asd/ros2_ws/build/simple_div -- -j4 -l4
[1.820s] DEBUG:colcon.colcon_core.event_handler.log_command:Invoked command in '/home/asd/ros2_ws/build/simple_div' returned '0': CMAKE_PREFIX_PATH=/opt/ros/iron /usr/bin/cmake --build /home/asd/ros2_ws/build/simple_div -- -j4 -l4
[1.932s] DEBUG:colcon.colcon_core.event_handler.log_command:Invoking command in '/home/asd/ros2_ws/build/simple_div': CMAKE_PREFIX_PATH=/opt/ros/iron /usr/bin/cmake --install /home/asd/ros2_ws/build/simple_div
[1.967s] Level 1:colcon.colcon_core.environment:create_environment_scripts_only(simple_div)
[1.969s] DEBUG:colcon.colcon_core.event_handler.log_command:Invoked command in '/home/asd/ros2_ws/build/simple_div' returned '0': CMAKE_PREFIX_PATH=/opt/ros/iron /usr/bin/cmake --install /home/asd/ros2_ws/build/simple_div
[1.975s] Level 1:colcon.colcon_core.environment:checking '/home/asd/ros2_ws/install/simple_div' for CMake module files
[1.976s] Level 1:colcon.colcon_core.environment:checking '/home/asd/ros2_ws/install/simple_div' for CMake config files
[1.978s] Level 1:colcon.colcon_core.shell:create_environment_hook('simple_div', 'cmake_prefix_path')
[1.979s] INFO:colcon.colcon_core.shell:Creating environment hook '/home/asd/ros2_ws/install/simple_div/share/simple_div/hook/cmake_prefix_path.ps1'
[1.980s] INFO:colcon.colcon_core.shell:Creating environment descriptor '/home/asd/ros2_ws/install/simple_div/share/simple_div/hook/cmake_prefix_path.dsv'
[1.982s] INFO:colcon.colcon_core.shell:Creating environment hook '/home/asd/ros2_ws/install/simple_div/share/simple_div/hook/cmake_prefix_path.sh'
[1.985s] Level 1:colcon.colcon_core.environment:checking '/home/asd/ros2_ws/install/simple_div/lib'
[1.985s] Level 1:colcon.colcon_core.environment:checking '/home/asd/ros2_ws/install/simple_div/bin'
[1.986s] Level 1:colcon.colcon_core.environment:checking '/home/asd/ros2_ws/install/simple_div/lib/pkgconfig/simple_div.pc'
[1.986s] Level 1:colcon.colcon_core.environment:checking '/home/asd/ros2_ws/install/simple_div/lib/python3.10/site-packages'
[1.987s] Level 1:colcon.colcon_core.environment:checking '/home/asd/ros2_ws/install/simple_div/bin'
[1.988s] INFO:colcon.colcon_core.shell:Creating package script '/home/asd/ros2_ws/install/simple_div/share/simple_div/package.ps1'
[1.991s] INFO:colcon.colcon_core.shell:Creating package descriptor '/home/asd/ros2_ws/install/simple_div/share/simple_div/package.dsv'
[1.992s] INFO:colcon.colcon_core.shell:Creating package script '/home/asd/ros2_ws/install/simple_div/share/simple_div/package.sh'
[1.994s] INFO:colcon.colcon_core.shell:Creating package script '/home/asd/ros2_ws/install/simple_div/share/simple_div/package.bash'
[1.997s] INFO:colcon.colcon_core.shell:Creating package script '/home/asd/ros2_ws/install/simple_div/share/simple_div/package.zsh'
[1.999s] Level 1:colcon.colcon_core.environment:create_file_with_runtime_dependencies(/home/asd/ros2_ws/install/simple_div/share/colcon-core/packages/simple_div)
[2.077s] Level 1:colcon.colcon_core.environment:create_environment_scripts_only(simple_div)
[2.078s] Level 1:colcon.colcon_core.environment:checking '/home/asd/ros2_ws/install/simple_div' for CMake module files
[2.080s] Level 1:colcon.colcon_core.environment:checking '/home/asd/ros2_ws/install/simple_div' for CMake config files
[2.082s] Level 1:colcon.colcon_core.shell:create_environment_hook('simple_div', 'cmake_prefix_path')
[2.082s] INFO:colcon.colcon_core.shell:Creating environment hook '/home/asd/ros2_ws/install/simple_div/share/simple_div/hook/cmake_prefix_path.ps1'
[2.084s] INFO:colcon.colcon_core.shell:Creating environment descriptor '/home/asd/ros2_ws/install/simple_div/share/simple_div/hook/cmake_prefix_path.dsv'
[2.084s] INFO:colcon.colcon_core.shell:Creating environment hook '/home/asd/ros2_ws/install/simple_div/share/simple_div/hook/cmake_prefix_path.sh'
[2.086s] Level 1:colcon.colcon_core.environment:checking '/home/asd/ros2_ws/install/simple_div/lib'
[2.086s] Level 1:colcon.colcon_core.environment:checking '/home/asd/ros2_ws/install/simple_div/bin'
[2.086s] Level 1:colcon.colcon_core.environment:checking '/home/asd/ros2_ws/install/simple_div/lib/pkgconfig/simple_div.pc'
[2.087s] Level 1:colcon.colcon_core.environment:checking '/home/asd/ros2_ws/install/simple_div/lib/python3.10/site-packages'
[2.088s] Level 1:colcon.colcon_core.environment:checking '/home/asd/ros2_ws/install/simple_div/bin'
[2.089s] INFO:colcon.colcon_core.shell:Creating package script '/home/asd/ros2_ws/install/simple_div/share/simple_div/package.ps1'
[2.090s] INFO:colcon.colcon_core.shell:Creating package descriptor '/home/asd/ros2_ws/install/simple_div/share/simple_div/package.dsv'
[2.092s] INFO:colcon.colcon_core.shell:Creating package script '/home/asd/ros2_ws/install/simple_div/share/simple_div/package.sh'
[2.093s] INFO:colcon.colcon_core.shell:Creating package script '/home/asd/ros2_ws/install/simple_div/share/simple_div/package.bash'
[2.094s] INFO:colcon.colcon_core.shell:Creating package script '/home/asd/ros2_ws/install/simple_div/share/simple_div/package.zsh'
[2.095s] Level 1:colcon.colcon_core.environment:create_file_with_runtime_dependencies(/home/asd/ros2_ws/install/simple_div/share/colcon-core/packages/simple_div)
[2.096s] DEBUG:colcon.colcon_parallel_executor.executor.parallel:closing loop
[2.096s] DEBUG:colcon.colcon_parallel_executor.executor.parallel:loop closed
[2.097s] DEBUG:colcon.colcon_parallel_executor.executor.parallel:run_until_complete finished with '0'
[2.097s] DEBUG:colcon.colcon_core.event_reactor:joining thread
[2.112s] INFO:colcon.colcon_core.plugin_system:Skipping extension 'colcon_notification.desktop_notification.terminal_notifier': Not used on non-Darwin systems
[2.112s] INFO:colcon.colcon_core.plugin_system:Skipping extension 'colcon_notification.desktop_notification.win32': Not used on non-Windows systems
[2.113s] INFO:colcon.colcon_notification.desktop_notification:Sending desktop notification using 'notify2'
[2.169s] DEBUG:colcon.colcon_core.event_reactor:joined thread
[2.170s] INFO:colcon.colcon_core.shell:Creating prefix script '/home/asd/ros2_ws/install/local_setup.ps1'
[2.173s] INFO:colcon.colcon_core.shell:Creating prefix util module '/home/asd/ros2_ws/install/_local_setup_util_ps1.py'
[2.178s] INFO:colcon.colcon_core.shell:Creating prefix chain script '/home/asd/ros2_ws/install/setup.ps1'
[2.181s] INFO:colcon.colcon_core.shell:Creating prefix script '/home/asd/ros2_ws/install/local_setup.sh'
[2.183s] INFO:colcon.colcon_core.shell:Creating prefix util module '/home/asd/ros2_ws/install/_local_setup_util_sh.py'
[2.185s] INFO:colcon.colcon_core.shell:Creating prefix chain script '/home/asd/ros2_ws/install/setup.sh'
[2.188s] INFO:colcon.colcon_core.shell:Creating prefix script '/home/asd/ros2_ws/install/local_setup.bash'
[2.189s] INFO:colcon.colcon_core.shell:Creating prefix chain script '/home/asd/ros2_ws/install/setup.bash'
[2.192s] INFO:colcon.colcon_core.shell:Creating prefix script '/home/asd/ros2_ws/install/local_setup.zsh'
[2.194s] INFO:colcon.colcon_core.shell:Creating prefix chain script '/home/asd/ros2_ws/install/setup.zsh'
