-- Found ament_cmake: 2.0.4 (/opt/ros/iron/share/ament_cmake/cmake)
-- Found rclcpp: 21.0.5 (/opt/ros/iron/share/rclcpp/cmake)
-- Found rosidl_generator_c: 4.0.1 (/opt/ros/iron/share/rosidl_generator_c/cmake)
-- Found rosidl_generator_cpp: 4.0.1 (/opt/ros/iron/share/rosidl_generator_cpp/cmake)
-- Using all available rosidl_typesupport_c: rosidl_typesupport_fastrtps_c;rosidl_typesupport_introspection_c
-- Using all available rosidl_typesupport_cpp: rosidl_typesupport_fastrtps_cpp;rosidl_typesupport_introspection_cpp
-- Found rmw_implementation_cmake: 7.1.0 (/opt/ros/iron/share/rmw_implementation_cmake/cmake)
-- Found rmw_fastrtps_cpp: 7.1.3 (/opt/ros/iron/share/rmw_fastrtps_cpp/cmake)
-- Using RMW implementation 'rmw_fastrtps_cpp' as default
-- Found std_msgs: 5.0.0 (/opt/ros/iron/share/std_msgs/cmake)
-- Found my_package: 0.0.0 (/home/asd/ros2_ws/install/my_package/share/my_package/cmake)
-- Configuring done
-- Generating done
-- Build files have been written to: /home/asd/ros2_ws/build/simple_div
[35m[1mConsolidate compiler generated dependencies of target server[0m
[ 50%] [32mBuilding CXX object CMakeFiles/server.dir/src/simple_div.cpp.o[0m
[100%] [32m[1mLinking CXX executable server[0m
[100%] Built target server
-- Install configuration: ""
-- Installing: /home/asd/ros2_ws/install/simple_div/lib/simple_div/server
-- Set runtime path of "/home/asd/ros2_ws/install/simple_div/lib/simple_div/server" to ""
-- Up-to-date: /home/asd/ros2_ws/install/simple_div/share/ament_index/resource_index/package_run_dependencies/simple_div
-- Up-to-date: /home/asd/ros2_ws/install/simple_div/share/ament_index/resource_index/parent_prefix_path/simple_div
-- Up-to-date: /home/asd/ros2_ws/install/simple_div/share/simple_div/environment/ament_prefix_path.sh
-- Up-to-date: /home/asd/ros2_ws/install/simple_div/share/simple_div/environment/ament_prefix_path.dsv
-- Up-to-date: /home/asd/ros2_ws/install/simple_div/share/simple_div/environment/path.sh
-- Up-to-date: /home/asd/ros2_ws/install/simple_div/share/simple_div/environment/path.dsv
-- Up-to-date: /home/asd/ros2_ws/install/simple_div/share/simple_div/local_setup.bash
-- Up-to-date: /home/asd/ros2_ws/install/simple_div/share/simple_div/local_setup.sh
-- Up-to-date: /home/asd/ros2_ws/install/simple_div/share/simple_div/local_setup.zsh
-- Up-to-date: /home/asd/ros2_ws/install/simple_div/share/simple_div/local_setup.dsv
-- Installing: /home/asd/ros2_ws/install/simple_div/share/simple_div/package.dsv
-- Up-to-date: /home/asd/ros2_ws/install/simple_div/share/ament_index/resource_index/packages/simple_div
-- Installing: /home/asd/ros2_ws/install/simple_div/share/simple_div/cmake/simple_divConfig.cmake
-- Installing: /home/asd/ros2_ws/install/simple_div/share/simple_div/cmake/simple_divConfig-version.cmake
-- Installing: /home/asd/ros2_ws/install/simple_div/share/simple_div/package.xml
