[0.084s] Invoking command in '/home/asd/ros2_ws/build/simple_div': AMENT_PREFIX_PATH=/home/asd/ros2_ws/install/my_package:${AMENT_PREFIX_PATH} CMAKE_PREFIX_PATH=/home/asd/ros2_ws/install/my_package:/opt/ros/iron LD_LIBRARY_PATH=/home/asd/ros2_ws/install/my_package/lib:${LD_LIBRARY_PATH} PYTHONPATH=/home/asd/ros2_ws/install/my_package/lib/python3.10/site-packages:${PYTHONPATH} /usr/bin/cmake --build /home/asd/ros2_ws/build/simple_div -- -j4 -l4
[0.656s] [35m[1mConsolidate compiler generated dependencies of target server[0m
[1.007s] [ 50%] [32mBuilding CXX object CMakeFiles/server.dir/src/simple_div.cpp.o[0m
[28.292s] [100%] [32m[1mLinking CXX executable server[0m
[30.046s] [100%] Built target server
[30.095s] Invoked command in '/home/asd/ros2_ws/build/simple_div' returned '0': AMENT_PREFIX_PATH=/home/asd/ros2_ws/install/my_package:${AMENT_PREFIX_PATH} CMAKE_PREFIX_PATH=/home/asd/ros2_ws/install/my_package:/opt/ros/iron LD_LIBRARY_PATH=/home/asd/ros2_ws/install/my_package/lib:${LD_LIBRARY_PATH} PYTHONPATH=/home/asd/ros2_ws/install/my_package/lib/python3.10/site-packages:${PYTHONPATH} /usr/bin/cmake --build /home/asd/ros2_ws/build/simple_div -- -j4 -l4
[30.250s] Invoking command in '/home/asd/ros2_ws/build/simple_div': AMENT_PREFIX_PATH=/home/asd/ros2_ws/install/my_package:${AMENT_PREFIX_PATH} CMAKE_PREFIX_PATH=/home/asd/ros2_ws/install/my_package:/opt/ros/iron LD_LIBRARY_PATH=/home/asd/ros2_ws/install/my_package/lib:${LD_LIBRARY_PATH} PYTHONPATH=/home/asd/ros2_ws/install/my_package/lib/python3.10/site-packages:${PYTHONPATH} /usr/bin/cmake --install /home/asd/ros2_ws/build/simple_div
[30.273s] -- Install configuration: ""
[30.274s] -- Installing: /home/asd/ros2_ws/install/simple_div/lib/simple_div/server
[30.304s] -- Set runtime path of "/home/asd/ros2_ws/install/simple_div/lib/simple_div/server" to ""
[30.305s] -- Up-to-date: /home/asd/ros2_ws/install/simple_div/share/ament_index/resource_index/package_run_dependencies/simple_div
[30.305s] -- Up-to-date: /home/asd/ros2_ws/install/simple_div/share/ament_index/resource_index/parent_prefix_path/simple_div
[30.305s] -- Up-to-date: /home/asd/ros2_ws/install/simple_div/share/simple_div/environment/ament_prefix_path.sh
[30.306s] -- Up-to-date: /home/asd/ros2_ws/install/simple_div/share/simple_div/environment/ament_prefix_path.dsv
[30.306s] -- Up-to-date: /home/asd/ros2_ws/install/simple_div/share/simple_div/environment/path.sh
[30.306s] -- Up-to-date: /home/asd/ros2_ws/install/simple_div/share/simple_div/environment/path.dsv
[30.307s] -- Up-to-date: /home/asd/ros2_ws/install/simple_div/share/simple_div/local_setup.bash
[30.309s] -- Up-to-date: /home/asd/ros2_ws/install/simple_div/share/simple_div/local_setup.sh
[30.310s] -- Up-to-date: /home/asd/ros2_ws/install/simple_div/share/simple_div/local_setup.zsh
[30.310s] -- Up-to-date: /home/asd/ros2_ws/install/simple_div/share/simple_div/local_setup.dsv
[30.310s] -- Installing: /home/asd/ros2_ws/install/simple_div/share/simple_div/package.dsv
[30.310s] -- Up-to-date: /home/asd/ros2_ws/install/simple_div/share/ament_index/resource_index/packages/simple_div
[30.311s] -- Up-to-date: /home/asd/ros2_ws/install/simple_div/share/simple_div/cmake/simple_divConfig.cmake
[30.311s] -- Up-to-date: /home/asd/ros2_ws/install/simple_div/share/simple_div/cmake/simple_divConfig-version.cmake
[30.311s] -- Up-to-date: /home/asd/ros2_ws/install/simple_div/share/simple_div/package.xml
[30.313s] Invoked command in '/home/asd/ros2_ws/build/simple_div' returned '0': AMENT_PREFIX_PATH=/home/asd/ros2_ws/install/my_package:${AMENT_PREFIX_PATH} CMAKE_PREFIX_PATH=/home/asd/ros2_ws/install/my_package:/opt/ros/iron LD_LIBRARY_PATH=/home/asd/ros2_ws/install/my_package/lib:${LD_LIBRARY_PATH} PYTHONPATH=/home/asd/ros2_ws/install/my_package/lib/python3.10/site-packages:${PYTHONPATH} /usr/bin/cmake --install /home/asd/ros2_ws/build/simple_div
