[0.046s] Invoking command in '/home/asd/ros2_ws/build/my_robot_interfaces': CMAKE_PREFIX_PATH=/opt/ros/iron /usr/bin/cmake /home/asd/ros2_ws/src/my_robot_interfaces -DCMAKE_INSTALL_PREFIX=/home/asd/ros2_ws/install/my_robot_interfaces
[0.109s] -- Found ament_cmake: 2.0.4 (/opt/ros/iron/share/ament_cmake/cmake)
[0.704s] -- Found geometry_msgs: 5.0.0 (/opt/ros/iron/share/geometry_msgs/cmake)
[0.829s] -- Found rosidl_generator_c: 4.0.1 (/opt/ros/iron/share/rosidl_generator_c/cmake)
[0.878s] -- Found rosidl_generator_cpp: 4.0.1 (/opt/ros/iron/share/rosidl_generator_cpp/cmake)
[0.956s] -- Using all available rosidl_typesupport_c: rosidl_typesupport_fastrtps_c;rosidl_typesupport_introspection_c
[1.045s] -- Using all available rosidl_typesupport_cpp: rosidl_typesupport_fastrtps_cpp;rosidl_typesupport_introspection_cpp
[1.787s] -- Found rosidl_default_generators: 1.5.0 (/opt/ros/iron/share/rosidl_default_generators/cmake)
[1.825s] -- Found rosidl_adapter: 4.0.1 (/opt/ros/iron/share/rosidl_adapter/cmake)
[3.046s] [31mCMake Error at /opt/ros/iron/share/rosidl_adapter/cmake/rosidl_adapt_interfaces.cmake:57 (message):
[3.047s]   execute_process(/usr/bin/python3.10 -m rosidl_adapter --package-name
[3.047s]   my_robot_interfaces --arguments-file
[3.048s]   /home/asd/ros2_ws/build/my_robot_interfaces/rosidl_adapter__arguments__my_robot_interfaces.json
[3.048s]   --output-dir
[3.048s]   /home/asd/ros2_ws/build/my_robot_interfaces/rosidl_adapter/my_robot_interfaces
[3.049s]   --output-file
[3.049s]   /home/asd/ros2_ws/build/my_robot_interfaces/rosidl_adapter/my_robot_interfaces.idls)
[3.049s]   returned error code 1:
[3.049s] 
[3.050s]   Error with: my_robot_interfaces TargetCoordinates ---
[3.050s] 
[3.050s]   Traceback (most recent call last):
[3.051s] 
[3.051s]     File "/usr/lib/python3.10/runpy.py", line 196, in _run_module_as_main
[3.051s]       return _run_code(code, main_globals, None,
[3.052s]     File "/usr/lib/python3.10/runpy.py", line 86, in _run_code
[3.052s]       exec(code, run_globals)
[3.052s]     File "/opt/ros/iron/lib/python3.10/site-packages/rosidl_adapter/__main__.py", line 19, in <module>
[3.052s]       sys.exit(main())
[3.053s]     File "/opt/ros/iron/lib/python3.10/site-packages/rosidl_adapter/main.py", line 53, in main
[3.053s]       abs_idl_file = convert_to_idl(
[3.053s]     File "/opt/ros/iron/lib/python3.10/site-packages/rosidl_adapter/__init__.py", line 19, in convert_to_idl
[3.054s]       return convert_msg_to_idl(
[3.054s]     File "/opt/ros/iron/lib/python3.10/site-packages/rosidl_adapter/msg/__init__.py", line 28, in convert_msg_to_idl
[3.054s]       msg = parse_message_string(package_name, input_file.stem, content)
[3.055s]     File "/opt/ros/iron/lib/python3.10/site-packages/rosidl_adapter/parser.py", line 511, in parse_message_string
[3.055s]       raise InvalidFieldDefinition(line)
[3.055s] 
[3.055s]   rosidl_adapter.parser.InvalidFieldDefinition: ---
[3.056s] 
[3.056s] Call Stack (most recent call first):
[3.056s]   /opt/ros/iron/share/rosidl_cmake/cmake/rosidl_generate_interfaces.cmake:132 (rosidl_adapt_interfaces)
[3.056s] -- Configuring incomplete, errors occurred!
[3.057s] See also "/home/asd/ros2_ws/build/my_robot_interfaces/CMakeFiles/CMakeOutput.log".
[3.057s]   CMakeLists.txt:9 (rosidl_generate_interfaces)
[3.057s] 
[3.058s] [0m
[3.081s] Invoked command in '/home/asd/ros2_ws/build/my_robot_interfaces' returned '1': CMAKE_PREFIX_PATH=/opt/ros/iron /usr/bin/cmake /home/asd/ros2_ws/src/my_robot_interfaces -DCMAKE_INSTALL_PREFIX=/home/asd/ros2_ws/install/my_robot_interfaces
