[0.037s] Invoking command in '/home/asd/ros2_ws/build/my_robot_interfaces': CMAKE_PREFIX_PATH=/opt/ros/iron /usr/bin/cmake /home/asd/ros2_ws/src/my_robot_interfaces -DCMAKE_INSTALL_PREFIX=/home/asd/ros2_ws/install/my_robot_interfaces
[0.080s] -- Found ament_cmake: 2.0.4 (/opt/ros/iron/share/ament_cmake/cmake)
[0.654s] -- Found geometry_msgs: 5.0.0 (/opt/ros/iron/share/geometry_msgs/cmake)
[0.794s] -- Found rosidl_generator_c: 4.0.1 (/opt/ros/iron/share/rosidl_generator_c/cmake)
[0.847s] -- Found rosidl_generator_cpp: 4.0.1 (/opt/ros/iron/share/rosidl_generator_cpp/cmake)
[0.920s] -- Using all available rosidl_typesupport_c: rosidl_typesupport_fastrtps_c;rosidl_typesupport_introspection_c
[1.016s] -- Using all available rosidl_typesupport_cpp: rosidl_typesupport_fastrtps_cpp;rosidl_typesupport_introspection_cpp
[1.761s] -- Found rosidl_default_generators: 1.5.0 (/opt/ros/iron/share/rosidl_default_generators/cmake)
[1.798s] -- Found rosidl_adapter: 4.0.1 (/opt/ros/iron/share/rosidl_adapter/cmake)
[2.430s] [31mCMake Error at /opt/ros/iron/share/rosidl_adapter/cmake/rosidl_adapt_interfaces.cmake:57 (message):
[2.431s]   execute_process(/usr/bin/python3.10 -m rosidl_adapter --package-name
[2.431s]   my_robot_interfaces --arguments-file
[2.431s]   /home/asd/ros2_ws/build/my_robot_interfaces/rosidl_adapter__arguments__my_robot_interfaces.json
[2.432s]   --output-dir
[2.447s]   /home/asd/ros2_ws/build/my_robot_interfaces/rosidl_adapter/my_robot_interfaces
[2.448s]   --output-file
[2.448s]   /home/asd/ros2_ws/build/my_robot_interfaces/rosidl_adapter/my_robot_interfaces.idls)
[2.448s]   returned error code 1:
[2.449s] 
[2.449s]   Error with: my_robot_interfaces TargetCoordinates ---
[2.449s] 
[2.450s]   Traceback (most recent call last):
[2.450s] 
[2.451s]     File "/usr/lib/python3.10/runpy.py", line 196, in _run_module_as_main
[2.451s]       return _run_code(code, main_globals, None,
[2.453s]     File "/usr/lib/python3.10/runpy.py", line 86, in _run_code
[2.453s]       exec(code, run_globals)
[2.453s]     File "/opt/ros/iron/lib/python3.10/site-packages/rosidl_adapter/__main__.py", line 19, in <module>
[2.454s]       sys.exit(main())
[2.454s]     File "/opt/ros/iron/lib/python3.10/site-packages/rosidl_adapter/main.py", line 53, in main
[2.454s]       abs_idl_file = convert_to_idl(
[2.455s]     File "/opt/ros/iron/lib/python3.10/site-packages/rosidl_adapter/__init__.py", line 19, in convert_to_idl
[2.455s]       return convert_msg_to_idl(
[2.455s]     File "/opt/ros/iron/lib/python3.10/site-packages/rosidl_adapter/msg/__init__.py", line 28, in convert_msg_to_idl
[2.456s]       msg = parse_message_string(package_name, input_file.stem, content)
[2.456s]     File "/opt/ros/iron/lib/python3.10/site-packages/rosidl_adapter/parser.py", line 511, in parse_message_string
[2.456s]       raise InvalidFieldDefinition(line)
[2.458s] 
[2.459s]   rosidl_adapter.parser.InvalidFieldDefinition: ---
[2.459s] 
[2.460s] Call Stack (most recent call first):
[2.460s]   /opt/ros/iron/share/rosidl_cmake/cmake/rosidl_generate_interfaces.cmake:132 (rosidl_adapt_interfaces)
[2.460s]   CMakeLists.txt:9 (rosidl_generate_interfaces)
[2.461s] 
[2.461s] [0m
[2.461s] -- Configuring incomplete, errors occurred!
[2.462s] See also "/home/asd/ros2_ws/build/my_robot_interfaces/CMakeFiles/CMakeOutput.log".
[2.462s] Invoked command in '/home/asd/ros2_ws/build/my_robot_interfaces' returned '1': CMAKE_PREFIX_PATH=/opt/ros/iron /usr/bin/cmake /home/asd/ros2_ws/src/my_robot_interfaces -DCMAKE_INSTALL_PREFIX=/home/asd/ros2_ws/install/my_robot_interfaces
