[35m[1mConsolidate compiler generated dependencies of target client[0m
[ 50%] Built target server
[ 75%] [32mBuilding CXX object CMakeFiles/client.dir/src/fl_div_client.cpp.o[0m
In file included from [01m[K/opt/ros/iron/include/rclcpp/rclcpp/logging.hpp:24[m[K,
                 from [01m[K/opt/ros/iron/include/rclcpp/rclcpp/client.hpp:43[m[K,
                 from [01m[K/opt/ros/iron/include/rclcpp/rclcpp/callback_group.hpp:24[m[K,
                 from [01m[K/opt/ros/iron/include/rclcpp/rclcpp/any_executable.hpp:20[m[K,
                 from [01m[K/opt/ros/iron/include/rclcpp/rclcpp/memory_strategy.hpp:25[m[K,
                 from [01m[K/opt/ros/iron/include/rclcpp/rclcpp/memory_strategies.hpp:18[m[K,
                 from [01m[K/opt/ros/iron/include/rclcpp/rclcpp/executor_options.hpp:20[m[K,
                 from [01m[K/opt/ros/iron/include/rclcpp/rclcpp/executor.hpp:37[m[K,
                 from [01m[K/opt/ros/iron/include/rclcpp/rclcpp/executors/multi_threaded_executor.hpp:25[m[K,
                 from [01m[K/opt/ros/iron/include/rclcpp/rclcpp/executors.hpp:21[m[K,
                 from [01m[K/opt/ros/iron/include/rclcpp/rclcpp/rclcpp.hpp:167[m[K,
                 from [01m[K/home/asd/ros2_ws/src/fl_div/src/fl_div_client.cpp:1[m[K:
[01m[K/home/asd/ros2_ws/src/fl_div/src/fl_div_client.cpp:[m[K In function ‘[01m[Kint main(int, char**)[m[K’:
[01m[K/home/asd/ros2_ws/src/fl_div/src/fl_div_client.cpp:85:51:[m[K [01;35m[Kwarning: [m[Kformat ‘[01m[K%d[m[K’ expects argument of type ‘[01m[Kint[m[K’, but argument 5 has type ‘[01m[Kmy_package::srv::AddTwoInts2_Response_<std::allocator<void> >::_sum_type[m[K’ {aka ‘[01m[Kdouble[m[K’} [[01;35m[K]8;;https://gcc.gnu.org/onlinedocs/gcc/Warning-Options.html#index-Wformat=-Wformat=]8;;[m[K]
   85 |         RCLCPP_INFO(rclcpp::get_logger("rclcpp"), [01;35m[K"Result: %d"[m[K, [32m[Kresult.get()->sum[m[K);
      |                                                   [01;35m[K^~~~~~~~~~~~[m[K  [32m[K~~~~~~~~~~~~~~~~~[m[K
      |                                                                               [32m[K|[m[K
      |                                                                               [32m[Kmy_package::srv::AddTwoInts2_Response_<std::allocator<void> >::_sum_type {aka double}[m[K
[01m[K/home/asd/ros2_ws/src/fl_div/src/fl_div_client.cpp:85:61:[m[K [01;36m[Knote: [m[Kformat string is defined here
   85 |         RCLCPP_INFO(rclcpp::get_logger("rclcpp"), "Result: [01;36m[K%d[m[K", result.get()->sum);
      |                                                            [01;36m[K~^[m[K
      |                                                             [01;36m[K|[m[K
      |                                                             [01;36m[Kint[m[K
      |                                                            [32m[K%f[m[K
[100%] [32m[1mLinking CXX executable client[0m
[100%] Built target client
-- Install configuration: ""
-- Installing: /home/asd/ros2_ws/install/fl_div/lib/fl_div/server
-- Set runtime path of "/home/asd/ros2_ws/install/fl_div/lib/fl_div/server" to ""
-- Installing: /home/asd/ros2_ws/install/fl_div/lib/fl_div/client
-- Set runtime path of "/home/asd/ros2_ws/install/fl_div/lib/fl_div/client" to ""
-- Up-to-date: /home/asd/ros2_ws/install/fl_div/share/ament_index/resource_index/package_run_dependencies/fl_div
-- Up-to-date: /home/asd/ros2_ws/install/fl_div/share/ament_index/resource_index/parent_prefix_path/fl_div
-- Up-to-date: /home/asd/ros2_ws/install/fl_div/share/fl_div/environment/ament_prefix_path.sh
-- Up-to-date: /home/asd/ros2_ws/install/fl_div/share/fl_div/environment/ament_prefix_path.dsv
-- Up-to-date: /home/asd/ros2_ws/install/fl_div/share/fl_div/environment/path.sh
-- Up-to-date: /home/asd/ros2_ws/install/fl_div/share/fl_div/environment/path.dsv
-- Up-to-date: /home/asd/ros2_ws/install/fl_div/share/fl_div/local_setup.bash
-- Up-to-date: /home/asd/ros2_ws/install/fl_div/share/fl_div/local_setup.sh
-- Up-to-date: /home/asd/ros2_ws/install/fl_div/share/fl_div/local_setup.zsh
-- Up-to-date: /home/asd/ros2_ws/install/fl_div/share/fl_div/local_setup.dsv
-- Installing: /home/asd/ros2_ws/install/fl_div/share/fl_div/package.dsv
-- Up-to-date: /home/asd/ros2_ws/install/fl_div/share/ament_index/resource_index/packages/fl_div
-- Up-to-date: /home/asd/ros2_ws/install/fl_div/share/fl_div/cmake/fl_divConfig.cmake
-- Up-to-date: /home/asd/ros2_ws/install/fl_div/share/fl_div/cmake/fl_divConfig-version.cmake
-- Up-to-date: /home/asd/ros2_ws/install/fl_div/share/fl_div/package.xml
