[0.059s] Invoking command in '/home/asd/ros2_ws/build/div': AMENT_PREFIX_PATH=/home/asd/ros2_ws/install/my_package:${AMENT_PREFIX_PATH} CMAKE_PREFIX_PATH=/home/asd/ros2_ws/install/my_package:/opt/ros/iron LD_LIBRARY_PATH=/home/asd/ros2_ws/install/my_package/lib:${LD_LIBRARY_PATH} PYTHONPATH=/home/asd/ros2_ws/install/my_package/lib/python3.10/site-packages:${PYTHONPATH} /usr/bin/cmake --build /home/asd/ros2_ws/build/div -- -j4 -l4
[0.165s] -- Found ament_cmake: 2.0.4 (/opt/ros/iron/share/ament_cmake/cmake)
[0.706s] -- Found rclcpp: 21.0.5 (/opt/ros/iron/share/rclcpp/cmake)
[0.859s] -- Found rosidl_generator_c: 4.0.1 (/opt/ros/iron/share/rosidl_generator_c/cmake)
[0.904s] -- Found rosidl_generator_cpp: 4.0.1 (/opt/ros/iron/share/rosidl_generator_cpp/cmake)
[0.981s] -- Using all available rosidl_typesupport_c: rosidl_typesupport_fastrtps_c;rosidl_typesupport_introspection_c
[1.069s] -- Using all available rosidl_typesupport_cpp: rosidl_typesupport_fastrtps_cpp;rosidl_typesupport_introspection_cpp
[2.287s] -- Found rmw_implementation_cmake: 7.1.0 (/opt/ros/iron/share/rmw_implementation_cmake/cmake)
[2.293s] -- Found rmw_fastrtps_cpp: 7.1.3 (/opt/ros/iron/share/rmw_fastrtps_cpp/cmake)
[2.901s] -- Using RMW implementation 'rmw_fastrtps_cpp' as default
[4.144s] -- Found my_package: 0.0.0 (/home/asd/ros2_ws/install/my_package/share/my_package/cmake)
[7.193s] -- Configuring done
[7.259s] -- Generating done
[7.268s] -- Build files have been written to: /home/asd/ros2_ws/build/div
[7.393s] [ 25%] [32mBuilding CXX object CMakeFiles/client.dir/src/div_client.cpp.o[0m
[7.397s] [ 50%] [32mBuilding CXX object CMakeFiles/server.dir/src/div_server.cpp.o[0m
[22.817s] [ 75%] [32m[1mLinking CXX executable server[0m
[22.847s] [100%] [32m[1mLinking CXX executable client[0m
[24.658s] [100%] Built target server
[24.701s] [100%] Built target client
[24.740s] Invoked command in '/home/asd/ros2_ws/build/div' returned '0': AMENT_PREFIX_PATH=/home/asd/ros2_ws/install/my_package:${AMENT_PREFIX_PATH} CMAKE_PREFIX_PATH=/home/asd/ros2_ws/install/my_package:/opt/ros/iron LD_LIBRARY_PATH=/home/asd/ros2_ws/install/my_package/lib:${LD_LIBRARY_PATH} PYTHONPATH=/home/asd/ros2_ws/install/my_package/lib/python3.10/site-packages:${PYTHONPATH} /usr/bin/cmake --build /home/asd/ros2_ws/build/div -- -j4 -l4
[24.896s] Invoking command in '/home/asd/ros2_ws/build/div': AMENT_PREFIX_PATH=/home/asd/ros2_ws/install/my_package:${AMENT_PREFIX_PATH} CMAKE_PREFIX_PATH=/home/asd/ros2_ws/install/my_package:/opt/ros/iron LD_LIBRARY_PATH=/home/asd/ros2_ws/install/my_package/lib:${LD_LIBRARY_PATH} PYTHONPATH=/home/asd/ros2_ws/install/my_package/lib/python3.10/site-packages:${PYTHONPATH} /usr/bin/cmake --install /home/asd/ros2_ws/build/div
[24.931s] -- Install configuration: ""
[24.931s] -- Installing: /home/asd/ros2_ws/install/div/lib/div/server
[24.934s] -- Set runtime path of "/home/asd/ros2_ws/install/div/lib/div/server" to ""
[24.934s] -- Installing: /home/asd/ros2_ws/install/div/lib/div/client
[24.940s] -- Set runtime path of "/home/asd/ros2_ws/install/div/lib/div/client" to ""
[24.940s] -- Installing: /home/asd/ros2_ws/install/div/share/ament_index/resource_index/package_run_dependencies/div
[24.941s] -- Installing: /home/asd/ros2_ws/install/div/share/ament_index/resource_index/parent_prefix_path/div
[24.943s] -- Installing: /home/asd/ros2_ws/install/div/share/div/environment/ament_prefix_path.sh
[24.943s] -- Installing: /home/asd/ros2_ws/install/div/share/div/environment/ament_prefix_path.dsv
[24.944s] -- Installing: /home/asd/ros2_ws/install/div/share/div/environment/path.sh
[24.945s] -- Installing: /home/asd/ros2_ws/install/div/share/div/environment/path.dsv
[24.945s] -- Installing: /home/asd/ros2_ws/install/div/share/div/local_setup.bash
[24.946s] -- Installing: /home/asd/ros2_ws/install/div/share/div/local_setup.sh
[24.946s] -- Installing: /home/asd/ros2_ws/install/div/share/div/local_setup.zsh
[24.947s] -- Installing: /home/asd/ros2_ws/install/div/share/div/local_setup.dsv
[24.948s] -- Installing: /home/asd/ros2_ws/install/div/share/div/package.dsv
[24.949s] -- Installing: /home/asd/ros2_ws/install/div/share/ament_index/resource_index/packages/div
[24.949s] -- Installing: /home/asd/ros2_ws/install/div/share/div/cmake/divConfig.cmake
[24.949s] -- Installing: /home/asd/ros2_ws/install/div/share/div/cmake/divConfig-version.cmake
[24.950s] -- Installing: /home/asd/ros2_ws/install/div/share/div/package.xml
[24.956s] Invoked command in '/home/asd/ros2_ws/build/div' returned '0': AMENT_PREFIX_PATH=/home/asd/ros2_ws/install/my_package:${AMENT_PREFIX_PATH} CMAKE_PREFIX_PATH=/home/asd/ros2_ws/install/my_package:/opt/ros/iron LD_LIBRARY_PATH=/home/asd/ros2_ws/install/my_package/lib:${LD_LIBRARY_PATH} PYTHONPATH=/home/asd/ros2_ws/install/my_package/lib/python3.10/site-packages:${PYTHONPATH} /usr/bin/cmake --install /home/asd/ros2_ws/build/div
