[35m[1mConsolidate compiler generated dependencies of target server[0m
[ 50%] Built target client
[ 75%] [32mBuilding CXX object CMakeFiles/server.dir/src/fl_div_server.cpp.o[0m
In file included from [01m[K/opt/ros/iron/include/rclcpp/rclcpp/logging.hpp:24[m[K,
                 from [01m[K/opt/ros/iron/include/rclcpp/rclcpp/client.hpp:43[m[K,
                 from [01m[K/opt/ros/iron/include/rclcpp/rclcpp/callback_group.hpp:24[m[K,
                 from [01m[K/opt/ros/iron/include/rclcpp/rclcpp/any_executable.hpp:20[m[K,
                 from [01m[K/opt/ros/iron/include/rclcpp/rclcpp/memory_strategy.hpp:25[m[K,
                 from [01m[K/opt/ros/iron/include/rclcpp/rclcpp/memory_strategies.hpp:18[m[K,
                 from [01m[K/opt/ros/iron/include/rclcpp/rclcpp/executor_options.hpp:20[m[K,
                 from [01m[K/opt/ros/iron/include/rclcpp/rclcpp/executor.hpp:37[m[K,
                 from [01m[K/opt/ros/iron/include/rclcpp/rclcpp/executors/multi_threaded_executor.hpp:25[m[K,
                 from [01m[K/opt/ros/iron/include/rclcpp/rclcpp/executors.hpp:21[m[K,
                 from [01m[K/opt/ros/iron/include/rclcpp/rclcpp/rclcpp.hpp:167[m[K,
                 from [01m[K/home/asd/ros2_ws/src/fl_div/src/fl_div_server.cpp:1[m[K:
[01m[K/home/asd/ros2_ws/src/fl_div/src/fl_div_server.cpp:[m[K In function ‘[01m[Kvoid add(std::shared_ptr<example_interfaces::srv::AddTwoInts_Request_<std::allocator<void> > >, std::shared_ptr<example_interfaces::srv::AddTwoInts_Response_<std::allocator<void> > >)[m[K’:
[01m[K/home/asd/ros2_ws/src/fl_div/src/fl_div_server.cpp:14:47:[m[K [01;35m[Kwarning: [m[Kformat ‘[01m[K%f[m[K’ expects argument of type ‘[01m[Kdouble[m[K’, but argument 5 has type ‘[01m[Kexample_interfaces::srv::AddTwoInts_Request_<std::allocator<void> >::_a_type[m[K’ {aka ‘[01m[Klong int[m[K’} [[01;35m[K]8;;https://gcc.gnu.org/onlinedocs/gcc/Warning-Options.html#index-Wformat=-Wformat=]8;;[m[K]
   14 |     RCLCPP_INFO(rclcpp::get_logger("rclcpp"), [01;35m[K"Incoming request\na: %f " "b: %f"[m[K,
      |                                               [01;35m[K^~~~~~~~~~~~~~~~~~~~~~~~~~~~~~~~~~[m[K
   15 |         [32m[Krequest->a[m[K, request->b);
      |         [32m[K~~~~~~~~~~[m[K                             
      |                  [32m[K|[m[K
      |                  [32m[Kexample_interfaces::srv::AddTwoInts_Request_<std::allocator<void> >::_a_type {aka long int}[m[K
[01m[K/home/asd/ros2_ws/src/fl_div/src/fl_div_server.cpp:14:70:[m[K [01;36m[Knote: [m[Kformat string is defined here
   14 | P_INFO(rclcpp::get_logger("rclcpp"), "Incoming request\na: [01;36m[K%f[m[K " "b: %f",
      |                                                            [01;36m[K~^[m[K
      |                                                             [01;36m[K|[m[K
      |                                                             [01;36m[Kdouble[m[K
      |                                                            [32m[K%ld[m[K
In file included from [01m[K/opt/ros/iron/include/rclcpp/rclcpp/logging.hpp:24[m[K,
                 from [01m[K/opt/ros/iron/include/rclcpp/rclcpp/client.hpp:43[m[K,
                 from [01m[K/opt/ros/iron/include/rclcpp/rclcpp/callback_group.hpp:24[m[K,
                 from [01m[K/opt/ros/iron/include/rclcpp/rclcpp/any_executable.hpp:20[m[K,
                 from [01m[K/opt/ros/iron/include/rclcpp/rclcpp/memory_strategy.hpp:25[m[K,
                 from [01m[K/opt/ros/iron/include/rclcpp/rclcpp/memory_strategies.hpp:18[m[K,
                 from [01m[K/opt/ros/iron/include/rclcpp/rclcpp/executor_options.hpp:20[m[K,
                 from [01m[K/opt/ros/iron/include/rclcpp/rclcpp/executor.hpp:37[m[K,
                 from [01m[K/opt/ros/iron/include/rclcpp/rclcpp/executors/multi_threaded_executor.hpp:25[m[K,
                 from [01m[K/opt/ros/iron/include/rclcpp/rclcpp/executors.hpp:21[m[K,
                 from [01m[K/opt/ros/iron/include/rclcpp/rclcpp/rclcpp.hpp:167[m[K,
                 from [01m[K/home/asd/ros2_ws/src/fl_div/src/fl_div_server.cpp:1[m[K:
[01m[K/home/asd/ros2_ws/src/fl_div/src/fl_div_server.cpp:14:47:[m[K [01;35m[Kwarning: [m[Kformat ‘[01m[K%f[m[K’ expects argument of type ‘[01m[Kdouble[m[K’, but argument 6 has type ‘[01m[Kexample_interfaces::srv::AddTwoInts_Request_<std::allocator<void> >::_b_type[m[K’ {aka ‘[01m[Klong int[m[K’} [[01;35m[K]8;;https://gcc.gnu.org/onlinedocs/gcc/Warning-Options.html#index-Wformat=-Wformat=]8;;[m[K]
   14 |     RCLCPP_INFO(rclcpp::get_logger("rclcpp"), [01;35m[K"Incoming request\na: %f " "b: %f"[m[K,
      |                                               [01;35m[K^~~~~~~~~~~~~~~~~~~~~~~~~~~~~~~~~~[m[K
   15 |         request->a, [32m[Krequest->b[m[K);
      |                     [32m[K~~~~~~~~~~[m[K                 
      |                              [32m[K|[m[K
      |                              [32m[Kexample_interfaces::srv::AddTwoInts_Request_<std::allocator<void> >::_b_type {aka long int}[m[K
[01m[K/home/asd/ros2_ws/src/fl_div/src/fl_div_server.cpp:14:79:[m[K [01;36m[Knote: [m[Kformat string is defined here
   14 | _INFO(rclcpp::get_logger("rclcpp"), "Incoming request\na: %f " "b: [01;36m[K%f[m[K",
      |                                                                    [01;36m[K~^[m[K
      |                                                                     [01;36m[K|[m[K
      |                                                                     [01;36m[Kdouble[m[K
      |                                                                    [32m[K%ld[m[K
[100%] [32m[1mLinking CXX executable server[0m
[100%] Built target server
-- Install configuration: ""
-- Installing: /home/asd/ros2_ws/install/fl_div/lib/fl_div/server
-- Set runtime path of "/home/asd/ros2_ws/install/fl_div/lib/fl_div/server" to ""
-- Up-to-date: /home/asd/ros2_ws/install/fl_div/lib/fl_div/client
-- Up-to-date: /home/asd/ros2_ws/install/fl_div/share/ament_index/resource_index/package_run_dependencies/fl_div
-- Up-to-date: /home/asd/ros2_ws/install/fl_div/share/ament_index/resource_index/parent_prefix_path/fl_div
-- Up-to-date: /home/asd/ros2_ws/install/fl_div/share/fl_div/environment/ament_prefix_path.sh
-- Up-to-date: /home/asd/ros2_ws/install/fl_div/share/fl_div/environment/ament_prefix_path.dsv
-- Up-to-date: /home/asd/ros2_ws/install/fl_div/share/fl_div/environment/path.sh
-- Up-to-date: /home/asd/ros2_ws/install/fl_div/share/fl_div/environment/path.dsv
-- Up-to-date: /home/asd/ros2_ws/install/fl_div/share/fl_div/local_setup.bash
-- Up-to-date: /home/asd/ros2_ws/install/fl_div/share/fl_div/local_setup.sh
-- Up-to-date: /home/asd/ros2_ws/install/fl_div/share/fl_div/local_setup.zsh
-- Up-to-date: /home/asd/ros2_ws/install/fl_div/share/fl_div/local_setup.dsv
-- Installing: /home/asd/ros2_ws/install/fl_div/share/fl_div/package.dsv
-- Up-to-date: /home/asd/ros2_ws/install/fl_div/share/ament_index/resource_index/packages/fl_div
-- Up-to-date: /home/asd/ros2_ws/install/fl_div/share/fl_div/cmake/fl_divConfig.cmake
-- Up-to-date: /home/asd/ros2_ws/install/fl_div/share/fl_div/cmake/fl_divConfig-version.cmake
-- Up-to-date: /home/asd/ros2_ws/install/fl_div/share/fl_div/package.xml
