[0.038s] Invoking command in '/home/asd/ros2_ws/build/my_package': CMAKE_PREFIX_PATH=/opt/ros/iron /usr/bin/cmake --build /home/asd/ros2_ws/build/my_package -- -j4 -l4
[0.253s] [  1%] Built target my_package__rosidl_generator_type_description
[0.291s] [  1%] Built target ament_cmake_python_copy_my_package
[0.342s] [35m[1mConsolidate compiler generated dependencies of target my_package__rosidl_generator_c[0m
[0.348s] [  3%] Built target my_package__cpp
[0.401s] [ 24%] Built target my_package__rosidl_generator_c
[0.446s] [35m[1mConsolidate compiler generated dependencies of target my_package__rosidl_typesupport_cpp[0m
[0.461s] [35m[1mConsolidate compiler generated dependencies of target my_package__rosidl_typesupport_fastrtps_cpp[0m
[0.461s] [35m[1mConsolidate compiler generated dependencies of target my_package__rosidl_typesupport_fastrtps_c[0m
[0.506s] [ 33%] Built target my_package__rosidl_typesupport_cpp
[0.530s] [ 42%] Built target my_package__rosidl_typesupport_fastrtps_c
[0.538s] [ 51%] Built target my_package__rosidl_typesupport_fastrtps_cpp
[0.546s] [35m[1mConsolidate compiler generated dependencies of target my_package__rosidl_typesupport_introspection_c[0m
[0.590s] [35m[1mConsolidate compiler generated dependencies of target my_package__rosidl_typesupport_c[0m
[0.600s] [35m[1mConsolidate compiler generated dependencies of target my_package__rosidl_typesupport_introspection_cpp[0m
[0.614s] [ 61%] Built target my_package__rosidl_typesupport_introspection_c
[0.642s] [ 70%] Built target my_package__rosidl_typesupport_c
[0.672s] [ 79%] Built target my_package__rosidl_typesupport_introspection_cpp
[0.751s] [ 79%] Built target my_package
[0.828s] [ 81%] [34m[1mGenerating Python code for ROS interfaces[0m
[1.293s] running egg_info
[1.296s] writing my_package.egg-info/PKG-INFO
[1.296s] writing dependency_links to my_package.egg-info/dependency_links.txt
[1.297s] writing top-level names to my_package.egg-info/top_level.txt
[1.305s] reading manifest file 'my_package.egg-info/SOURCES.txt'
[1.308s] writing manifest file 'my_package.egg-info/SOURCES.txt'
[1.395s] [ 81%] Built target ament_cmake_python_build_my_package_egg
[3.490s] [ 81%] Built target my_package__py
[3.610s] [35m[1mConsolidate compiler generated dependencies of target my_package__rosidl_generator_py[0m
[3.685s] [ 85%] [32mBuilding C object CMakeFiles/my_package__rosidl_generator_py.dir/rosidl_generator_py/my_package/srv/_add_two_ints2_s.c.o[0m
[3.686s] [ 85%] [32mBuilding C object CMakeFiles/my_package__rosidl_generator_py.dir/rosidl_generator_py/my_package/msg/_two_floats_s.c.o[0m
[3.686s] [ 87%] [32mBuilding C object CMakeFiles/my_package__rosidl_generator_py.dir/rosidl_generator_py/my_package/msg/_add_two_ints2_s.c.o[0m
[4.603s] [ 88%] [32m[1mLinking C shared library rosidl_generator_py/my_package/libmy_package__rosidl_generator_py.so[0m
[4.813s] [ 88%] Built target my_package__rosidl_generator_py
[4.904s] [35m[1mConsolidate compiler generated dependencies of target my_package__rosidl_typesupport_introspection_c__pyext[0m
[4.909s] [35m[1mConsolidate compiler generated dependencies of target my_package__rosidl_typesupport_c__pyext[0m
[4.933s] [35m[1mConsolidate compiler generated dependencies of target my_package__rosidl_typesupport_fastrtps_c__pyext[0m
[4.958s] [ 90%] [32mBuilding C object CMakeFiles/my_package__rosidl_typesupport_fastrtps_c__pyext.dir/rosidl_generator_py/my_package/_my_package_s.ep.rosidl_typesupport_fastrtps_c.c.o[0m
[4.970s] [ 92%] [32mBuilding C object CMakeFiles/my_package__rosidl_typesupport_c__pyext.dir/rosidl_generator_py/my_package/_my_package_s.ep.rosidl_typesupport_c.c.o[0m
[4.996s] [ 94%] [32mBuilding C object CMakeFiles/my_package__rosidl_typesupport_introspection_c__pyext.dir/rosidl_generator_py/my_package/_my_package_s.ep.rosidl_typesupport_introspection_c.c.o[0m
[5.480s] [ 96%] [32m[1mLinking C shared library rosidl_generator_py/my_package/my_package_s__rosidl_typesupport_fastrtps_c.cpython-310-x86_64-linux-gnu.so[0m
[5.530s] [ 98%] [32m[1mLinking C shared library rosidl_generator_py/my_package/my_package_s__rosidl_typesupport_introspection_c.cpython-310-x86_64-linux-gnu.so[0m
[5.550s] [100%] [32m[1mLinking C shared library rosidl_generator_py/my_package/my_package_s__rosidl_typesupport_c.cpython-310-x86_64-linux-gnu.so[0m
[5.688s] [100%] Built target my_package__rosidl_typesupport_fastrtps_c__pyext
[5.733s] [100%] Built target my_package__rosidl_typesupport_introspection_c__pyext
[5.744s] [100%] Built target my_package__rosidl_typesupport_c__pyext
[5.786s] Invoked command in '/home/asd/ros2_ws/build/my_package' returned '0': CMAKE_PREFIX_PATH=/opt/ros/iron /usr/bin/cmake --build /home/asd/ros2_ws/build/my_package -- -j4 -l4
[6.184s] Invoking command in '/home/asd/ros2_ws/build/my_package': CMAKE_PREFIX_PATH=/opt/ros/iron /usr/bin/cmake --install /home/asd/ros2_ws/build/my_package
[6.227s] -- Install configuration: ""
[6.473s] -- Installing: /home/asd/ros2_ws/install/my_package/share/ament_index/resource_index/rosidl_interfaces/my_package
[6.474s] -- Installing: /home/asd/ros2_ws/install/my_package/share/my_package/msg/AddTwoInts2.json
[6.475s] -- Installing: /home/asd/ros2_ws/install/my_package/share/my_package/msg/TwoFloats.json
[6.476s] -- Installing: /home/asd/ros2_ws/install/my_package/share/my_package/srv/AddTwoInts2.json
[6.478s] -- Up-to-date: /home/asd/ros2_ws/install/my_package/include/my_package/my_package
[6.478s] -- Up-to-date: /home/asd/ros2_ws/install/my_package/include/my_package/my_package/msg
[6.479s] -- Up-to-date: /home/asd/ros2_ws/install/my_package/include/my_package/my_package/msg/detail
[6.480s] -- Installing: /home/asd/ros2_ws/install/my_package/include/my_package/my_package/msg/detail/add_two_ints2__struct.h
[6.481s] -- Up-to-date: /home/asd/ros2_ws/install/my_package/include/my_package/my_package/msg/detail/divide_two_floats__functions.c
[6.481s] -- Installing: /home/asd/ros2_ws/install/my_package/include/my_package/my_package/msg/detail/divide_two_floats__type_support.c
[6.506s] -- Installing: /home/asd/ros2_ws/install/my_package/include/my_package/my_package/msg/detail/two_floats__struct.h
[6.506s] -- Up-to-date: /home/asd/ros2_ws/install/my_package/include/my_package/my_package/msg/detail/divide_two_floats__description.c
[6.507s] -- Installing: /home/asd/ros2_ws/install/my_package/include/my_package/my_package/msg/detail/two_floats__description.c
[6.508s] -- Installing: /home/asd/ros2_ws/install/my_package/include/my_package/my_package/msg/detail/two_floats__type_support.c
[6.508s] -- Installing: /home/asd/ros2_ws/install/my_package/include/my_package/my_package/msg/detail/add_two_ints2__functions.c
[6.509s] -- Up-to-date: /home/asd/ros2_ws/install/my_package/include/my_package/my_package/msg/detail/divide_two_floats__functions.h
[6.510s] -- Up-to-date: /home/asd/ros2_ws/install/my_package/include/my_package/my_package/msg/detail/divide_two_floats__struct.h
[6.510s] -- Installing: /home/asd/ros2_ws/install/my_package/include/my_package/my_package/msg/detail/add_two_ints2__description.c
[6.510s] -- Installing: /home/asd/ros2_ws/install/my_package/include/my_package/my_package/msg/detail/add_two_ints2__type_support.h
[6.511s] -- Up-to-date: /home/asd/ros2_ws/install/my_package/include/my_package/my_package/msg/detail/divide_two_floats__type_support.h
[6.511s] -- Installing: /home/asd/ros2_ws/install/my_package/include/my_package/my_package/msg/detail/two_floats__functions.h
[6.512s] -- Installing: /home/asd/ros2_ws/install/my_package/include/my_package/my_package/msg/detail/add_two_ints2__type_support.c
[6.512s] -- Installing: /home/asd/ros2_ws/install/my_package/include/my_package/my_package/msg/detail/add_two_ints2__functions.h
[6.513s] -- Installing: /home/asd/ros2_ws/install/my_package/include/my_package/my_package/msg/detail/two_floats__type_support.h
[6.513s] -- Installing: /home/asd/ros2_ws/install/my_package/include/my_package/my_package/msg/detail/two_floats__functions.c
[6.514s] -- Installing: /home/asd/ros2_ws/install/my_package/include/my_package/my_package/msg/two_floats.h
[6.515s] -- Installing: /home/asd/ros2_ws/install/my_package/include/my_package/my_package/msg/add_two_ints2.h
[6.515s] -- Up-to-date: /home/asd/ros2_ws/install/my_package/include/my_package/my_package/msg/divide_two_floats.h
[6.516s] -- Up-to-date: /home/asd/ros2_ws/install/my_package/include/my_package/my_package/msg/rosidl_generator_c__visibility_control.h
[6.517s] -- Up-to-date: /home/asd/ros2_ws/install/my_package/include/my_package/my_package/srv
[6.517s] -- Up-to-date: /home/asd/ros2_ws/install/my_package/include/my_package/my_package/srv/detail
[6.518s] -- Installing: /home/asd/ros2_ws/install/my_package/include/my_package/my_package/srv/detail/add_two_ints2__struct.h
[6.518s] -- Up-to-date: /home/asd/ros2_ws/install/my_package/include/my_package/my_package/srv/detail/divide_two_floats__functions.c
[6.519s] -- Installing: /home/asd/ros2_ws/install/my_package/include/my_package/my_package/srv/detail/divide_two_floats__type_support.c
[6.520s] -- Up-to-date: /home/asd/ros2_ws/install/my_package/include/my_package/my_package/srv/detail/divide_two_floats__description.c
[6.520s] -- Installing: /home/asd/ros2_ws/install/my_package/include/my_package/my_package/srv/detail/add_two_ints2__functions.c
[6.521s] -- Up-to-date: /home/asd/ros2_ws/install/my_package/include/my_package/my_package/srv/detail/divide_two_floats__functions.h
[6.521s] -- Up-to-date: /home/asd/ros2_ws/install/my_package/include/my_package/my_package/srv/detail/divide_two_floats__struct.h
[6.522s] -- Installing: /home/asd/ros2_ws/install/my_package/include/my_package/my_package/srv/detail/add_two_ints2__description.c
[6.522s] -- Installing: /home/asd/ros2_ws/install/my_package/include/my_package/my_package/srv/detail/add_two_ints2__type_support.h
[6.523s] -- Up-to-date: /home/asd/ros2_ws/install/my_package/include/my_package/my_package/srv/detail/divide_two_floats__type_support.h
[6.523s] -- Installing: /home/asd/ros2_ws/install/my_package/include/my_package/my_package/srv/detail/add_two_ints2__type_support.c
[6.524s] -- Installing: /home/asd/ros2_ws/install/my_package/include/my_package/my_package/srv/detail/add_two_ints2__functions.h
[6.528s] -- Installing: /home/asd/ros2_ws/install/my_package/include/my_package/my_package/srv/add_two_ints2.h
[6.529s] -- Up-to-date: /home/asd/ros2_ws/install/my_package/include/my_package/my_package/srv/divide_two_floats.h
[6.530s] -- Up-to-date: /home/asd/ros2_ws/install/my_package/share/my_package/environment/library_path.sh
[6.530s] -- Up-to-date: /home/asd/ros2_ws/install/my_package/share/my_package/environment/library_path.dsv
[6.539s] -- Installing: /home/asd/ros2_ws/install/my_package/lib/libmy_package__rosidl_generator_c.so
[6.541s] -- Set runtime path of "/home/asd/ros2_ws/install/my_package/lib/libmy_package__rosidl_generator_c.so" to ""
[6.541s] -- Up-to-date: /home/asd/ros2_ws/install/my_package/include/my_package/my_package
[6.542s] -- Up-to-date: /home/asd/ros2_ws/install/my_package/include/my_package/my_package/msg
[6.542s] -- Up-to-date: /home/asd/ros2_ws/install/my_package/include/my_package/my_package/msg/detail
[6.543s] -- Up-to-date: /home/asd/ros2_ws/install/my_package/include/my_package/my_package/msg/detail/divide_two_floats__rosidl_typesupport_fastrtps_c.h
[6.543s] -- Installing: /home/asd/ros2_ws/install/my_package/include/my_package/my_package/msg/detail/add_two_ints2__rosidl_typesupport_fastrtps_c.h
[6.543s] -- Installing: /home/asd/ros2_ws/install/my_package/include/my_package/my_package/msg/detail/two_floats__rosidl_typesupport_fastrtps_c.h
[6.544s] -- Up-to-date: /home/asd/ros2_ws/install/my_package/include/my_package/my_package/msg/rosidl_typesupport_fastrtps_c__visibility_control.h
[6.544s] -- Up-to-date: /home/asd/ros2_ws/install/my_package/include/my_package/my_package/srv
[6.545s] -- Up-to-date: /home/asd/ros2_ws/install/my_package/include/my_package/my_package/srv/detail
[6.545s] -- Up-to-date: /home/asd/ros2_ws/install/my_package/include/my_package/my_package/srv/detail/divide_two_floats__rosidl_typesupport_fastrtps_c.h
[6.546s] -- Installing: /home/asd/ros2_ws/install/my_package/include/my_package/my_package/srv/detail/add_two_ints2__rosidl_typesupport_fastrtps_c.h
[6.548s] -- Installing: /home/asd/ros2_ws/install/my_package/lib/libmy_package__rosidl_typesupport_fastrtps_c.so
[6.550s] -- Set runtime path of "/home/asd/ros2_ws/install/my_package/lib/libmy_package__rosidl_typesupport_fastrtps_c.so" to ""
[6.555s] -- Up-to-date: /home/asd/ros2_ws/install/my_package/include/my_package/my_package
[6.556s] -- Up-to-date: /home/asd/ros2_ws/install/my_package/include/my_package/my_package/msg
[6.557s] -- Installing: /home/asd/ros2_ws/install/my_package/include/my_package/my_package/msg/two_floats.hpp
[6.557s] -- Installing: /home/asd/ros2_ws/install/my_package/include/my_package/my_package/msg/add_two_ints2.hpp
[6.558s] -- Up-to-date: /home/asd/ros2_ws/install/my_package/include/my_package/my_package/msg/detail
[6.558s] -- Installing: /home/asd/ros2_ws/install/my_package/include/my_package/my_package/msg/detail/two_floats__traits.hpp
[6.559s] -- Installing: /home/asd/ros2_ws/install/my_package/include/my_package/my_package/msg/detail/add_two_ints2__traits.hpp
[6.559s] -- Installing: /home/asd/ros2_ws/install/my_package/include/my_package/my_package/msg/detail/two_floats__struct.hpp
[6.560s] -- Installing: /home/asd/ros2_ws/install/my_package/include/my_package/my_package/msg/detail/add_two_ints2__builder.hpp
[6.561s] -- Up-to-date: /home/asd/ros2_ws/install/my_package/include/my_package/my_package/msg/detail/divide_two_floats__builder.hpp
[6.561s] -- Installing: /home/asd/ros2_ws/install/my_package/include/my_package/my_package/msg/detail/two_floats__builder.hpp
[6.561s] -- Installing: /home/asd/ros2_ws/install/my_package/include/my_package/my_package/msg/detail/add_two_ints2__struct.hpp
[6.562s] -- Up-to-date: /home/asd/ros2_ws/install/my_package/include/my_package/my_package/msg/detail/divide_two_floats__traits.hpp
[6.562s] -- Up-to-date: /home/asd/ros2_ws/install/my_package/include/my_package/my_package/msg/detail/divide_two_floats__struct.hpp
[6.563s] -- Up-to-date: /home/asd/ros2_ws/install/my_package/include/my_package/my_package/msg/divide_two_floats.hpp
[6.563s] -- Up-to-date: /home/asd/ros2_ws/install/my_package/include/my_package/my_package/srv
[6.564s] -- Installing: /home/asd/ros2_ws/install/my_package/include/my_package/my_package/srv/add_two_ints2.hpp
[6.564s] -- Up-to-date: /home/asd/ros2_ws/install/my_package/include/my_package/my_package/srv/detail
[6.565s] -- Installing: /home/asd/ros2_ws/install/my_package/include/my_package/my_package/srv/detail/add_two_ints2__traits.hpp
[6.565s] -- Installing: /home/asd/ros2_ws/install/my_package/include/my_package/my_package/srv/detail/add_two_ints2__builder.hpp
[6.566s] -- Up-to-date: /home/asd/ros2_ws/install/my_package/include/my_package/my_package/srv/detail/divide_two_floats__builder.hpp
[6.566s] -- Installing: /home/asd/ros2_ws/install/my_package/include/my_package/my_package/srv/detail/add_two_ints2__struct.hpp
[6.567s] -- Up-to-date: /home/asd/ros2_ws/install/my_package/include/my_package/my_package/srv/detail/divide_two_floats__traits.hpp
[6.567s] -- Up-to-date: /home/asd/ros2_ws/install/my_package/include/my_package/my_package/srv/detail/divide_two_floats__struct.hpp
[6.568s] -- Up-to-date: /home/asd/ros2_ws/install/my_package/include/my_package/my_package/srv/divide_two_floats.hpp
[6.568s] -- Up-to-date: /home/asd/ros2_ws/install/my_package/include/my_package/my_package
[6.569s] -- Up-to-date: /home/asd/ros2_ws/install/my_package/include/my_package/my_package/msg
[6.569s] -- Up-to-date: /home/asd/ros2_ws/install/my_package/include/my_package/my_package/msg/detail
[6.569s] -- Installing: /home/asd/ros2_ws/install/my_package/include/my_package/my_package/msg/detail/add_two_ints2__rosidl_typesupport_fastrtps_cpp.hpp
[6.570s] -- Up-to-date: /home/asd/ros2_ws/install/my_package/include/my_package/my_package/msg/detail/divide_two_floats__rosidl_typesupport_fastrtps_cpp.hpp
[6.570s] -- Installing: /home/asd/ros2_ws/install/my_package/include/my_package/my_package/msg/detail/two_floats__rosidl_typesupport_fastrtps_cpp.hpp
[6.571s] -- Up-to-date: /home/asd/ros2_ws/install/my_package/include/my_package/my_package/msg/detail/dds_fastrtps
[6.571s] -- Up-to-date: /home/asd/ros2_ws/install/my_package/include/my_package/my_package/msg/rosidl_typesupport_fastrtps_cpp__visibility_control.h
[6.572s] -- Up-to-date: /home/asd/ros2_ws/install/my_package/include/my_package/my_package/srv
[6.572s] -- Up-to-date: /home/asd/ros2_ws/install/my_package/include/my_package/my_package/srv/detail
[6.572s] -- Installing: /home/asd/ros2_ws/install/my_package/include/my_package/my_package/srv/detail/add_two_ints2__rosidl_typesupport_fastrtps_cpp.hpp
[6.573s] -- Up-to-date: /home/asd/ros2_ws/install/my_package/include/my_package/my_package/srv/detail/divide_two_floats__rosidl_typesupport_fastrtps_cpp.hpp
[6.573s] -- Up-to-date: /home/asd/ros2_ws/install/my_package/include/my_package/my_package/srv/detail/dds_fastrtps
[6.587s] -- Installing: /home/asd/ros2_ws/install/my_package/lib/libmy_package__rosidl_typesupport_fastrtps_cpp.so
[6.590s] -- Set runtime path of "/home/asd/ros2_ws/install/my_package/lib/libmy_package__rosidl_typesupport_fastrtps_cpp.so" to ""
[6.590s] -- Up-to-date: /home/asd/ros2_ws/install/my_package/include/my_package/my_package
[6.591s] -- Up-to-date: /home/asd/ros2_ws/install/my_package/include/my_package/my_package/msg
[6.592s] -- Up-to-date: /home/asd/ros2_ws/install/my_package/include/my_package/my_package/msg/rosidl_typesupport_introspection_c__visibility_control.h
[6.592s] -- Up-to-date: /home/asd/ros2_ws/install/my_package/include/my_package/my_package/msg/detail
[6.592s] -- Installing: /home/asd/ros2_ws/install/my_package/include/my_package/my_package/msg/detail/add_two_ints2__rosidl_typesupport_introspection_c.h
[6.593s] -- Installing: /home/asd/ros2_ws/install/my_package/include/my_package/my_package/msg/detail/divide_two_floats__type_support.c
[6.639s] -- Installing: /home/asd/ros2_ws/install/my_package/include/my_package/my_package/msg/detail/two_floats__type_support.c
[6.640s] -- Up-to-date: /home/asd/ros2_ws/install/my_package/include/my_package/my_package/msg/detail/divide_two_floats__rosidl_typesupport_introspection_c.h
[6.641s] -- Installing: /home/asd/ros2_ws/install/my_package/include/my_package/my_package/msg/detail/add_two_ints2__type_support.c
[6.641s] -- Installing: /home/asd/ros2_ws/install/my_package/include/my_package/my_package/msg/detail/two_floats__rosidl_typesupport_introspection_c.h
[6.642s] -- Up-to-date: /home/asd/ros2_ws/install/my_package/include/my_package/my_package/srv
[6.642s] -- Up-to-date: /home/asd/ros2_ws/install/my_package/include/my_package/my_package/srv/detail
[6.643s] -- Installing: /home/asd/ros2_ws/install/my_package/include/my_package/my_package/srv/detail/add_two_ints2__rosidl_typesupport_introspection_c.h
[6.643s] -- Installing: /home/asd/ros2_ws/install/my_package/include/my_package/my_package/srv/detail/divide_two_floats__type_support.c
[6.645s] -- Up-to-date: /home/asd/ros2_ws/install/my_package/include/my_package/my_package/srv/detail/divide_two_floats__rosidl_typesupport_introspection_c.h
[6.646s] -- Installing: /home/asd/ros2_ws/install/my_package/include/my_package/my_package/srv/detail/add_two_ints2__type_support.c
[6.648s] -- Installing: /home/asd/ros2_ws/install/my_package/lib/libmy_package__rosidl_typesupport_introspection_c.so
[6.650s] -- Set runtime path of "/home/asd/ros2_ws/install/my_package/lib/libmy_package__rosidl_typesupport_introspection_c.so" to ""
[6.652s] -- Installing: /home/asd/ros2_ws/install/my_package/lib/libmy_package__rosidl_typesupport_c.so
[6.654s] -- Set runtime path of "/home/asd/ros2_ws/install/my_package/lib/libmy_package__rosidl_typesupport_c.so" to ""
[6.654s] -- Up-to-date: /home/asd/ros2_ws/install/my_package/include/my_package/my_package
[6.655s] -- Up-to-date: /home/asd/ros2_ws/install/my_package/include/my_package/my_package/msg
[6.655s] -- Up-to-date: /home/asd/ros2_ws/install/my_package/include/my_package/my_package/msg/detail
[6.656s] -- Installing: /home/asd/ros2_ws/install/my_package/include/my_package/my_package/msg/detail/two_floats__type_support.cpp
[6.656s] -- Installing: /home/asd/ros2_ws/install/my_package/include/my_package/my_package/msg/detail/add_two_ints2__rosidl_typesupport_introspection_cpp.hpp
[6.657s] -- Installing: /home/asd/ros2_ws/install/my_package/include/my_package/my_package/msg/detail/add_two_ints2__type_support.cpp
[6.657s] -- Installing: /home/asd/ros2_ws/install/my_package/include/my_package/my_package/msg/detail/two_floats__rosidl_typesupport_introspection_cpp.hpp
[6.658s] -- Up-to-date: /home/asd/ros2_ws/install/my_package/include/my_package/my_package/msg/detail/divide_two_floats__type_support.cpp
[6.658s] -- Up-to-date: /home/asd/ros2_ws/install/my_package/include/my_package/my_package/msg/detail/divide_two_floats__rosidl_typesupport_introspection_cpp.hpp
[6.659s] -- Up-to-date: /home/asd/ros2_ws/install/my_package/include/my_package/my_package/srv
[6.659s] -- Up-to-date: /home/asd/ros2_ws/install/my_package/include/my_package/my_package/srv/detail
[6.659s] -- Installing: /home/asd/ros2_ws/install/my_package/include/my_package/my_package/srv/detail/add_two_ints2__rosidl_typesupport_introspection_cpp.hpp
[6.660s] -- Installing: /home/asd/ros2_ws/install/my_package/include/my_package/my_package/srv/detail/add_two_ints2__type_support.cpp
[6.661s] -- Up-to-date: /home/asd/ros2_ws/install/my_package/include/my_package/my_package/srv/detail/divide_two_floats__type_support.cpp
[6.661s] -- Up-to-date: /home/asd/ros2_ws/install/my_package/include/my_package/my_package/srv/detail/divide_two_floats__rosidl_typesupport_introspection_cpp.hpp
[6.682s] -- Installing: /home/asd/ros2_ws/install/my_package/lib/libmy_package__rosidl_typesupport_introspection_cpp.so
[6.685s] -- Set runtime path of "/home/asd/ros2_ws/install/my_package/lib/libmy_package__rosidl_typesupport_introspection_cpp.so" to ""
[6.700s] -- Installing: /home/asd/ros2_ws/install/my_package/lib/libmy_package__rosidl_typesupport_cpp.so
[6.702s] -- Set runtime path of "/home/asd/ros2_ws/install/my_package/lib/libmy_package__rosidl_typesupport_cpp.so" to ""
[6.703s] -- Up-to-date: /home/asd/ros2_ws/install/my_package/share/my_package/environment/pythonpath.sh
[6.707s] -- Up-to-date: /home/asd/ros2_ws/install/my_package/share/my_package/environment/pythonpath.dsv
[6.708s] -- Up-to-date: /home/asd/ros2_ws/install/my_package/lib/python3.10/site-packages/my_package-0.0.0-py3.10.egg-info
[6.708s] -- Installing: /home/asd/ros2_ws/install/my_package/lib/python3.10/site-packages/my_package-0.0.0-py3.10.egg-info/SOURCES.txt
[6.709s] -- Installing: /home/asd/ros2_ws/install/my_package/lib/python3.10/site-packages/my_package-0.0.0-py3.10.egg-info/top_level.txt
[6.710s] -- Installing: /home/asd/ros2_ws/install/my_package/lib/python3.10/site-packages/my_package-0.0.0-py3.10.egg-info/PKG-INFO
[6.710s] -- Installing: /home/asd/ros2_ws/install/my_package/lib/python3.10/site-packages/my_package-0.0.0-py3.10.egg-info/dependency_links.txt
[6.712s] -- Up-to-date: /home/asd/ros2_ws/install/my_package/lib/python3.10/site-packages/my_package
[6.713s] -- Installing: /home/asd/ros2_ws/install/my_package/lib/python3.10/site-packages/my_package/my_package_s__rosidl_typesupport_fastrtps_c.cpython-310-x86_64-linux-gnu.so
[6.714s] -- Up-to-date: /home/asd/ros2_ws/install/my_package/lib/python3.10/site-packages/my_package/msg
[6.714s] -- Up-to-date: /home/asd/ros2_ws/install/my_package/lib/python3.10/site-packages/my_package/msg/_divide_two_floats.py
[6.714s] -- Installing: /home/asd/ros2_ws/install/my_package/lib/python3.10/site-packages/my_package/msg/_add_two_ints2_s.c
[6.715s] -- Installing: /home/asd/ros2_ws/install/my_package/lib/python3.10/site-packages/my_package/msg/_two_floats_s.c
[6.715s] -- Installing: /home/asd/ros2_ws/install/my_package/lib/python3.10/site-packages/my_package/msg/_two_floats.py
[6.716s] -- Installing: /home/asd/ros2_ws/install/my_package/lib/python3.10/site-packages/my_package/msg/__init__.py
[6.716s] -- Installing: /home/asd/ros2_ws/install/my_package/lib/python3.10/site-packages/my_package/msg/_add_two_ints2.py
[6.717s] -- Up-to-date: /home/asd/ros2_ws/install/my_package/lib/python3.10/site-packages/my_package/msg/_divide_two_floats_s.c
[6.720s] -- Installing: /home/asd/ros2_ws/install/my_package/lib/python3.10/site-packages/my_package/my_package_s__rosidl_typesupport_introspection_c.cpython-310-x86_64-linux-gnu.so
[6.721s] -- Installing: /home/asd/ros2_ws/install/my_package/lib/python3.10/site-packages/my_package/__init__.py
[6.721s] -- Installing: /home/asd/ros2_ws/install/my_package/lib/python3.10/site-packages/my_package/_my_package_s.ep.rosidl_typesupport_introspection_c.c
[6.722s] -- Up-to-date: /home/asd/ros2_ws/install/my_package/lib/python3.10/site-packages/my_package/srv
[6.722s] -- Up-to-date: /home/asd/ros2_ws/install/my_package/lib/python3.10/site-packages/my_package/srv/_divide_two_floats.py
[6.722s] -- Installing: /home/asd/ros2_ws/install/my_package/lib/python3.10/site-packages/my_package/srv/_add_two_ints2_s.c
[6.722s] -- Installing: /home/asd/ros2_ws/install/my_package/lib/python3.10/site-packages/my_package/srv/__init__.py
[6.723s] -- Installing: /home/asd/ros2_ws/install/my_package/lib/python3.10/site-packages/my_package/srv/_add_two_ints2.py
[6.723s] -- Up-to-date: /home/asd/ros2_ws/install/my_package/lib/python3.10/site-packages/my_package/srv/_divide_two_floats_s.c
[6.723s] -- Installing: /home/asd/ros2_ws/install/my_package/lib/python3.10/site-packages/my_package/my_package_s__rosidl_typesupport_c.cpython-310-x86_64-linux-gnu.so
[6.724s] -- Installing: /home/asd/ros2_ws/install/my_package/lib/python3.10/site-packages/my_package/libmy_package__rosidl_generator_py.so
[6.724s] -- Installing: /home/asd/ros2_ws/install/my_package/lib/python3.10/site-packages/my_package/_my_package_s.ep.rosidl_typesupport_fastrtps_c.c
[6.725s] -- Installing: /home/asd/ros2_ws/install/my_package/lib/python3.10/site-packages/my_package/_my_package_s.ep.rosidl_typesupport_c.c
[6.941s] Listing '/home/asd/ros2_ws/install/my_package/lib/python3.10/site-packages/my_package'...
[6.941s] Compiling '/home/asd/ros2_ws/install/my_package/lib/python3.10/site-packages/my_package/__init__.py'...
[6.941s] Listing '/home/asd/ros2_ws/install/my_package/lib/python3.10/site-packages/my_package/msg'...
[6.942s] Compiling '/home/asd/ros2_ws/install/my_package/lib/python3.10/site-packages/my_package/msg/__init__.py'...
[6.942s] Compiling '/home/asd/ros2_ws/install/my_package/lib/python3.10/site-packages/my_package/msg/_add_two_ints2.py'...
[6.942s] Compiling '/home/asd/ros2_ws/install/my_package/lib/python3.10/site-packages/my_package/msg/_two_floats.py'...
[6.943s] Listing '/home/asd/ros2_ws/install/my_package/lib/python3.10/site-packages/my_package/srv'...
[6.943s] Compiling '/home/asd/ros2_ws/install/my_package/lib/python3.10/site-packages/my_package/srv/__init__.py'...
[6.944s] Compiling '/home/asd/ros2_ws/install/my_package/lib/python3.10/site-packages/my_package/srv/_add_two_ints2.py'...
[6.958s] -- Installing: /home/asd/ros2_ws/install/my_package/lib/python3.10/site-packages/my_package/my_package_s__rosidl_typesupport_fastrtps_c.cpython-310-x86_64-linux-gnu.so
[6.959s] -- Set runtime path of "/home/asd/ros2_ws/install/my_package/lib/python3.10/site-packages/my_package/my_package_s__rosidl_typesupport_fastrtps_c.cpython-310-x86_64-linux-gnu.so" to ""
[6.960s] -- Installing: /home/asd/ros2_ws/install/my_package/lib/python3.10/site-packages/my_package/my_package_s__rosidl_typesupport_introspection_c.cpython-310-x86_64-linux-gnu.so
[6.962s] -- Set runtime path of "/home/asd/ros2_ws/install/my_package/lib/python3.10/site-packages/my_package/my_package_s__rosidl_typesupport_introspection_c.cpython-310-x86_64-linux-gnu.so" to ""
[6.963s] -- Installing: /home/asd/ros2_ws/install/my_package/lib/python3.10/site-packages/my_package/my_package_s__rosidl_typesupport_c.cpython-310-x86_64-linux-gnu.so
[6.964s] -- Set runtime path of "/home/asd/ros2_ws/install/my_package/lib/python3.10/site-packages/my_package/my_package_s__rosidl_typesupport_c.cpython-310-x86_64-linux-gnu.so" to ""
[6.986s] -- Installing: /home/asd/ros2_ws/install/my_package/lib/libmy_package__rosidl_generator_py.so
[6.988s] -- Set runtime path of "/home/asd/ros2_ws/install/my_package/lib/libmy_package__rosidl_generator_py.so" to ""
[6.988s] -- Up-to-date: /home/asd/ros2_ws/install/my_package/share/my_package/msg/AddTwoInts2.idl
[6.989s] -- Installing: /home/asd/ros2_ws/install/my_package/share/my_package/msg/TwoFloats.idl
[6.989s] -- Up-to-date: /home/asd/ros2_ws/install/my_package/share/my_package/srv/AddTwoInts2.idl
[6.990s] -- Up-to-date: /home/asd/ros2_ws/install/my_package/share/my_package/msg/AddTwoInts2.msg
[6.991s] -- Installing: /home/asd/ros2_ws/install/my_package/share/my_package/msg/TwoFloats.msg
[6.991s] -- Up-to-date: /home/asd/ros2_ws/install/my_package/share/my_package/srv/AddTwoInts2.srv
[6.992s] -- Up-to-date: /home/asd/ros2_ws/install/my_package/share/my_package/srv/AddTwoInts2_Request.msg
[6.993s] -- Up-to-date: /home/asd/ros2_ws/install/my_package/share/my_package/srv/AddTwoInts2_Response.msg
[7.015s] -- Installing: /home/asd/ros2_ws/install/my_package/share/ament_index/resource_index/package_run_dependencies/my_package
[7.017s] -- Up-to-date: /home/asd/ros2_ws/install/my_package/share/ament_index/resource_index/parent_prefix_path/my_package
[7.017s] -- Up-to-date: /home/asd/ros2_ws/install/my_package/share/my_package/environment/ament_prefix_path.sh
[7.018s] -- Up-to-date: /home/asd/ros2_ws/install/my_package/share/my_package/environment/ament_prefix_path.dsv
[7.018s] -- Up-to-date: /home/asd/ros2_ws/install/my_package/share/my_package/environment/path.sh
[7.019s] -- Up-to-date: /home/asd/ros2_ws/install/my_package/share/my_package/environment/path.dsv
[7.019s] -- Up-to-date: /home/asd/ros2_ws/install/my_package/share/my_package/local_setup.bash
[7.020s] -- Up-to-date: /home/asd/ros2_ws/install/my_package/share/my_package/local_setup.sh
[7.020s] -- Up-to-date: /home/asd/ros2_ws/install/my_package/share/my_package/local_setup.zsh
[7.021s] -- Up-to-date: /home/asd/ros2_ws/install/my_package/share/my_package/local_setup.dsv
[7.021s] -- Installing: /home/asd/ros2_ws/install/my_package/share/my_package/package.dsv
[7.022s] -- Up-to-date: /home/asd/ros2_ws/install/my_package/share/ament_index/resource_index/packages/my_package
[7.027s] -- Up-to-date: /home/asd/ros2_ws/install/my_package/share/my_package/cmake/export_my_package__rosidl_generator_cExport.cmake
[7.028s] -- Up-to-date: /home/asd/ros2_ws/install/my_package/share/my_package/cmake/export_my_package__rosidl_generator_cExport-noconfig.cmake
[7.030s] -- Up-to-date: /home/asd/ros2_ws/install/my_package/share/my_package/cmake/export_my_package__rosidl_typesupport_fastrtps_cExport.cmake
[7.030s] -- Up-to-date: /home/asd/ros2_ws/install/my_package/share/my_package/cmake/export_my_package__rosidl_typesupport_fastrtps_cExport-noconfig.cmake
[7.032s] -- Up-to-date: /home/asd/ros2_ws/install/my_package/share/my_package/cmake/export_my_package__rosidl_generator_cppExport.cmake
[7.040s] -- Up-to-date: /home/asd/ros2_ws/install/my_package/share/my_package/cmake/export_my_package__rosidl_typesupport_fastrtps_cppExport.cmake
[7.040s] -- Up-to-date: /home/asd/ros2_ws/install/my_package/share/my_package/cmake/export_my_package__rosidl_typesupport_fastrtps_cppExport-noconfig.cmake
[7.040s] -- Up-to-date: /home/asd/ros2_ws/install/my_package/share/my_package/cmake/my_package__rosidl_typesupport_introspection_cExport.cmake
[7.041s] -- Up-to-date: /home/asd/ros2_ws/install/my_package/share/my_package/cmake/my_package__rosidl_typesupport_introspection_cExport-noconfig.cmake
[7.041s] -- Up-to-date: /home/asd/ros2_ws/install/my_package/share/my_package/cmake/my_package__rosidl_typesupport_cExport.cmake
[7.041s] -- Up-to-date: /home/asd/ros2_ws/install/my_package/share/my_package/cmake/my_package__rosidl_typesupport_cExport-noconfig.cmake
[7.042s] -- Up-to-date: /home/asd/ros2_ws/install/my_package/share/my_package/cmake/my_package__rosidl_typesupport_introspection_cppExport.cmake
[7.042s] -- Up-to-date: /home/asd/ros2_ws/install/my_package/share/my_package/cmake/my_package__rosidl_typesupport_introspection_cppExport-noconfig.cmake
[7.042s] -- Up-to-date: /home/asd/ros2_ws/install/my_package/share/my_package/cmake/my_package__rosidl_typesupport_cppExport.cmake
[7.043s] -- Up-to-date: /home/asd/ros2_ws/install/my_package/share/my_package/cmake/my_package__rosidl_typesupport_cppExport-noconfig.cmake
[7.043s] -- Up-to-date: /home/asd/ros2_ws/install/my_package/share/my_package/cmake/export_my_package__rosidl_generator_pyExport.cmake
[7.043s] -- Up-to-date: /home/asd/ros2_ws/install/my_package/share/my_package/cmake/export_my_package__rosidl_generator_pyExport-noconfig.cmake
[7.044s] -- Installing: /home/asd/ros2_ws/install/my_package/share/my_package/cmake/rosidl_cmake-extras.cmake
[7.044s] -- Up-to-date: /home/asd/ros2_ws/install/my_package/share/my_package/cmake/ament_cmake_export_dependencies-extras.cmake
[7.045s] -- Up-to-date: /home/asd/ros2_ws/install/my_package/share/my_package/cmake/ament_cmake_export_include_directories-extras.cmake
[7.045s] -- Up-to-date: /home/asd/ros2_ws/install/my_package/share/my_package/cmake/ament_cmake_export_libraries-extras.cmake
[7.045s] -- Up-to-date: /home/asd/ros2_ws/install/my_package/share/my_package/cmake/ament_cmake_export_targets-extras.cmake
[7.045s] -- Up-to-date: /home/asd/ros2_ws/install/my_package/share/my_package/cmake/rosidl_cmake_export_typesupport_targets-extras.cmake
[7.046s] -- Up-to-date: /home/asd/ros2_ws/install/my_package/share/my_package/cmake/rosidl_cmake_export_typesupport_libraries-extras.cmake
[7.046s] -- Up-to-date: /home/asd/ros2_ws/install/my_package/share/my_package/cmake/my_packageConfig.cmake
[7.046s] -- Up-to-date: /home/asd/ros2_ws/install/my_package/share/my_package/cmake/my_packageConfig-version.cmake
[7.046s] -- Installing: /home/asd/ros2_ws/install/my_package/share/my_package/package.xml
[7.051s] Invoked command in '/home/asd/ros2_ws/build/my_package' returned '0': CMAKE_PREFIX_PATH=/opt/ros/iron /usr/bin/cmake --install /home/asd/ros2_ws/build/my_package
