[0.064s] Invoking command in '/home/asd/ros2_ws/build/simple_div': CMAKE_PREFIX_PATH=/opt/ros/iron /usr/bin/cmake /home/asd/ros2_ws/src/simple_div -DCMAKE_INSTALL_PREFIX=/home/asd/ros2_ws/install/simple_div
[1.317s] -- The C compiler identification is GNU 11.4.0
[2.380s] -- The CXX compiler identification is GNU 11.4.0
[2.506s] -- Detecting C compiler ABI info
[2.935s] -- Detecting C compiler ABI info - done
[2.983s] -- Check for working C compiler: /usr/bin/cc - skipped
[2.984s] -- Detecting C compile features
[3.016s] -- Detecting C compile features - done
[3.055s] -- Detecting CXX compiler ABI info
[3.434s] -- Detecting CXX compiler ABI info - done
[3.484s] -- Check for working CXX compiler: /usr/bin/c++ - skipped
[3.485s] -- Detecting CXX compile features
[3.487s] -- Detecting CXX compile features - done
[3.557s] -- Found ament_cmake: 2.0.4 (/opt/ros/iron/share/ament_cmake/cmake)
[4.220s] -- Found Python3: /usr/bin/python3.10 (found version "3.10.12") found components: Interpreter 
[4.684s] -- Found rclcpp: 21.0.5 (/opt/ros/iron/share/rclcpp/cmake)
[5.009s] -- Found rosidl_generator_c: 4.0.1 (/opt/ros/iron/share/rosidl_generator_c/cmake)
[5.079s] -- Found rosidl_generator_cpp: 4.0.1 (/opt/ros/iron/share/rosidl_generator_cpp/cmake)
[5.214s] -- Using all available rosidl_typesupport_c: rosidl_typesupport_fastrtps_c;rosidl_typesupport_introspection_c
[5.339s] -- Using all available rosidl_typesupport_cpp: rosidl_typesupport_fastrtps_cpp;rosidl_typesupport_introspection_cpp
[6.862s] -- Found rmw_implementation_cmake: 7.1.0 (/opt/ros/iron/share/rmw_implementation_cmake/cmake)
[6.910s] -- Found rmw_fastrtps_cpp: 7.1.3 (/opt/ros/iron/share/rmw_fastrtps_cpp/cmake)
[7.653s] -- Found OpenSSL: /usr/lib/x86_64-linux-gnu/libcrypto.so (found version "3.0.2")  
[7.789s] -- Found FastRTPS: /opt/ros/iron/include  
[7.993s] -- Using RMW implementation 'rmw_fastrtps_cpp' as default
[9.552s] -- Found std_msgs: 5.0.0 (/opt/ros/iron/share/std_msgs/cmake)
[10.121s] -- Configuring done
[10.178s] -- Generating done
[10.185s] -- Build files have been written to: /home/asd/ros2_ws/build/simple_div
[10.210s] Invoked command in '/home/asd/ros2_ws/build/simple_div' returned '0': CMAKE_PREFIX_PATH=/opt/ros/iron /usr/bin/cmake /home/asd/ros2_ws/src/simple_div -DCMAKE_INSTALL_PREFIX=/home/asd/ros2_ws/install/simple_div
[10.218s] Invoking command in '/home/asd/ros2_ws/build/simple_div': CMAKE_PREFIX_PATH=/opt/ros/iron /usr/bin/cmake --build /home/asd/ros2_ws/build/simple_div -- -j4 -l4
[10.405s] [ 50%] [32mBuilding CXX object CMakeFiles/input_numbers.dir/src/input_numbers.cpp.o[0m
[39.530s] [100%] [32m[1mLinking CXX executable input_numbers[0m
[42.449s] [100%] Built target input_numbers
[42.488s] Invoked command in '/home/asd/ros2_ws/build/simple_div' returned '0': CMAKE_PREFIX_PATH=/opt/ros/iron /usr/bin/cmake --build /home/asd/ros2_ws/build/simple_div -- -j4 -l4
[42.630s] Invoking command in '/home/asd/ros2_ws/build/simple_div': CMAKE_PREFIX_PATH=/opt/ros/iron /usr/bin/cmake --install /home/asd/ros2_ws/build/simple_div
[42.655s] -- Install configuration: ""
[42.688s] -- Installing: /home/asd/ros2_ws/install/simple_div/lib/simple_div/input_numbers
[42.707s] -- Set runtime path of "/home/asd/ros2_ws/install/simple_div/lib/simple_div/input_numbers" to ""
[42.714s] [31mCMake Error at cmake_install.cmake:66 (file):
[42.714s]   file INSTALL cannot find "/home/asd/ros2_ws/src/simple_div/launch": No such
[42.714s]   file or directory.
[42.714s] 
[42.715s] [0m
[42.718s] Invoked command in '/home/asd/ros2_ws/build/simple_div' returned '1': CMAKE_PREFIX_PATH=/opt/ros/iron /usr/bin/cmake --install /home/asd/ros2_ws/build/simple_div
