[0.042s] Invoking command in '/home/asd/ros2_ws/build/cpp_srvcli': CMAKE_PREFIX_PATH=/opt/ros/iron /usr/bin/cmake --build /home/asd/ros2_ws/build/cpp_srvcli -- -j4 -l4
[0.280s] [35m[1mConsolidate compiler generated dependencies of target client[0m
[0.293s] [35m[1mConsolidate compiler generated dependencies of target server[0m
[0.377s] [ 25%] [32mBuilding CXX object CMakeFiles/client.dir/src/add_two_ints_client.cpp.o[0m
[0.394s] [ 50%] [32mBuilding CXX object CMakeFiles/server.dir/src/add_two_ints_server.cpp.o[0m
[1.468s] [01m[K/home/asd/ros2_ws/src/cpp_srvcli/src/add_two_ints_server.cpp:14:80:[m[K [01;35m[Kwarning: [m[Kmissing terminating " character
[1.468s]    14 | _INFO(rclcpp::get_logger("rclcpp"), "Incoming request\na: %lf " b: %f[01;35m[K"[m[K,
[1.468s]       |                                                                      [01;35m[K^[m[K
[1.469s] 
[1.469s] In file included from [01m[K/opt/ros/iron/include/rclcpp/rclcpp/logging.hpp:24[m[K,
[1.470s]                  from [01m[K/opt/ros/iron/include/rclcpp/rclcpp/client.hpp:43[m[K,
[1.470s]                  from [01m[K/opt/ros/iron/include/rclcpp/rclcpp/callback_group.hpp:24[m[K,
[1.470s]                  from [01m[K/opt/ros/iron/include/rclcpp/rclcpp/any_executable.hpp:20[m[K,
[1.471s]                  from [01m[K/opt/ros/iron/include/rclcpp/rclcpp/memory_strategy.hpp:25[m[K,
[1.471s]                  from [01m[K/opt/ros/iron/include/rclcpp/rclcpp/memory_strategies.hpp:18[m[K,
[1.471s]                  from [01m[K/opt/ros/iron/include/rclcpp/rclcpp/executor_options.hpp:20[m[K,
[1.471s]                  from [01m[K/opt/ros/iron/include/rclcpp/rclcpp/executor.hpp:37[m[K,
[1.472s]                  from [01m[K/opt/ros/iron/include/rclcpp/rclcpp/executors/multi_threaded_executor.hpp:25[m[K,
[1.472s]                  from [01m[K/opt/ros/iron/include/rclcpp/rclcpp/executors.hpp:21[m[K,
[1.472s]                  from [01m[K/opt/ros/iron/include/rclcpp/rclcpp/rclcpp.hpp:167[m[K,
[1.472s]                  from [01m[K/home/asd/ros2_ws/src/cpp_srvcli/src/add_two_ints_server.cpp:1[m[K:
[1.473s] [01m[K/home/asd/ros2_ws/src/cpp_srvcli/src/add_two_ints_server.cpp:14:80:[m[K [01;31m[Kerror: [m[Kmissing terminating " character
[1.473s]    14 | _INFO(rclcpp::get_logger("rclcpp"), "Incoming request\na: %lf " b: %f[01;31m[K",[m[K
[1.473s]       |                                                                      [01;31m[K^~[m[K
[1.473s] 
[10.049s] [01m[K/home/asd/ros2_ws/src/cpp_srvcli/src/add_two_ints_server.cpp:[m[K In function ‘[01m[Kvoid add(std::shared_ptr<example_interfaces::srv::AddTwoInts_Request_<std::allocator<void> > >, std::shared_ptr<example_interfaces::srv::AddTwoInts_Response_<std::allocator<void> > >)[m[K’:
[10.049s] [01m[K/home/asd/ros2_ws/src/cpp_srvcli/src/add_two_ints_server.cpp:14:75:[m[K [01;31m[Kerror: [m[Kexpected ‘[01m[K)[m[K’ before ‘[01m[Kb[m[K’
[10.049s]    14 | _INFO(rclcpp::get_logger("rclcpp"), "Incoming request\na: %lf " [01;31m[Kb[m[K: %f",
[10.050s]       |                                                                 [01;31m[K^[m[K
[10.050s] 
[10.050s] [01m[K/home/asd/ros2_ws/src/cpp_srvcli/src/add_two_ints_server.cpp:14:5:[m[K [01;36m[Knote: [m[Kto match this ‘[01m[K([m[K’
[10.051s]    14 |     [01;36m[KRCLCPP_INFO[m[K(rclcpp::get_logger("rclcpp"), "Incoming request\na: %lf " b: %f",
[10.051s]       |     [01;36m[K^~~~~~~~~~~[m[K
[13.499s] gmake[2]: *** [CMakeFiles/server.dir/build.make:76: CMakeFiles/server.dir/src/add_two_ints_server.cpp.o] Error 1
[13.500s] gmake[1]: *** [CMakeFiles/Makefile2:139: CMakeFiles/server.dir/all] Error 2
[13.500s] gmake[1]: *** Waiting for unfinished jobs....
[15.739s] [ 75%] [32m[1mLinking CXX executable client[0m
[16.503s] [ 75%] Built target client
[16.506s] gmake: *** [Makefile:146: all] Error 2
[16.511s] Invoked command in '/home/asd/ros2_ws/build/cpp_srvcli' returned '2': CMAKE_PREFIX_PATH=/opt/ros/iron /usr/bin/cmake --build /home/asd/ros2_ws/build/cpp_srvcli -- -j4 -l4
