[0.033s] Invoking command in '/home/asd/ros2_ws/build/cpp_srvcli': CMAKE_PREFIX_PATH=/opt/ros/iron /usr/bin/cmake --build /home/asd/ros2_ws/build/cpp_srvcli -- -j4 -l4
[0.196s] [35m[1mConsolidate compiler generated dependencies of target client[0m
[0.251s] [ 50%] Built target server
[0.295s] [ 75%] [32mBuilding CXX object CMakeFiles/client.dir/src/add_two_ints_client.cpp.o[0m
[15.440s] [100%] [32m[1mLinking CXX executable client[0m
[16.192s] [100%] Built target client
[16.229s] Invoked command in '/home/asd/ros2_ws/build/cpp_srvcli' returned '0': CMAKE_PREFIX_PATH=/opt/ros/iron /usr/bin/cmake --build /home/asd/ros2_ws/build/cpp_srvcli -- -j4 -l4
[16.366s] Invoking command in '/home/asd/ros2_ws/build/cpp_srvcli': CMAKE_PREFIX_PATH=/opt/ros/iron /usr/bin/cmake --install /home/asd/ros2_ws/build/cpp_srvcli
[16.390s] -- Install configuration: ""
[16.391s] -- Up-to-date: /home/asd/ros2_ws/install/cpp_srvcli/lib/cpp_srvcli/server
[16.392s] -- Installing: /home/asd/ros2_ws/install/cpp_srvcli/lib/cpp_srvcli/client
[16.413s] -- Set runtime path of "/home/asd/ros2_ws/install/cpp_srvcli/lib/cpp_srvcli/client" to ""
[16.413s] -- Up-to-date: /home/asd/ros2_ws/install/cpp_srvcli/share/ament_index/resource_index/package_run_dependencies/cpp_srvcli
[16.414s] -- Up-to-date: /home/asd/ros2_ws/install/cpp_srvcli/share/ament_index/resource_index/parent_prefix_path/cpp_srvcli
[16.414s] -- Up-to-date: /home/asd/ros2_ws/install/cpp_srvcli/share/cpp_srvcli/environment/ament_prefix_path.sh
[16.415s] -- Up-to-date: /home/asd/ros2_ws/install/cpp_srvcli/share/cpp_srvcli/environment/ament_prefix_path.dsv
[16.416s] -- Up-to-date: /home/asd/ros2_ws/install/cpp_srvcli/share/cpp_srvcli/environment/path.sh
[16.416s] -- Up-to-date: /home/asd/ros2_ws/install/cpp_srvcli/share/cpp_srvcli/environment/path.dsv
[16.417s] -- Up-to-date: /home/asd/ros2_ws/install/cpp_srvcli/share/cpp_srvcli/local_setup.bash
[16.417s] -- Up-to-date: /home/asd/ros2_ws/install/cpp_srvcli/share/cpp_srvcli/local_setup.sh
[16.417s] -- Up-to-date: /home/asd/ros2_ws/install/cpp_srvcli/share/cpp_srvcli/local_setup.zsh
[16.417s] -- Up-to-date: /home/asd/ros2_ws/install/cpp_srvcli/share/cpp_srvcli/local_setup.dsv
[16.418s] -- Installing: /home/asd/ros2_ws/install/cpp_srvcli/share/cpp_srvcli/package.dsv
[16.418s] -- Up-to-date: /home/asd/ros2_ws/install/cpp_srvcli/share/ament_index/resource_index/packages/cpp_srvcli
[16.418s] -- Up-to-date: /home/asd/ros2_ws/install/cpp_srvcli/share/cpp_srvcli/cmake/cpp_srvcliConfig.cmake
[16.419s] -- Up-to-date: /home/asd/ros2_ws/install/cpp_srvcli/share/cpp_srvcli/cmake/cpp_srvcliConfig-version.cmake
[16.419s] -- Up-to-date: /home/asd/ros2_ws/install/cpp_srvcli/share/cpp_srvcli/package.xml
[16.422s] Invoked command in '/home/asd/ros2_ws/build/cpp_srvcli' returned '0': CMAKE_PREFIX_PATH=/opt/ros/iron /usr/bin/cmake --install /home/asd/ros2_ws/build/cpp_srvcli
