[0.059s] Invoking command in '/home/asd/ros2_ws/build/input_numbers': AMENT_PREFIX_PATH=/home/asd/ros2_ws/install/my_package:${AMENT_PREFIX_PATH} CMAKE_PREFIX_PATH=/home/asd/ros2_ws/install/my_package:/opt/ros/iron LD_LIBRARY_PATH=/home/asd/ros2_ws/install/my_package/lib:${LD_LIBRARY_PATH} PYTHONPATH=/home/asd/ros2_ws/install/my_package/lib/python3.10/site-packages:${PYTHONPATH} /usr/bin/cmake --build /home/asd/ros2_ws/build/input_numbers -- -j4 -l4
[0.258s] [35m[1mConsolidate compiler generated dependencies of target input_numbers[0m
[0.354s] [ 50%] [32mBuilding CXX object CMakeFiles/input_numbers.dir/src/input_numbers.cpp.o[0m
[15.913s] [100%] [32m[1mLinking CXX executable input_numbers[0m
[16.699s] [100%] Built target input_numbers
[16.736s] Invoked command in '/home/asd/ros2_ws/build/input_numbers' returned '0': AMENT_PREFIX_PATH=/home/asd/ros2_ws/install/my_package:${AMENT_PREFIX_PATH} CMAKE_PREFIX_PATH=/home/asd/ros2_ws/install/my_package:/opt/ros/iron LD_LIBRARY_PATH=/home/asd/ros2_ws/install/my_package/lib:${LD_LIBRARY_PATH} PYTHONPATH=/home/asd/ros2_ws/install/my_package/lib/python3.10/site-packages:${PYTHONPATH} /usr/bin/cmake --build /home/asd/ros2_ws/build/input_numbers -- -j4 -l4
[16.863s] Invoking command in '/home/asd/ros2_ws/build/input_numbers': AMENT_PREFIX_PATH=/home/asd/ros2_ws/install/my_package:${AMENT_PREFIX_PATH} CMAKE_PREFIX_PATH=/home/asd/ros2_ws/install/my_package:/opt/ros/iron LD_LIBRARY_PATH=/home/asd/ros2_ws/install/my_package/lib:${LD_LIBRARY_PATH} PYTHONPATH=/home/asd/ros2_ws/install/my_package/lib/python3.10/site-packages:${PYTHONPATH} /usr/bin/cmake --install /home/asd/ros2_ws/build/input_numbers
[16.889s] -- Install configuration: ""
[16.889s] -- Installing: /home/asd/ros2_ws/install/input_numbers/lib/input_numbers/input_numbers
[16.896s] -- Set runtime path of "/home/asd/ros2_ws/install/input_numbers/lib/input_numbers/input_numbers" to ""
[16.897s] -- Up-to-date: /home/asd/ros2_ws/install/input_numbers/share/ament_index/resource_index/package_run_dependencies/input_numbers
[16.897s] -- Up-to-date: /home/asd/ros2_ws/install/input_numbers/share/ament_index/resource_index/parent_prefix_path/input_numbers
[16.899s] -- Up-to-date: /home/asd/ros2_ws/install/input_numbers/share/input_numbers/environment/ament_prefix_path.sh
[16.899s] -- Up-to-date: /home/asd/ros2_ws/install/input_numbers/share/input_numbers/environment/ament_prefix_path.dsv
[16.900s] -- Up-to-date: /home/asd/ros2_ws/install/input_numbers/share/input_numbers/environment/path.sh
[16.901s] -- Up-to-date: /home/asd/ros2_ws/install/input_numbers/share/input_numbers/environment/path.dsv
[16.901s] -- Up-to-date: /home/asd/ros2_ws/install/input_numbers/share/input_numbers/local_setup.bash
[16.901s] -- Up-to-date: /home/asd/ros2_ws/install/input_numbers/share/input_numbers/local_setup.sh
[16.902s] -- Up-to-date: /home/asd/ros2_ws/install/input_numbers/share/input_numbers/local_setup.zsh
[16.902s] -- Up-to-date: /home/asd/ros2_ws/install/input_numbers/share/input_numbers/local_setup.dsv
[16.902s] -- Installing: /home/asd/ros2_ws/install/input_numbers/share/input_numbers/package.dsv
[16.902s] -- Up-to-date: /home/asd/ros2_ws/install/input_numbers/share/ament_index/resource_index/packages/input_numbers
[16.903s] -- Up-to-date: /home/asd/ros2_ws/install/input_numbers/share/input_numbers/cmake/input_numbersConfig.cmake
[16.903s] -- Up-to-date: /home/asd/ros2_ws/install/input_numbers/share/input_numbers/cmake/input_numbersConfig-version.cmake
[16.903s] -- Up-to-date: /home/asd/ros2_ws/install/input_numbers/share/input_numbers/package.xml
[16.906s] Invoked command in '/home/asd/ros2_ws/build/input_numbers' returned '0': AMENT_PREFIX_PATH=/home/asd/ros2_ws/install/my_package:${AMENT_PREFIX_PATH} CMAKE_PREFIX_PATH=/home/asd/ros2_ws/install/my_package:/opt/ros/iron LD_LIBRARY_PATH=/home/asd/ros2_ws/install/my_package/lib:${LD_LIBRARY_PATH} PYTHONPATH=/home/asd/ros2_ws/install/my_package/lib/python3.10/site-packages:${PYTHONPATH} /usr/bin/cmake --install /home/asd/ros2_ws/build/input_numbers
