-- The C compiler identification is GNU 11.4.0
-- The CXX compiler identification is GNU 11.4.0
-- Detecting C compiler ABI info
-- Detecting C compiler ABI info - done
-- Check for working C compiler: /usr/bin/cc - skipped
-- Detecting C compile features
-- Detecting C compile features - done
-- Detecting CXX compiler ABI info
-- Detecting CXX compiler ABI info - done
-- Check for working CXX compiler: /usr/bin/c++ - skipped
-- Detecting CXX compile features
-- Detecting CXX compile features - done
-- Found ament_cmake: 2.0.4 (/opt/ros/iron/share/ament_cmake/cmake)
-- Found Python3: /usr/bin/python3.10 (found version "3.10.12") found components: Interpreter 
-- Configuring done
-- Generating done
-- Build files have been written to: /home/asd/ros2_ws/build/d2f
-- Install configuration: ""
-- Installing: /home/asd/ros2_ws/install/d2f/share/ament_index/resource_index/package_run_dependencies/d2f
-- Installing: /home/asd/ros2_ws/install/d2f/share/ament_index/resource_index/parent_prefix_path/d2f
-- Installing: /home/asd/ros2_ws/install/d2f/share/d2f/environment/ament_prefix_path.sh
-- Installing: /home/asd/ros2_ws/install/d2f/share/d2f/environment/ament_prefix_path.dsv
-- Installing: /home/asd/ros2_ws/install/d2f/share/d2f/environment/path.sh
-- Installing: /home/asd/ros2_ws/install/d2f/share/d2f/environment/path.dsv
-- Installing: /home/asd/ros2_ws/install/d2f/share/d2f/local_setup.bash
-- Installing: /home/asd/ros2_ws/install/d2f/share/d2f/local_setup.sh
-- Installing: /home/asd/ros2_ws/install/d2f/share/d2f/local_setup.zsh
-- Installing: /home/asd/ros2_ws/install/d2f/share/d2f/local_setup.dsv
-- Installing: /home/asd/ros2_ws/install/d2f/share/d2f/package.dsv
-- Installing: /home/asd/ros2_ws/install/d2f/share/ament_index/resource_index/packages/d2f
-- Installing: /home/asd/ros2_ws/install/d2f/share/d2f/cmake/d2fConfig.cmake
-- Installing: /home/asd/ros2_ws/install/d2f/share/d2f/cmake/d2fConfig-version.cmake
-- Installing: /home/asd/ros2_ws/install/d2f/share/d2f/package.xml
