[0.028s] Invoking command in '/home/asd/ros2_ws/build/d2f': CMAKE_PREFIX_PATH=/opt/ros/iron /usr/bin/cmake /home/asd/ros2_ws/src/d2f -DCMAKE_INSTALL_PREFIX=/home/asd/ros2_ws/install/d2f
[0.378s] -- The C compiler identification is GNU 11.4.0
[0.683s] -- The CXX compiler identification is GNU 11.4.0
[0.715s] -- Detecting C compiler ABI info
[0.976s] -- Detecting C compiler ABI info - done
[1.022s] -- Check for working C compiler: /usr/bin/cc - skipped
[1.024s] -- Detecting C compile features
[1.060s] -- Detecting C compile features - done
[1.076s] -- Detecting CXX compiler ABI info
[1.402s] -- Detecting CXX compiler ABI info - done
[1.455s] -- Check for working CXX compiler: /usr/bin/c++ - skipped
[1.456s] -- Detecting CXX compile features
[1.459s] -- Detecting CXX compile features - done
[1.578s] -- Found ament_cmake: 2.0.4 (/opt/ros/iron/share/ament_cmake/cmake)
[2.217s] -- Found Python3: /usr/bin/python3.10 (found version "3.10.12") found components: Interpreter 
[2.753s] -- Configuring done
[2.768s] -- Generating done
[2.771s] -- Build files have been written to: /home/asd/ros2_ws/build/d2f
[2.784s] Invoked command in '/home/asd/ros2_ws/build/d2f' returned '0': CMAKE_PREFIX_PATH=/opt/ros/iron /usr/bin/cmake /home/asd/ros2_ws/src/d2f -DCMAKE_INSTALL_PREFIX=/home/asd/ros2_ws/install/d2f
[2.789s] Invoking command in '/home/asd/ros2_ws/build/d2f': CMAKE_PREFIX_PATH=/opt/ros/iron /usr/bin/cmake --build /home/asd/ros2_ws/build/d2f -- -j4 -l4
[2.921s] Invoked command in '/home/asd/ros2_ws/build/d2f' returned '0': CMAKE_PREFIX_PATH=/opt/ros/iron /usr/bin/cmake --build /home/asd/ros2_ws/build/d2f -- -j4 -l4
[3.013s] Invoking command in '/home/asd/ros2_ws/build/d2f': CMAKE_PREFIX_PATH=/opt/ros/iron /usr/bin/cmake --install /home/asd/ros2_ws/build/d2f
[3.037s] -- Install configuration: ""
[3.037s] -- Installing: /home/asd/ros2_ws/install/d2f/share/ament_index/resource_index/package_run_dependencies/d2f
[3.038s] -- Installing: /home/asd/ros2_ws/install/d2f/share/ament_index/resource_index/parent_prefix_path/d2f
[3.039s] -- Installing: /home/asd/ros2_ws/install/d2f/share/d2f/environment/ament_prefix_path.sh
[3.039s] -- Installing: /home/asd/ros2_ws/install/d2f/share/d2f/environment/ament_prefix_path.dsv
[3.040s] -- Installing: /home/asd/ros2_ws/install/d2f/share/d2f/environment/path.sh
[3.040s] -- Installing: /home/asd/ros2_ws/install/d2f/share/d2f/environment/path.dsv
[3.042s] -- Installing: /home/asd/ros2_ws/install/d2f/share/d2f/local_setup.bash
[3.042s] -- Installing: /home/asd/ros2_ws/install/d2f/share/d2f/local_setup.sh
[3.042s] -- Installing: /home/asd/ros2_ws/install/d2f/share/d2f/local_setup.zsh
[3.043s] -- Installing: /home/asd/ros2_ws/install/d2f/share/d2f/local_setup.dsv
[3.043s] -- Installing: /home/asd/ros2_ws/install/d2f/share/d2f/package.dsv
[3.043s] -- Installing: /home/asd/ros2_ws/install/d2f/share/ament_index/resource_index/packages/d2f
[3.044s] -- Installing: /home/asd/ros2_ws/install/d2f/share/d2f/cmake/d2fConfig.cmake
[3.045s] -- Installing: /home/asd/ros2_ws/install/d2f/share/d2f/cmake/d2fConfig-version.cmake
[3.045s] -- Installing: /home/asd/ros2_ws/install/d2f/share/d2f/package.xml
[3.051s] Invoked command in '/home/asd/ros2_ws/build/d2f' returned '0': CMAKE_PREFIX_PATH=/opt/ros/iron /usr/bin/cmake --install /home/asd/ros2_ws/build/d2f
