[0.390s] DEBUG:colcon:Command line arguments: ['/usr/bin/colcon', 'build', '--packages-select', 'div']
[0.390s] DEBUG:colcon:Parsed command line arguments: Namespace(log_base=None, log_level=None, verb_name='build', build_base='build', install_base='install', merge_install=False, symlink_install=False, test_result_base=None, continue_on_error=False, executor='parallel', parallel_workers=4, event_handlers=None, ignore_user_meta=False, metas=['./colcon.meta'], base_paths=['.'], packages_ignore=None, packages_ignore_regex=None, paths=None, packages_up_to=None, packages_up_to_regex=None, packages_above=None, packages_above_and_dependencies=None, packages_above_depth=None, packages_select_by_dep=None, packages_skip_by_dep=None, packages_skip_up_to=None, packages_select_build_failed=False, packages_skip_build_finished=False, packages_select_test_failures=False, packages_skip_test_passed=False, packages_select=['div'], packages_skip=None, packages_select_regex=None, packages_skip_regex=None, packages_start=None, packages_end=None, allow_overriding=[], cmake_args=None, cmake_target=None, cmake_target_skip_unavailable=False, cmake_clean_cache=False, cmake_clean_first=False, cmake_force_configure=False, ament_cmake_args=None, catkin_cmake_args=None, catkin_skip_building_tests=False, verb_parser=<colcon_defaults.argument_parser.defaults.DefaultArgumentsDecorator object at 0x7c8b6d434550>, verb_extension=<colcon_core.verb.build.BuildVerb object at 0x7c8b6d434040>, main=<bound method BuildVerb.main of <colcon_core.verb.build.BuildVerb object at 0x7c8b6d434040>>)
[1.045s] Level 1:colcon.colcon_core.package_discovery:discover_packages(colcon_meta) check parameters
[1.045s] Level 1:colcon.colcon_core.package_discovery:discover_packages(recursive) check parameters
[1.045s] Level 1:colcon.colcon_core.package_discovery:discover_packages(ignore) check parameters
[1.045s] Level 1:colcon.colcon_core.package_discovery:discover_packages(path) check parameters
[1.045s] Level 1:colcon.colcon_core.package_discovery:discover_packages(colcon_meta) discover
[1.045s] Level 1:colcon.colcon_core.package_discovery:discover_packages(recursive) discover
[1.045s] INFO:colcon.colcon_core.package_discovery:Crawling recursively for packages in '/home/asd/ros2_ws'
[1.046s] Level 1:colcon.colcon_core.package_identification:_identify(.) by extensions ['ignore', 'ignore_ament_install']
[1.046s] Level 1:colcon.colcon_core.package_identification:_identify(.) by extension 'ignore'
[1.046s] Level 1:colcon.colcon_core.package_identification:_identify(.) by extension 'ignore_ament_install'
[1.046s] Level 1:colcon.colcon_core.package_identification:_identify(.) by extensions ['colcon_pkg']
[1.046s] Level 1:colcon.colcon_core.package_identification:_identify(.) by extension 'colcon_pkg'
[1.047s] Level 1:colcon.colcon_core.package_identification:_identify(.) by extensions ['colcon_meta']
[1.047s] Level 1:colcon.colcon_core.package_identification:_identify(.) by extension 'colcon_meta'
[1.047s] Level 1:colcon.colcon_core.package_identification:_identify(.) by extensions ['ros']
[1.047s] Level 1:colcon.colcon_core.package_identification:_identify(.) by extension 'ros'
[1.087s] Level 1:colcon.colcon_core.package_identification:_identify(.) by extensions ['cmake', 'python']
[1.087s] Level 1:colcon.colcon_core.package_identification:_identify(.) by extension 'cmake'
[1.087s] Level 1:colcon.colcon_core.package_identification:_identify(.) by extension 'python'
[1.087s] Level 1:colcon.colcon_core.package_identification:_identify(.) by extensions ['python_setup_py']
[1.087s] Level 1:colcon.colcon_core.package_identification:_identify(.) by extension 'python_setup_py'
[1.088s] Level 1:colcon.colcon_core.package_identification:_identify(build) by extensions ['ignore', 'ignore_ament_install']
[1.088s] Level 1:colcon.colcon_core.package_identification:_identify(build) by extension 'ignore'
[1.088s] Level 1:colcon.colcon_core.package_identification:_identify(build) ignored
[1.088s] Level 1:colcon.colcon_core.package_identification:_identify(install) by extensions ['ignore', 'ignore_ament_install']
[1.089s] Level 1:colcon.colcon_core.package_identification:_identify(install) by extension 'ignore'
[1.089s] Level 1:colcon.colcon_core.package_identification:_identify(install) ignored
[1.089s] Level 1:colcon.colcon_core.package_identification:_identify(log) by extensions ['ignore', 'ignore_ament_install']
[1.090s] Level 1:colcon.colcon_core.package_identification:_identify(log) by extension 'ignore'
[1.090s] Level 1:colcon.colcon_core.package_identification:_identify(log) ignored
[1.090s] Level 1:colcon.colcon_core.package_identification:_identify(src) by extensions ['ignore', 'ignore_ament_install']
[1.090s] Level 1:colcon.colcon_core.package_identification:_identify(src) by extension 'ignore'
[1.090s] Level 1:colcon.colcon_core.package_identification:_identify(src) by extension 'ignore_ament_install'
[1.091s] Level 1:colcon.colcon_core.package_identification:_identify(src) by extensions ['colcon_pkg']
[1.091s] Level 1:colcon.colcon_core.package_identification:_identify(src) by extension 'colcon_pkg'
[1.091s] Level 1:colcon.colcon_core.package_identification:_identify(src) by extensions ['colcon_meta']
[1.091s] Level 1:colcon.colcon_core.package_identification:_identify(src) by extension 'colcon_meta'
[1.091s] Level 1:colcon.colcon_core.package_identification:_identify(src) by extensions ['ros']
[1.091s] Level 1:colcon.colcon_core.package_identification:_identify(src) by extension 'ros'
[1.092s] Level 1:colcon.colcon_core.package_identification:_identify(src) by extensions ['cmake', 'python']
[1.092s] Level 1:colcon.colcon_core.package_identification:_identify(src) by extension 'cmake'
[1.092s] Level 1:colcon.colcon_core.package_identification:_identify(src) by extension 'python'
[1.092s] Level 1:colcon.colcon_core.package_identification:_identify(src) by extensions ['python_setup_py']
[1.092s] Level 1:colcon.colcon_core.package_identification:_identify(src) by extension 'python_setup_py'
[1.092s] Level 1:colcon.colcon_core.package_identification:_identify(src/cpp_srvcli) by extensions ['ignore', 'ignore_ament_install']
[1.093s] Level 1:colcon.colcon_core.package_identification:_identify(src/cpp_srvcli) by extension 'ignore'
[1.093s] Level 1:colcon.colcon_core.package_identification:_identify(src/cpp_srvcli) by extension 'ignore_ament_install'
[1.093s] Level 1:colcon.colcon_core.package_identification:_identify(src/cpp_srvcli) by extensions ['colcon_pkg']
[1.093s] Level 1:colcon.colcon_core.package_identification:_identify(src/cpp_srvcli) by extension 'colcon_pkg'
[1.093s] Level 1:colcon.colcon_core.package_identification:_identify(src/cpp_srvcli) by extensions ['colcon_meta']
[1.093s] Level 1:colcon.colcon_core.package_identification:_identify(src/cpp_srvcli) by extension 'colcon_meta'
[1.093s] Level 1:colcon.colcon_core.package_identification:_identify(src/cpp_srvcli) by extensions ['ros']
[1.093s] Level 1:colcon.colcon_core.package_identification:_identify(src/cpp_srvcli) by extension 'ros'
[1.100s] DEBUG:colcon.colcon_core.package_identification:Package 'src/cpp_srvcli' with type 'ros.ament_cmake' and name 'cpp_srvcli'
[1.101s] Level 1:colcon.colcon_core.package_identification:_identify(src/div) by extensions ['ignore', 'ignore_ament_install']
[1.101s] Level 1:colcon.colcon_core.package_identification:_identify(src/div) by extension 'ignore'
[1.101s] Level 1:colcon.colcon_core.package_identification:_identify(src/div) by extension 'ignore_ament_install'
[1.101s] Level 1:colcon.colcon_core.package_identification:_identify(src/div) by extensions ['colcon_pkg']
[1.101s] Level 1:colcon.colcon_core.package_identification:_identify(src/div) by extension 'colcon_pkg'
[1.102s] Level 1:colcon.colcon_core.package_identification:_identify(src/div) by extensions ['colcon_meta']
[1.102s] Level 1:colcon.colcon_core.package_identification:_identify(src/div) by extension 'colcon_meta'
[1.102s] Level 1:colcon.colcon_core.package_identification:_identify(src/div) by extensions ['ros']
[1.102s] Level 1:colcon.colcon_core.package_identification:_identify(src/div) by extension 'ros'
[1.104s] DEBUG:colcon.colcon_core.package_identification:Package 'src/div' with type 'ros.ament_cmake' and name 'div'
[1.104s] Level 1:colcon.colcon_core.package_identification:_identify(src/my_package) by extensions ['ignore', 'ignore_ament_install']
[1.105s] Level 1:colcon.colcon_core.package_identification:_identify(src/my_package) by extension 'ignore'
[1.105s] Level 1:colcon.colcon_core.package_identification:_identify(src/my_package) by extension 'ignore_ament_install'
[1.105s] Level 1:colcon.colcon_core.package_identification:_identify(src/my_package) by extensions ['colcon_pkg']
[1.105s] Level 1:colcon.colcon_core.package_identification:_identify(src/my_package) by extension 'colcon_pkg'
[1.105s] Level 1:colcon.colcon_core.package_identification:_identify(src/my_package) by extensions ['colcon_meta']
[1.105s] Level 1:colcon.colcon_core.package_identification:_identify(src/my_package) by extension 'colcon_meta'
[1.105s] Level 1:colcon.colcon_core.package_identification:_identify(src/my_package) by extensions ['ros']
[1.106s] Level 1:colcon.colcon_core.package_identification:_identify(src/my_package) by extension 'ros'
[1.107s] DEBUG:colcon.colcon_core.package_identification:Package 'src/my_package' with type 'ros.ament_cmake' and name 'my_package'
[1.108s] Level 1:colcon.colcon_core.package_identification:_identify(src/my_robot_interfaces) by extensions ['ignore', 'ignore_ament_install']
[1.109s] Level 1:colcon.colcon_core.package_identification:_identify(src/my_robot_interfaces) by extension 'ignore'
[1.109s] Level 1:colcon.colcon_core.package_identification:_identify(src/my_robot_interfaces) by extension 'ignore_ament_install'
[1.109s] Level 1:colcon.colcon_core.package_identification:_identify(src/my_robot_interfaces) by extensions ['colcon_pkg']
[1.109s] Level 1:colcon.colcon_core.package_identification:_identify(src/my_robot_interfaces) by extension 'colcon_pkg'
[1.109s] Level 1:colcon.colcon_core.package_identification:_identify(src/my_robot_interfaces) by extensions ['colcon_meta']
[1.109s] Level 1:colcon.colcon_core.package_identification:_identify(src/my_robot_interfaces) by extension 'colcon_meta'
[1.110s] Level 1:colcon.colcon_core.package_identification:_identify(src/my_robot_interfaces) by extensions ['ros']
[1.110s] Level 1:colcon.colcon_core.package_identification:_identify(src/my_robot_interfaces) by extension 'ros'
[1.112s] DEBUG:colcon.colcon_core.package_identification:Package 'src/my_robot_interfaces' with type 'ros.ament_cmake' and name 'my_robot_interfaces'
[1.112s] Level 1:colcon.colcon_core.package_discovery:discover_packages(recursive) using defaults
[1.112s] Level 1:colcon.colcon_core.package_discovery:discover_packages(ignore) discover
[1.112s] Level 1:colcon.colcon_core.package_discovery:discover_packages(ignore) using defaults
[1.112s] Level 1:colcon.colcon_core.package_discovery:discover_packages(path) discover
[1.112s] Level 1:colcon.colcon_core.package_discovery:discover_packages(path) using defaults
[1.176s] INFO:colcon.colcon_core.package_selection:Skipping not selected package 'cpp_srvcli' in 'src/cpp_srvcli'
[1.177s] INFO:colcon.colcon_core.package_selection:Skipping not selected package 'my_package' in 'src/my_package'
[1.177s] INFO:colcon.colcon_core.package_selection:Skipping not selected package 'my_robot_interfaces' in 'src/my_robot_interfaces'
[1.178s] Level 1:colcon.colcon_core.package_discovery:discover_packages(prefix_path) check parameters
[1.178s] Level 1:colcon.colcon_core.package_discovery:discover_packages(prefix_path) discover
[1.188s] DEBUG:colcon.colcon_installed_package_information.package_discovery:Found 281 installed packages in /opt/ros/iron
[1.217s] Level 1:colcon.colcon_core.package_discovery:discover_packages(prefix_path) using defaults
[1.415s] Level 5:colcon.colcon_core.verb:set package 'div' build argument 'cmake_args' from command line to 'None'
[1.416s] Level 5:colcon.colcon_core.verb:set package 'div' build argument 'cmake_target' from command line to 'None'
[1.416s] Level 5:colcon.colcon_core.verb:set package 'div' build argument 'cmake_target_skip_unavailable' from command line to 'False'
[1.416s] Level 5:colcon.colcon_core.verb:set package 'div' build argument 'cmake_clean_cache' from command line to 'False'
[1.416s] Level 5:colcon.colcon_core.verb:set package 'div' build argument 'cmake_clean_first' from command line to 'False'
[1.416s] Level 5:colcon.colcon_core.verb:set package 'div' build argument 'cmake_force_configure' from command line to 'False'
[1.416s] Level 5:colcon.colcon_core.verb:set package 'div' build argument 'ament_cmake_args' from command line to 'None'
[1.416s] Level 5:colcon.colcon_core.verb:set package 'div' build argument 'catkin_cmake_args' from command line to 'None'
[1.416s] Level 5:colcon.colcon_core.verb:set package 'div' build argument 'catkin_skip_building_tests' from command line to 'False'
[1.416s] DEBUG:colcon.colcon_core.verb:Building package 'div' with the following arguments: {'ament_cmake_args': None, 'build_base': '/home/asd/ros2_ws/build/div', 'catkin_cmake_args': None, 'catkin_skip_building_tests': False, 'cmake_args': None, 'cmake_clean_cache': False, 'cmake_clean_first': False, 'cmake_force_configure': False, 'cmake_target': None, 'cmake_target_skip_unavailable': False, 'install_base': '/home/asd/ros2_ws/install/div', 'merge_install': False, 'path': '/home/asd/ros2_ws/src/div', 'symlink_install': False, 'test_result_base': None}
[1.417s] INFO:colcon.colcon_core.executor:Executing jobs using 'parallel' executor
[1.420s] DEBUG:colcon.colcon_parallel_executor.executor.parallel:run_until_complete
[1.421s] INFO:colcon.colcon_ros.task.ament_cmake.build:Building ROS package in '/home/asd/ros2_ws/src/div' with build type 'ament_cmake'
[1.421s] INFO:colcon.colcon_cmake.task.cmake.build:Building CMake package in '/home/asd/ros2_ws/src/div'
[1.426s] INFO:colcon.colcon_core.plugin_system:Skipping extension 'colcon_core.shell.bat': Not used on non-Windows systems
[1.427s] INFO:colcon.colcon_core.shell:Skip shell extension 'powershell' for command environment: Not usable outside of PowerShell
[1.427s] DEBUG:colcon.colcon_core.shell:Skip shell extension 'dsv' for command environment
[1.478s] DEBUG:colcon.colcon_core.event_handler.log_command:Invoking command in '/home/asd/ros2_ws/build/div': AMENT_PREFIX_PATH=/home/asd/ros2_ws/install/my_package:${AMENT_PREFIX_PATH} CMAKE_PREFIX_PATH=/home/asd/ros2_ws/install/my_package:/opt/ros/iron LD_LIBRARY_PATH=/home/asd/ros2_ws/install/my_package/lib:${LD_LIBRARY_PATH} PYTHONPATH=/home/asd/ros2_ws/install/my_package/lib/python3.10/site-packages:${PYTHONPATH} /usr/bin/cmake /home/asd/ros2_ws/src/div -DCMAKE_INSTALL_PREFIX=/home/asd/ros2_ws/install/div
[9.009s] DEBUG:colcon.colcon_core.event_handler.log_command:Invoked command in '/home/asd/ros2_ws/build/div' returned '1': AMENT_PREFIX_PATH=/home/asd/ros2_ws/install/my_package:${AMENT_PREFIX_PATH} CMAKE_PREFIX_PATH=/home/asd/ros2_ws/install/my_package:/opt/ros/iron LD_LIBRARY_PATH=/home/asd/ros2_ws/install/my_package/lib:${LD_LIBRARY_PATH} PYTHONPATH=/home/asd/ros2_ws/install/my_package/lib/python3.10/site-packages:${PYTHONPATH} /usr/bin/cmake /home/asd/ros2_ws/src/div -DCMAKE_INSTALL_PREFIX=/home/asd/ros2_ws/install/div
[9.043s] Level 1:colcon.colcon_core.environment:create_environment_scripts_only(div)
[9.050s] Level 1:colcon.colcon_core.environment:checking '/home/asd/ros2_ws/install/div' for CMake module files
[9.051s] Level 1:colcon.colcon_core.environment:checking '/home/asd/ros2_ws/install/div' for CMake config files
[9.052s] Level 1:colcon.colcon_core.environment:checking '/home/asd/ros2_ws/install/div/bin'
[9.052s] Level 1:colcon.colcon_core.environment:checking '/home/asd/ros2_ws/install/div/lib/pkgconfig/div.pc'
[9.053s] Level 1:colcon.colcon_core.environment:checking '/home/asd/ros2_ws/install/div/lib/python3.10/site-packages'
[9.054s] Level 1:colcon.colcon_core.environment:checking '/home/asd/ros2_ws/install/div/bin'
[9.054s] INFO:colcon.colcon_core.shell:Creating package script '/home/asd/ros2_ws/install/div/share/div/package.ps1'
[9.059s] INFO:colcon.colcon_core.shell:Creating package descriptor '/home/asd/ros2_ws/install/div/share/div/package.dsv'
[9.067s] INFO:colcon.colcon_core.shell:Creating package script '/home/asd/ros2_ws/install/div/share/div/package.sh'
[9.080s] INFO:colcon.colcon_core.shell:Creating package script '/home/asd/ros2_ws/install/div/share/div/package.bash'
[9.087s] INFO:colcon.colcon_core.shell:Creating package script '/home/asd/ros2_ws/install/div/share/div/package.zsh'
[9.089s] Level 1:colcon.colcon_core.environment:create_file_with_runtime_dependencies(/home/asd/ros2_ws/install/div/share/colcon-core/packages/div)
[9.101s] DEBUG:colcon.colcon_parallel_executor.executor.parallel:closing loop
[9.101s] DEBUG:colcon.colcon_parallel_executor.executor.parallel:loop closed
[9.101s] DEBUG:colcon.colcon_parallel_executor.executor.parallel:run_until_complete finished with '1'
[9.105s] DEBUG:colcon.colcon_core.event_reactor:joining thread
[9.122s] INFO:colcon.colcon_core.plugin_system:Skipping extension 'colcon_notification.desktop_notification.terminal_notifier': Not used on non-Darwin systems
[9.122s] INFO:colcon.colcon_core.plugin_system:Skipping extension 'colcon_notification.desktop_notification.win32': Not used on non-Windows systems
[9.122s] INFO:colcon.colcon_notification.desktop_notification:Sending desktop notification using 'notify2'
[9.164s] DEBUG:colcon.colcon_core.event_reactor:joined thread
[9.165s] INFO:colcon.colcon_core.shell:Creating prefix script '/home/asd/ros2_ws/install/local_setup.ps1'
[9.168s] INFO:colcon.colcon_core.shell:Creating prefix util module '/home/asd/ros2_ws/install/_local_setup_util_ps1.py'
[9.173s] INFO:colcon.colcon_core.shell:Creating prefix chain script '/home/asd/ros2_ws/install/setup.ps1'
[9.177s] INFO:colcon.colcon_core.shell:Creating prefix script '/home/asd/ros2_ws/install/local_setup.sh'
[9.178s] INFO:colcon.colcon_core.shell:Creating prefix util module '/home/asd/ros2_ws/install/_local_setup_util_sh.py'
[9.180s] INFO:colcon.colcon_core.shell:Creating prefix chain script '/home/asd/ros2_ws/install/setup.sh'
[9.183s] INFO:colcon.colcon_core.shell:Creating prefix script '/home/asd/ros2_ws/install/local_setup.bash'
[9.184s] INFO:colcon.colcon_core.shell:Creating prefix chain script '/home/asd/ros2_ws/install/setup.bash'
[9.187s] INFO:colcon.colcon_core.shell:Creating prefix script '/home/asd/ros2_ws/install/local_setup.zsh'
[9.189s] INFO:colcon.colcon_core.shell:Creating prefix chain script '/home/asd/ros2_ws/install/setup.zsh'
