[0.030s] Invoking command in '/home/asd/ros2_ws/build/input_numbers': /usr/bin/cmake /home/asd/ros2_ws/src/input_numbers -DCMAKE_INSTALL_PREFIX=/home/asd/ros2_ws/install/input_numbers
[0.082s] -- Found ament_cmake: 2.0.4 (/opt/ros/iron/share/ament_cmake/cmake)
[0.614s] -- Found rclcpp: 21.0.5 (/opt/ros/iron/share/rclcpp/cmake)
[0.796s] -- Found rosidl_generator_c: 4.0.1 (/opt/ros/iron/share/rosidl_generator_c/cmake)
[0.844s] -- Found rosidl_generator_cpp: 4.0.1 (/opt/ros/iron/share/rosidl_generator_cpp/cmake)
[0.916s] -- Using all available rosidl_typesupport_c: rosidl_typesupport_fastrtps_c;rosidl_typesupport_introspection_c
[1.009s] -- Using all available rosidl_typesupport_cpp: rosidl_typesupport_fastrtps_cpp;rosidl_typesupport_introspection_cpp
[2.216s] -- Found rmw_implementation_cmake: 7.1.0 (/opt/ros/iron/share/rmw_implementation_cmake/cmake)
[2.222s] -- Found rmw_fastrtps_cpp: 7.1.3 (/opt/ros/iron/share/rmw_fastrtps_cpp/cmake)
[2.882s] -- Using RMW implementation 'rmw_fastrtps_cpp' as default
[4.178s] -- Found std_msgs: 5.0.0 (/opt/ros/iron/share/std_msgs/cmake)
[4.573s] Error parsing '/home/asd/ros2_ws/src/input_numbers/package.xml':
[4.722s] Traceback (most recent call last):
[4.722s]   File "/opt/ros/iron/share/ament_cmake_core/cmake/core/package_xml_2_cmake.py", line 150, in <module>
[4.722s]     main()
[4.723s]   File "/opt/ros/iron/share/ament_cmake_core/cmake/core/package_xml_2_cmake.py", line 53, in main
[4.723s]     raise e
[4.723s]   File "/opt/ros/iron/share/ament_cmake_core/cmake/core/package_xml_2_cmake.py", line 49, in main
[4.724s]     package = parse_package_string(
[4.724s]   File "/usr/lib/python3/dist-packages/catkin_pkg/package.py", line 786, in parse_package_string
[4.760s]     raise InvalidPackage('Error(s):%s' % (''.join(['\n- %s' % e for e in errors])), filename)
[4.761s] catkin_pkg.package.InvalidPackage: Error(s) in package '/home/asd/ros2_ws/src/input_numbers/package.xml':
[4.761s] Error(s):
[4.761s] - The generic dependency on 'rclcpp' is redundant with: exec_depend
[4.761s] - The generic dependency on 'std_msgs' is redundant with: exec_depend
[4.802s] [31mCMake Error at /opt/ros/iron/share/ament_cmake_core/cmake/core/ament_package_xml.cmake:95 (message):
[4.803s]   execute_process(/usr/bin/python3.10
[4.803s]   /opt/ros/iron/share/ament_cmake_core/cmake/core/package_xml_2_cmake.py
[4.803s]   /home/asd/ros2_ws/src/input_numbers/package.xml
[4.803s]   /home/asd/ros2_ws/build/input_numbers/ament_cmake_core/package.cmake)
[4.804s]   returned error code 1
[4.804s] Call Stack (most recent call first):
[4.804s]   /opt/ros/iron/share/ament_cmake_core/cmake/core/ament_package_xml.cmake:49 (_ament_package_xml)
[4.805s]   /opt/ros/iron/share/ament_cmake_core/cmake/core/ament_package.cmake:63 (ament_package_xml)
[4.805s]   CMakeLists.txt:26 (ament_package)
[4.806s] 
[4.806s] [0m
[4.806s] -- Configuring incomplete, errors occurred!
[4.807s] See also "/home/asd/ros2_ws/build/input_numbers/CMakeFiles/CMakeOutput.log".
[4.831s] Invoked command in '/home/asd/ros2_ws/build/input_numbers' returned '1': /usr/bin/cmake /home/asd/ros2_ws/src/input_numbers -DCMAKE_INSTALL_PREFIX=/home/asd/ros2_ws/install/input_numbers
