[0.038s] Invoking command in '/home/asd/ros2_ws/build/simple_div': CMAKE_PREFIX_PATH=/opt/ros/iron /usr/bin/cmake --build /home/asd/ros2_ws/build/simple_div -- -j4 -l4
[0.258s] [35m[1mConsolidate compiler generated dependencies of target simple_div[0m
[0.357s] [ 50%] [32mBuilding CXX object CMakeFiles/simple_div.dir/src/simple_div.cpp.o[0m
[29.564s] [100%] [32m[1mLinking CXX executable simple_div[0m
[31.500s] [100%] Built target simple_div
[31.536s] Invoked command in '/home/asd/ros2_ws/build/simple_div' returned '0': CMAKE_PREFIX_PATH=/opt/ros/iron /usr/bin/cmake --build /home/asd/ros2_ws/build/simple_div -- -j4 -l4
[31.676s] Invoking command in '/home/asd/ros2_ws/build/simple_div': CMAKE_PREFIX_PATH=/opt/ros/iron /usr/bin/cmake --install /home/asd/ros2_ws/build/simple_div
[31.699s] -- Install configuration: ""
[31.701s] -- Installing: /home/asd/ros2_ws/install/simple_div/lib/simple_div/simple_div
[31.729s] -- Set runtime path of "/home/asd/ros2_ws/install/simple_div/lib/simple_div/simple_div" to ""
[31.729s] -- Up-to-date: /home/asd/ros2_ws/install/simple_div/share/simple_div//launch
[31.730s] -- Up-to-date: /home/asd/ros2_ws/install/simple_div/share/ament_index/resource_index/package_run_dependencies/simple_div
[31.731s] -- Up-to-date: /home/asd/ros2_ws/install/simple_div/share/ament_index/resource_index/parent_prefix_path/simple_div
[31.731s] -- Up-to-date: /home/asd/ros2_ws/install/simple_div/share/simple_div/environment/ament_prefix_path.sh
[31.732s] -- Up-to-date: /home/asd/ros2_ws/install/simple_div/share/simple_div/environment/ament_prefix_path.dsv
[31.733s] -- Up-to-date: /home/asd/ros2_ws/install/simple_div/share/simple_div/environment/path.sh
[31.733s] -- Up-to-date: /home/asd/ros2_ws/install/simple_div/share/simple_div/environment/path.dsv
[31.734s] -- Up-to-date: /home/asd/ros2_ws/install/simple_div/share/simple_div/local_setup.bash
[31.734s] -- Up-to-date: /home/asd/ros2_ws/install/simple_div/share/simple_div/local_setup.sh
[31.735s] -- Up-to-date: /home/asd/ros2_ws/install/simple_div/share/simple_div/local_setup.zsh
[31.735s] -- Up-to-date: /home/asd/ros2_ws/install/simple_div/share/simple_div/local_setup.dsv
[31.736s] -- Installing: /home/asd/ros2_ws/install/simple_div/share/simple_div/package.dsv
[31.737s] -- Up-to-date: /home/asd/ros2_ws/install/simple_div/share/ament_index/resource_index/packages/simple_div
[31.737s] -- Up-to-date: /home/asd/ros2_ws/install/simple_div/share/simple_div/cmake/simple_divConfig.cmake
[31.738s] -- Up-to-date: /home/asd/ros2_ws/install/simple_div/share/simple_div/cmake/simple_divConfig-version.cmake
[31.738s] -- Up-to-date: /home/asd/ros2_ws/install/simple_div/share/simple_div/package.xml
[31.745s] Invoked command in '/home/asd/ros2_ws/build/simple_div' returned '0': CMAKE_PREFIX_PATH=/opt/ros/iron /usr/bin/cmake --install /home/asd/ros2_ws/build/simple_div
